{"C:\\Users\\alvar\\Desktop\\Universidad\\Segundo Cuatrimestre\\TFG\\alcompas\\Frontend\\src\\Components\\Banda.jsx": {"path":"C:\\Users\\alvar\\Desktop\\Universidad\\Segundo Cuatrimestre\\TFG\\alcompas\\Frontend\\src\\Components\\Banda.jsx","statementMap":{"0":{"start":{"line":11,"column":21},"end":{"line":47,"column":1}},"1":{"start":{"line":12,"column":42},"end":{"line":12,"column":54}},"2":{"start":{"line":13,"column":35},"end":{"line":13,"column":52}},"3":{"start":{"line":15,"column":4},"end":{"line":21,"column":11}},"4":{"start":{"line":16,"column":24},"end":{"line":19,"column":9}},"5":{"start":{"line":17,"column":25},"end":{"line":17,"column":54}},"6":{"start":{"line":18,"column":12},"end":{"line":18,"column":32}},"7":{"start":{"line":20,"column":8},"end":{"line":20,"column":18}},"8":{"start":{"line":23,"column":2},"end":{"line":46,"column":6}}},"fnMap":{"0":{"name":"(anonymous_0)","decl":{"start":{"line":11,"column":21},"end":{"line":11,"column":22}},"loc":{"start":{"line":11,"column":48},"end":{"line":47,"column":1}},"line":11},"1":{"name":"(anonymous_1)","decl":{"start":{"line":15,"column":14},"end":{"line":15,"column":15}},"loc":{"start":{"line":15,"column":20},"end":{"line":21,"column":5}},"line":15},"2":{"name":"(anonymous_2)","decl":{"start":{"line":16,"column":24},"end":{"line":16,"column":25}},"loc":{"start":{"line":16,"column":36},"end":{"line":19,"column":9}},"line":16}},"branchMap":{},"s":{"0":21,"1":1,"2":1,"3":1,"4":1,"5":1,"6":1,"7":1,"8":1},"f":{"0":1,"1":1,"2":1},"b":{},"_coverageSchema":"1a1c01bbd47fc00a2c39e90264f33305004495a9","hash":"436ac5160adbb86f39de0416c66131814afa6ef9"}
,"C:\\Users\\alvar\\Desktop\\Universidad\\Segundo Cuatrimestre\\TFG\\alcompas\\Frontend\\src\\Components\\Buscador.jsx": {"path":"C:\\Users\\alvar\\Desktop\\Universidad\\Segundo Cuatrimestre\\TFG\\alcompas\\Frontend\\src\\Components\\Buscador.jsx","statementMap":{"0":{"start":{"line":9,"column":2},"end":{"line":11,"column":5}},"1":{"start":{"line":10,"column":4},"end":{"line":10,"column":31}},"2":{"start":{"line":15,"column":26},"end":{"line":15,"column":47}},"3":{"start":{"line":16,"column":32},"end":{"line":16,"column":50}},"4":{"start":{"line":17,"column":18},"end":{"line":17,"column":46}},"5":{"start":{"line":18,"column":24},"end":{"line":18,"column":40}},"6":{"start":{"line":19,"column":17},"end":{"line":19,"column":30}},"7":{"start":{"line":21,"column":23},"end":{"line":36,"column":3}},"8":{"start":{"line":22,"column":4},"end":{"line":22,"column":27}},"9":{"start":{"line":23,"column":4},"end":{"line":33,"column":5}},"10":{"start":{"line":24,"column":6},"end":{"line":32,"column":7}},"11":{"start":{"line":25,"column":8},"end":{"line":25,"column":25}},"12":{"start":{"line":27,"column":8},"end":{"line":31,"column":9}},"13":{"start":{"line":28,"column":10},"end":{"line":28,"column":47}},"14":{"start":{"line":30,"column":10},"end":{"line":30,"column":40}},"15":{"start":{"line":38,"column":2},"end":{"line":57,"column":16}},"16":{"start":{"line":39,"column":17},"end":{"line":39,"column":21}},"17":{"start":{"line":41,"column":4},"end":{"line":43,"column":5}},"18":{"start":{"line":42,"column":6},"end":{"line":42,"column":23}},"19":{"start":{"line":45,"column":4},"end":{"line":52,"column":9}},"20":{"start":{"line":46,"column":6},"end":{"line":46,"column":23}},"21":{"start":{"line":48,"column":6},"end":{"line":51,"column":7}},"22":{"start":{"line":49,"column":23},"end":{"line":49,"column":40}},"23":{"start":{"line":50,"column":8},"end":{"line":50,"column":32}},"24":{"start":{"line":54,"column":4},"end":{"line":56,"column":6}},"25":{"start":{"line":55,"column":6},"end":{"line":55,"column":21}},"26":{"start":{"line":59,"column":2},"end":{"line":63,"column":13}},"27":{"start":{"line":60,"column":4},"end":{"line":62,"column":5}},"28":{"start":{"line":61,"column":6},"end":{"line":61,"column":21}},"29":{"start":{"line":65,"column":2},"end":{"line":103,"column":4}},"30":{"start":{"line":77,"column":8},"end":{"line":77,"column":22}},"31":{"start":{"line":80,"column":8},"end":{"line":80,"column":23}},"32":{"start":{"line":82,"column":47},"end":{"line":82,"column":77}},"33":{"start":{"line":83,"column":34},"end":{"line":83,"column":67}},"34":{"start":{"line":87,"column":8},"end":{"line":100,"column":10}}},"fnMap":{"0":{"name":"sleep","decl":{"start":{"line":8,"column":9},"end":{"line":8,"column":14}},"loc":{"start":{"line":8,"column":26},"end":{"line":12,"column":1}},"line":8},"1":{"name":"(anonymous_1)","decl":{"start":{"line":9,"column":21},"end":{"line":9,"column":22}},"loc":{"start":{"line":9,"column":34},"end":{"line":11,"column":3}},"line":9},"2":{"name":"Buscador","decl":{"start":{"line":14,"column":17},"end":{"line":14,"column":25}},"loc":{"start":{"line":14,"column":67},"end":{"line":104,"column":1}},"line":14},"3":{"name":"(anonymous_3)","decl":{"start":{"line":21,"column":23},"end":{"line":21,"column":24}},"loc":{"start":{"line":21,"column":42},"end":{"line":36,"column":3}},"line":21},"4":{"name":"(anonymous_4)","decl":{"start":{"line":38,"column":18},"end":{"line":38,"column":19}},"loc":{"start":{"line":38,"column":24},"end":{"line":57,"column":3}},"line":38},"5":{"name":"(anonymous_5)","decl":{"start":{"line":45,"column":5},"end":{"line":45,"column":6}},"loc":{"start":{"line":45,"column":17},"end":{"line":52,"column":5}},"line":45},"6":{"name":"(anonymous_6)","decl":{"start":{"line":54,"column":11},"end":{"line":54,"column":12}},"loc":{"start":{"line":54,"column":17},"end":{"line":56,"column":5}},"line":54},"7":{"name":"(anonymous_7)","decl":{"start":{"line":59,"column":18},"end":{"line":59,"column":19}},"loc":{"start":{"line":59,"column":24},"end":{"line":63,"column":3}},"line":59},"8":{"name":"(anonymous_8)","decl":{"start":{"line":76,"column":14},"end":{"line":76,"column":15}},"loc":{"start":{"line":76,"column":20},"end":{"line":78,"column":7}},"line":76},"9":{"name":"(anonymous_9)","decl":{"start":{"line":79,"column":15},"end":{"line":79,"column":16}},"loc":{"start":{"line":79,"column":21},"end":{"line":81,"column":7}},"line":79},"10":{"name":"(anonymous_10)","decl":{"start":{"line":82,"column":28},"end":{"line":82,"column":29}},"loc":{"start":{"line":82,"column":47},"end":{"line":82,"column":77}},"line":82},"11":{"name":"(anonymous_11)","decl":{"start":{"line":83,"column":22},"end":{"line":83,"column":23}},"loc":{"start":{"line":83,"column":34},"end":{"line":83,"column":67}},"line":83},"12":{"name":"(anonymous_12)","decl":{"start":{"line":86,"column":19},"end":{"line":86,"column":20}},"loc":{"start":{"line":87,"column":8},"end":{"line":100,"column":10}},"line":87}},"branchMap":{"0":{"loc":{"start":{"line":8,"column":15},"end":{"line":8,"column":24}},"type":"default-arg","locations":[{"start":{"line":8,"column":23},"end":{"line":8,"column":24}}],"line":8},"1":{"loc":{"start":{"line":17,"column":18},"end":{"line":17,"column":46}},"type":"binary-expr","locations":[{"start":{"line":17,"column":18},"end":{"line":17,"column":22}},{"start":{"line":17,"column":26},"end":{"line":17,"column":46}}],"line":17},"2":{"loc":{"start":{"line":23,"column":4},"end":{"line":33,"column":5}},"type":"if","locations":[{"start":{"line":23,"column":4},"end":{"line":33,"column":5}},{"start":{},"end":{}}],"line":23},"3":{"loc":{"start":{"line":24,"column":6},"end":{"line":32,"column":7}},"type":"if","locations":[{"start":{"line":24,"column":6},"end":{"line":32,"column":7}},{"start":{"line":26,"column":13},"end":{"line":32,"column":7}}],"line":24},"4":{"loc":{"start":{"line":27,"column":8},"end":{"line":31,"column":9}},"type":"if","locations":[{"start":{"line":27,"column":8},"end":{"line":31,"column":9}},{"start":{"line":29,"column":15},"end":{"line":31,"column":9}}],"line":27},"5":{"loc":{"start":{"line":41,"column":4},"end":{"line":43,"column":5}},"type":"if","locations":[{"start":{"line":41,"column":4},"end":{"line":43,"column":5}},{"start":{},"end":{}}],"line":41},"6":{"loc":{"start":{"line":48,"column":6},"end":{"line":51,"column":7}},"type":"if","locations":[{"start":{"line":48,"column":6},"end":{"line":51,"column":7}},{"start":{},"end":{}}],"line":48},"7":{"loc":{"start":{"line":60,"column":4},"end":{"line":62,"column":5}},"type":"if","locations":[{"start":{"line":60,"column":4},"end":{"line":62,"column":5}},{"start":{},"end":{}}],"line":60},"8":{"loc":{"start":{"line":83,"column":34},"end":{"line":83,"column":67}},"type":"cond-expr","locations":[{"start":{"line":83,"column":49},"end":{"line":83,"column":62}},{"start":{"line":83,"column":65},"end":{"line":83,"column":67}}],"line":83},"9":{"loc":{"start":{"line":95,"column":17},"end":{"line":95,"column":80}},"type":"cond-expr","locations":[{"start":{"line":95,"column":27},"end":{"line":95,"column":73}},{"start":{"line":95,"column":76},"end":{"line":95,"column":80}}],"line":95}},"s":{"0":0,"1":0,"2":16,"3":16,"4":16,"5":16,"6":16,"7":16,"8":0,"9":0,"10":0,"11":0,"12":0,"13":0,"14":0,"15":16,"16":6,"17":6,"18":6,"19":0,"20":0,"21":0,"22":0,"23":0,"24":0,"25":0,"26":16,"27":6,"28":6,"29":16,"30":0,"31":0,"32":0,"33":0,"34":22},"f":{"0":0,"1":0,"2":16,"3":0,"4":6,"5":0,"6":0,"7":6,"8":0,"9":0,"10":0,"11":0,"12":22},"b":{"0":[0],"1":[16,0],"2":[0,0],"3":[0,0],"4":[0,0],"5":[6,0],"6":[0,0],"7":[6,0],"8":[0,0],"9":[0,22]},"_coverageSchema":"1a1c01bbd47fc00a2c39e90264f33305004495a9","hash":"45982ffadfc81cc7d0731536b941af7057d7e6f2"}
,"C:\\Users\\alvar\\Desktop\\Universidad\\Segundo Cuatrimestre\\TFG\\alcompas\\Frontend\\src\\Components\\Comentario.jsx": {"path":"C:\\Users\\alvar\\Desktop\\Universidad\\Segundo Cuatrimestre\\TFG\\alcompas\\Frontend\\src\\Components\\Comentario.jsx","statementMap":{"0":{"start":{"line":9,"column":26},"end":{"line":113,"column":1}},"1":{"start":{"line":11,"column":44},"end":{"line":11,"column":64}},"2":{"start":{"line":12,"column":36},"end":{"line":12,"column":48}},"3":{"start":{"line":13,"column":19},"end":{"line":13,"column":104}},"4":{"start":{"line":14,"column":18},"end":{"line":14,"column":65}},"5":{"start":{"line":17,"column":34},"end":{"line":17,"column":48}},"6":{"start":{"line":18,"column":35},"end":{"line":18,"column":56}},"7":{"start":{"line":20,"column":26},"end":{"line":38,"column":5}},"8":{"start":{"line":21,"column":8},"end":{"line":21,"column":27}},"9":{"start":{"line":22,"column":8},"end":{"line":37,"column":11}},"10":{"start":{"line":32,"column":12},"end":{"line":36,"column":13}},"11":{"start":{"line":34,"column":26},"end":{"line":34,"column":66}},"12":{"start":{"line":35,"column":16},"end":{"line":35,"column":41}},"13":{"start":{"line":41,"column":4},"end":{"line":50,"column":24}},"14":{"start":{"line":42,"column":27},"end":{"line":48,"column":9}},"15":{"start":{"line":43,"column":22},"end":{"line":43,"column":32}},"16":{"start":{"line":44,"column":31},"end":{"line":44,"column":68}},"17":{"start":{"line":45,"column":28},"end":{"line":45,"column":46}},"18":{"start":{"line":46,"column":12},"end":{"line":46,"column":32}},"19":{"start":{"line":47,"column":12},"end":{"line":47,"column":30}},"20":{"start":{"line":49,"column":8},"end":{"line":49,"column":21}},"21":{"start":{"line":53,"column":2},"end":{"line":112,"column":6}}},"fnMap":{"0":{"name":"(anonymous_0)","decl":{"start":{"line":9,"column":26},"end":{"line":9,"column":27}},"loc":{"start":{"line":9,"column":55},"end":{"line":113,"column":1}},"line":9},"1":{"name":"(anonymous_1)","decl":{"start":{"line":20,"column":26},"end":{"line":20,"column":27}},"loc":{"start":{"line":20,"column":31},"end":{"line":38,"column":5}},"line":20},"2":{"name":"(anonymous_2)","decl":{"start":{"line":31,"column":14},"end":{"line":31,"column":15}},"loc":{"start":{"line":31,"column":33},"end":{"line":37,"column":9}},"line":31},"3":{"name":"(anonymous_3)","decl":{"start":{"line":41,"column":14},"end":{"line":41,"column":15}},"loc":{"start":{"line":41,"column":20},"end":{"line":50,"column":5}},"line":41},"4":{"name":"(anonymous_4)","decl":{"start":{"line":42,"column":27},"end":{"line":42,"column":28}},"loc":{"start":{"line":42,"column":39},"end":{"line":48,"column":9}},"line":42}},"branchMap":{"0":{"loc":{"start":{"line":32,"column":12},"end":{"line":36,"column":13}},"type":"if","locations":[{"start":{"line":32,"column":12},"end":{"line":36,"column":13}},{"start":{},"end":{}}],"line":32},"1":{"loc":{"start":{"line":102,"column":26},"end":{"line":105,"column":37}},"type":"binary-expr","locations":[{"start":{"line":102,"column":26},"end":{"line":102,"column":57}},{"start":{"line":103,"column":28},"end":{"line":105,"column":37}}],"line":102}},"s":{"0":4,"1":2,"2":2,"3":2,"4":2,"5":2,"6":2,"7":2,"8":1,"9":1,"10":0,"11":0,"12":0,"13":2,"14":1,"15":1,"16":1,"17":1,"18":1,"19":1,"20":1,"21":2},"f":{"0":2,"1":1,"2":0,"3":1,"4":1},"b":{"0":[0,0],"1":[2,2]},"_coverageSchema":"1a1c01bbd47fc00a2c39e90264f33305004495a9","hash":"687634627ec875384644d6947b09851917fd7011"}
,"C:\\Users\\alvar\\Desktop\\Universidad\\Segundo Cuatrimestre\\TFG\\alcompas\\Frontend\\src\\Components\\Estudio.jsx": {"path":"C:\\Users\\alvar\\Desktop\\Universidad\\Segundo Cuatrimestre\\TFG\\alcompas\\Frontend\\src\\Components\\Estudio.jsx","statementMap":{"0":{"start":{"line":10,"column":23},"end":{"line":140,"column":1}},"1":{"start":{"line":12,"column":39},"end":{"line":12,"column":51}},"2":{"start":{"line":13,"column":30},"end":{"line":13,"column":45}},"3":{"start":{"line":14,"column":39},"end":{"line":14,"column":60}},"4":{"start":{"line":15,"column":36},"end":{"line":15,"column":54}},"5":{"start":{"line":17,"column":28},"end":{"line":17,"column":42}},"6":{"start":{"line":18,"column":32},"end":{"line":18,"column":50}},"7":{"start":{"line":21,"column":29},"end":{"line":24,"column":5}},"8":{"start":{"line":22,"column":8},"end":{"line":22,"column":31}},"9":{"start":{"line":23,"column":8},"end":{"line":23,"column":22}},"10":{"start":{"line":25,"column":30},"end":{"line":28,"column":7}},"11":{"start":{"line":26,"column":8},"end":{"line":26,"column":31}},"12":{"start":{"line":27,"column":8},"end":{"line":27,"column":23}},"13":{"start":{"line":30,"column":26},"end":{"line":48,"column":5}},"14":{"start":{"line":31,"column":8},"end":{"line":31,"column":27}},"15":{"start":{"line":32,"column":4},"end":{"line":47,"column":7}},"16":{"start":{"line":42,"column":8},"end":{"line":46,"column":9}},"17":{"start":{"line":44,"column":22},"end":{"line":44,"column":48}},"18":{"start":{"line":45,"column":12},"end":{"line":45,"column":26}},"19":{"start":{"line":52,"column":4},"end":{"line":58,"column":15}},"20":{"start":{"line":53,"column":27},"end":{"line":56,"column":9}},"21":{"start":{"line":54,"column":31},"end":{"line":54,"column":57}},"22":{"start":{"line":55,"column":12},"end":{"line":55,"column":35}},"23":{"start":{"line":57,"column":8},"end":{"line":57,"column":21}},"24":{"start":{"line":61,"column":4},"end":{"line":67,"column":32}},"25":{"start":{"line":62,"column":31},"end":{"line":65,"column":9}},"26":{"start":{"line":63,"column":12},"end":{"line":63,"column":71}},"27":{"start":{"line":64,"column":12},"end":{"line":64,"column":65}},"28":{"start":{"line":66,"column":8},"end":{"line":66,"column":25}},"29":{"start":{"line":70,"column":2},"end":{"line":139,"column":6}}},"fnMap":{"0":{"name":"(anonymous_0)","decl":{"start":{"line":10,"column":23},"end":{"line":10,"column":24}},"loc":{"start":{"line":10,"column":151},"end":{"line":140,"column":1}},"line":10},"1":{"name":"(anonymous_1)","decl":{"start":{"line":21,"column":29},"end":{"line":21,"column":30}},"loc":{"start":{"line":21,"column":58},"end":{"line":24,"column":5}},"line":21},"2":{"name":"(anonymous_2)","decl":{"start":{"line":25,"column":30},"end":{"line":25,"column":31}},"loc":{"start":{"line":25,"column":51},"end":{"line":28,"column":7}},"line":25},"3":{"name":"(anonymous_3)","decl":{"start":{"line":30,"column":26},"end":{"line":30,"column":27}},"loc":{"start":{"line":30,"column":31},"end":{"line":48,"column":5}},"line":30},"4":{"name":"(anonymous_4)","decl":{"start":{"line":41,"column":10},"end":{"line":41,"column":11}},"loc":{"start":{"line":41,"column":29},"end":{"line":47,"column":5}},"line":41},"5":{"name":"(anonymous_5)","decl":{"start":{"line":52,"column":14},"end":{"line":52,"column":15}},"loc":{"start":{"line":52,"column":20},"end":{"line":58,"column":5}},"line":52},"6":{"name":"(anonymous_6)","decl":{"start":{"line":53,"column":27},"end":{"line":53,"column":28}},"loc":{"start":{"line":53,"column":39},"end":{"line":56,"column":9}},"line":53},"7":{"name":"(anonymous_7)","decl":{"start":{"line":61,"column":14},"end":{"line":61,"column":15}},"loc":{"start":{"line":61,"column":20},"end":{"line":67,"column":5}},"line":61},"8":{"name":"(anonymous_8)","decl":{"start":{"line":62,"column":31},"end":{"line":62,"column":32}},"loc":{"start":{"line":62,"column":43},"end":{"line":65,"column":9}},"line":62}},"branchMap":{"0":{"loc":{"start":{"line":42,"column":8},"end":{"line":46,"column":9}},"type":"if","locations":[{"start":{"line":42,"column":8},"end":{"line":46,"column":9}},{"start":{},"end":{}}],"line":42},"1":{"loc":{"start":{"line":97,"column":57},"end":{"line":97,"column":92}},"type":"binary-expr","locations":[{"start":{"line":97,"column":57},"end":{"line":97,"column":71}},{"start":{"line":97,"column":75},"end":{"line":97,"column":92}}],"line":97},"2":{"loc":{"start":{"line":101,"column":48},"end":{"line":101,"column":78}},"type":"binary-expr","locations":[{"start":{"line":101,"column":48},"end":{"line":101,"column":57}},{"start":{"line":101,"column":61},"end":{"line":101,"column":78}}],"line":101},"3":{"loc":{"start":{"line":105,"column":47},"end":{"line":105,"column":77}},"type":"binary-expr","locations":[{"start":{"line":105,"column":47},"end":{"line":105,"column":56}},{"start":{"line":105,"column":60},"end":{"line":105,"column":77}}],"line":105},"4":{"loc":{"start":{"line":109,"column":53},"end":{"line":109,"column":80}},"type":"binary-expr","locations":[{"start":{"line":109,"column":53},"end":{"line":109,"column":59}},{"start":{"line":109,"column":63},"end":{"line":109,"column":80}}],"line":109},"5":{"loc":{"start":{"line":113,"column":59},"end":{"line":113,"column":86}},"type":"binary-expr","locations":[{"start":{"line":113,"column":59},"end":{"line":113,"column":65}},{"start":{"line":113,"column":69},"end":{"line":113,"column":86}}],"line":113},"6":{"loc":{"start":{"line":117,"column":18},"end":{"line":134,"column":27}},"type":"binary-expr","locations":[{"start":{"line":117,"column":18},"end":{"line":117,"column":25}},{"start":{"line":118,"column":20},"end":{"line":134,"column":27}}],"line":117}},"s":{"0":20,"1":11,"2":11,"3":11,"4":11,"5":11,"6":11,"7":11,"8":1,"9":1,"10":11,"11":0,"12":0,"13":11,"14":2,"15":2,"16":0,"17":0,"18":0,"19":11,"20":4,"21":4,"22":4,"23":4,"24":11,"25":3,"26":3,"27":3,"28":3,"29":11},"f":{"0":11,"1":1,"2":0,"3":2,"4":0,"5":4,"6":4,"7":3,"8":3},"b":{"0":[0,0],"1":[11,8],"2":[11,11],"3":[11,11],"4":[11,2],"5":[11,2],"6":[11,11]},"_coverageSchema":"1a1c01bbd47fc00a2c39e90264f33305004495a9","hash":"4ba4bb9bc50075b06ffd827f7e0d00c4a84bcbf3"}
,"C:\\Users\\alvar\\Desktop\\Universidad\\Segundo Cuatrimestre\\TFG\\alcompas\\Frontend\\src\\Components\\Experiencia.jsx": {"path":"C:\\Users\\alvar\\Desktop\\Universidad\\Segundo Cuatrimestre\\TFG\\alcompas\\Frontend\\src\\Components\\Experiencia.jsx","statementMap":{"0":{"start":{"line":5,"column":27},"end":{"line":84,"column":1}},"1":{"start":{"line":7,"column":32},"end":{"line":7,"column":44}},"2":{"start":{"line":9,"column":29},"end":{"line":9,"column":45}},"3":{"start":{"line":11,"column":4},"end":{"line":18,"column":11}},"4":{"start":{"line":12,"column":25},"end":{"line":16,"column":9}},"5":{"start":{"line":13,"column":29},"end":{"line":13,"column":66}},"6":{"start":{"line":15,"column":12},"end":{"line":15,"column":31}},"7":{"start":{"line":17,"column":8},"end":{"line":17,"column":19}},"8":{"start":{"line":20,"column":2},"end":{"line":83,"column":3}}},"fnMap":{"0":{"name":"(anonymous_0)","decl":{"start":{"line":5,"column":27},"end":{"line":5,"column":28}},"loc":{"start":{"line":5,"column":46},"end":{"line":84,"column":1}},"line":5},"1":{"name":"(anonymous_1)","decl":{"start":{"line":11,"column":14},"end":{"line":11,"column":15}},"loc":{"start":{"line":11,"column":20},"end":{"line":18,"column":5}},"line":11},"2":{"name":"(anonymous_2)","decl":{"start":{"line":12,"column":25},"end":{"line":12,"column":26}},"loc":{"start":{"line":12,"column":37},"end":{"line":16,"column":9}},"line":12}},"branchMap":{"0":{"loc":{"start":{"line":31,"column":22},"end":{"line":36,"column":178}},"type":"cond-expr","locations":[{"start":{"line":32,"column":24},"end":{"line":32,"column":178}},{"start":{"line":33,"column":26},"end":{"line":36,"column":178}}],"line":31},"1":{"loc":{"start":{"line":33,"column":26},"end":{"line":36,"column":178}},"type":"cond-expr","locations":[{"start":{"line":34,"column":24},"end":{"line":34,"column":175}},{"start":{"line":36,"column":24},"end":{"line":36,"column":178}}],"line":33},"2":{"loc":{"start":{"line":58,"column":26},"end":{"line":59,"column":118}},"type":"binary-expr","locations":[{"start":{"line":58,"column":26},"end":{"line":58,"column":43}},{"start":{"line":59,"column":28},"end":{"line":59,"column":118}}],"line":58},"3":{"loc":{"start":{"line":63,"column":26},"end":{"line":64,"column":130}},"type":"binary-expr","locations":[{"start":{"line":63,"column":26},"end":{"line":63,"column":49}},{"start":{"line":64,"column":28},"end":{"line":64,"column":130}}],"line":63},"4":{"loc":{"start":{"line":68,"column":26},"end":{"line":69,"column":114}},"type":"binary-expr","locations":[{"start":{"line":68,"column":26},"end":{"line":68,"column":41}},{"start":{"line":69,"column":28},"end":{"line":69,"column":114}}],"line":68},"5":{"loc":{"start":{"line":73,"column":26},"end":{"line":74,"column":126}},"type":"binary-expr","locations":[{"start":{"line":73,"column":26},"end":{"line":73,"column":31}},{"start":{"line":74,"column":28},"end":{"line":74,"column":126}}],"line":73}},"s":{"0":20,"1":3,"2":3,"3":3,"4":2,"5":2,"6":1,"7":2,"8":3},"f":{"0":3,"1":2,"2":2},"b":{"0":[3,0],"1":[0,0],"2":[3,3],"3":[3,0],"4":[3,0],"5":[3,3]},"_coverageSchema":"1a1c01bbd47fc00a2c39e90264f33305004495a9","hash":"5be7f24725ca2fa763d7ae641a3268484f36c766"}
,"C:\\Users\\alvar\\Desktop\\Universidad\\Segundo Cuatrimestre\\TFG\\alcompas\\Frontend\\src\\Components\\Intrumento.jsx": {"path":"C:\\Users\\alvar\\Desktop\\Universidad\\Segundo Cuatrimestre\\TFG\\alcompas\\Frontend\\src\\Components\\Intrumento.jsx","statementMap":{"0":{"start":{"line":9,"column":27},"end":{"line":119,"column":1}},"1":{"start":{"line":11,"column":39},"end":{"line":11,"column":51}},"2":{"start":{"line":12,"column":30},"end":{"line":12,"column":45}},"3":{"start":{"line":14,"column":28},"end":{"line":14,"column":42}},"4":{"start":{"line":15,"column":36},"end":{"line":15,"column":58}},"5":{"start":{"line":18,"column":29},"end":{"line":21,"column":5}},"6":{"start":{"line":19,"column":8},"end":{"line":19,"column":31}},"7":{"start":{"line":20,"column":8},"end":{"line":20,"column":22}},"8":{"start":{"line":22,"column":30},"end":{"line":25,"column":7}},"9":{"start":{"line":23,"column":8},"end":{"line":23,"column":31}},"10":{"start":{"line":24,"column":8},"end":{"line":24,"column":23}},"11":{"start":{"line":27,"column":26},"end":{"line":46,"column":5}},"12":{"start":{"line":28,"column":8},"end":{"line":28,"column":27}},"13":{"start":{"line":29,"column":4},"end":{"line":45,"column":7}},"14":{"start":{"line":39,"column":8},"end":{"line":44,"column":9}},"15":{"start":{"line":41,"column":22},"end":{"line":41,"column":52}},"16":{"start":{"line":43,"column":12},"end":{"line":43,"column":26}},"17":{"start":{"line":49,"column":4},"end":{"line":55,"column":15}},"18":{"start":{"line":50,"column":27},"end":{"line":53,"column":9}},"19":{"start":{"line":51,"column":31},"end":{"line":51,"column":57}},"20":{"start":{"line":52,"column":12},"end":{"line":52,"column":35}},"21":{"start":{"line":54,"column":8},"end":{"line":54,"column":21}},"22":{"start":{"line":58,"column":2},"end":{"line":118,"column":6}}},"fnMap":{"0":{"name":"(anonymous_0)","decl":{"start":{"line":9,"column":27},"end":{"line":9,"column":28}},"loc":{"start":{"line":9,"column":126},"end":{"line":119,"column":1}},"line":9},"1":{"name":"(anonymous_1)","decl":{"start":{"line":18,"column":29},"end":{"line":18,"column":30}},"loc":{"start":{"line":18,"column":58},"end":{"line":21,"column":5}},"line":18},"2":{"name":"(anonymous_2)","decl":{"start":{"line":22,"column":30},"end":{"line":22,"column":31}},"loc":{"start":{"line":22,"column":51},"end":{"line":25,"column":7}},"line":22},"3":{"name":"(anonymous_3)","decl":{"start":{"line":27,"column":26},"end":{"line":27,"column":27}},"loc":{"start":{"line":27,"column":31},"end":{"line":46,"column":5}},"line":27},"4":{"name":"(anonymous_4)","decl":{"start":{"line":38,"column":10},"end":{"line":38,"column":11}},"loc":{"start":{"line":38,"column":29},"end":{"line":45,"column":5}},"line":38},"5":{"name":"(anonymous_5)","decl":{"start":{"line":49,"column":14},"end":{"line":49,"column":15}},"loc":{"start":{"line":49,"column":20},"end":{"line":55,"column":5}},"line":49},"6":{"name":"(anonymous_6)","decl":{"start":{"line":50,"column":27},"end":{"line":50,"column":28}},"loc":{"start":{"line":50,"column":39},"end":{"line":53,"column":9}},"line":50}},"branchMap":{"0":{"loc":{"start":{"line":39,"column":8},"end":{"line":44,"column":9}},"type":"if","locations":[{"start":{"line":39,"column":8},"end":{"line":44,"column":9}},{"start":{},"end":{}}],"line":39},"1":{"loc":{"start":{"line":84,"column":44},"end":{"line":84,"column":70}},"type":"binary-expr","locations":[{"start":{"line":84,"column":44},"end":{"line":84,"column":49}},{"start":{"line":84,"column":53},"end":{"line":84,"column":70}}],"line":84},"2":{"loc":{"start":{"line":88,"column":44},"end":{"line":88,"column":71}},"type":"binary-expr","locations":[{"start":{"line":88,"column":44},"end":{"line":88,"column":50}},{"start":{"line":88,"column":54},"end":{"line":88,"column":71}}],"line":88},"3":{"loc":{"start":{"line":92,"column":53},"end":{"line":92,"column":85}},"type":"binary-expr","locations":[{"start":{"line":92,"column":53},"end":{"line":92,"column":64}},{"start":{"line":92,"column":68},"end":{"line":92,"column":85}}],"line":92},"4":{"loc":{"start":{"line":96,"column":18},"end":{"line":113,"column":27}},"type":"binary-expr","locations":[{"start":{"line":96,"column":18},"end":{"line":96,"column":25}},{"start":{"line":97,"column":20},"end":{"line":113,"column":27}}],"line":96}},"s":{"0":20,"1":6,"2":6,"3":6,"4":6,"5":6,"6":1,"7":1,"8":6,"9":0,"10":0,"11":6,"12":1,"13":1,"14":0,"15":0,"16":0,"17":6,"18":3,"19":3,"20":3,"21":3,"22":6},"f":{"0":6,"1":1,"2":0,"3":1,"4":0,"5":3,"6":3},"b":{"0":[0,0],"1":[6,6],"2":[6,6],"3":[6,6],"4":[6,6]},"_coverageSchema":"1a1c01bbd47fc00a2c39e90264f33305004495a9","hash":"3f3e48c317f62e651a3517a56c05044d2bc119c6"}
,"C:\\Users\\alvar\\Desktop\\Universidad\\Segundo Cuatrimestre\\TFG\\alcompas\\Frontend\\src\\Components\\MenuFlotante.jsx": {"path":"C:\\Users\\alvar\\Desktop\\Universidad\\Segundo Cuatrimestre\\TFG\\alcompas\\Frontend\\src\\Components\\MenuFlotante.jsx","statementMap":{"0":{"start":{"line":7,"column":28},"end":{"line":7,"column":45}},"1":{"start":{"line":8,"column":23},"end":{"line":10,"column":3}},"2":{"start":{"line":9,"column":4},"end":{"line":9,"column":23}},"3":{"start":{"line":12,"column":2},"end":{"line":20,"column":4}}},"fnMap":{"0":{"name":"MenuFlotante","decl":{"start":{"line":6,"column":17},"end":{"line":6,"column":29}},"loc":{"start":{"line":6,"column":32},"end":{"line":21,"column":1}},"line":6},"1":{"name":"(anonymous_1)","decl":{"start":{"line":8,"column":23},"end":{"line":8,"column":24}},"loc":{"start":{"line":8,"column":44},"end":{"line":10,"column":3}},"line":8}},"branchMap":{},"s":{"0":2,"1":2,"2":1,"3":2},"f":{"0":2,"1":1},"b":{},"_coverageSchema":"1a1c01bbd47fc00a2c39e90264f33305004495a9","hash":"4e0f75bd8f83e960df9c44a5959d176c0b354c8e"}
,"C:\\Users\\alvar\\Desktop\\Universidad\\Segundo Cuatrimestre\\TFG\\alcompas\\Frontend\\src\\Components\\Musico.jsx": {"path":"C:\\Users\\alvar\\Desktop\\Universidad\\Segundo Cuatrimestre\\TFG\\alcompas\\Frontend\\src\\Components\\Musico.jsx","statementMap":{"0":{"start":{"line":13,"column":22},"end":{"line":74,"column":1}},"1":{"start":{"line":15,"column":22},"end":{"line":15,"column":33}},"2":{"start":{"line":16,"column":30},"end":{"line":16,"column":47}},"3":{"start":{"line":17,"column":57},"end":{"line":17,"column":77}},"4":{"start":{"line":18,"column":19},"end":{"line":18,"column":32}},"5":{"start":{"line":20,"column":31},"end":{"line":23,"column":3}},"6":{"start":{"line":21,"column":4},"end":{"line":21,"column":23}},"7":{"start":{"line":22,"column":4},"end":{"line":22,"column":42}},"8":{"start":{"line":25,"column":34},"end":{"line":43,"column":3}},"9":{"start":{"line":26,"column":4},"end":{"line":26,"column":23}},"10":{"start":{"line":27,"column":23},"end":{"line":27,"column":60}},"11":{"start":{"line":28,"column":17},"end":{"line":28,"column":40}},"12":{"start":{"line":29,"column":19},"end":{"line":29,"column":20}},"13":{"start":{"line":30,"column":4},"end":{"line":32,"column":5}},"14":{"start":{"line":31,"column":6},"end":{"line":31,"column":41}},"15":{"start":{"line":33,"column":4},"end":{"line":39,"column":5}},"16":{"start":{"line":34,"column":6},"end":{"line":34,"column":20}},"17":{"start":{"line":35,"column":6},"end":{"line":35,"column":47}},"18":{"start":{"line":38,"column":6},"end":{"line":38,"column":47}},"19":{"start":{"line":45,"column":2},"end":{"line":73,"column":3}}},"fnMap":{"0":{"name":"(anonymous_0)","decl":{"start":{"line":13,"column":22},"end":{"line":13,"column":23}},"loc":{"start":{"line":13,"column":54},"end":{"line":74,"column":1}},"line":13},"1":{"name":"(anonymous_1)","decl":{"start":{"line":20,"column":31},"end":{"line":20,"column":32}},"loc":{"start":{"line":20,"column":38},"end":{"line":23,"column":3}},"line":20},"2":{"name":"(anonymous_2)","decl":{"start":{"line":25,"column":34},"end":{"line":25,"column":35}},"loc":{"start":{"line":25,"column":46},"end":{"line":43,"column":3}},"line":25}},"branchMap":{"0":{"loc":{"start":{"line":33,"column":4},"end":{"line":39,"column":5}},"type":"if","locations":[{"start":{"line":33,"column":4},"end":{"line":39,"column":5}},{"start":{"line":37,"column":9},"end":{"line":39,"column":5}}],"line":33},"1":{"loc":{"start":{"line":55,"column":16},"end":{"line":67,"column":23}},"type":"binary-expr","locations":[{"start":{"line":55,"column":16},"end":{"line":55,"column":25}},{"start":{"line":56,"column":16},"end":{"line":67,"column":23}}],"line":55},"2":{"loc":{"start":{"line":57,"column":20},"end":{"line":65,"column":33}},"type":"cond-expr","locations":[{"start":{"line":59,"column":20},"end":{"line":61,"column":33}},{"start":{"line":63,"column":20},"end":{"line":65,"column":33}}],"line":57}},"s":{"0":20,"1":4,"2":4,"3":4,"4":4,"5":4,"6":1,"7":1,"8":4,"9":1,"10":1,"11":1,"12":1,"13":1,"14":1,"15":1,"16":0,"17":0,"18":1,"19":4},"f":{"0":4,"1":1,"2":1},"b":{"0":[0,1],"1":[4,2],"2":[1,1]},"_coverageSchema":"1a1c01bbd47fc00a2c39e90264f33305004495a9","hash":"b8aa09ee5629d26a5fe8964404bc139ce0aab795"}
,"C:\\Users\\alvar\\Desktop\\Universidad\\Segundo Cuatrimestre\\TFG\\alcompas\\Frontend\\src\\Components\\NavBar.jsx": {"path":"C:\\Users\\alvar\\Desktop\\Universidad\\Segundo Cuatrimestre\\TFG\\alcompas\\Frontend\\src\\Components\\NavBar.jsx","statementMap":{"0":{"start":{"line":20,"column":15},"end":{"line":34,"column":5}},"1":{"start":{"line":20,"column":45},"end":{"line":34,"column":3}},"2":{"start":{"line":36,"column":28},"end":{"line":44,"column":5}},"3":{"start":{"line":36,"column":58},"end":{"line":44,"column":3}},"4":{"start":{"line":46,"column":26},"end":{"line":58,"column":5}},"5":{"start":{"line":46,"column":60},"end":{"line":58,"column":3}},"6":{"start":{"line":60,"column":22},"end":{"line":271,"column":1}},"7":{"start":{"line":62,"column":45},"end":{"line":62,"column":59}},"8":{"start":{"line":63,"column":40},"end":{"line":63,"column":50}},"9":{"start":{"line":64,"column":35},"end":{"line":64,"column":52}},"10":{"start":{"line":65,"column":30},"end":{"line":65,"column":42}},"11":{"start":{"line":66,"column":34},"end":{"line":66,"column":46}},"12":{"start":{"line":68,"column":2},"end":{"line":84,"column":16}},"13":{"start":{"line":69,"column":20},"end":{"line":72,"column":5}},"14":{"start":{"line":70,"column":21},"end":{"line":70,"column":57}},"15":{"start":{"line":71,"column":8},"end":{"line":71,"column":28}},"16":{"start":{"line":73,"column":21},"end":{"line":81,"column":5}},"17":{"start":{"line":74,"column":16},"end":{"line":74,"column":43}},"18":{"start":{"line":75,"column":6},"end":{"line":75,"column":20}},"19":{"start":{"line":76,"column":6},"end":{"line":80,"column":7}},"20":{"start":{"line":77,"column":8},"end":{"line":77,"column":23}},"21":{"start":{"line":79,"column":8},"end":{"line":79,"column":24}},"22":{"start":{"line":82,"column":4},"end":{"line":82,"column":15}},"23":{"start":{"line":83,"column":4},"end":{"line":83,"column":14}},"24":{"start":{"line":86,"column":23},"end":{"line":90,"column":3}},"25":{"start":{"line":88,"column":4},"end":{"line":88,"column":18}},"26":{"start":{"line":89,"column":4},"end":{"line":89,"column":22}},"27":{"start":{"line":92,"column":17},"end":{"line":95,"column":3}},"28":{"start":{"line":93,"column":4},"end":{"line":93,"column":26}},"29":{"start":{"line":94,"column":4},"end":{"line":94,"column":22}},"30":{"start":{"line":99,"column":34},"end":{"line":99,"column":54}},"31":{"start":{"line":100,"column":54},"end":{"line":100,"column":74}},"32":{"start":{"line":102,"column":21},"end":{"line":102,"column":38}},"33":{"start":{"line":103,"column":27},"end":{"line":103,"column":54}},"34":{"start":{"line":105,"column":32},"end":{"line":107,"column":3}},"35":{"start":{"line":106,"column":4},"end":{"line":106,"column":37}},"36":{"start":{"line":109,"column":32},"end":{"line":111,"column":3}},"37":{"start":{"line":110,"column":4},"end":{"line":110,"column":32}},"38":{"start":{"line":113,"column":26},"end":{"line":116,"column":3}},"39":{"start":{"line":114,"column":4},"end":{"line":114,"column":22}},"40":{"start":{"line":115,"column":4},"end":{"line":115,"column":28}},"41":{"start":{"line":118,"column":31},"end":{"line":120,"column":3}},"42":{"start":{"line":119,"column":4},"end":{"line":119,"column":47}},"43":{"start":{"line":122,"column":17},"end":{"line":122,"column":46}},"44":{"start":{"line":124,"column":4},"end":{"line":147,"column":11}},"45":{"start":{"line":150,"column":23},"end":{"line":150,"column":59}},"46":{"start":{"line":152,"column":4},"end":{"line":187,"column":11}},"47":{"start":{"line":190,"column":2},"end":{"line":270,"column":3}}},"fnMap":{"0":{"name":"(anonymous_0)","decl":{"start":{"line":20,"column":29},"end":{"line":20,"column":30}},"loc":{"start":{"line":20,"column":45},"end":{"line":34,"column":3}},"line":20},"1":{"name":"(anonymous_1)","decl":{"start":{"line":36,"column":42},"end":{"line":36,"column":43}},"loc":{"start":{"line":36,"column":58},"end":{"line":44,"column":3}},"line":36},"2":{"name":"(anonymous_2)","decl":{"start":{"line":46,"column":44},"end":{"line":46,"column":45}},"loc":{"start":{"line":46,"column":60},"end":{"line":58,"column":3}},"line":46},"3":{"name":"(anonymous_3)","decl":{"start":{"line":60,"column":22},"end":{"line":60,"column":23}},"loc":{"start":{"line":60,"column":28},"end":{"line":271,"column":1}},"line":60},"4":{"name":"(anonymous_4)","decl":{"start":{"line":68,"column":12},"end":{"line":68,"column":13}},"loc":{"start":{"line":68,"column":18},"end":{"line":84,"column":3}},"line":68},"5":{"name":"(anonymous_5)","decl":{"start":{"line":69,"column":20},"end":{"line":69,"column":21}},"loc":{"start":{"line":69,"column":32},"end":{"line":72,"column":5}},"line":69},"6":{"name":"(anonymous_6)","decl":{"start":{"line":73,"column":21},"end":{"line":73,"column":22}},"loc":{"start":{"line":73,"column":33},"end":{"line":81,"column":5}},"line":73},"7":{"name":"(anonymous_7)","decl":{"start":{"line":86,"column":23},"end":{"line":86,"column":24}},"loc":{"start":{"line":86,"column":29},"end":{"line":90,"column":3}},"line":86},"8":{"name":"(anonymous_8)","decl":{"start":{"line":92,"column":17},"end":{"line":92,"column":18}},"loc":{"start":{"line":92,"column":23},"end":{"line":95,"column":3}},"line":92},"9":{"name":"(anonymous_9)","decl":{"start":{"line":105,"column":32},"end":{"line":105,"column":33}},"loc":{"start":{"line":105,"column":43},"end":{"line":107,"column":3}},"line":105},"10":{"name":"(anonymous_10)","decl":{"start":{"line":109,"column":32},"end":{"line":109,"column":33}},"loc":{"start":{"line":109,"column":38},"end":{"line":111,"column":3}},"line":109},"11":{"name":"(anonymous_11)","decl":{"start":{"line":113,"column":26},"end":{"line":113,"column":27}},"loc":{"start":{"line":113,"column":32},"end":{"line":116,"column":3}},"line":113},"12":{"name":"(anonymous_12)","decl":{"start":{"line":118,"column":31},"end":{"line":118,"column":32}},"loc":{"start":{"line":118,"column":42},"end":{"line":120,"column":3}},"line":118}},"branchMap":{"0":{"loc":{"start":{"line":76,"column":6},"end":{"line":80,"column":7}},"type":"if","locations":[{"start":{"line":76,"column":6},"end":{"line":80,"column":7}},{"start":{"line":78,"column":13},"end":{"line":80,"column":7}}],"line":76},"1":{"loc":{"start":{"line":143,"column":8},"end":{"line":144,"column":183}},"type":"binary-expr","locations":[{"start":{"line":143,"column":8},"end":{"line":143,"column":13}},{"start":{"line":144,"column":8},"end":{"line":144,"column":183}}],"line":143},"2":{"loc":{"start":{"line":179,"column":8},"end":{"line":181,"column":185}},"type":"binary-expr","locations":[{"start":{"line":179,"column":8},"end":{"line":179,"column":13}},{"start":{"line":181,"column":10},"end":{"line":181,"column":185}}],"line":179},"3":{"loc":{"start":{"line":247,"column":16},"end":{"line":248,"column":125}},"type":"binary-expr","locations":[{"start":{"line":247,"column":16},"end":{"line":247,"column":40}},{"start":{"line":248,"column":16},"end":{"line":248,"column":125}}],"line":247}},"s":{"0":20,"1":6,"2":20,"3":0,"4":20,"5":0,"6":20,"7":8,"8":8,"9":8,"10":8,"11":8,"12":8,"13":6,"14":6,"15":6,"16":6,"17":6,"18":6,"19":6,"20":2,"21":4,"22":6,"23":6,"24":8,"25":1,"26":1,"27":8,"28":1,"29":1,"30":8,"31":8,"32":8,"33":8,"34":8,"35":0,"36":8,"37":2,"38":8,"39":2,"40":2,"41":8,"42":0,"43":8,"44":8,"45":8,"46":8,"47":8},"f":{"0":6,"1":0,"2":0,"3":8,"4":6,"5":6,"6":6,"7":1,"8":1,"9":0,"10":2,"11":2,"12":0},"b":{"0":[2,4],"1":[8,1],"2":[8,1],"3":[8,5]},"_coverageSchema":"1a1c01bbd47fc00a2c39e90264f33305004495a9","hash":"f22dea0f5bddfcc42c30169deea6de51f3e1bc40"}
,"C:\\Users\\alvar\\Desktop\\Universidad\\Segundo Cuatrimestre\\TFG\\alcompas\\Frontend\\src\\Components\\NavbarInvitado.jsx": {"path":"C:\\Users\\alvar\\Desktop\\Universidad\\Segundo Cuatrimestre\\TFG\\alcompas\\Frontend\\src\\Components\\NavbarInvitado.jsx","statementMap":{"0":{"start":{"line":10,"column":30},"end":{"line":46,"column":1}},"1":{"start":{"line":11,"column":2},"end":{"line":45,"column":3}}},"fnMap":{"0":{"name":"(anonymous_0)","decl":{"start":{"line":10,"column":30},"end":{"line":10,"column":31}},"loc":{"start":{"line":10,"column":36},"end":{"line":46,"column":1}},"line":10}},"branchMap":{},"s":{"0":21,"1":1},"f":{"0":1},"b":{},"_coverageSchema":"1a1c01bbd47fc00a2c39e90264f33305004495a9","hash":"870b1100a7bcf2ebb0fcf34851ae37885d575ec3"}
,"C:\\Users\\alvar\\Desktop\\Universidad\\Segundo Cuatrimestre\\TFG\\alcompas\\Frontend\\src\\Components\\Peticion.jsx": {"path":"C:\\Users\\alvar\\Desktop\\Universidad\\Segundo Cuatrimestre\\TFG\\alcompas\\Frontend\\src\\Components\\Peticion.jsx","statementMap":{"0":{"start":{"line":7,"column":24},"end":{"line":148,"column":1}},"1":{"start":{"line":9,"column":39},"end":{"line":9,"column":51}},"2":{"start":{"line":10,"column":54},"end":{"line":10,"column":66}},"3":{"start":{"line":11,"column":19},"end":{"line":11,"column":30}},"4":{"start":{"line":12,"column":42},"end":{"line":12,"column":52}},"5":{"start":{"line":13,"column":48},"end":{"line":13,"column":58}},"6":{"start":{"line":17,"column":29},"end":{"line":17,"column":45}},"7":{"start":{"line":18,"column":33},"end":{"line":18,"column":53}},"8":{"start":{"line":19,"column":34},"end":{"line":19,"column":48}},"9":{"start":{"line":20,"column":50},"end":{"line":20,"column":70}},"10":{"start":{"line":22,"column":32},"end":{"line":26,"column":5}},"11":{"start":{"line":23,"column":8},"end":{"line":23,"column":31}},"12":{"start":{"line":24,"column":25},"end":{"line":24,"column":45}},"13":{"start":{"line":25,"column":8},"end":{"line":25,"column":28}},"14":{"start":{"line":28,"column":33},"end":{"line":32,"column":5}},"15":{"start":{"line":29,"column":8},"end":{"line":29,"column":31}},"16":{"start":{"line":30,"column":8},"end":{"line":30,"column":30}},"17":{"start":{"line":31,"column":8},"end":{"line":31,"column":29}},"18":{"start":{"line":35,"column":4},"end":{"line":60,"column":23}},"19":{"start":{"line":36,"column":25},"end":{"line":39,"column":9}},"20":{"start":{"line":37,"column":29},"end":{"line":37,"column":54}},"21":{"start":{"line":38,"column":12},"end":{"line":38,"column":31}},"22":{"start":{"line":40,"column":29},"end":{"line":44,"column":9}},"23":{"start":{"line":41,"column":33},"end":{"line":41,"column":66}},"24":{"start":{"line":42,"column":31},"end":{"line":42,"column":70}},"25":{"start":{"line":43,"column":12},"end":{"line":43,"column":43}},"26":{"start":{"line":45,"column":31},"end":{"line":48,"column":9}},"27":{"start":{"line":46,"column":36},"end":{"line":46,"column":51}},"28":{"start":{"line":47,"column":12},"end":{"line":47,"column":65}},"29":{"start":{"line":49,"column":27},"end":{"line":54,"column":9}},"30":{"start":{"line":51,"column":22},"end":{"line":51,"column":48}},"31":{"start":{"line":53,"column":12},"end":{"line":53,"column":32}},"32":{"start":{"line":55,"column":8},"end":{"line":55,"column":21}},"33":{"start":{"line":56,"column":8},"end":{"line":56,"column":19}},"34":{"start":{"line":57,"column":8},"end":{"line":57,"column":23}},"35":{"start":{"line":58,"column":8},"end":{"line":58,"column":25}},"36":{"start":{"line":62,"column":2},"end":{"line":147,"column":6}}},"fnMap":{"0":{"name":"(anonymous_0)","decl":{"start":{"line":7,"column":24},"end":{"line":7,"column":25}},"loc":{"start":{"line":7,"column":119},"end":{"line":148,"column":1}},"line":7},"1":{"name":"(anonymous_1)","decl":{"start":{"line":22,"column":32},"end":{"line":22,"column":33}},"loc":{"start":{"line":22,"column":44},"end":{"line":26,"column":5}},"line":22},"2":{"name":"(anonymous_2)","decl":{"start":{"line":28,"column":33},"end":{"line":28,"column":34}},"loc":{"start":{"line":28,"column":45},"end":{"line":32,"column":5}},"line":28},"3":{"name":"(anonymous_3)","decl":{"start":{"line":35,"column":14},"end":{"line":35,"column":15}},"loc":{"start":{"line":35,"column":20},"end":{"line":60,"column":5}},"line":35},"4":{"name":"(anonymous_4)","decl":{"start":{"line":36,"column":25},"end":{"line":36,"column":26}},"loc":{"start":{"line":36,"column":37},"end":{"line":39,"column":9}},"line":36},"5":{"name":"(anonymous_5)","decl":{"start":{"line":40,"column":29},"end":{"line":40,"column":30}},"loc":{"start":{"line":40,"column":41},"end":{"line":44,"column":9}},"line":40},"6":{"name":"(anonymous_6)","decl":{"start":{"line":45,"column":31},"end":{"line":45,"column":32}},"loc":{"start":{"line":45,"column":37},"end":{"line":48,"column":9}},"line":45},"7":{"name":"(anonymous_7)","decl":{"start":{"line":49,"column":27},"end":{"line":49,"column":28}},"loc":{"start":{"line":49,"column":39},"end":{"line":54,"column":9}},"line":49}},"branchMap":{"0":{"loc":{"start":{"line":95,"column":24},"end":{"line":98,"column":30}},"type":"binary-expr","locations":[{"start":{"line":95,"column":24},"end":{"line":95,"column":29}},{"start":{"line":96,"column":24},"end":{"line":98,"column":30}}],"line":95},"1":{"loc":{"start":{"line":103,"column":24},"end":{"line":106,"column":34}},"type":"binary-expr","locations":[{"start":{"line":103,"column":24},"end":{"line":103,"column":35}},{"start":{"line":104,"column":28},"end":{"line":106,"column":34}}],"line":103},"2":{"loc":{"start":{"line":109,"column":24},"end":{"line":112,"column":30}},"type":"binary-expr","locations":[{"start":{"line":109,"column":24},"end":{"line":109,"column":27}},{"start":{"line":110,"column":24},"end":{"line":112,"column":30}}],"line":109},"3":{"loc":{"start":{"line":117,"column":22},"end":{"line":120,"column":30}},"type":"binary-expr","locations":[{"start":{"line":117,"column":22},"end":{"line":117,"column":35}},{"start":{"line":118,"column":24},"end":{"line":120,"column":30}}],"line":117},"4":{"loc":{"start":{"line":134,"column":14},"end":{"line":143,"column":23}},"type":"binary-expr","locations":[{"start":{"line":134,"column":14},"end":{"line":134,"column":35}},{"start":{"line":134,"column":39},"end":{"line":134,"column":58}},{"start":{"line":135,"column":16},"end":{"line":143,"column":23}}],"line":134}},"s":{"0":20,"1":6,"2":6,"3":6,"4":6,"5":6,"6":6,"7":6,"8":6,"9":6,"10":6,"11":1,"12":1,"13":1,"14":6,"15":1,"16":1,"17":1,"18":6,"19":2,"20":2,"21":2,"22":2,"23":2,"24":2,"25":2,"26":2,"27":2,"28":2,"29":2,"30":2,"31":2,"32":2,"33":2,"34":2,"35":2,"36":6},"f":{"0":6,"1":1,"2":1,"3":2,"4":2,"5":2,"6":2,"7":2},"b":{"0":[6,0],"1":[6,0],"2":[6,0],"3":[6,2],"4":[6,6,6]},"_coverageSchema":"1a1c01bbd47fc00a2c39e90264f33305004495a9","hash":"ba91babf930bae21eb71c67dd32257de0c254e1f"}
,"C:\\Users\\alvar\\Desktop\\Universidad\\Segundo Cuatrimestre\\TFG\\alcompas\\Frontend\\src\\Components\\Plantilla.jsx": {"path":"C:\\Users\\alvar\\Desktop\\Universidad\\Segundo Cuatrimestre\\TFG\\alcompas\\Frontend\\src\\Components\\Plantilla.jsx","statementMap":{"0":{"start":{"line":6,"column":25},"end":{"line":81,"column":1}},"1":{"start":{"line":10,"column":21},"end":{"line":45,"column":3}},"2":{"start":{"line":11,"column":15},"end":{"line":11,"column":17}},"3":{"start":{"line":13,"column":6},"end":{"line":43,"column":7}},"4":{"start":{"line":14,"column":21},"end":{"line":14,"column":41}},"5":{"start":{"line":16,"column":8},"end":{"line":26,"column":9}},"6":{"start":{"line":16,"column":20},"end":{"line":16,"column":21}},"7":{"start":{"line":17,"column":22},"end":{"line":17,"column":29}},"8":{"start":{"line":18,"column":10},"end":{"line":18,"column":176}},"9":{"start":{"line":19,"column":32},"end":{"line":19,"column":45}},"10":{"start":{"line":20,"column":10},"end":{"line":25,"column":11}},"11":{"start":{"line":21,"column":12},"end":{"line":24,"column":13}},"12":{"start":{"line":21,"column":24},"end":{"line":21,"column":25}},"13":{"start":{"line":22,"column":28},"end":{"line":22,"column":44}},"14":{"start":{"line":23,"column":14},"end":{"line":23,"column":111}},"15":{"start":{"line":28,"column":11},"end":{"line":43,"column":7}},"16":{"start":{"line":30,"column":21},"end":{"line":30,"column":41}},"17":{"start":{"line":32,"column":8},"end":{"line":42,"column":9}},"18":{"start":{"line":32,"column":20},"end":{"line":32,"column":21}},"19":{"start":{"line":33,"column":22},"end":{"line":33,"column":29}},"20":{"start":{"line":34,"column":10},"end":{"line":34,"column":176}},"21":{"start":{"line":35,"column":32},"end":{"line":35,"column":45}},"22":{"start":{"line":36,"column":10},"end":{"line":41,"column":11}},"23":{"start":{"line":37,"column":12},"end":{"line":40,"column":13}},"24":{"start":{"line":37,"column":24},"end":{"line":37,"column":25}},"25":{"start":{"line":38,"column":28},"end":{"line":38,"column":44}},"26":{"start":{"line":39,"column":14},"end":{"line":39,"column":115}},"27":{"start":{"line":44,"column":6},"end":{"line":44,"column":18}},"28":{"start":{"line":48,"column":2},"end":{"line":80,"column":3}},"29":{"start":{"line":73,"column":16},"end":{"line":73,"column":28}}},"fnMap":{"0":{"name":"(anonymous_0)","decl":{"start":{"line":6,"column":25},"end":{"line":6,"column":26}},"loc":{"start":{"line":6,"column":71},"end":{"line":81,"column":1}},"line":6},"1":{"name":"(anonymous_1)","decl":{"start":{"line":10,"column":21},"end":{"line":10,"column":22}},"loc":{"start":{"line":10,"column":27},"end":{"line":45,"column":3}},"line":10},"2":{"name":"(anonymous_2)","decl":{"start":{"line":72,"column":32},"end":{"line":72,"column":33}},"loc":{"start":{"line":72,"column":47},"end":{"line":74,"column":15}},"line":72}},"branchMap":{"0":{"loc":{"start":{"line":13,"column":6},"end":{"line":43,"column":7}},"type":"if","locations":[{"start":{"line":13,"column":6},"end":{"line":43,"column":7}},{"start":{"line":28,"column":11},"end":{"line":43,"column":7}}],"line":13},"1":{"loc":{"start":{"line":20,"column":10},"end":{"line":25,"column":11}},"type":"if","locations":[{"start":{"line":20,"column":10},"end":{"line":25,"column":11}},{"start":{},"end":{}}],"line":20},"2":{"loc":{"start":{"line":28,"column":11},"end":{"line":43,"column":7}},"type":"if","locations":[{"start":{"line":28,"column":11},"end":{"line":43,"column":7}},{"start":{},"end":{}}],"line":28},"3":{"loc":{"start":{"line":36,"column":10},"end":{"line":41,"column":11}},"type":"if","locations":[{"start":{"line":36,"column":10},"end":{"line":41,"column":11}},{"start":{},"end":{}}],"line":36}},"s":{"0":20,"1":2,"2":2,"3":2,"4":1,"5":1,"6":1,"7":1,"8":1,"9":1,"10":1,"11":1,"12":1,"13":1,"14":1,"15":1,"16":1,"17":1,"18":1,"19":1,"20":1,"21":1,"22":1,"23":1,"24":1,"25":1,"26":1,"27":2,"28":2,"29":4},"f":{"0":2,"1":2,"2":4},"b":{"0":[1,1],"1":[1,0],"2":[1,0],"3":[1,0]},"_coverageSchema":"1a1c01bbd47fc00a2c39e90264f33305004495a9","hash":"112ad8072a10e195e6dc78a694a6bbe7c9dfb21c"}
,"C:\\Users\\alvar\\Desktop\\Universidad\\Segundo Cuatrimestre\\TFG\\alcompas\\Frontend\\src\\Components\\index.js": {"path":"C:\\Users\\alvar\\Desktop\\Universidad\\Segundo Cuatrimestre\\TFG\\alcompas\\Frontend\\src\\Components\\index.js","statementMap":{},"fnMap":{},"branchMap":{},"s":{},"f":{},"b":{},"_coverageSchema":"1a1c01bbd47fc00a2c39e90264f33305004495a9","hash":"1df2dbfd399c8d183ea99fb5ce89c9e92a429bab"}
,"C:\\Users\\alvar\\Desktop\\Universidad\\Segundo Cuatrimestre\\TFG\\alcompas\\Frontend\\src\\api\\alcompasApi.js": {"path":"C:\\Users\\alvar\\Desktop\\Universidad\\Segundo Cuatrimestre\\TFG\\alcompas\\Frontend\\src\\api\\alcompasApi.js","statementMap":{"0":{"start":{"line":4,"column":25},"end":{"line":4,"column":42}},"1":{"start":{"line":7,"column":20},"end":{"line":9,"column":2}},"2":{"start":{"line":12,"column":0},"end":{"line":20,"column":3}},"3":{"start":{"line":14,"column":4},"end":{"line":17,"column":5}},"4":{"start":{"line":19,"column":4},"end":{"line":19,"column":18}}},"fnMap":{"0":{"name":"(anonymous_0)","decl":{"start":{"line":12,"column":38},"end":{"line":12,"column":39}},"loc":{"start":{"line":12,"column":48},"end":{"line":20,"column":1}},"line":12}},"branchMap":{},"s":{"0":109,"1":109,"2":109,"3":48,"4":48},"f":{"0":48},"b":{},"_coverageSchema":"1a1c01bbd47fc00a2c39e90264f33305004495a9","hash":"ed68f20720ff3a0eca2eb676e64dfcc8a96969c3"}
,"C:\\Users\\alvar\\Desktop\\Universidad\\Segundo Cuatrimestre\\TFG\\alcompas\\Frontend\\src\\api\\index.js": {"path":"C:\\Users\\alvar\\Desktop\\Universidad\\Segundo Cuatrimestre\\TFG\\alcompas\\Frontend\\src\\api\\index.js","statementMap":{},"fnMap":{},"branchMap":{},"s":{},"f":{},"b":{},"_coverageSchema":"1a1c01bbd47fc00a2c39e90264f33305004495a9","hash":"1b8beb7f93a7b8165e5e28573c4c8968a3d8af30"}
,"C:\\Users\\alvar\\Desktop\\Universidad\\Segundo Cuatrimestre\\TFG\\alcompas\\Frontend\\src\\auth\\layout\\AuthLayout.jsx": {"path":"C:\\Users\\alvar\\Desktop\\Universidad\\Segundo Cuatrimestre\\TFG\\alcompas\\Frontend\\src\\auth\\layout\\AuthLayout.jsx","statementMap":{"0":{"start":{"line":3,"column":26},"end":{"line":28,"column":1}},"1":{"start":{"line":4,"column":2},"end":{"line":27,"column":3}}},"fnMap":{"0":{"name":"(anonymous_0)","decl":{"start":{"line":3,"column":26},"end":{"line":3,"column":27}},"loc":{"start":{"line":3,"column":55},"end":{"line":28,"column":1}},"line":3}},"branchMap":{"0":{"loc":{"start":{"line":3,"column":39},"end":{"line":3,"column":49}},"type":"default-arg","locations":[{"start":{"line":3,"column":47},"end":{"line":3,"column":49}}],"line":3}},"s":{"0":5,"1":43},"f":{"0":43},"b":{"0":[0]},"_coverageSchema":"1a1c01bbd47fc00a2c39e90264f33305004495a9","hash":"b5dc497fb81f859dcf8ed2425efdfba301e28e43"}
,"C:\\Users\\alvar\\Desktop\\Universidad\\Segundo Cuatrimestre\\TFG\\alcompas\\Frontend\\src\\auth\\pages\\ConfirmationRegister.jsx": {"path":"C:\\Users\\alvar\\Desktop\\Universidad\\Segundo Cuatrimestre\\TFG\\alcompas\\Frontend\\src\\auth\\pages\\ConfirmationRegister.jsx","statementMap":{"0":{"start":{"line":12,"column":17},"end":{"line":15,"column":5}},"1":{"start":{"line":13,"column":8},"end":{"line":13,"column":27}},"2":{"start":{"line":14,"column":8},"end":{"line":14,"column":32}},"3":{"start":{"line":17,"column":16},"end":{"line":20,"column":3}},"4":{"start":{"line":18,"column":6},"end":{"line":18,"column":25}},"5":{"start":{"line":19,"column":6},"end":{"line":19,"column":30}},"6":{"start":{"line":29,"column":63},"end":{"line":29,"column":73}},"7":{"start":{"line":32,"column":4},"end":{"line":159,"column":5}}},"fnMap":{"0":{"name":"(anonymous_0)","decl":{"start":{"line":12,"column":17},"end":{"line":12,"column":18}},"loc":{"start":{"line":12,"column":22},"end":{"line":15,"column":5}},"line":12},"1":{"name":"(anonymous_1)","decl":{"start":{"line":17,"column":16},"end":{"line":17,"column":17}},"loc":{"start":{"line":17,"column":21},"end":{"line":20,"column":3}},"line":17},"2":{"name":"(anonymous_2)","decl":{"start":{"line":26,"column":2},"end":{"line":26,"column":3}},"loc":{"start":{"line":26,"column":11},"end":{"line":160,"column":3}},"line":26}},"branchMap":{},"s":{"0":6,"1":4,"2":4,"3":6,"4":5,"5":5,"6":6,"7":6},"f":{"0":4,"1":5,"2":6},"b":{},"_coverageSchema":"1a1c01bbd47fc00a2c39e90264f33305004495a9","hash":"c87505040326abbe659fbcac2ac65115e8e5df00"}
,"C:\\Users\\alvar\\Desktop\\Universidad\\Segundo Cuatrimestre\\TFG\\alcompas\\Frontend\\src\\auth\\pages\\LocationRegister.jsx": {"path":"C:\\Users\\alvar\\Desktop\\Universidad\\Segundo Cuatrimestre\\TFG\\alcompas\\Frontend\\src\\auth\\pages\\LocationRegister.jsx","statementMap":{"0":{"start":{"line":7,"column":16},"end":{"line":10,"column":5}},"1":{"start":{"line":8,"column":8},"end":{"line":8,"column":27}},"2":{"start":{"line":9,"column":8},"end":{"line":9,"column":31}},"3":{"start":{"line":12,"column":17},"end":{"line":15,"column":5}},"4":{"start":{"line":13,"column":8},"end":{"line":13,"column":27}},"5":{"start":{"line":14,"column":8},"end":{"line":14,"column":32}},"6":{"start":{"line":18,"column":45},"end":{"line":18,"column":55}},"7":{"start":{"line":19,"column":4},"end":{"line":97,"column":5}}},"fnMap":{"0":{"name":"(anonymous_0)","decl":{"start":{"line":7,"column":16},"end":{"line":7,"column":17}},"loc":{"start":{"line":7,"column":21},"end":{"line":10,"column":5}},"line":7},"1":{"name":"(anonymous_1)","decl":{"start":{"line":12,"column":17},"end":{"line":12,"column":18}},"loc":{"start":{"line":12,"column":22},"end":{"line":15,"column":5}},"line":12},"2":{"name":"(anonymous_2)","decl":{"start":{"line":17,"column":2},"end":{"line":17,"column":3}},"loc":{"start":{"line":17,"column":11},"end":{"line":98,"column":3}},"line":17}},"branchMap":{},"s":{"0":7,"1":9,"2":9,"3":7,"4":1,"5":1,"6":7,"7":7},"f":{"0":9,"1":1,"2":7},"b":{},"_coverageSchema":"1a1c01bbd47fc00a2c39e90264f33305004495a9","hash":"eb52204f77ff742dbb584ea2af5f8260ffe09ff6"}
,"C:\\Users\\alvar\\Desktop\\Universidad\\Segundo Cuatrimestre\\TFG\\alcompas\\Frontend\\src\\auth\\pages\\LoginPage.jsx": {"path":"C:\\Users\\alvar\\Desktop\\Universidad\\Segundo Cuatrimestre\\TFG\\alcompas\\Frontend\\src\\auth\\pages\\LoginPage.jsx","statementMap":{"0":{"start":{"line":8,"column":24},"end":{"line":11,"column":1}},"1":{"start":{"line":13,"column":25},"end":{"line":93,"column":1}},"2":{"start":{"line":15,"column":40},"end":{"line":15,"column":54}},"3":{"start":{"line":17,"column":76},"end":{"line":17,"column":100}},"4":{"start":{"line":20,"column":22},"end":{"line":23,"column":3}},"5":{"start":{"line":21,"column":4},"end":{"line":21,"column":27}},"6":{"start":{"line":22,"column":4},"end":{"line":22,"column":66}},"7":{"start":{"line":25,"column":2},"end":{"line":29,"column":20}},"8":{"start":{"line":26,"column":4},"end":{"line":28,"column":5}},"9":{"start":{"line":27,"column":6},"end":{"line":27,"column":68}},"10":{"start":{"line":32,"column":2},"end":{"line":92,"column":3}}},"fnMap":{"0":{"name":"(anonymous_0)","decl":{"start":{"line":13,"column":25},"end":{"line":13,"column":26}},"loc":{"start":{"line":13,"column":31},"end":{"line":93,"column":1}},"line":13},"1":{"name":"(anonymous_1)","decl":{"start":{"line":20,"column":22},"end":{"line":20,"column":23}},"loc":{"start":{"line":20,"column":33},"end":{"line":23,"column":3}},"line":20},"2":{"name":"(anonymous_2)","decl":{"start":{"line":25,"column":12},"end":{"line":25,"column":13}},"loc":{"start":{"line":25,"column":18},"end":{"line":29,"column":3}},"line":25}},"branchMap":{"0":{"loc":{"start":{"line":26,"column":4},"end":{"line":28,"column":5}},"type":"if","locations":[{"start":{"line":26,"column":4},"end":{"line":28,"column":5}},{"start":{},"end":{}}],"line":26}},"s":{"0":1,"1":1,"2":4,"3":4,"4":4,"5":2,"6":2,"7":4,"8":2,"9":1,"10":4},"f":{"0":4,"1":2,"2":2},"b":{"0":[1,1]},"_coverageSchema":"1a1c01bbd47fc00a2c39e90264f33305004495a9","hash":"fb120007884a142a7a6eb8e310c5dee964cf71a0"}
,"C:\\Users\\alvar\\Desktop\\Universidad\\Segundo Cuatrimestre\\TFG\\alcompas\\Frontend\\src\\auth\\pages\\PersonalRegister.jsx": {"path":"C:\\Users\\alvar\\Desktop\\Universidad\\Segundo Cuatrimestre\\TFG\\alcompas\\Frontend\\src\\auth\\pages\\PersonalRegister.jsx","statementMap":{"0":{"start":{"line":7,"column":16},"end":{"line":10,"column":5}},"1":{"start":{"line":8,"column":8},"end":{"line":8,"column":27}},"2":{"start":{"line":9,"column":8},"end":{"line":9,"column":30}},"3":{"start":{"line":12,"column":45},"end":{"line":12,"column":55}},"4":{"start":{"line":14,"column":4},"end":{"line":147,"column":5}}},"fnMap":{"0":{"name":"(anonymous_0)","decl":{"start":{"line":7,"column":16},"end":{"line":7,"column":17}},"loc":{"start":{"line":7,"column":21},"end":{"line":10,"column":5}},"line":7},"1":{"name":"(anonymous_1)","decl":{"start":{"line":11,"column":2},"end":{"line":11,"column":3}},"loc":{"start":{"line":11,"column":11},"end":{"line":148,"column":3}},"line":11}},"branchMap":{"0":{"loc":{"start":{"line":134,"column":14},"end":{"line":139,"column":19}},"type":"binary-expr","locations":[{"start":{"line":134,"column":14},"end":{"line":134,"column":39}},{"start":{"line":135,"column":12},"end":{"line":139,"column":19}}],"line":134}},"s":{"0":7,"1":6,"2":6,"3":7,"4":7},"f":{"0":6,"1":7},"b":{"0":[7,3]},"_coverageSchema":"1a1c01bbd47fc00a2c39e90264f33305004495a9","hash":"c90c7eaf23f6e8974e75e0d35f4a5e52fdaaaea1"}
,"C:\\Users\\alvar\\Desktop\\Universidad\\Segundo Cuatrimestre\\TFG\\alcompas\\Frontend\\src\\auth\\pages\\RegisterFrom.jsx": {"path":"C:\\Users\\alvar\\Desktop\\Universidad\\Segundo Cuatrimestre\\TFG\\alcompas\\Frontend\\src\\auth\\pages\\RegisterFrom.jsx","statementMap":{"0":{"start":{"line":11,"column":14},"end":{"line":27,"column":1}},"1":{"start":{"line":29,"column":29},"end":{"line":124,"column":1}},"2":{"start":{"line":30,"column":28},"end":{"line":30,"column":39}},"3":{"start":{"line":32,"column":53},"end":{"line":32,"column":67}},"4":{"start":{"line":33,"column":19},"end":{"line":33,"column":32}},"5":{"start":{"line":34,"column":4},"end":{"line":38,"column":24}},"6":{"start":{"line":35,"column":8},"end":{"line":37,"column":9}},"7":{"start":{"line":36,"column":10},"end":{"line":36,"column":72}},"8":{"start":{"line":42,"column":97},"end":{"line":42,"column":102}},"9":{"start":{"line":43,"column":17},"end":{"line":45,"column":92}},"10":{"start":{"line":48,"column":22},"end":{"line":50,"column":5}},"11":{"start":{"line":49,"column":8},"end":{"line":49,"column":24}},"12":{"start":{"line":53,"column":19},"end":{"line":55,"column":5}},"13":{"start":{"line":54,"column":8},"end":{"line":54,"column":24}},"14":{"start":{"line":58,"column":22},"end":{"line":75,"column":5}},"15":{"start":{"line":60,"column":20},"end":{"line":60,"column":43}},"16":{"start":{"line":62,"column":8},"end":{"line":72,"column":9}},"17":{"start":{"line":63,"column":12},"end":{"line":67,"column":61}},"18":{"start":{"line":71,"column":12},"end":{"line":71,"column":66}},"19":{"start":{"line":78,"column":25},"end":{"line":82,"column":5}},"20":{"start":{"line":78,"column":34},"end":{"line":82,"column":5}},"21":{"start":{"line":80,"column":8},"end":{"line":80,"column":39}},"22":{"start":{"line":87,"column":8},"end":{"line":121,"column":5}},"23":{"start":{"line":89,"column":16},"end":{"line":96,"column":18}},"24":{"start":{"line":98,"column":16},"end":{"line":104,"column":20}},"25":{"start":{"line":106,"column":16},"end":{"line":112,"column":18}},"26":{"start":{"line":114,"column":16},"end":{"line":119,"column":18}}},"fnMap":{"0":{"name":"(anonymous_0)","decl":{"start":{"line":29,"column":29},"end":{"line":29,"column":30}},"loc":{"start":{"line":29,"column":35},"end":{"line":124,"column":1}},"line":29},"1":{"name":"(anonymous_1)","decl":{"start":{"line":34,"column":14},"end":{"line":34,"column":15}},"loc":{"start":{"line":34,"column":20},"end":{"line":38,"column":7}},"line":34},"2":{"name":"(anonymous_2)","decl":{"start":{"line":48,"column":22},"end":{"line":48,"column":23}},"loc":{"start":{"line":48,"column":28},"end":{"line":50,"column":5}},"line":48},"3":{"name":"(anonymous_3)","decl":{"start":{"line":53,"column":19},"end":{"line":53,"column":20}},"loc":{"start":{"line":53,"column":25},"end":{"line":55,"column":5}},"line":53},"4":{"name":"(anonymous_4)","decl":{"start":{"line":58,"column":22},"end":{"line":58,"column":23}},"loc":{"start":{"line":58,"column":28},"end":{"line":75,"column":5}},"line":58},"5":{"name":"(anonymous_5)","decl":{"start":{"line":78,"column":25},"end":{"line":78,"column":26}},"loc":{"start":{"line":78,"column":34},"end":{"line":82,"column":5}},"line":78},"6":{"name":"(anonymous_6)","decl":{"start":{"line":78,"column":34},"end":{"line":78,"column":35}},"loc":{"start":{"line":78,"column":39},"end":{"line":82,"column":5}},"line":78}},"branchMap":{"0":{"loc":{"start":{"line":35,"column":8},"end":{"line":37,"column":9}},"type":"if","locations":[{"start":{"line":35,"column":8},"end":{"line":37,"column":9}},{"start":{},"end":{}}],"line":35},"1":{"loc":{"start":{"line":62,"column":8},"end":{"line":72,"column":9}},"type":"if","locations":[{"start":{"line":62,"column":8},"end":{"line":72,"column":9}},{"start":{"line":70,"column":13},"end":{"line":72,"column":9}}],"line":62},"2":{"loc":{"start":{"line":87,"column":8},"end":{"line":121,"column":5}},"type":"switch","locations":[{"start":{"line":88,"column":12},"end":{"line":96,"column":18}},{"start":{"line":97,"column":12},"end":{"line":104,"column":20}},{"start":{"line":105,"column":12},"end":{"line":112,"column":18}},{"start":{"line":113,"column":12},"end":{"line":119,"column":18}}],"line":87}},"s":{"0":1,"1":1,"2":11,"3":11,"4":11,"5":11,"6":2,"7":2,"8":11,"9":11,"10":11,"11":7,"12":11,"13":3,"14":11,"15":2,"16":2,"17":0,"18":2,"19":11,"20":45,"21":1,"22":11,"23":3,"24":3,"25":3,"26":2},"f":{"0":11,"1":2,"2":7,"3":3,"4":2,"5":45,"6":1},"b":{"0":[2,0],"1":[0,2],"2":[3,3,3,2]},"_coverageSchema":"1a1c01bbd47fc00a2c39e90264f33305004495a9","hash":"e31c14de81abc4ae55f726a4cdc7648a90812e79"}
,"C:\\Users\\alvar\\Desktop\\Universidad\\Segundo Cuatrimestre\\TFG\\alcompas\\Frontend\\src\\auth\\pages\\UpdateForm.jsx": {"path":"C:\\Users\\alvar\\Desktop\\Universidad\\Segundo Cuatrimestre\\TFG\\alcompas\\Frontend\\src\\auth\\pages\\UpdateForm.jsx","statementMap":{"0":{"start":{"line":15,"column":27},"end":{"line":144,"column":1}},"1":{"start":{"line":18,"column":32},"end":{"line":18,"column":44}},"2":{"start":{"line":19,"column":28},"end":{"line":19,"column":39}},"3":{"start":{"line":22,"column":49},"end":{"line":22,"column":63}},"4":{"start":{"line":23,"column":19},"end":{"line":23,"column":30}},"5":{"start":{"line":24,"column":19},"end":{"line":24,"column":32}},"6":{"start":{"line":27,"column":22},"end":{"line":29,"column":5}},"7":{"start":{"line":28,"column":8},"end":{"line":28,"column":24}},"8":{"start":{"line":32,"column":19},"end":{"line":34,"column":5}},"9":{"start":{"line":33,"column":8},"end":{"line":33,"column":24}},"10":{"start":{"line":37,"column":22},"end":{"line":56,"column":5}},"11":{"start":{"line":38,"column":8},"end":{"line":38,"column":43}},"12":{"start":{"line":39,"column":8},"end":{"line":39,"column":55}},"13":{"start":{"line":40,"column":20},"end":{"line":40,"column":43}},"14":{"start":{"line":42,"column":8},"end":{"line":55,"column":9}},"15":{"start":{"line":43,"column":30},"end":{"line":46,"column":84}},"16":{"start":{"line":47,"column":12},"end":{"line":51,"column":13}},"17":{"start":{"line":48,"column":16},"end":{"line":48,"column":76}},"18":{"start":{"line":50,"column":16},"end":{"line":50,"column":49}},"19":{"start":{"line":54,"column":12},"end":{"line":54,"column":67}},"20":{"start":{"line":59,"column":25},"end":{"line":61,"column":5}},"21":{"start":{"line":59,"column":34},"end":{"line":61,"column":5}},"22":{"start":{"line":60,"column":8},"end":{"line":60,"column":40}},"23":{"start":{"line":64,"column":4},"end":{"line":75,"column":11}},"24":{"start":{"line":65,"column":20},"end":{"line":73,"column":5}},"25":{"start":{"line":66,"column":24},"end":{"line":66,"column":51}},"26":{"start":{"line":68,"column":22},"end":{"line":68,"column":65}},"27":{"start":{"line":70,"column":8},"end":{"line":70,"column":41}},"28":{"start":{"line":72,"column":8},"end":{"line":72,"column":28}},"29":{"start":{"line":74,"column":4},"end":{"line":74,"column":14}},"30":{"start":{"line":81,"column":4},"end":{"line":90,"column":5}},"31":{"start":{"line":82,"column":8},"end":{"line":89,"column":17}},"32":{"start":{"line":91,"column":8},"end":{"line":141,"column":9}},"33":{"start":{"line":93,"column":16},"end":{"line":103,"column":18}},"34":{"start":{"line":105,"column":16},"end":{"line":116,"column":18}},"35":{"start":{"line":119,"column":16},"end":{"line":129,"column":22}},"36":{"start":{"line":131,"column":16},"end":{"line":140,"column":22}}},"fnMap":{"0":{"name":"(anonymous_0)","decl":{"start":{"line":15,"column":27},"end":{"line":15,"column":28}},"loc":{"start":{"line":15,"column":33},"end":{"line":144,"column":1}},"line":15},"1":{"name":"(anonymous_1)","decl":{"start":{"line":27,"column":22},"end":{"line":27,"column":23}},"loc":{"start":{"line":27,"column":28},"end":{"line":29,"column":5}},"line":27},"2":{"name":"(anonymous_2)","decl":{"start":{"line":32,"column":19},"end":{"line":32,"column":20}},"loc":{"start":{"line":32,"column":25},"end":{"line":34,"column":5}},"line":32},"3":{"name":"(anonymous_3)","decl":{"start":{"line":37,"column":22},"end":{"line":37,"column":23}},"loc":{"start":{"line":37,"column":33},"end":{"line":56,"column":5}},"line":37},"4":{"name":"(anonymous_4)","decl":{"start":{"line":59,"column":25},"end":{"line":59,"column":26}},"loc":{"start":{"line":59,"column":34},"end":{"line":61,"column":5}},"line":59},"5":{"name":"(anonymous_5)","decl":{"start":{"line":59,"column":34},"end":{"line":59,"column":35}},"loc":{"start":{"line":59,"column":39},"end":{"line":61,"column":5}},"line":59},"6":{"name":"(anonymous_6)","decl":{"start":{"line":64,"column":14},"end":{"line":64,"column":15}},"loc":{"start":{"line":64,"column":20},"end":{"line":75,"column":5}},"line":64},"7":{"name":"(anonymous_7)","decl":{"start":{"line":65,"column":20},"end":{"line":65,"column":21}},"loc":{"start":{"line":65,"column":32},"end":{"line":73,"column":5}},"line":65}},"branchMap":{"0":{"loc":{"start":{"line":42,"column":8},"end":{"line":55,"column":9}},"type":"if","locations":[{"start":{"line":42,"column":8},"end":{"line":55,"column":9}},{"start":{"line":53,"column":13},"end":{"line":55,"column":9}}],"line":42},"1":{"loc":{"start":{"line":47,"column":12},"end":{"line":51,"column":13}},"type":"if","locations":[{"start":{"line":47,"column":12},"end":{"line":51,"column":13}},{"start":{"line":49,"column":19},"end":{"line":51,"column":13}}],"line":47},"2":{"loc":{"start":{"line":47,"column":15},"end":{"line":47,"column":58}},"type":"binary-expr","locations":[{"start":{"line":47,"column":15},"end":{"line":47,"column":32}},{"start":{"line":47,"column":36},"end":{"line":47,"column":58}}],"line":47},"3":{"loc":{"start":{"line":81,"column":4},"end":{"line":90,"column":5}},"type":"if","locations":[{"start":{"line":81,"column":4},"end":{"line":90,"column":5}},{"start":{},"end":{}}],"line":81},"4":{"loc":{"start":{"line":91,"column":8},"end":{"line":141,"column":9}},"type":"switch","locations":[{"start":{"line":92,"column":12},"end":{"line":103,"column":18}},{"start":{"line":104,"column":12},"end":{"line":116,"column":18}},{"start":{"line":118,"column":12},"end":{"line":129,"column":22}},{"start":{"line":130,"column":12},"end":{"line":140,"column":22}}],"line":91},"5":{"loc":{"start":{"line":95,"column":26},"end":{"line":95,"column":64}},"type":"binary-expr","locations":[{"start":{"line":95,"column":26},"end":{"line":95,"column":41}},{"start":{"line":95,"column":45},"end":{"line":95,"column":64}}],"line":95},"6":{"loc":{"start":{"line":107,"column":26},"end":{"line":107,"column":64}},"type":"binary-expr","locations":[{"start":{"line":107,"column":26},"end":{"line":107,"column":41}},{"start":{"line":107,"column":45},"end":{"line":107,"column":64}}],"line":107},"7":{"loc":{"start":{"line":121,"column":22},"end":{"line":121,"column":60}},"type":"binary-expr","locations":[{"start":{"line":121,"column":22},"end":{"line":121,"column":37}},{"start":{"line":121,"column":41},"end":{"line":121,"column":60}}],"line":121},"8":{"loc":{"start":{"line":133,"column":22},"end":{"line":133,"column":60}},"type":"binary-expr","locations":[{"start":{"line":133,"column":22},"end":{"line":133,"column":37}},{"start":{"line":133,"column":41},"end":{"line":133,"column":60}}],"line":133}},"s":{"0":1,"1":21,"2":21,"3":21,"4":21,"5":21,"6":21,"7":14,"8":21,"9":3,"10":21,"11":3,"12":3,"13":3,"14":3,"15":3,"16":3,"17":3,"18":0,"19":0,"20":21,"21":54,"22":0,"23":21,"24":4,"25":4,"26":4,"27":4,"28":4,"29":4,"30":21,"31":4,"32":17,"33":4,"34":4,"35":5,"36":4},"f":{"0":21,"1":14,"2":3,"3":3,"4":54,"5":0,"6":4,"7":4},"b":{"0":[3,0],"1":[3,0],"2":[3,3],"3":[4,17],"4":[4,4,5,4],"5":[4,4],"6":[4,4],"7":[5,5],"8":[4,4]},"_coverageSchema":"1a1c01bbd47fc00a2c39e90264f33305004495a9","hash":"97caadc2fa1f0d1b80c3161e3f55c1f91652ca2e"}
,"C:\\Users\\alvar\\Desktop\\Universidad\\Segundo Cuatrimestre\\TFG\\alcompas\\Frontend\\src\\auth\\pages\\UserRegister.jsx": {"path":"C:\\Users\\alvar\\Desktop\\Universidad\\Segundo Cuatrimestre\\TFG\\alcompas\\Frontend\\src\\auth\\pages\\UserRegister.jsx","statementMap":{"0":{"start":{"line":6,"column":16},"end":{"line":9,"column":5}},"1":{"start":{"line":7,"column":8},"end":{"line":7,"column":27}},"2":{"start":{"line":8,"column":8},"end":{"line":8,"column":31}},"3":{"start":{"line":11,"column":17},"end":{"line":14,"column":5}},"4":{"start":{"line":12,"column":8},"end":{"line":12,"column":27}},"5":{"start":{"line":13,"column":8},"end":{"line":13,"column":32}},"6":{"start":{"line":17,"column":45},"end":{"line":17,"column":55}},"7":{"start":{"line":18,"column":4},"end":{"line":105,"column":5}}},"fnMap":{"0":{"name":"(anonymous_0)","decl":{"start":{"line":6,"column":16},"end":{"line":6,"column":17}},"loc":{"start":{"line":6,"column":21},"end":{"line":9,"column":5}},"line":6},"1":{"name":"(anonymous_1)","decl":{"start":{"line":11,"column":17},"end":{"line":11,"column":18}},"loc":{"start":{"line":11,"column":22},"end":{"line":14,"column":5}},"line":11},"2":{"name":"(anonymous_2)","decl":{"start":{"line":16,"column":2},"end":{"line":16,"column":3}},"loc":{"start":{"line":16,"column":11},"end":{"line":106,"column":3}},"line":16}},"branchMap":{"0":{"loc":{"start":{"line":40,"column":14},"end":{"line":54,"column":19}},"type":"binary-expr","locations":[{"start":{"line":40,"column":14},"end":{"line":40,"column":38}},{"start":{"line":41,"column":12},"end":{"line":54,"column":19}}],"line":40},"1":{"loc":{"start":{"line":56,"column":14},"end":{"line":70,"column":19}},"type":"binary-expr","locations":[{"start":{"line":56,"column":14},"end":{"line":56,"column":38}},{"start":{"line":57,"column":12},"end":{"line":70,"column":19}}],"line":56}},"s":{"0":8,"1":6,"2":6,"3":8,"4":1,"5":1,"6":8,"7":8},"f":{"0":6,"1":1,"2":8},"b":{"0":[8,3],"1":[8,3]},"_coverageSchema":"1a1c01bbd47fc00a2c39e90264f33305004495a9","hash":"9eccea82b505e90fee443e4de750ce4ae7cb8a98"}
,"C:\\Users\\alvar\\Desktop\\Universidad\\Segundo Cuatrimestre\\TFG\\alcompas\\Frontend\\src\\helpers\\convertDate.js": {"path":"C:\\Users\\alvar\\Desktop\\Universidad\\Segundo Cuatrimestre\\TFG\\alcompas\\Frontend\\src\\helpers\\convertDate.js","statementMap":{"0":{"start":{"line":1,"column":33},"end":{"line":12,"column":1}},"1":{"start":{"line":2,"column":14},"end":{"line":2,"column":31}},"2":{"start":{"line":3,"column":16},"end":{"line":3,"column":39}},"3":{"start":{"line":4,"column":14},"end":{"line":4,"column":30}},"4":{"start":{"line":5,"column":15},"end":{"line":5,"column":30}},"5":{"start":{"line":7,"column":4},"end":{"line":8,"column":28}},"6":{"start":{"line":8,"column":8},"end":{"line":8,"column":28}},"7":{"start":{"line":9,"column":4},"end":{"line":10,"column":24}},"8":{"start":{"line":10,"column":8},"end":{"line":10,"column":24}},"9":{"start":{"line":11,"column":4},"end":{"line":11,"column":40}}},"fnMap":{"0":{"name":"(anonymous_0)","decl":{"start":{"line":1,"column":33},"end":{"line":1,"column":34}},"loc":{"start":{"line":1,"column":46},"end":{"line":12,"column":1}},"line":1}},"branchMap":{"0":{"loc":{"start":{"line":7,"column":4},"end":{"line":8,"column":28}},"type":"if","locations":[{"start":{"line":7,"column":4},"end":{"line":8,"column":28}},{"start":{},"end":{}}],"line":7},"1":{"loc":{"start":{"line":9,"column":4},"end":{"line":10,"column":24}},"type":"if","locations":[{"start":{"line":9,"column":4},"end":{"line":10,"column":24}},{"start":{},"end":{}}],"line":9}},"s":{"0":114,"1":6,"2":6,"3":6,"4":6,"5":6,"6":4,"7":6,"8":6,"9":6},"f":{"0":6},"b":{"0":[4,2],"1":[6,0]},"_coverageSchema":"1a1c01bbd47fc00a2c39e90264f33305004495a9","hash":"18de20970b4b124429ace4b867f6b3f22f0f3ee9"}
,"C:\\Users\\alvar\\Desktop\\Universidad\\Segundo Cuatrimestre\\TFG\\alcompas\\Frontend\\src\\helpers\\index.js": {"path":"C:\\Users\\alvar\\Desktop\\Universidad\\Segundo Cuatrimestre\\TFG\\alcompas\\Frontend\\src\\helpers\\index.js","statementMap":{},"fnMap":{},"branchMap":{},"s":{},"f":{},"b":{},"_coverageSchema":"1a1c01bbd47fc00a2c39e90264f33305004495a9","hash":"70b62b5556d2c40e6288f487c51088e3e1f3c1c4"}
,"C:\\Users\\alvar\\Desktop\\Universidad\\Segundo Cuatrimestre\\TFG\\alcompas\\Frontend\\src\\helpers\\validarBanda.js": {"path":"C:\\Users\\alvar\\Desktop\\Universidad\\Segundo Cuatrimestre\\TFG\\alcompas\\Frontend\\src\\helpers\\validarBanda.js","statementMap":{"0":{"start":{"line":1,"column":28},"end":{"line":44,"column":1}},"1":{"start":{"line":2,"column":16},"end":{"line":2,"column":18}},"2":{"start":{"line":5,"column":4},"end":{"line":5,"column":71}},"3":{"start":{"line":5,"column":35},"end":{"line":5,"column":71}},"4":{"start":{"line":6,"column":4},"end":{"line":6,"column":106}},"5":{"start":{"line":6,"column":35},"end":{"line":6,"column":106}},"6":{"start":{"line":8,"column":24},"end":{"line":8,"column":59}},"7":{"start":{"line":9,"column":24},"end":{"line":9,"column":69}},"8":{"start":{"line":10,"column":24},"end":{"line":10,"column":56}},"9":{"start":{"line":11,"column":4},"end":{"line":11,"column":136}},"10":{"start":{"line":11,"column":80},"end":{"line":11,"column":136}},"11":{"start":{"line":12,"column":4},"end":{"line":12,"column":107}},"12":{"start":{"line":12,"column":36},"end":{"line":12,"column":107}},"13":{"start":{"line":14,"column":4},"end":{"line":14,"column":139}},"14":{"start":{"line":14,"column":79},"end":{"line":14,"column":139}},"15":{"start":{"line":16,"column":4},"end":{"line":16,"column":95}},"16":{"start":{"line":16,"column":40},"end":{"line":16,"column":95}},"17":{"start":{"line":17,"column":4},"end":{"line":17,"column":120}},"18":{"start":{"line":17,"column":41},"end":{"line":17,"column":120}},"19":{"start":{"line":19,"column":4},"end":{"line":19,"column":91}},"20":{"start":{"line":19,"column":38},"end":{"line":19,"column":91}},"21":{"start":{"line":20,"column":4},"end":{"line":20,"column":114}},"22":{"start":{"line":20,"column":38},"end":{"line":20,"column":114}},"23":{"start":{"line":22,"column":4},"end":{"line":22,"column":91}},"24":{"start":{"line":22,"column":38},"end":{"line":22,"column":91}},"25":{"start":{"line":23,"column":4},"end":{"line":23,"column":114}},"26":{"start":{"line":23,"column":38},"end":{"line":23,"column":114}},"27":{"start":{"line":25,"column":4},"end":{"line":25,"column":139}},"28":{"start":{"line":25,"column":73},"end":{"line":25,"column":139}},"29":{"start":{"line":27,"column":4},"end":{"line":27,"column":91}},"30":{"start":{"line":27,"column":38},"end":{"line":27,"column":91}},"31":{"start":{"line":28,"column":4},"end":{"line":28,"column":117}},"32":{"start":{"line":28,"column":39},"end":{"line":28,"column":117}},"33":{"start":{"line":30,"column":18},"end":{"line":30,"column":28}},"34":{"start":{"line":31,"column":25},"end":{"line":31,"column":33}},"35":{"start":{"line":32,"column":19},"end":{"line":32,"column":50}},"36":{"start":{"line":33,"column":21},"end":{"line":33,"column":33}},"37":{"start":{"line":34,"column":22},"end":{"line":34,"column":42}},"38":{"start":{"line":35,"column":4},"end":{"line":35,"column":96}},"39":{"start":{"line":35,"column":38},"end":{"line":35,"column":96}},"40":{"start":{"line":37,"column":4},"end":{"line":37,"column":107}},"41":{"start":{"line":37,"column":42},"end":{"line":37,"column":107}},"42":{"start":{"line":39,"column":24},"end":{"line":39,"column":34}},"43":{"start":{"line":40,"column":28},"end":{"line":40,"column":53}},"44":{"start":{"line":41,"column":4},"end":{"line":41,"column":130}},"45":{"start":{"line":41,"column":48},"end":{"line":41,"column":130}},"46":{"start":{"line":42,"column":4},"end":{"line":42,"column":96}},"47":{"start":{"line":42,"column":37},"end":{"line":42,"column":96}},"48":{"start":{"line":43,"column":4},"end":{"line":43,"column":17}}},"fnMap":{"0":{"name":"(anonymous_0)","decl":{"start":{"line":1,"column":28},"end":{"line":1,"column":29}},"loc":{"start":{"line":1,"column":40},"end":{"line":44,"column":1}},"line":1}},"branchMap":{"0":{"loc":{"start":{"line":5,"column":4},"end":{"line":5,"column":71}},"type":"if","locations":[{"start":{"line":5,"column":4},"end":{"line":5,"column":71}},{"start":{},"end":{}}],"line":5},"1":{"loc":{"start":{"line":6,"column":4},"end":{"line":6,"column":106}},"type":"if","locations":[{"start":{"line":6,"column":4},"end":{"line":6,"column":106}},{"start":{},"end":{}}],"line":6},"2":{"loc":{"start":{"line":11,"column":4},"end":{"line":11,"column":136}},"type":"if","locations":[{"start":{"line":11,"column":4},"end":{"line":11,"column":136}},{"start":{},"end":{}}],"line":11},"3":{"loc":{"start":{"line":11,"column":8},"end":{"line":11,"column":76}},"type":"binary-expr","locations":[{"start":{"line":11,"column":8},"end":{"line":11,"column":28}},{"start":{"line":11,"column":32},"end":{"line":11,"column":52}},{"start":{"line":11,"column":56},"end":{"line":11,"column":76}}],"line":11},"4":{"loc":{"start":{"line":12,"column":4},"end":{"line":12,"column":107}},"type":"if","locations":[{"start":{"line":12,"column":4},"end":{"line":12,"column":107}},{"start":{},"end":{}}],"line":12},"5":{"loc":{"start":{"line":14,"column":4},"end":{"line":14,"column":139}},"type":"if","locations":[{"start":{"line":14,"column":4},"end":{"line":14,"column":139}},{"start":{},"end":{}}],"line":14},"6":{"loc":{"start":{"line":16,"column":4},"end":{"line":16,"column":95}},"type":"if","locations":[{"start":{"line":16,"column":4},"end":{"
[...]
n":37},"end":{"line":100,"column":38}},"loc":{"start":{"line":100,"column":42},"end":{"line":102,"column":3}},"line":100},"7":{"name":"(anonymous_7)","decl":{"start":{"line":104,"column":21},"end":{"line":104,"column":22}},"loc":{"start":{"line":104,"column":27},"end":{"line":104,"column":40}},"line":104},"8":{"name":"(anonymous_8)","decl":{"start":{"line":105,"column":22},"end":{"line":105,"column":23}},"loc":{"start":{"line":105,"column":28},"end":{"line":105,"column":42}},"line":105},"9":{"name":"(anonymous_9)","decl":{"start":{"line":107,"column":27},"end":{"line":107,"column":28}},"loc":{"start":{"line":107,"column":56},"end":{"line":110,"column":3}},"line":107},"10":{"name":"(anonymous_10)","decl":{"start":{"line":112,"column":31},"end":{"line":112,"column":32}},"loc":{"start":{"line":112,"column":60},"end":{"line":115,"column":3}},"line":112},"11":{"name":"(anonymous_11)","decl":{"start":{"line":117,"column":28},"end":{"line":117,"column":29}},"loc":{"start":{"line":117,"column":57},"end":{"line":120,"column":3}},"line":117},"12":{"name":"(anonymous_12)","decl":{"start":{"line":122,"column":28},"end":{"line":122,"column":29}},"loc":{"start":{"line":122,"column":49},"end":{"line":125,"column":3}},"line":122},"13":{"name":"(anonymous_13)","decl":{"start":{"line":127,"column":29},"end":{"line":127,"column":30}},"loc":{"start":{"line":127,"column":50},"end":{"line":130,"column":3}},"line":127},"14":{"name":"(anonymous_14)","decl":{"start":{"line":132,"column":32},"end":{"line":132,"column":33}},"loc":{"start":{"line":132,"column":53},"end":{"line":135,"column":3}},"line":132},"15":{"name":"(anonymous_15)","decl":{"start":{"line":137,"column":30},"end":{"line":137,"column":31}},"loc":{"start":{"line":137,"column":49},"end":{"line":142,"column":3}},"line":137},"16":{"name":"(anonymous_16)","decl":{"start":{"line":139,"column":20},"end":{"line":139,"column":21}},"loc":{"start":{"line":140,"column":6},"end":{"line":140,"column":52}},"line":140},"17":{"name":"(anonymous_17)","decl":{"start":{"line":140,"column":21},"end":{"line":140,"column":22}},"loc":{"start":{"line":140,"column":28},"end":{"line":140,"column":51}},"line":140},"18":{"name":"(anonymous_18)","decl":{"start":{"line":144,"column":26},"end":{"line":144,"column":27}},"loc":{"start":{"line":144,"column":41},"end":{"line":149,"column":3}},"line":144},"19":{"name":"(anonymous_19)","decl":{"start":{"line":147,"column":26},"end":{"line":147,"column":27}},"loc":{"start":{"line":147,"column":33},"end":{"line":147,"column":52}},"line":147},"20":{"name":"(anonymous_20)","decl":{"start":{"line":155,"column":12},"end":{"line":155,"column":13}},"loc":{"start":{"line":155,"column":18},"end":{"line":162,"column":3}},"line":155},"21":{"name":"(anonymous_21)","decl":{"start":{"line":156,"column":20},"end":{"line":156,"column":21}},"loc":{"start":{"line":156,"column":32},"end":{"line":160,"column":5}},"line":156},"22":{"name":"(anonymous_22)","decl":{"start":{"line":164,"column":12},"end":{"line":164,"column":13}},"loc":{"start":{"line":164,"column":18},"end":{"line":171,"column":3}},"line":164},"23":{"name":"(anonymous_23)","decl":{"start":{"line":165,"column":26},"end":{"line":165,"column":27}},"loc":{"start":{"line":165,"column":38},"end":{"line":169,"column":5}},"line":165},"24":{"name":"(anonymous_24)","decl":{"start":{"line":173,"column":12},"end":{"line":173,"column":13}},"loc":{"start":{"line":173,"column":18},"end":{"line":178,"column":3}},"line":173},"25":{"name":"(anonymous_25)","decl":{"start":{"line":174,"column":23},"end":{"line":174,"column":24}},"loc":{"start":{"line":174,"column":35},"end":{"line":176,"column":5}},"line":174},"26":{"name":"(anonymous_26)","decl":{"start":{"line":180,"column":12},"end":{"line":180,"column":13}},"loc":{"start":{"line":180,"column":18},"end":{"line":186,"column":3}},"line":180},"27":{"name":"(anonymous_27)","decl":{"start":{"line":181,"column":24},"end":{"line":181,"column":25}},"loc":{"start":{"line":181,"column":36},"end":{"line":184,"column":5}},"line":181},"28":{"name":"(anonymous_28)","decl":{"start":{"line":188,"column":12},"end":{"line":188,"column":13}},"loc":{"start":{"line":188,"column":18},"end":{"line":194,"column":3}},"line":188},"29":{"name":"(anonymous_29)","decl":{"start":{"line":189,"column":28},"end":{"line":189,"column":29}},"loc":{"start":{"line":189,"column":40},"end":{"line":192,"column":5}},"line":189},"30":{"name":"(anonymous_30)","decl":{"start":{"line":196,"column":12},"end":{"line":196,"column":13}},"loc":{"start":{"line":196,"column":18},"end":{"line":215,"column":3}},"line":196},"31":{"name":"(anonymous_31)","decl":{"start":{"line":197,"column":28},"end":{"line":197,"column":29}},"loc":{"start":{"line":197,"column":40},"end":{"line":213,"column":5}},"line":197},"32":{"name":"(anonymous_32)","decl":{"start":{"line":202,"column":19},"end":{"line":202,"column":20}},"loc":{"start":{"line":202,"column":29},"end":{"line":202,"column":58}},"line":202},"33":{"name":"(anonymous_33)","decl":{"start":{"line":460,"column":29},"end":{"line":460,"column":30}},"loc":{"start":{"line":461,"column":16},"end":{"line":467,"column":18}},"line":461},"34":{"name":"(anonymous_34)","decl":{"start":{"line":471,"column":33},"end":{"line":471,"column":34}},"loc":{"start":{"line":472,"column":16},"end":{"line":478,"column":18}},"line":472},"35":{"name":"(anonymous_35)","decl":{"start":{"line":482,"column":33},"end":{"line":482,"column":34}},"loc":{"start":{"line":483,"column":16},"end":{"line":486,"column":18}},"line":483}},"branchMap":{"0":{"loc":{"start":{"line":76,"column":8},"end":{"line":80,"column":9}},"type":"if","locations":[{"start":{"line":76,"column":8},"end":{"line":80,"column":9}},{"start":{},"end":{}}],"line":76},"1":{"loc":{"start":{"line":86,"column":4},"end":{"line":86,"column":123}},"type":"if","locations":[{"start":{"line":86,"column":4},"end":{"line":86,"column":123}},{"start":{},"end":{}}],"line":86},"2":{"loc":{"start":{"line":87,"column":4},"end":{"line":87,"column":121}},"type":"if","locations":[{"start":{"line":87,"column":4},"end":{"line":87,"column":121}},{"start":{},"end":{}}],"line":87},"3":{"loc":{"start":{"line":88,"column":4},"end":{"line":88,"column":115}},"type":"if","locations":[{"start":{"line":88,"column":4},"end":{"line":88,"column":115}},{"start":{},"end":{}}],"line":88},"4":{"loc":{"start":{"line":90,"column":4},"end":{"line":97,"column":5}},"type":"if","locations":[{"start":{"line":90,"column":4},"end":{"line":97,"column":5}},{"start":{"line":93,"column":9},"end":{"line":97,"column":5}}],"line":90},"5":{"loc":{"start":{"line":175,"column":6},"end":{"line":175,"column":52}},"type":"if","locations":[{"start":{"line":175,"column":6},"end":{"line":175,"column":52}},{"start":{},"end":{}}],"line":175},"6":{"loc":{"start":{"line":207,"column":10},"end":{"line":209,"column":47}},"type":"if","locations":[{"start":{"line":207,"column":10},"end":{"line":209,"column":47}},{"start":{"line":209,"column":17},"end":{"line":209,"column":47}}],"line":207},"7":{"loc":{"start":{"line":300,"column":14},"end":{"line":305,"column":16}},"type":"binary-expr","locations":[{"start":{"line":300,"column":14},"end":{"line":300,"column":30}},{"start":{"line":301,"column":12},"end":{"line":305,"column":16}}],"line":300},"8":{"loc":{"start":{"line":302,"column":16},"end":{"line":303,"column":134}},"type":"binary-expr","locations":[{"start":{"line":302,"column":16},"end":{"line":302,"column":40}},{"start":{"line":303,"column":16},"end":{"line":303,"column":134}}],"line":302},"9":{"loc":{"start":{"line":307,"column":14},"end":{"line":312,"column":17}},"type":"binary-expr","locations":[{"start":{"line":307,"column":14},"end":{"line":307,"column":31}},{"start":{"line":308,"column":14},"end":{"line":312,"column":17}}],"line":307},"10":{"loc":{"start":{"line":309,"column":16},"end":{"line":310,"column":134}},"type":"binary-expr","locations":[{"start":{"line":309,"column":16},"end":{"line":309,"column":40}},{"start":{"line":310,"column":16},"end":{"line":310,"column":134}}],"line":309},"11":{"loc":{"start":{"line":400,"column":12},"end":{"line":411,"column":15}},"type":"binary-expr","locations":[{"start":{"line":400,"column":12},"end":{"line":400,"column":28}},{"start":{"line":401,"column":12},"end":{"line":411,"column":15}}],"line":400},"12":{"loc":{"start":{"line":440,"column":26},"end":{"line":443,"column":35}},"type":"binary-expr","locations":[{"start":{"line":440,"column":26},"end":{"line":440,"column":37}},{"start":{"line":440,"column":41},"end":{"line":440,"column":57}},{"start":{"line":441,"column":26},"end":{"line":443,"column":35}}],"line":440},"13":{"loc":{"start":{"line":445,"column":26},"end":{"line":448,"column":35}},"type":"binary-expr","locations":[{"start":{"line":445,"column":26},"end":{"line":445,"column":37}},{"start":{"line":445,"column":41},"end":{"line":445,"column":57}},{"start":{"line":446,"column":26},"end":{"line":448,"column":35}}],"line":445},"14":{"loc":{"start":{"line":459,"column":16},"end":{"line":468,"column":15}},"type":"binary-expr","locations":[{"start":{"line":459,"column":16},"end":{"line":459,"column":27}},{"start":{"line":460,"column":16},"end":{"line":468,"column":15}}],"line":459},"15":{"loc":{"start":{"line":470,"column":16},"end":{"line":479,"column":15}},"type":"binary-expr","locations":[{"start":{"line":470,"column":16},"end":{"line":470,"column":27}},{"start":{"line":471,"column":16},"end":{"line":479,"column":15}}],"line":470},"16":{"loc":{"start":{"line":481,"column":16},"end":{"line":487,"column":15}},"type":"binary-expr","locations":[{"start":{"line":481,"column":16},"end":{"line":481,"column":27}},{"start":{"line":482,"column":16},"end":{"line":487,"column":15}}],"line":481}},"s":{"0":18,"1":18,"2":18,"3":5,"4":5,"5":5,"6":5,"7":5,"8":5,"9":5,"10":5,"11":5,"12":5,"13":5,"14":5,"15":5,"16":5,"17":5,"18":5,"19":5,"20":5,"21":5,"22":5,"23":5,"24":2,"25":5,"26":0,"27":0,"28":0,"29":0,"30":0,"31":5,"32":0,"33":0,"34":0,"35":0,"36":0,"37":0,"38":0,"39":0,"40":0,"41":0,"42":0,"43":0,"44":0,"45":5,"46":10,"47":0,"48":5,"49":0,"50":5,"51":0,"52":5,"53":0,"54":0,"55":5,"56":0,"57":0,"58":5,"59":0,"60":0,"61":5,"62":0,"63":0,"64":5,"65":0,"66":0,"67":5,"68":0,"69":0,"70":5,"71":0,"72":0,"73":0,"74":5,"75":0,"76":0,"77":5,"78":5,"79":5,"80":1,"81":1,"82":1,"83":1,"84":1,"85":5,"86":1,"87":1,"88":1,"89":1,"90":5,"91":2,"92":2,"93":2,"94":2,"95":5,"96":1,"97":1,"98":1,"99":1,"100":5,"101":1,"102":1,"103":1,"104":1,"105":5,"106":1,"107":1,"108":1,"109":1,"110":1,"111":1,"112":0,"113":1,"114":1,"115":1,"116":1,"117":1,"118":1,"119":0,"120":1,"121":1,"122":1,"123":1,"124":5,"125":1,"126":0,"127":2},"f":{"0":5,"1":2,"2":0,"3":0,"4":0,"5":10,"6":0,"7":0,"8":0,"9":0,"10":0,"11":0,"12":0,"13":0,"14":0,"15":0,"16":0,"17":0,"18":0,"19":0,"20":1,"21":1,"22":1,"23":1,"24":2,"25":2,"26":1,"27":1,"28":1,"29":1,"30":1,"31":1,"32":0,"33":1,"34":0,"35":2},"b":{"0":[0,0],"1":[0,0],"2":[0,0],"3":[0,0],"4":[0,0],"5":[2,0],"6":[0,1],"7":[5,4],"8":[4,4],"9":[5,1],"10":[1,1],"11":[5,4],"12":[5,0,0],"13":[5,1,1],"14":[5,1],"15":[5,0],"16":[5,4]},"_coverageSchema":"1a1c01bbd47fc00a2c39e90264f33305004495a9","hash":"12a395276229c66afa3d885173395279b75c5d1c"}
,"C:\\Users\\alvar\\Desktop\\Universidad\\Segundo Cuatrimestre\\TFG\\alcompas\\Frontend\\src\\store\\auth\\authSlice.js": {"path":"C:\\Users\\alvar\\Desktop\\Universidad\\Segundo Cuatrimestre\\TFG\\alcompas\\Frontend\\src\\store\\auth\\authSlice.js","statementMap":{"0":{"start":{"line":5,"column":25},"end":{"line":41,"column":2}},"1":{"start":{"line":15,"column":12},"end":{"line":15,"column":38}},"2":{"start":{"line":16,"column":12},"end":{"line":16,"column":28}},"3":{"start":{"line":17,"column":12},"end":{"line":17,"column":43}},"4":{"start":{"line":20,"column":12},"end":{"line":20,"column":41}},"5":{"start":{"line":21,"column":12},"end":{"line":21,"column":33}},"6":{"start":{"line":22,"column":12},"end":{"line":22,"column":43}},"7":{"start":{"line":25,"column":12},"end":{"line":25,"column":41}},"8":{"start":{"line":26,"column":12},"end":{"line":26,"column":33}},"9":{"start":{"line":27,"column":12},"end":{"line":27,"column":36}},"10":{"start":{"line":30,"column":12},"end":{"line":30,"column":44}},"11":{"start":{"line":31,"column":12},"end":{"line":31,"column":28}},"12":{"start":{"line":32,"column":12},"end":{"line":32,"column":41}},"13":{"start":{"line":35,"column":12},"end":{"line":35,"column":41}},"14":{"start":{"line":38,"column":12},"end":{"line":38,"column":43}},"15":{"start":{"line":43,"column":109},"end":{"line":43,"column":126}}},"fnMap":{"0":{"name":"(anonymous_0)","decl":{"start":{"line":14,"column":20},"end":{"line":14,"column":21}},"loc":{"start":{"line":14,"column":31},"end":{"line":18,"column":9}},"line":14},"1":{"name":"(anonymous_1)","decl":{"start":{"line":19,"column":17},"end":{"line":19,"column":18}},"loc":{"start":{"line":19,"column":41},"end":{"line":23,"column":9}},"line":19},"2":{"name":"(anonymous_2)","decl":{"start":{"line":24,"column":18},"end":{"line":24,"column":19}},"loc":{"start":{"line":24,"column":42},"end":{"line":28,"column":9}},"line":24},"3":{"name":"(anonymous_3)","decl":{"start":{"line":29,"column":18},"end":{"line":29,"column":19}},"loc":{"start":{"line":29,"column":42},"end":{"line":33,"column":9}},"line":29},"4":{"name":"(anonymous_4)","decl":{"start":{"line":34,"column":23},"end":{"line":34,"column":24}},"loc":{"start":{"line":34,"column":47},"end":{"line":36,"column":9}},"line":34},"5":{"name":"(anonymous_5)","decl":{"start":{"line":37,"column":27},"end":{"line":37,"column":28}},"loc":{"start":{"line":37,"column":40},"end":{"line":39,"column":9}},"line":37}},"branchMap":{},"s":{"0":67,"1":4,"2":4,"3":4,"4":3,"5":3,"6":3,"7":1,"8":1,"9":1,"10":5,"11":5,"12":5,"13":3,"14":6,"15":67},"f":{"0":4,"1":3,"2":1,"3":5,"4":3,"5":6},"b":{},"_coverageSchema":"1a1c01bbd47fc00a2c39e90264f33305004495a9","hash":"6ea6d01d5cea3f1db3fac3d5a7af471db7e61a6a"}
,"C:\\Users\\alvar\\Desktop\\Universidad\\Segundo Cuatrimestre\\TFG\\alcompas\\Frontend\\tests\\fixtures\\archiveroFixtures.js": {"path":"C:\\Users\\alvar\\Desktop\\Universidad\\Segundo Cuatrimestre\\TFG\\alcompas\\Frontend\\tests\\fixtures\\archiveroFixtures.js","statementMap":{"0":{"start":{"line":1,"column":26},"end":{"line":6,"column":1}}},"fnMap":{},"branchMap":{},"s":{"0":1},"f":{},"b":{},"_coverageSchema":"1a1c01bbd47fc00a2c39e90264f33305004495a9","hash":"198c26f5148ce7f0c87a28f74e4cfd68f185c20d"}
,"C:\\Users\\alvar\\Desktop\\Universidad\\Segundo Cuatrimestre\\TFG\\alcompas\\Frontend\\tests\\fixtures\\authFixtures.js": {"path":"C:\\Users\\alvar\\Desktop\\Universidad\\Segundo Cuatrimestre\\TFG\\alcompas\\Frontend\\tests\\fixtures\\authFixtures.js","statementMap":{"0":{"start":{"line":1,"column":37},"end":{"line":5,"column":1}},"1":{"start":{"line":7,"column":28},"end":{"line":11,"column":1}},"2":{"start":{"line":13,"column":34},"end":{"line":20,"column":1}},"3":{"start":{"line":22,"column":35},"end":{"line":29,"column":1}}},"fnMap":{},"branchMap":{},"s":{"0":44,"1":44,"2":44,"3":44},"f":{},"b":{},"_coverageSchema":"1a1c01bbd47fc00a2c39e90264f33305004495a9","hash":"7f6a7cc55cf7270d7ab38b78c4fdef042a3ba5e6"}
,"C:\\Users\\alvar\\Desktop\\Universidad\\Segundo Cuatrimestre\\TFG\\alcompas\\Frontend\\tests\\fixtures\\bandaFixtures.js": {"path":"C:\\Users\\alvar\\Desktop\\Universidad\\Segundo Cuatrimestre\\TFG\\alcompas\\Frontend\\tests\\fixtures\\bandaFixtures.js","statementMap":{"0":{"start":{"line":1,"column":22},"end":{"line":14,"column":1}},"1":{"start":{"line":16,"column":22},"end":{"line":29,"column":1}}},"fnMap":{},"branchMap":{},"s":{"0":14,"1":14},"f":{},"b":{},"_coverageSchema":"1a1c01bbd47fc00a2c39e90264f33305004495a9","hash":"68d306d01c81a7e22a3bb52a13671d17acfe8013"}
,"C:\\Users\\alvar\\Desktop\\Universidad\\Segundo Cuatrimestre\\TFG\\alcompas\\Frontend\\tests\\fixtures\\comentarioFixtures.js": {"path":"C:\\Users\\alvar\\Desktop\\Universidad\\Segundo Cuatrimestre\\TFG\\alcompas\\Frontend\\tests\\fixtures\\comentarioFixtures.js","statementMap":{"0":{"start":{"line":1,"column":27},"end":{"line":8,"column":1}}},"fnMap":{},"branchMap":{},"s":{"0":3},"f":{},"b":{},"_coverageSchema":"1a1c01bbd47fc00a2c39e90264f33305004495a9","hash":"03e7c15bef82533405bd3d9abdf37aef49d99eca"}
,"C:\\Users\\alvar\\Desktop\\Universidad\\Segundo Cuatrimestre\\TFG\\alcompas\\Frontend\\tests\\fixtures\\directivoFixtures.js": {"path":"C:\\Users\\alvar\\Desktop\\Universidad\\Segundo Cuatrimestre\\TFG\\alcompas\\Frontend\\tests\\fixtures\\directivoFixtures.js","statementMap":{"0":{"start":{"line":1,"column":26},"end":{"line":7,"column":1}}},"fnMap":{},"branchMap":{},"s":{"0":12},"f":{},"b":{},"_coverageSchema":"1a1c01bbd47fc00a2c39e90264f33305004495a9","hash":"9be9dd54ee580e17242e3403f9ae5ed2feab32b2"}
,"C:\\Users\\alvar\\Desktop\\Universidad\\Segundo Cuatrimestre\\TFG\\alcompas\\Frontend\\tests\\fixtures\\estudioFixture.js": {"path":"C:\\Users\\alvar\\Desktop\\Universidad\\Segundo Cuatrimestre\\TFG\\alcompas\\Frontend\\tests\\fixtures\\estudioFixture.js","statementMap":{"0":{"start":{"line":1,"column":24},"end":{"line":10,"column":1}},"1":{"start":{"line":12,"column":24},"end":{"line":21,"column":1}}},"fnMap":{},"branchMap":{},"s":{"0":3,"1":3},"f":{},"b":{},"_coverageSchema":"1a1c01bbd47fc00a2c39e90264f33305004495a9","hash":"6b91ff0b1e4d62d7449d1690fc8d2ff7cee7b7a0"}
,"C:\\Users\\alvar\\Desktop\\Universidad\\Segundo Cuatrimestre\\TFG\\alcompas\\Frontend\\tests\\fixtures\\instrumentoFixtures.js": {"path":"C:\\Users\\alvar\\Desktop\\Universidad\\Segundo Cuatrimestre\\TFG\\alcompas\\Frontend\\tests\\fixtures\\instrumentoFixtures.js","statementMap":{"0":{"start":{"line":1,"column":28},"end":{"line":4,"column":1}}},"fnMap":{},"branchMap":{},"s":{"0":3},"f":{},"b":{},"_coverageSchema":"1a1c01bbd47fc00a2c39e90264f33305004495a9","hash":"3befd376d0306507787ce22ac0bd080cb2e89ab7"}
,"C:\\Users\\alvar\\Desktop\\Universidad\\Segundo Cuatrimestre\\TFG\\alcompas\\Frontend\\tests\\fixtures\\musicoFixtures.js": {"path":"C:\\Users\\alvar\\Desktop\\Universidad\\Segundo Cuatrimestre\\TFG\\alcompas\\Frontend\\tests\\fixtures\\musicoFixtures.js","statementMap":{"0":{"start":{"line":1,"column":23},"end":{"line":8,"column":1}}},"fnMap":{},"branchMap":{},"s":{"0":3},"f":{},"b":{},"_coverageSchema":"1a1c01bbd47fc00a2c39e90264f33305004495a9","hash":"1690a8ea50b795b529f49766f1e5e96f80a9c181"}
,"C:\\Users\\alvar\\Desktop\\Universidad\\Segundo Cuatrimestre\\TFG\\alcompas\\Frontend\\tests\\fixtures\\peticionFixtures.js": {"path":"C:\\Users\\alvar\\Desktop\\Universidad\\Segundo Cuatrimestre\\TFG\\alcompas\\Frontend\\tests\\fixtures\\peticionFixtures.js","statementMap":{"0":{"start":{"line":1,"column":25},"end":{"line":11,"column":1}},"1":{"start":{"line":13,"column":25},"end":{"line":24,"column":1}}},"fnMap":{},"branchMap":{},"s":{"0":3,"1":3},"f":{},"b":{},"_coverageSchema":"1a1c01bbd47fc00a2c39e90264f33305004495a9","hash":"f4ffa286abe24dd09e6e5c7430664e15839ed3a0"}
,"C:\\Users\\alvar\\Desktop\\Universidad\\Segundo Cuatrimestre\\TFG\\alcompas\\Frontend\\tests\\fixtures\\redSocialFixtures.js": {"path":"C:\\Users\\alvar\\Desktop\\Universidad\\Segundo Cuatrimestre\\TFG\\alcompas\\Frontend\\tests\\fixtures\\redSocialFixtures.js","statementMap":{"0":{"start":{"line":1,"column":26},"end":{"line":6,"column":1}}},"fnMap":{},"branchMap":{},"s":{"0":3},"f":{},"b":{},"_coverageSchema":"1a1c01bbd47fc00a2c39e90264f33305004495a9","hash":"7659432582945e4720e3c8fea67d0f8fc1262480"}
,"C:\\Users\\alvar\\Desktop\\Universidad\\Segundo Cuatrimestre\\TFG\\alcompas\\Frontend\\tests\\fixtures\\testUser.js": {"path":"C:\\Users\\alvar\\Desktop\\Universidad\\Segundo Cuatrimestre\\TFG\\alcompas\\Frontend\\tests\\fixtures\\testUser.js","statementMap":{"0":{"start":{"line":1,"column":35},"end":{"line":18,"column":1}},"1":{"start":{"line":20,"column":36},"end":{"line":37,"column":1}}},"fnMap":{},"branchMap":{},"s":{"0":16,"1":16},"f":{},"b":{},"_coverageSchema":"1a1c01bbd47fc00a2c39e90264f33305004495a9","hash":"b7c20a29d5f2c9ad6d2779e6a63a8f1719c0ed0f"}
}
