TN:
SF:src\Components\Banda.jsx
FN:11,(anonymous_0)
FN:15,(anonymous_1)
FN:16,(anonymous_2)
FNF:3
FNH:3
FNDA:1,(anonymous_0)
FNDA:1,(anonymous_1)
FNDA:1,(anonymous_2)
DA:11,21
DA:12,1
DA:13,1
DA:15,1
DA:16,1
DA:17,1
DA:18,1
DA:20,1
DA:23,1
LF:9
LH:9
BRDA:39,0,0,1
BRDA:39,0,1,1
BRF:2
BRH:2
end_of_record
TN:
SF:src\Components\Buscador.jsx
FN:8,sleep
FN:9,(anonymous_1)
FN:14,Buscador
FN:21,(anonymous_3)
FN:34,(anonymous_4)
FN:41,(anonymous_5)
FN:50,(anonymous_6)
FN:55,(anonymous_7)
FN:68,(anonymous_8)
FN:71,(anonymous_9)
FN:74,(anonymous_10)
FN:75,(anonymous_11)
FN:78,(anonymous_12)
FNF:13
FNH:4
FNDA:0,sleep
FNDA:0,(anonymous_1)
FNDA:12,Buscador
FNDA:0,(anonymous_3)
FNDA:5,(anonymous_4)
FNDA:0,(anonymous_5)
FNDA:0,(anonymous_6)
FNDA:5,(anonymous_7)
FNDA:0,(anonymous_8)
FNDA:0,(anonymous_9)
FNDA:0,(anonymous_10)
FNDA:0,(anonymous_11)
FNDA:17,(anonymous_12)
DA:9,0
DA:10,0
DA:15,12
DA:16,12
DA:17,12
DA:18,12
DA:19,12
DA:21,12
DA:22,0
DA:23,0
DA:24,0
DA:25,0
DA:27,0
DA:34,12
DA:35,5
DA:37,5
DA:38,5
DA:41,0
DA:42,0
DA:44,0
DA:45,0
DA:46,0
DA:50,0
DA:51,0
DA:55,12
DA:56,5
DA:57,5
DA:61,12
DA:69,0
DA:72,0
DA:74,0
DA:75,0
DA:79,17
LF:33
LH:15
BRDA:8,0,0,0
BRDA:17,1,0,12
BRDA:17,1,1,0
BRDA:23,2,0,0
BRDA:23,2,1,0
BRDA:24,3,0,0
BRDA:24,3,1,0
BRDA:37,4,0,5
BRDA:37,4,1,0
BRDA:44,5,0,0
BRDA:44,5,1,0
BRDA:56,6,0,5
BRDA:56,6,1,0
BRDA:75,7,0,0
BRDA:75,7,1,0
BRDA:87,8,0,0
BRDA:87,8,1,17
BRF:17
BRH:4
end_of_record
TN:
SF:src\Components\Comentario.jsx
FN:9,(anonymous_0)
FN:19,(anonymous_1)
FN:30,(anonymous_2)
FN:41,(anonymous_3)
FN:42,(anonymous_4)
FNF:5
FNH:4
FNDA:1,(anonymous_0)
FNDA:1,(anonymous_1)
FNDA:0,(anonymous_2)
FNDA:1,(anonymous_3)
FNDA:1,(anonymous_4)
DA:9,4
DA:11,1
DA:12,1
DA:13,1
DA:16,1
DA:17,1
DA:19,1
DA:20,1
DA:21,1
DA:31,0
DA:33,0
DA:35,0
DA:41,1
DA:42,1
DA:43,1
DA:44,1
DA:46,1
DA:50,1
LF:18
LH:15
BRDA:31,0,0,0
BRDA:31,0,1,0
BRDA:93,1,0,1
BRDA:93,1,1,1
BRF:4
BRH:2
end_of_record
TN:
SF:src\Components\Estudio.jsx
FN:10,(anonymous_0)
FN:21,(anonymous_1)
FN:25,(anonymous_2)
FN:30,(anonymous_3)
FN:41,(anonymous_4)
FN:52,(anonymous_5)
FN:53,(anonymous_6)
FN:61,(anonymous_7)
FN:62,(anonymous_8)
FNF:9
FNH:7
FNDA:8,(anonymous_0)
FNDA:1,(anonymous_1)
FNDA:0,(anonymous_2)
FNDA:1,(anonymous_3)
FNDA:0,(anonymous_4)
FNDA:4,(anonymous_5)
FNDA:4,(anonymous_6)
FNDA:3,(anonymous_7)
FNDA:3,(anonymous_8)
DA:10,20
DA:12,8
DA:13,8
DA:14,8
DA:15,8
DA:17,8
DA:18,8
DA:21,8
DA:22,1
DA:23,1
DA:25,8
DA:26,0
DA:27,0
DA:30,8
DA:31,1
DA:32,1
DA:42,0
DA:44,0
DA:45,0
DA:52,8
DA:53,4
DA:54,4
DA:55,4
DA:57,4
DA:61,8
DA:62,3
DA:63,3
DA:64,3
DA:66,3
DA:70,8
LF:30
LH:25
BRDA:42,0,0,0
BRDA:42,0,1,0
BRDA:97,1,0,8
BRDA:97,1,1,5
BRDA:101,2,0,8
BRDA:101,2,1,8
BRDA:105,3,0,8
BRDA:105,3,1,8
BRDA:109,4,0,8
BRDA:109,4,1,2
BRDA:113,5,0,8
BRDA:113,5,1,2
BRDA:117,6,0,8
BRDA:117,6,1,8
BRF:14
BRH:12
end_of_record
TN:
SF:src\Components\Experiencia.jsx
FN:5,(anonymous_0)
FN:11,(anonymous_1)
FN:12,(anonymous_2)
FNF:3
FNH:3
FNDA:3,(anonymous_0)
FNDA:2,(anonymous_1)
FNDA:2,(anonymous_2)
DA:5,20
DA:7,3
DA:9,3
DA:11,3
DA:12,2
DA:13,2
DA:15,1
DA:17,2
DA:20,3
LF:9
LH:9
BRDA:31,0,0,3
BRDA:31,0,1,0
BRDA:33,1,0,0
BRDA:33,1,1,0
BRDA:58,2,0,3
BRDA:58,2,1,3
BRDA:63,3,0,3
BRDA:63,3,1,0
BRDA:68,4,0,3
BRDA:68,4,1,0
BRDA:73,5,0,3
BRDA:73,5,1,3
BRF:12
BRH:7
end_of_record
TN:
SF:src\Components\Intrumento.jsx
FN:9,(anonymous_0)
FN:18,(anonymous_1)
FN:22,(anonymous_2)
FN:27,(anonymous_3)
FN:38,(anonymous_4)
FN:49,(anonymous_5)
FN:50,(anonymous_6)
FNF:7
FNH:5
FNDA:3,(anonymous_0)
FNDA:1,(anonymous_1)
FNDA:0,(anonymous_2)
FNDA:1,(anonymous_3)
FNDA:0,(anonymous_4)
FNDA:3,(anonymous_5)
FNDA:3,(anonymous_6)
DA:9,20
DA:11,3
DA:12,3
DA:14,3
DA:15,3
DA:18,3
DA:19,1
DA:20,1
DA:22,3
DA:23,0
DA:24,0
DA:27,3
DA:28,1
DA:29,1
DA:39,0
DA:41,0
DA:43,0
DA:49,3
DA:50,3
DA:51,3
DA:52,3
DA:54,3
DA:58,3
LF:23
LH:18
BRDA:39,0,0,0
BRDA:39,0,1,0
BRDA:84,1,0,3
BRDA:84,1,1,3
BRDA:88,2,0,3
BRDA:88,2,1,3
BRDA:92,3,0,3
BRDA:92,3,1,3
BRDA:96,4,0,3
BRDA:96,4,1,3
BRF:10
BRH:8
end_of_record
TN:
SF:src\Components\MenuFlotante.jsx
FN:6,MenuFlotante
FN:8,(anonymous_1)
FNF:2
FNH:2
FNDA:2,MenuFlotante
FNDA:1,(anonymous_1)
DA:7,2
DA:8,2
DA:9,1
DA:12,2
LF:4
LH:4
BRF:0
BRH:0
end_of_record
TN:
SF:src\Components\Musico.jsx
FN:13,(anonymous_0)
FN:20,(anonymous_1)
FN:25,(anonymous_2)
FNF:3
FNH:3
FNDA:4,(anonymous_0)
FNDA:1,(anonymous_1)
FNDA:1,(anonymous_2)
DA:13,20
DA:15,4
DA:16,4
DA:17,4
DA:18,4
DA:20,4
DA:21,1
DA:22,1
DA:25,4
DA:26,1
DA:27,1
DA:28,1
DA:29,1
DA:30,1
DA:31,1
DA:33,1
DA:34,0
DA:35,0
DA:38,1
DA:45,4
LF:20
LH:18
BRDA:33,0,0,0
BRDA:33,0,1,1
BRDA:55,1,0,4
BRDA:55,1,1,3
BRDA:57,2,0,1
BRDA:57,2,1,2
BRF:6
BRH:5
end_of_record
TN:
SF:src\Components\NavBar.jsx
FN:20,(anonymous_0)
FN:36,(anonymous_1)
FN:46,(anonymous_2)
FN:60,(anonymous_3)
FN:67,(anonymous_4)
FN:68,(anonymous_5)
FN:72,(anonymous_6)
FN:84,(anonymous_7)
FN:90,(anonymous_8)
FN:103,(anonymous_9)
FN:107,(anonymous_10)
FN:111,(anonymous_11)
FN:116,(anonymous_12)
FNF:13
FNH:5
FNDA:4,(anonymous_0)
FNDA:0,(anonymous_1)
FNDA:0,(anonymous_2)
FNDA:4,(anonymous_3)
FNDA:2,(anonymous_4)
FNDA:2,(anonymous_5)
FNDA:2,(anonymous_6)
FNDA:0,(anonymous_7)
FNDA:0,(anonymous_8)
FNDA:0,(anonymous_9)
FNDA:0,(anonymous_10)
FNDA:0,(anonymous_11)
FNDA:0,(anonymous_12)
DA:20,20
DA:36,20
DA:46,20
DA:60,20
DA:62,4
DA:63,4
DA:64,4
DA:65,4
DA:67,4
DA:68,2
DA:69,2
DA:70,2
DA:72,2
DA:73,2
DA:74,2
DA:75,1
DA:77,1
DA:80,2
DA:81,2
DA:84,4
DA:86,0
DA:87,0
DA:90,4
DA:91,0
DA:92,0
DA:97,4
DA:98,4
DA:100,4
DA:101,4
DA:103,4
DA:104,0
DA:107,4
DA:108,0
DA:111,4
DA:112,0
DA:113,0
DA:116,4
DA:117,0
DA:120,4
DA:122,4
DA:148,4
DA:150,4
DA:188,4
LF:43
LH:34
BRDA:74,0,0,1
BRDA:74,0,1,1
BRDA:141,1,0,4
BRDA:141,1,1,1
BRDA:177,2,0,4
BRDA:177,2,1,1
BRDA:245,3,0,4
BRDA:245,3,1,2
BRF:8
BRH:8
end_of_record
TN:
SF:src\Components\NavbarInvitado.jsx
FN:10,(anonymous_0)
FNF:1
FNH:1
FNDA:1,(anonymous_0)
DA:10,21
DA:11,1
LF:2
LH:2
BRF:0
BRH:0
end_of_record
TN:
SF:src\Components\Peticion.jsx
FN:7,(anonymous_0)
FN:22,(anonymous_1)
FN:28,(anonymous_2)
FN:35,(anonymous_3)
FN:36,(anonymous_4)
FN:40,(anonymous_5)
FN:45,(anonymous_6)
FN:49,(anonymous_7)
FNF:8
FNH:8
FNDA:6,(anonymous_0)
FNDA:1,(anonymous_1)
FNDA:1,(anonymous_2)
FNDA:2,(anonymous_3)
FNDA:2,(anonymous_4)
FNDA:2,(anonymous_5)
FNDA:2,(anonymous_6)
FNDA:2,(anonymous_7)
DA:7,20
DA:9,6
DA:10,6
DA:11,6
DA:12,6
DA:13,6
DA:17,6
DA:18,6
DA:19,6
DA:20,6
DA:22,6
DA:23,1
DA:24,1
DA:25,1
DA:28,6
DA:29,1
DA:30,1
DA:31,1
DA:35,6
DA:36,2
DA:37,2
DA:38,2
DA:40,2
DA:41,2
DA:42,2
DA:43,2
DA:45,2
DA:46,2
DA:47,2
DA:49,2
DA:50,2
DA:51,2
DA:55,2
DA:56,2
DA:57,2
DA:58,2
DA:61,6
LF:37
LH:37
BRDA:94,0,0,6
BRDA:94,0,1,0
BRDA:102,1,0,6
BRDA:102,1,1,0
BRDA:108,2,0,6
BRDA:108,2,1,0
BRDA:131,3,0,6
BRDA:131,3,1,6
BRDA:131,3,2,6
BRF:9
BRH:6
end_of_record
TN:
SF:src\Components\Plantilla.jsx
FN:6,(anonymous_0)
FN:10,(anonymous_1)
FN:66,(anonymous_2)
FNF:3
FNH:3
FNDA:2,(anonymous_0)
FNDA:2,(anonymous_1)
FNDA:4,(anonymous_2)
DA:6,20
DA:10,2
DA:11,2
DA:12,2
DA:13,1
DA:15,1
DA:16,1
DA:17,1
DA:18,1
DA:19,1
DA:20,1
DA:21,1
DA:25,1
DA:26,1
DA:28,1
DA:29,1
DA:30,1
DA:31,1
DA:32,1
DA:33,1
DA:34,1
DA:38,2
DA:42,2
DA:67,4
LF:24
LH:24
BRDA:12,0,0,1
BRDA:12,0,1,1
BRDA:25,1,0,1
BRDA:25,1,1,0
BRF:4
BRH:3
end_of_record
TN:
SF:src\Components\index.js
FNF:0
FNH:0
LF:0
LH:0
BRF:0
BRH:0
end_of_record
TN:
SF:src\api\alcompasApi.js
FN:12,(anonymous_0)
FNF:1
FNH:1
FNDA:44,(anonymous_0)
DA:4,109
DA:7,109
DA:12,109
DA:14,44
DA:19,44
LF:5
LH:5
BRF:0
BRH:0
end_of_record
TN:
SF:src\api\index.js
FNF:0
FNH:0
LF:0
LH:0
BRF:0
BRH:0
end_of_record
TN:
SF:src\auth\layout\AuthLayout.jsx
FN:3,(anonymous_0)
FNF:1
FNH:1
FNDA:18,(anonymous_0)
DA:3,5
DA:4,18
LF:2
LH:2
BRDA:3,0,0,0
BRF:1
BRH:0
end_of_record
TN:
SF:src\auth\pages\ConfirmationRegister.jsx
FN:12,(anonymous_0)
FN:17,(anonymous_1)
FN:26,(anonymous_2)
FNF:3
FNH:1
FNDA:0,(anonymous_0)
FNDA:0,(anonymous_1)
FNDA:2,(anonymous_2)
DA:12,2
DA:13,0
DA:14,0
DA:17,2
DA:18,0
DA:19,0
DA:29,2
DA:32,2
LF:8
LH:4
BRF:0
BRH:0
end_of_record
TN:
SF:src\auth\pages\LocationRegister.jsx
FN:7,(anonymous_0)
FN:12,(anonymous_1)
FN:17,(anonymous_2)
FNF:3
FNH:2
FNDA:4,(anonymous_0)
FNDA:0,(anonymous_1)
FNDA:2,(anonymous_2)
DA:7,2
DA:8,4
DA:9,4
DA:12,2
DA:13,0
DA:14,0
DA:18,2
DA:19,2
LF:8
LH:6
BRF:0
BRH:0
end_of_record
TN:
SF:src\auth\pages\LoginPage.jsx
FN:13,(anonymous_0)
FN:19,(anonymous_1)
FN:24,(anonymous_2)
FNF:3
FNH:3
FNDA:2,(anonymous_0)
FNDA:1,(anonymous_1)
FNDA:1,(anonymous_2)
DA:8,1
DA:13,1
DA:15,2
DA:17,2
DA:19,2
DA:20,1
DA:21,1
DA:24,2
DA:25,1
DA:26,0
DA:31,2
LF:11
LH:10
BRDA:25,0,0,0
BRDA:25,0,1,1
BRF:2
BRH:1
end_of_record
TN:
SF:src\auth\pages\PersonalRegister.jsx
FN:7,(anonymous_0)
FN:11,(anonymous_1)
FNF:2
FNH:2
FNDA:2,(anonymous_0)
FNDA:2,(anonymous_1)
DA:7,2
DA:8,2
DA:9,2
DA:12,2
DA:14,2
LF:5
LH:5
BRDA:127,0,0,2
BRDA:127,0,1,1
BRF:2
BRH:2
end_of_record
TN:
SF:src\auth\pages\RegisterFrom.jsx
FN:28,(anonymous_0)
FN:33,(anonymous_1)
FN:47,(anonymous_2)
FN:54,(anonymous_3)
FN:59,(anonymous_4)
FN:78,(anonymous_5)
FN:78,(anonymous_6)
FNF:7
FNH:4
FNDA:4,(anonymous_0)
FNDA:1,(anonymous_1)
FNDA:4,(anonymous_2)
FNDA:0,(anonymous_3)
FNDA:0,(anonymous_4)
FNDA:15,(anonymous_5)
FNDA:0,(anonymous_6)
DA:10,1
DA:28,1
DA:29,4
DA:31,4
DA:33,4
DA:34,1
DA:35,1
DA:41,4
DA:42,4
DA:47,4
DA:49,4
DA:54,4
DA:55,0
DA:59,4
DA:61,0
DA:63,0
DA:64,0
DA:71,0
DA:78,15
DA:80,0
DA:87,4
DA:89,1
DA:98,1
DA:106,1
DA:114,1
LF:25
LH:19
BRDA:34,0,0,1
BRDA:34,0,1,0
BRDA:63,1,0,0
BRDA:63,1,1,0
BRDA:87,2,0,1
BRDA:87,2,1,1
BRDA:87,2,2,1
BRDA:87,2,3,1
BRF:8
BRH:5
end_of_record
TN:
SF:src\auth\pages\UpdateForm.jsx
FN:15,(anonymous_0)
FN:27,(anonymous_1)
FN:32,(anonymous_2)
FN:37,(anonymous_3)
FN:59,(anonymous_4)
FN:59,(anonymous_5)
FN:64,(anonymous_6)
FN:65,(anonymous_7)
FNF:8
FNH:5
FNDA:5,(anonymous_0)
FNDA:4,(anonymous_1)
FNDA:0,(anonymous_2)
FNDA:0,(anonymous_3)
FNDA:13,(anonymous_4)
FNDA:0,(anonymous_5)
FNDA:1,(anonymous_6)
FNDA:1,(anonymous_7)
DA:15,1
DA:18,5
DA:19,5
DA:22,5
DA:23,5
DA:24,5
DA:27,5
DA:28,4
DA:32,5
DA:33,0
DA:37,5
DA:38,0
DA:39,0
DA:40,0
DA:42,0
DA:43,0
DA:47,0
DA:48,0
DA:50,0
DA:54,0
DA:59,13
DA:60,0
DA:64,5
DA:65,1
DA:66,1
DA:68,1
DA:70,1
DA:72,1
DA:74,1
DA:81,5
DA:82,1
DA:91,4
DA:93,1
DA:105,1
DA:119,1
DA:131,1
LF:36
LH:25
BRDA:42,0,0,0
BRDA:42,0,1,0
BRDA:47,1,0,0
BRDA:47,1,1,0
BRDA:81,2,0,1
BRDA:81,2,1,4
BRDA:91,3,0,1
BRDA:91,3,1,1
BRDA:91,3,2,1
BRDA:91,3,3,1
BRDA:95,4,0,1
BRDA:95,4,1,1
BRDA:107,5,0,1
BRDA:107,5,1,1
BRDA:121,6,0,1
BRDA:121,6,1,1
BRDA:133,7,0,1
BRDA:133,7,1,1
BRF:18
BRH:14
end_of_record
TN:
SF:src\auth\pages\UserRegister.jsx
FN:6,(anonymous_0)
FN:11,(anonymous_1)
FN:16,(anonymous_2)
FNF:3
FNH:2
FNDA:2,(anonymous_0)
FNDA:0,(anonymous_1)
FNDA:2,(anonymous_2)
DA:6,2
DA:7,2
DA:8,2
DA:11,2
DA:12,0
DA:13,0
DA:17,2
DA:18,2
LF:8
LH:6
BRDA:39,0,0,2
BRDA:39,0,1,1
BRDA:54,1,0,2
BRDA:54,1,1,1
BRF:4
BRH:4
end_of_record
TN:
SF:src\helpers\convertDate.js
FN:1,(anonymous_0)
FNF:1
FNH:1
FNDA:3,(anonymous_0)
DA:1,114
DA:2,3
DA:3,3
DA:4,3
DA:5,3
DA:7,3
DA:8,1
DA:9,3
DA:10,3
DA:11,3
LF:10
LH:10
BRDA:7,0,0,1
BRDA:7,0,1,2
BRDA:9,1,0,3
BRDA:9,1,1,0
BRF:4
BRH:3
end_of_record
TN:
SF:src\helpers\index.js
FNF:0
FNH:0
LF:0
LH:0
BRF:0
BRH:0
end_of_record
TN:
SF:src\helpers\validarBanda.js
FN:1,(anonymous_0)
FNF:1
FNH:0
FNDA:0,(anonymous_0)
DA:1,2
DA:2,0
DA:5,0
DA:6,0
DA:8,0
DA:9,0
DA:10,0
DA:11,0
DA:12,0
DA:14,0
DA:16,0
DA:17,0
DA:19,0
DA:20,0
DA:22,0
DA:23,0
DA:25,0
DA:27,0
DA:28,0
DA:30,0
DA:31,0
DA:32,0
DA:33,0
DA:34,0
DA:35,0
DA:37,0
DA:39,0
DA:40,0
DA:41,0
DA:42,0
DA:43,0
LF:31
LH:1
BRDA:5,0,0,0
BRDA:5,0,1,0
BRDA:6,1,0,0
BRDA:6,1,1,0
BRDA:11,2,0,0
BRDA:11,2,1,0
BRDA:11,3,0,0
BRDA:11,3,1,0
BRDA:11,3,2,0
BRDA:12,4,0,0
BRDA:12,4,1,0
BRDA:14,5,0,0
BRDA:14,5,1,0
BRDA:16,6,0,0
BRDA:16,6,1,0
BRDA:17,7,0,0
BRDA:17,7,1,0
BRDA:19,8,0,0
BRDA:19,8,1,0
BRDA:20,9,0,0
BRDA:20,9,1,0
BRDA:22,10,0,0
BRDA:22,10,1,0
BRDA:23,11,0,0
BRDA:23,11,1,0
BRDA:25,12,0,0
BRDA:25,12,1,0
BRDA:27,13,0,0
BRDA:27,13,1,0
BRDA:28,14,0,0
BRDA:28,14,1,0
BRDA:35,15,0,0
BRDA:35,15,1,0
BRDA:35,16,0,0
BRDA:35,16,1,0
BRDA:37,17,0,0
BRDA:37,17,1,0
BRDA:41,18,0,0
BRDA:41,18,1,0
BRDA:42,19,0,0
BRDA:42,19,1,0
BRF:41
BRH:0
end_of_record
TN:
SF:src\helpers\validarInstrumento.js
FN:1,(anonymous_0)
FNF:1
FNH:0
FNDA:0,(anonymous_0)
DA:1,20
DA:3,0
DA:9,0
DA:10,0
DA:13,0
LF:5
LH:1
BRDA:9,0,0,0
BRDA:9,0,1,0
BRF:2
BRH:0
end_of_record
TN:
SF:src\helpers\validarRegistro.js
FN:1,(anonymous_0)
FNF:1
FNH:0
FNDA:0,(anonymous_0)
DA:1,2
DA:2,0
DA:5,0
DA:6,0
DA:7,0
DA:8,0
DA:9,0
DA:14,0
DA:15,0
DA:17,0
DA:18,0
DA:19,0
DA:20,0
DA:22,0
DA:23,0
DA:24,0
DA:26,0
DA:27,0
DA:29,0
DA:30,0
DA:32,0
DA:33,0
DA:35,0
DA:37,0
DA:38,0
DA:40,0
DA:42,0
DA:44,0
DA:45,0
DA:48,0
DA:49,0
DA:50,0
DA:52,0
DA:53,0
DA:55,0
LF:35
LH:1
BRDA:14,0,0,0
BRDA:14,0,1,0
BRDA:15,1,0,0
BRDA:15,1,1,0
BRDA:17,2,0,0
BRDA:17,2,1,0
BRDA:18,3,0,0
BRDA:18,3,1,0
BRDA:19,4,0,0
BRDA:19,4,1,0
BRDA:20,5,0,0
BRDA:20,5,1,0
BRDA:22,6,0,0
BRDA:22,6,1,0
BRDA:23,7,0,0
BRDA:23,7,1,0
BRDA:24,8,0,0
BRDA:24,8,1,0
BRDA:26,9,0,0
BRDA:26,9,1,0
BRDA:27,10,0,0
BRDA:27,10,1,0
BRDA:29,11,0,0
BRDA:29,11,1,0
BRDA:30,12,0,0
BRDA:30,12,1,0
BRDA:32,13,0,0
BRDA:32,13,1,0
BRDA:33,14,0,0
BRDA:33,14,1,0
BRDA:35,15,0,0
BRDA:35,15,1,0
BRDA:37,16,0,0
BRDA:37,16,1,0
BRDA:38,17,0,0
BRDA:38,17,1,0
BRDA:40,18,0,0
BRDA:40,18,1,0
BRDA:42,19,0,0
BRDA:42,19,1,0
BRDA:44,20,0,0
BRDA:44,20,1,0
BRDA:45,21,0,0
BRDA:45,21,1,0
BRDA:48,22,0,0
BRDA:48,22,1,0
BRDA:49,23,0,0
BRDA:49,23,1,0
BRDA:50,24,0,0
BRDA:50,24,1,0
BRDA:52,25,0,0
BRDA:52,25,1,0
BRDA:53,26,0,0
BRDA:53,26,1,0
BRF:54
BRH:0
end_of_record
TN:
SF:src\hooks\index.js
FNF:0
FNH:0
LF:0
LH:0
BRF:0
BRH:0
end_of_record
TN:
SF:src\hooks\useArchiverosStore.js
FN:4,(anonymous_0)
FN:8,(anonymous_1)
FNF:2
FNH:2
FNDA:1,(anonymous_0)
FNDA:1,(anonymous_1)
DA:4,45
DA:6,1
DA:8,1
DA:9,1
DA:10,1
DA:11,1
DA:13,1
DA:15,0
DA:19,1
LF:9
LH:8
BRF:0
BRH:0
end_of_record
TN:
SF:src\hooks\useAuthStore.js
FN:5,(anonymous_0)
FN:7,(anonymous_1)
FN:11,(anonymous_2)
FN:24,(anonymous_3)
FN:30,(anonymous_4)
FN:52,(anonymous_5)
FN:58,(anonymous_6)
FN:74,(anonymous_7)
FN:93,(anonymous_8)
FN:100,(anonymous_9)
FN:116,(anonymous_10)
FN:123,(anonymous_11)
FN:144,(anonymous_12)
FN:151,(anonymous_13)
FN:162,(anonymous_14)
FN:180,(anonymous_15)
FN:193,(anonymous_16)
FNF:17
FNH:14
FNDA:44,(anonymous_0)
FNDA:57,(anonymous_1)
FNDA:2,(anonymous_2)
FNDA:1,(anonymous_3)
FNDA:2,(anonymous_4)
FNDA:1,(anonymous_5)
FNDA:1,(anonymous_6)
FNDA:1,(anonymous_7)
FNDA:0,(anonymous_8)
FNDA:2,(anonymous_9)
FNDA:1,(anonymous_10)
FNDA:1,(anonymous_11)
FNDA:0,(anonymous_12)
FNDA:1,(anonymous_13)
FNDA:7,(anonymous_14)
FNDA:1,(anonymous_15)
FNDA:0,(anonymous_16)
DA:5,43
DA:7,57
DA:8,44
DA:11,44
DA:12,2
DA:14,2
DA:15,2
DA:16,1
DA:17,1
DA:18,1
DA:19,1
DA:22,1
DA:24,1
DA:25,1
DA:30,44
DA:31,2
DA:33,2
DA:35,2
DA:37,1
DA:38,1
DA:39,1
DA:42,1
DA:43,1
DA:44,1
DA:45,0
DA:46,0
DA:47,0
DA:50,1
DA:52,1
DA:53,1
DA:58,44
DA:60,1
DA:61,1
DA:62,1
DA:63,1
DA:64,1
DA:65,1
DA:67,0
DA:68,0
DA:69,0
DA:70,0
DA:74,44
DA:76,1
DA:78,1
DA:80,1
DA:82,0
DA:83,0
DA:84,0
DA:85,0
DA:86,0
DA:87,0
DA:88,0
DA:91,0
DA:93,0
DA:94,0
DA:100,44
DA:101,2
DA:102,2
DA:104,1
DA:105,1
DA:106,1
DA:107,1
DA:109,1
DA:111,0
DA:112,0
DA:116,44
DA:117,1
DA:118,1
DA:123,44
DA:124,1
DA:126,1
DA:128,1
DA:129,1
DA:134,0
DA:135,0
DA:136,0
DA:137,0
DA:138,0
DA:139,0
DA:142,0
DA:144,0
DA:145,0
DA:151,44
DA:152,1
DA:153,1
DA:155,1
DA:157,0
DA:158,0
DA:162,44
DA:163,7
DA:165,7
DA:166,7
DA:167,4
DA:169,4
DA:173,3
DA:180,44
DA:181,1
DA:182,1
DA:183,1
DA:184,1
DA:186,0
DA:193,44
DA:194,0
DA:195,0
DA:196,0
DA:197,0
DA:199,0
DA:203,44
LF:108
LH:72
BRDA:50,0,0,1
BRDA:50,0,1,0
BRDA:91,1,0,0
BRDA:91,1,1,0
BRDA:102,2,0,1
BRDA:102,2,1,1
BRDA:142,3,0,0
BRDA:142,3,1,0
BRDA:165,4,0,7
BRDA:165,4,1,0
BRF:10
BRH:4
end_of_record
TN:
SF:src\hooks\useBandasStore.js
FN:4,(anonymous_0)
FN:8,(anonymous_1)
FN:20,(anonymous_2)
FN:32,(anonymous_3)
FN:44,(anonymous_4)
FN:56,(anonymous_5)
FN:61,(anonymous_6)
FN:79,(anonymous_7)
FN:85,(anonymous_8)
FN:100,(anonymous_9)
FN:105,(anonymous_10)
FN:122,(anonymous_11)
FNF:12
FNH:11
FNDA:34,(anonymous_0)
FNDA:3,(anonymous_1)
FNDA:1,(anonymous_2)
FNDA:2,(anonymous_3)
FNDA:2,(anonymous_4)
FNDA:2,(anonymous_5)
FNDA:1,(anonymous_6)
FNDA:1,(anonymous_7)
FNDA:2,(anonymous_8)
FNDA:2,(anonymous_9)
FNDA:1,(anonymous_10)
FNDA:0,(anonymous_11)
DA:4,44
DA:6,34
DA:8,34
DA:9,3
DA:10,3
DA:11,1
DA:13,1
DA:15,1
DA:20,34
DA:21,1
DA:22,1
DA:23,1
DA:25,1
DA:27,0
DA:32,34
DA:33,2
DA:34,2
DA:35,1
DA:37,1
DA:39,1
DA:44,34
DA:45,2
DA:46,2
DA:47,1
DA:49,1
DA:51,1
DA:56,34
DA:57,2
DA:58,2
DA:59,1
DA:60,1
DA:61,1
DA:62,1
DA:65,1
DA:67,1
DA:68,1
DA:69,1
DA:70,0
DA:71,0
DA:72,0
DA:74,1
DA:75,1
DA:77,0
DA:79,1
DA:80,1
DA:85,34
DA:86,2
DA:87,2
DA:88,1
DA:89,1
DA:91,1
DA:100,34
DA:101,2
DA:102,2
DA:103,1
DA:104,1
DA:105,1
DA:106,1
DA:108,1
DA:110,1
DA:111,1
DA:112,1
DA:113,0
DA:114,0
DA:115,0
DA:117,1
DA:118,1
DA:120,0
DA:122,1
DA:123,0
DA:128,34
LF:71
LH:61
BRDA:74,0,0,1
BRDA:74,0,1,0
BRDA:117,1,0,1
BRDA:117,1,1,0
BRF:4
BRH:2
end_of_record
TN:
SF:src\hooks\useComentariosStore.js
FN:3,(anonymous_0)
FN:7,(anonymous_1)
FN:17,(anonymous_2)
FN:39,(anonymous_3)
FN:46,(anonymous_4)
FNF:5
FNH:5
FNDA:8,(anonymous_0)
FNDA:2,(anonymous_1)
FNDA:2,(anonymous_2)
FNDA:1,(anonymous_3)
FNDA:2,(anonymous_4)
DA:3,45
DA:5,8
DA:7,8
DA:8,2
DA:9,2
DA:10,1
DA:11,1
DA:13,1
DA:17,8
DA:18,2
DA:20,2
DA:21,2
DA:22,2
DA:23,1
DA:24,1
DA:25,1
DA:27,1
DA:28,1
DA:29,1
DA:30,0
DA:31,0
DA:32,0
DA:34,1
DA:35,1
DA:37,0
DA:39,1
DA:40,1
DA:46,8
DA:47,2
DA:49,2
DA:50,1
DA:52,1
DA:57,8
LF:33
LH:29
BRDA:34,0,0,1
BRDA:34,0,1,0
BRF:2
BRH:1
end_of_record
TN:
SF:src\hooks\useDirectivosStore.js
FN:3,(anonymous_0)
FN:5,(anonymous_1)
FN:16,(anonymous_2)
FN:27,(anonymous_3)
FN:38,(anonymous_4)
FN:49,(anonymous_5)
FNF:6
FNH:6
FNDA:12,(anonymous_0)
FNDA:2,(anonymous_1)
FNDA:2,(anonymous_2)
FNDA:3,(anonymous_3)
FNDA:1,(anonymous_4)
FNDA:2,(anonymous_5)
DA:3,39
DA:5,12
DA:6,2
DA:7,2
DA:8,1
DA:10,1
DA:12,1
DA:16,12
DA:17,2
DA:18,2
DA:19,1
DA:21,1
DA:23,1
DA:27,12
DA:28,3
DA:29,3
DA:30,1
DA:32,1
DA:34,2
DA:38,12
DA:39,1
DA:40,1
DA:41,1
DA:43,1
DA:45,0
DA:49,12
DA:50,2
DA:51,2
DA:52,1
DA:53,1
DA:56,1
DA:62,12
LF:32
LH:31
BRF:0
BRH:0
end_of_record
TN:
SF:src\hooks\useEstudiosStore.js
FN:3,(anonymous_0)
FN:7,(anonymous_1)
FN:17,(anonymous_2)
FN:27,(anonymous_3)
FN:38,(anonymous_4)
FN:51,(anonymous_5)
FNF:6
FNH:6
FNDA:12,(anonymous_0)
FNDA:2,(anonymous_1)
FNDA:2,(anonymous_2)
FNDA:3,(anonymous_3)
FNDA:1,(anonymous_4)
FNDA:2,(anonymous_5)
DA:3,44
DA:5,12
DA:7,12
DA:8,2
DA:9,2
DA:10,1
DA:11,1
DA:13,1
DA:17,12
DA:18,2
DA:19,2
DA:20,1
DA:21,1
DA:23,1
DA:27,12
DA:28,3
DA:29,3
DA:30,3
DA:31,1
DA:32,1
DA:34,2
DA:38,12
DA:39,1
DA:40,1
DA:41,1
DA:42,1
DA:43,1
DA:47,0
DA:51,12
DA:52,2
DA:53,2
DA:54,1
DA:55,1
DA:57,1
DA:65,12
LF:35
LH:34
BRF:0
BRH:0
end_of_record
TN:
SF:src\hooks\useForm.jsx
FN:3,(anonymous_0)
FN:8,(anonymous_1)
FN:12,(anonymous_2)
FN:17,(anonymous_3)
FN:27,(anonymous_4)
FN:35,(anonymous_5)
FN:39,(anonymous_6)
FNF:7
FNH:5
FNDA:2,(anonymous_0)
FNDA:1,(anonymous_1)
FNDA:1,(anonymous_2)
FNDA:2,(anonymous_3)
FNDA:0,(anonymous_4)
FNDA:0,(anonymous_5)
FNDA:1,(anonymous_6)
DA:3,45
DA:5,2
DA:6,2
DA:8,2
DA:9,1
DA:12,2
DA:13,1
DA:17,2
DA:19,2
DA:20,0
DA:23,2
DA:27,2
DA:28,0
DA:29,0
DA:35,2
DA:36,0
DA:39,2
DA:41,1
DA:43,1
DA:44,0
DA:46,0
DA:49,1
DA:54,2
LF:23
LH:17
BRDA:3,0,0,0
BRDA:3,1,0,2
BRDA:20,2,0,0
BRDA:20,2,1,0
BRDA:46,3,0,0
BRDA:46,3,1,0
BRF:6
BRH:1
end_of_record
TN:
SF:src\hooks\useInstrumentosStore.js
FN:3,(anonymous_0)
FN:7,(anonymous_1)
FN:17,(anonymous_2)
FN:27,(anonymous_3)
FN:39,(anonymous_4)
FN:50,(anonymous_5)
FNF:6
FNH:6
FNDA:12,(anonymous_0)
FNDA:2,(anonymous_1)
FNDA:2,(anonymous_2)
FNDA:2,(anonymous_3)
FNDA:2,(anonymous_4)
FNDA:2,(anonymous_5)
DA:3,45
DA:5,12
DA:7,12
DA:8,2
DA:9,2
DA:10,1
DA:11,1
DA:13,1
DA:17,12
DA:18,2
DA:19,2
DA:20,1
DA:21,1
DA:23,1
DA:27,12
DA:28,2
DA:29,2
DA:30,1
DA:31,1
DA:32,1
DA:35,1
DA:39,12
DA:40,2
DA:41,2
DA:42,1
DA:43,1
DA:44,1
DA:46,1
DA:50,12
DA:51,2
DA:52,2
DA:53,1
DA:55,1
DA:62,12
LF:34
LH:34
BRF:0
BRH:0
end_of_record
TN:
SF:src\hooks\useMusicosStore.js
FN:4,(anonymous_0)
FN:6,(anonymous_1)
FN:17,(anonymous_2)
FN:28,(anonymous_3)
FN:39,(anonymous_4)
FN:51,(anonymous_5)
FNF:6
FNH:6
FNDA:12,(anonymous_0)
FNDA:3,(anonymous_1)
FNDA:2,(anonymous_2)
FNDA:1,(anonymous_3)
FNDA:2,(anonymous_4)
FNDA:2,(anonymous_5)
DA:4,44
DA:6,12
DA:7,3
DA:8,3
DA:9,1
DA:11,1
DA:13,2
DA:17,12
DA:18,2
DA:19,2
DA:20,1
DA:21,1
DA:24,1
DA:28,12
DA:29,1
DA:30,1
DA:31,1
DA:32,1
DA:35,0
DA:39,12
DA:40,2
DA:42,2
DA:43,1
DA:44,1
DA:47,1
DA:51,12
DA:52,2
DA:53,2
DA:54,1
DA:56,1
DA:60,1
DA:65,12
LF:32
LH:31
BRF:0
BRH:0
end_of_record
TN:
SF:src\hooks\usePeticionesStore.js
FN:5,(anonymous_0)
FN:10,(anonymous_1)
FN:22,(anonymous_2)
FN:34,(anonymous_3)
FN:45,(anonymous_4)
FN:55,(anonymous_5)
FNF:6
FNH:5
FNDA:11,(anonymous_0)
FNDA:4,(anonymous_1)
FNDA:0,(anonymous_2)
FNDA:2,(anonymous_3)
FNDA:2,(anonymous_4)
FNDA:2,(anonymous_5)
DA:5,38
DA:7,11
DA:8,11
DA:10,11
DA:11,4
DA:12,4
DA:13,2
DA:15,2
DA:17,2
DA:22,11
DA:23,0
DA:24,0
DA:25,0
DA:27,0
DA:29,0
DA:34,11
DA:35,2
DA:36,2
DA:38,1
DA:40,1
DA:45,11
DA:46,2
DA:47,2
DA:48,1
DA:50,1
DA:55,11
DA:56,2
DA:57,2
DA:58,2
DA:59,2
DA:60,1
DA:61,1
DA:63,1
DA:64,1
DA:66,1
DA:67,0
DA:70,1
DA:71,1
DA:73,1
DA:77,11
LF:40
LH:34
BRDA:70,0,0,1
BRDA:70,0,1,0
BRF:2
BRH:1
end_of_record
TN:
SF:src\hooks\useRedesSocialesStore.js
FN:3,(anonymous_0)
FN:8,(anonymous_1)
FN:16,(anonymous_2)
FN:22,(anonymous_3)
FN:32,(anonymous_4)
FN:40,(anonymous_5)
FNF:6
FNH:5
FNDA:9,(anonymous_0)
FNDA:3,(anonymous_1)
FNDA:2,(anonymous_2)
FNDA:1,(anonymous_3)
FNDA:2,(anonymous_4)
FNDA:0,(anonymous_5)
DA:3,44
DA:6,9
DA:8,9
DA:9,3
DA:10,3
DA:11,2
DA:12,1
DA:13,1
DA:15,2
DA:16,2
DA:17,2
DA:22,9
DA:23,1
DA:24,1
DA:25,1
DA:26,1
DA:28,0
DA:32,9
DA:33,2
DA:34,2
DA:35,1
DA:38,1
DA:39,1
DA:40,1
DA:41,0
DA:46,9
LF:26
LH:24
BRF:0
BRH:0
end_of_record
TN:
SF:src\hooks\useUploadsStore.js
FN:5,(anonymous_0)
FN:9,(anonymous_1)
FN:18,(anonymous_2)
FN:22,(anonymous_3)
FN:29,(anonymous_4)
FN:34,(anonymous_5)
FN:37,(anonymous_6)
FN:44,(anonymous_7)
FN:49,(anonymous_8)
FN:52,(anonymous_9)
FN:60,(anonymous_10)
FN:69,(anonymous_11)
FN:73,(anonymous_12)
FNF:13
FNH:1
FNDA:5,(anonymous_0)
FNDA:0,(anonymous_1)
FNDA:0,(anonymous_2)
FNDA:0,(anonymous_3)
FNDA:0,(anonymous_4)
FNDA:0,(anonymous_5)
FNDA:0,(anonymous_6)
FNDA:0,(anonymous_7)
FNDA:0,(anonymous_8)
FNDA:0,(anonymous_9)
FNDA:0,(anonymous_10)
FNDA:0,(anonymous_11)
FNDA:0,(anonymous_12)
DA:5,43
DA:6,5
DA:7,5
DA:9,5
DA:10,0
DA:11,0
DA:12,0
DA:19,0
DA:20,0
DA:24,0
DA:25,0
DA:29,5
DA:30,0
DA:35,0
DA:37,0
DA:40,0
DA:44,5
DA:45,0
DA:50,0
DA:52,0
DA:55,0
DA:60,5
DA:61,0
DA:62,0
DA:63,0
DA:70,0
DA:71,0
DA:75,0
DA:76,0
DA:79,5
LF:30
LH:8
BRF:0
BRH:0
end_of_record
TN:
SF:src\invitado\pages\Inicial.jsx
FN:6,(anonymous_0)
FNF:1
FNH:1
FNDA:1,(anonymous_0)
DA:6,1
DA:7,1
LF:2
LH:2
BRF:0
BRH:0
end_of_record
TN:
SF:src\modules\admin\index.js
FNF:0
FNH:0
LF:0
LH:0
BRF:0
BRH:0
end_of_record
TN:
SF:src\modules\admin\pages\AdministrarBandas.jsx
FN:10,(anonymous_0)
FN:19,(anonymous_1)
FN:20,(anonymous_2)
FN:26,(anonymous_3)
FN:37,(anonymous_4)
FN:46,(anonymous_5)
FNF:6
FNH:4
FNDA:2,(anonymous_0)
FNDA:2,(anonymous_1)
FNDA:2,(anonymous_2)
FNDA:2,(anonymous_3)
FNDA:0,(anonymous_4)
FNDA:0,(anonymous_5)
DA:10,3
DA:11,2
DA:12,2
DA:13,2
DA:14,2
DA:15,2
DA:16,2
DA:19,2
DA:20,2
DA:21,2
DA:22,0
DA:23,0
DA:26,2
DA:27,2
DA:29,2
DA:30,0
DA:33,2
DA:34,2
DA:37,2
DA:38,0
DA:47,0
DA:48,0
DA:49,0
DA:56,2
LF:24
LH:17
BRDA:21,0,0,0
BRDA:21,0,1,2
BRDA:21,1,0,2
BRDA:21,1,1,0
BRDA:29,2,0,0
BRDA:29,2,1,2
BRDA:47,3,0,0
BRDA:47,3,1,0
BRDA:58,4,0,2
BRDA:58,4,1,0
BRDA:84,5,0,2
BRDA:84,5,1,0
BRF:12
BRH:5
end_of_record
TN:
SF:src\modules\admin\pages\AdministrarUsuarios.jsx
FN:11,sleep
FN:12,(anonymous_1)
FN:17,(anonymous_2)
FN:28,(anonymous_3)
FN:29,(anonymous_4)
FN:35,(anonymous_5)
FN:46,(anonymous_6)
FN:55,(anonymous_7)
FN:63,(anonymous_8)
FN:72,(anonymous_9)
FN:79,(anonymous_10)
FN:88,(anonymous_11)
FN:93,(anonymous_12)
FN:133,(anonymous_13)
FN:136,(anonymous_14)
FN:139,(anonymous_15)
FN:140,(anonymous_16)
FN:143,(anonymous_17)
FNF:18
FNH:7
FNDA:0,sleep
FNDA:0,(anonymous_1)
FNDA:3,(anonymous_2)
FNDA:2,(anonymous_3)
FNDA:2,(anonymous_4)
FNDA:2,(anonymous_5)
FNDA:0,(anonymous_6)
FNDA:0,(anonymous_7)
FNDA:0,(anonymous_8)
FNDA:2,(anonymous_9)
FNDA:0,(anonymous_10)
FNDA:0,(anonymous_11)
FNDA:2,(anonymous_12)
FNDA:0,(anonymous_13)
FNDA:0,(anonymous_14)
FNDA:0,(anonymous_15)
FNDA:0,(anonymous_16)
FNDA:5,(anonymous_17)
DA:12,0
DA:13,0
DA:17,3
DA:18,3
DA:19,3
DA:20,3
DA:21,3
DA:22,3
DA:23,3
DA:24,3
DA:25,3
DA:28,3
DA:29,2
DA:30,2
DA:31,0
DA:32,0
DA:35,2
DA:36,2
DA:38,2
DA:39,0
DA:42,2
DA:43,2
DA:46,3
DA:47,0
DA:56,0
DA:57,0
DA:58,0
DA:63,3
DA:64,0
DA:65,0
DA:66,0
DA:67,0
DA:69,0
DA:72,3
DA:73,2
DA:75,2
DA:76,2
DA:79,0
DA:80,0
DA:82,0
DA:83,0
DA:84,0
DA:88,0
DA:89,0
DA:93,3
DA:94,2
DA:95,2
DA:101,3
DA:134,0
DA:137,0
DA:139,0
DA:140,0
DA:144,5
LF:53
LH:28
BRDA:11,0,0,0
BRDA:20,1,0,3
BRDA:20,1,1,0
BRDA:30,2,0,0
BRDA:30,2,1,2
BRDA:30,3,0,2
BRDA:30,3,1,0
BRDA:38,4,0,0
BRDA:38,4,1,2
BRDA:56,5,0,0
BRDA:56,5,1,0
BRDA:65,6,0,0
BRDA:65,6,1,0
BRDA:75,7,0,2
BRDA:75,7,1,0
BRDA:82,8,0,0
BRDA:82,8,1,0
BRDA:94,9,0,2
BRDA:94,9,1,0
BRDA:103,10,0,3
BRDA:103,10,1,0
BRDA:140,11,0,0
BRDA:140,11,1,0
BRDA:152,12,0,0
BRDA:152,12,1,5
BRDA:161,13,0,3
BRDA:161,13,1,0
BRDA:198,14,0,0
BRDA:198,14,1,0
BRF:29
BRH:9
end_of_record
TN:
SF:src\modules\admin\pages\Menu.jsx
FN:9,(anonymous_0)
FN:13,(anonymous_1)
FN:14,(anonymous_2)
FNF:3
FNH:3
FNDA:2,(anonymous_0)
FNDA:2,(anonymous_1)
FNDA:2,(anonymous_2)
DA:9,3
DA:10,2
DA:11,2
DA:13,2
DA:14,2
DA:15,2
DA:17,2
DA:18,0
DA:21,2
DA:26,2
LF:10
LH:9
BRDA:17,0,0,0
BRDA:17,0,1,2
BRDA:28,1,0,2
BRDA:28,1,1,0
BRF:4
BRH:2
end_of_record
TN:
SF:src\modules\banda\index.js
FNF:0
FNH:0
LF:0
LH:0
BRF:0
BRH:0
end_of_record
TN:
SF:src\modules\banda\modals\NuevasRedSocial.jsx
FN:23,(anonymous_0)
FN:32,(anonymous_1)
FN:47,(anonymous_2)
FN:54,(anonymous_3)
FN:54,(anonymous_4)
FN:59,(anonymous_5)
FNF:6
FNH:3
FNDA:3,(anonymous_0)
FNDA:0,(anonymous_1)
FNDA:0,(anonymous_2)
FNDA:6,(anonymous_3)
FNDA:0,(anonymous_4)
FNDA:3,(anonymous_5)
DA:8,4
DA:23,4
DA:25,3
DA:26,3
DA:27,3
DA:28,3
DA:32,3
DA:33,0
DA:34,0
DA:36,0
DA:37,0
DA:39,0
DA:40,0
DA:43,0
DA:44,0
DA:45,0
DA:46,0
DA:47,0
DA:48,0
DA:49,0
DA:54,6
DA:55,0
DA:56,0
DA:59,3
DA:60,3
DA:61,1
DA:65,3
LF:27
LH:12
BRDA:36,0,0,0
BRDA:36,0,1,0
BRDA:37,1,0,0
BRDA:37,1,1,0
BRDA:37,2,0,0
BRDA:37,2,1,0
BRDA:39,3,0,0
BRDA:39,3,1,0
BRDA:44,4,0,0
BRDA:44,4,1,0
BRDA:56,5,0,0
BRDA:56,5,1,0
BRDA:60,6,0,1
BRDA:60,6,1,2
BRDA:60,7,0,3
BRDA:60,7,1,1
BRDA:108,8,0,3
BRDA:108,8,1,0
BRF:18
BRH:5
end_of_record
TN:
SF:src\modules\banda\modals\NuevoComentario.jsx
FN:25,(anonymous_0)
FN:37,(anonymous_1)
FN:49,(anonymous_2)
FN:55,(anonymous_3)
FN:55,(anonymous_4)
FN:59,(anonymous_5)
FNF:6
FNH:3
FNDA:7,(anonymous_0)
FNDA:0,(anonymous_1)
FNDA:0,(anonymous_2)
FNDA:14,(anonymous_3)
FNDA:0,(anonymous_4)
FNDA:4,(anonymous_5)
DA:10,4
DA:25,4
DA:27,7
DA:29,7
DA:31,7
DA:33,7
DA:37,7
DA:38,0
DA:39,0
DA:40,0
DA:41,0
DA:43,0
DA:44,0
DA:48,0
DA:49,0
DA:50,0
DA:51,0
DA:55,14
DA:56,0
DA:59,7
DA:60,4
DA:61,3
DA:66,7
LF:23
LH:12
BRDA:40,0,0,0
BRDA:40,0,1,0
BRDA:40,1,0,0
BRDA:40,1,1,0
BRDA:41,2,0,0
BRDA:41,2,1,0
BRDA:41,3,0,0
BRDA:41,3,1,0
BRDA:43,4,0,0
BRDA:43,4,1,0
BRDA:60,5,0,3
BRDA:60,5,1,1
BRDA:60,6,0,4
BRDA:60,6,1,3
BRF:14
BRH:4
end_of_record
TN:
SF:src\modules\banda\pages\BandaForm.jsx
FN:23,(anonymous_0)
FN:30,(anonymous_1)
FN:34,(anonymous_2)
FN:46,(anonymous_3)
FN:53,(anonymous_4)
FN:59,(anonymous_5)
FN:74,(anonymous_6)
FN:74,(anonymous_7)
FNF:8
FNH:4
FNDA:3,(anonymous_0)
FNDA:1,(anonymous_1)
FNDA:0,(anonymous_2)
FNDA:3,(anonymous_3)
FNDA:0,(anonymous_4)
FNDA:0,(anonymous_5)
FNDA:11,(anonymous_6)
FNDA:0,(anonymous_7)
DA:9,2
DA:23,2
DA:24,3
DA:26,3
DA:28,3
DA:30,3
DA:31,1
DA:32,0
DA:34,1
DA:35,0
DA:36,0
DA:37,0
DA:42,3
DA:46,3
DA:48,3
DA:53,3
DA:54,0
DA:59,3
DA:61,0
DA:63,0
DA:64,0
DA:67,0
DA:74,11
DA:75,0
DA:81,3
DA:83,1
DA:92,1
DA:100,1
LF:28
LH:18
BRDA:31,0,0,0
BRDA:31,0,1,1
BRDA:31,1,0,1
BRDA:31,1,1,0
BRDA:35,2,0,0
BRDA:35,2,1,0
BRDA:63,3,0,0
BRDA:63,3,1,0
BRDA:81,4,0,1
BRDA:81,4,1,1
BRDA:81,4,2,1
BRF:11
BRH:5
end_of_record
TN:
SF:src\modules\banda\pages\CrearBandaDos.jsx
FN:7,(anonymous_0)
FN:12,(anonymous_1)
FN:17,(anonymous_2)
FNF:3
FNH:2
FNDA:4,(anonymous_0)
FNDA:0,(anonymous_1)
FNDA:2,(anonymous_2)
DA:7,2
DA:8,4
DA:9,4
DA:12,2
DA:13,0
DA:14,0
DA:18,2
DA:20,2
LF:8
LH:6
BRF:0
BRH:0
end_of_record
TN:
SF:src\modules\banda\pages\CrearBandaTres.jsx
FN:12,(anonymous_0)
FN:17,(anonymous_1)
FN:26,(anonymous_2)
FNF:3
FNH:1
FNDA:0,(anonymous_0)
FNDA:0,(anonymous_1)
FNDA:2,(anonymous_2)
DA:12,2
DA:13,0
DA:14,0
DA:17,2
DA:18,0
DA:19,0
DA:28,2
DA:31,2
LF:8
LH:4
BRF:0
BRH:0
end_of_record
TN:
SF:src\modules\banda\pages\CrearBandaUno.jsx
FN:7,(anonymous_0)
FN:11,(anonymous_1)
FNF:2
FNH:2
FNDA:2,(anonymous_0)
FNDA:2,(anonymous_1)
DA:7,2
DA:8,2
DA:9,2
DA:12,2
DA:14,2
LF:5
LH:5
BRF:0
BRH:0
end_of_record
TN:
SF:src\modules\banda\pages\MisBandas.jsx
FN:7,(anonymous_0)
FN:16,(anonymous_1)
FN:17,(anonymous_2)
FN:72,(anonymous_3)
FNF:4
FNH:3
FNDA:1,(anonymous_0)
FNDA:1,(anonymous_1)
FNDA:1,(anonymous_2)
FNDA:0,(anonymous_3)
DA:7,3
DA:9,1
DA:10,1
DA:11,1
DA:12,1
DA:13,1
DA:16,1
DA:17,1
DA:18,1
DA:19,0
DA:20,0
DA:26,1
DA:27,1
DA:31,1
DA:36,1
DA:73,0
LF:16
LH:13
BRDA:18,0,0,0
BRDA:18,0,1,1
BRDA:38,1,0,1
BRDA:38,1,1,0
BRDA:38,1,2,0
BRDA:59,2,0,1
BRDA:59,2,1,0
BRF:7
BRH:3
end_of_record
TN:
SF:src\modules\banda\pages\PanelDirectivo.jsx
FN:10,(anonymous_0)
FN:20,(anonymous_1)
FN:31,(anonymous_2)
FN:43,(anonymous_3)
FN:54,(anonymous_4)
FN:66,(anonymous_5)
FN:67,(anonymous_6)
FNF:7
FNH:3
FNDA:1,(anonymous_0)
FNDA:0,(anonymous_1)
FNDA:0,(anonymous_2)
FNDA:0,(anonymous_3)
FNDA:0,(anonymous_4)
FNDA:1,(anonymous_5)
FNDA:1,(anonymous_6)
DA:10,1
DA:11,1
DA:12,1
DA:13,1
DA:14,1
DA:15,1
DA:16,1
DA:20,1
DA:21,0
DA:22,0
DA:32,0
DA:34,0
DA:36,0
DA:43,1
DA:44,0
DA:45,0
DA:55,0
DA:57,0
DA:59,0
DA:60,0
DA:66,1
DA:67,1
DA:68,1
DA:69,1
DA:70,1
DA:72,1
DA:73,1
DA:76,1
DA:78,1
DA:81,1
DA:92,0
LF:31
LH:19
BRDA:32,0,0,0
BRDA:32,0,1,0
BRDA:55,1,0,0
BRDA:55,1,1,0
BRDA:59,2,0,0
BRDA:59,2,1,0
BRDA:72,3,0,1
BRDA:72,3,1,0
BRDA:72,4,0,1
BRDA:72,4,1,1
BRDA:72,4,2,1
BRDA:81,5,0,1
BRDA:81,5,1,0
BRDA:94,6,0,0
BRDA:94,6,1,0
BRF:15
BRH:5
end_of_record
TN:
SF:src\modules\banda\pages\PerfilBanda.jsx
FN:16,(anonymous_0)
FN:35,(anonymous_1)
FN:39,(anonymous_2)
FN:45,(anonymous_3)
FN:50,(anonymous_4)
FN:56,(anonymous_5)
FN:61,(anonymous_6)
FN:63,(anonymous_7)
FN:64,(anonymous_8)
FN:68,(anonymous_9)
FN:79,(anonymous_10)
FN:106,(anonymous_11)
FN:107,(anonymous_12)
FN:111,(anonymous_13)
FN:115,(anonymous_14)
FN:119,(anonymous_15)
FN:123,(anonymous_16)
FN:156,(anonymous_17)
FN:176,(anonymous_18)
FN:180,(anonymous_19)
FN:322,(anonymous_20)
FN:403,(anonymous_21)
FNF:22
FNH:11
FNDA:4,(anonymous_0)
FNDA:0,(anonymous_1)
FNDA:0,(anonymous_2)
FNDA:0,(anonymous_3)
FNDA:0,(anonymous_4)
FNDA:0,(anonymous_5)
FNDA:0,(anonymous_6)
FNDA:0,(anonymous_7)
FNDA:0,(anonymous_8)
FNDA:0,(anonymous_9)
FNDA:0,(anonymous_10)
FNDA:2,(anonymous_11)
FNDA:2,(anonymous_12)
FNDA:2,(anonymous_13)
FNDA:2,(anonymous_14)
FNDA:2,(anonymous_15)
FNDA:2,(anonymous_16)
FNDA:2,(anonymous_17)
FNDA:2,(anonymous_18)
FNDA:2,(anonymous_19)
FNDA:2,(anonymous_20)
FNDA:0,(anonymous_21)
DA:14,3
DA:16,3
DA:19,4
DA:20,4
DA:21,4
DA:22,4
DA:23,4
DA:24,4
DA:25,4
DA:26,4
DA:27,4
DA:28,4
DA:29,4
DA:30,4
DA:31,4
DA:35,4
DA:36,0
DA:39,4
DA:40,0
DA:41,0
DA:45,4
DA:46,0
DA:47,0
DA:50,4
DA:51,0
DA:52,0
DA:56,4
DA:57,0
DA:58,0
DA:61,4
DA:63,0
DA:64,0
DA:68,4
DA:69,0
DA:70,0
DA:80,0
DA:82,0
DA:84,0
DA:91,4
DA:92,4
DA:93,4
DA:94,4
DA:95,4
DA:96,4
DA:97,4
DA:98,4
DA:99,4
DA:100,4
DA:106,4
DA:107,2
DA:108,2
DA:109,2
DA:111,2
DA:112,2
DA:113,2
DA:115,2
DA:116,2
DA:117,2
DA:119,2
DA:120,2
DA:121,2
DA:123,2
DA:124,2
DA:125,2
DA:127,2
DA:128,1
DA:129,1
DA:130,1
DA:131,1
DA:132,1
DA:133,1
DA:134,1
DA:135,0
DA:137,1
DA:139,1
DA:142,2
DA:143,2
DA:144,1
DA:145,1
DA:146,1
DA:147,1
DA:148,1
DA:149,1
DA:150,1
DA:152,1
DA:154,2
DA:156,2
DA:157,2
DA:158,2
DA:159,2
DA:160,1
DA:161,1
DA:162,1
DA:163,1
DA:164,1
DA:165,1
DA:166,1
DA:167,0
DA:169,1
DA:171,1
DA:173,2
DA:176,2
DA:177,2
DA:178,2
DA:180,2
DA:181,2
DA:182,2
DA:184,2
DA:185,2
DA:186,2
DA:187,2
DA:188,2
DA:189,2
DA:190,2
DA:191,2
DA:195,4
DA:323,2
DA:404,0
LF:118
LH:99
BRDA:80,0,0,0
BRDA:80,0,1,0
BRDA:134,1,0,0
BRDA:134,1,1,1
BRDA:166,2,0,0
BRDA:166,2,1,1
BRDA:218,3,0,0
BRDA:218,3,1,4
BRDA:325,4,0,2
BRDA:325,4,1,0
BRDA:326,5,0,2
BRDA:326,5,1,2
BRDA:327,6,0,2
BRDA:327,6,1,0
BRDA:328,7,0,2
BRDA:328,7,1,0
BRDA:329,8,0,2
BRDA:329,8,1,0
BRDA:330,9,0,2
BRDA:330,9,1,0
BRDA:331,10,0,2
BRDA:331,10,1,0
BRDA:332,11,0,2
BRDA:332,11,1,0
BRDA:333,12,0,2
BRDA:333,12,1,0
BRDA:334,13,0,2
BRDA:334,13,1,0
BRDA:340,14,0,4
BRDA:340,14,1,0
BRDA:345,15,0,4
BRDA:345,15,1,0
BRDA:387,16,0,4
BRDA:387,16,1,0
BRDA:402,17,0,4
BRDA:402,17,1,0
BRDA:410,18,0,4
BRDA:410,18,1,0
BRF:38
BRH:19
end_of_record
TN:
SF:src\modules\banda\pages\RedesSociales.jsx
FN:12,(anonymous_0)
FN:22,(anonymous_1)
FN:33,(anonymous_2)
FN:43,(anonymous_3)
FN:49,(anonymous_4)
FN:54,(anonymous_5)
FN:56,(anonymous_6)
FN:57,(anonymous_7)
FN:61,(anonymous_8)
FN:62,(anonymous_9)
FN:66,(anonymous_10)
FN:122,(anonymous_11)
FN:127,(anonymous_12)
FNF:13
FNH:7
FNDA:6,(anonymous_0)
FNDA:1,(anonymous_1)
FNDA:2,(anonymous_2)
FNDA:0,(anonymous_3)
FNDA:0,(anonymous_4)
FNDA:0,(anonymous_5)
FNDA:0,(anonymous_6)
FNDA:0,(anonymous_7)
FNDA:1,(anonymous_8)
FNDA:1,(anonymous_9)
FNDA:1,(anonymous_10)
FNDA:1,(anonymous_11)
FNDA:0,(anonymous_12)
DA:12,6
DA:22,3
DA:33,3
DA:35,2
DA:36,2
DA:37,2
DA:38,2
DA:39,2
DA:40,2
DA:41,2
DA:43,2
DA:44,0
DA:45,0
DA:49,2
DA:50,0
DA:51,0
DA:54,2
DA:55,0
DA:56,0
DA:57,0
DA:61,2
DA:62,1
DA:63,1
DA:64,1
DA:66,1
DA:67,1
DA:68,1
DA:69,1
DA:70,1
DA:71,1
DA:74,1
DA:76,1
DA:77,1
DA:80,2
DA:90,1
DA:123,1
DA:127,0
LF:37
LH:29
BRDA:70,0,0,1
BRDA:70,0,1,0
BRDA:70,1,0,1
BRDA:70,1,1,1
BRDA:70,1,2,1
BRDA:80,2,0,1
BRDA:80,2,1,1
BRDA:92,3,0,1
BRDA:92,3,1,0
BRF:9
BRH:7
end_of_record
TN:
SF:src\modules\banda\pages\UpdateBandaForm.jsx
FN:11,(anonymous_0)
FN:23,(anonymous_1)
FN:27,(anonymous_2)
FN:34,(anonymous_3)
FN:35,(anonymous_4)
FN:39,(anonymous_5)
FN:56,(anonymous_6)
FN:62,(anonymous_7)
FN:68,(anonymous_8)
FN:84,(anonymous_9)
FN:84,(anonymous_10)
FNF:11
FNH:7
FNDA:4,(anonymous_0)
FNDA:1,(anonymous_1)
FNDA:0,(anonymous_2)
FNDA:1,(anonymous_3)
FNDA:1,(anonymous_4)
FNDA:1,(anonymous_5)
FNDA:3,(anonymous_6)
FNDA:0,(anonymous_7)
FNDA:0,(anonymous_8)
FNDA:11,(anonymous_9)
FNDA:0,(anonymous_10)
DA:11,2
DA:12,4
DA:14,4
DA:15,4
DA:16,4
DA:17,4
DA:18,4
DA:19,4
DA:21,4
DA:23,4
DA:24,1
DA:25,0
DA:27,1
DA:28,0
DA:29,0
DA:34,4
DA:35,1
DA:36,1
DA:37,1
DA:39,1
DA:40,1
DA:41,1
DA:42,1
DA:43,1
DA:44,1
DA:47,1
DA:49,1
DA:50,1
DA:56,4
DA:58,3
DA:62,4
DA:63,0
DA:68,4
DA:70,0
DA:72,0
DA:74,0
DA:77,0
DA:84,11
DA:85,0
DA:89,4
DA:90,1
DA:101,3
DA:103,1
DA:115,1
DA:127,1
LF:45
LH:36
BRDA:24,0,0,0
BRDA:24,0,1,1
BRDA:24,1,0,1
BRDA:24,1,1,0
BRDA:28,2,0,0
BRDA:28,2,1,0
BRDA:43,3,0,1
BRDA:43,3,1,0
BRDA:43,4,0,1
BRDA:43,4,1,1
BRDA:43,4,2,1
BRDA:72,5,0,0
BRDA:72,5,1,0
BRDA:89,6,0,1
BRDA:89,6,1,3
BRDA:89,7,0,4
BRDA:89,7,1,3
BRDA:101,8,0,1
BRDA:101,8,1,1
BRDA:101,8,2,1
BRDA:105,9,0,1
BRDA:105,9,1,0
BRDA:117,10,0,1
BRDA:117,10,1,0
BRDA:129,11,0,1
BRDA:129,11,1,0
BRF:26
BRH:16
end_of_record
TN:
SF:src\modules\peticiones\index.js
FNF:0
FNH:0
LF:0
LH:0
BRF:0
BRH:0
end_of_record
TN:
SF:src\modules\peticiones\modals\CrearPeticion.jsx
FN:38,sleep
FN:39,(anonymous_1)
FN:44,(anonymous_2)
FN:59,(anonymous_3)
FN:62,(anonymous_4)
FN:74,(anonymous_5)
FN:117,(anonymous_6)
FN:117,(anonymous_7)
FN:122,(anonymous_8)
FN:136,(anonymous_9)
FN:143,(anonymous_10)
FN:152,(anonymous_11)
FN:157,(anonymous_12)
FN:163,(anonymous_13)
FN:199,(anonymous_14)
FN:214,(anonymous_15)
FN:217,(anonymous_16)
FN:220,(anonymous_17)
FN:221,(anonymous_18)
FN:224,(anonymous_19)
FN:258,(anonymous_20)
FN:279,(anonymous_21)
FN:300,(anonymous_22)
FNF:23
FNH:13
FNDA:1,sleep
FNDA:1,(anonymous_1)
FNDA:2,(anonymous_2)
FNDA:0,(anonymous_3)
FNDA:0,(anonymous_4)
FNDA:0,(anonymous_5)
FNDA:8,(anonymous_6)
FNDA:0,(anonymous_7)
FNDA:1,(anonymous_8)
FNDA:1,(anonymous_9)
FNDA:1,(anonymous_10)
FNDA:1,(anonymous_11)
FNDA:1,(anonymous_12)
FNDA:0,(anonymous_13)
FNDA:6,(anonymous_14)
FNDA:0,(anonymous_15)
FNDA:0,(anonymous_16)
FNDA:0,(anonymous_17)
FNDA:0,(anonymous_18)
FNDA:3,(anonymous_19)
FNDA:0,(anonymous_20)
FNDA:60,(anonymous_21)
FNDA:8,(anonymous_22)
DA:14,2
DA:28,2
DA:34,2
DA:35,2
DA:36,2
DA:39,1
DA:40,1
DA:44,2
DA:47,2
DA:48,2
DA:49,2
DA:50,2
DA:51,2
DA:52,2
DA:53,2
DA:55,2
DA:56,2
DA:57,2
DA:59,2
DA:60,0
DA:61,0
DA:62,0
DA:63,0
DA:64,0
DA:65,0
DA:66,0
DA:67,0
DA:68,0
DA:69,0
DA:70,0
DA:74,2
DA:75,0
DA:76,0
DA:78,0
DA:79,0
DA:83,0
DA:86,0
DA:87,0
DA:90,0
DA:91,0
DA:93,0
DA:94,0
DA:95,0
DA:98,0
DA:99,0
DA:100,0
DA:102,0
DA:103,0
DA:104,0
DA:105,0
DA:106,0
DA:107,0
DA:111,0
DA:112,0
DA:113,0
DA:117,8
DA:118,0
DA:119,0
DA:122,2
DA:123,1
DA:124,0
DA:125,0
DA:126,0
DA:128,0
DA:129,0
DA:136,2
DA:137,1
DA:139,1
DA:140,0
DA:143,1
DA:144,1
DA:146,0
DA:147,0
DA:148,0
DA:152,1
DA:153,1
DA:157,2
DA:158,1
DA:159,1
DA:163,2
DA:164,0
DA:165,0
DA:169,2
DA:200,6
DA:215,0
DA:218,0
DA:220,0
DA:221,0
DA:225,3
DA:259,0
DA:280,60
DA:301,8
LF:92
LH:39
BRDA:38,0,0,0
BRDA:52,1,0,2
BRDA:52,1,1,2
BRDA:63,2,0,0
BRDA:63,2,1,0
BRDA:64,3,0,0
BRDA:64,3,1,0
BRDA:65,4,0,0
BRDA:65,4,1,0
BRDA:66,5,0,0
BRDA:66,5,1,0
BRDA:67,6,0,0
BRDA:67,6,1,0
BRDA:68,7,0,0
BRDA:68,7,1,0
BRDA:69,8,0,0
BRDA:69,8,1,0
BRDA:78,9,0,0
BRDA:78,9,1,0
BRDA:90,10,0,0
BRDA:90,10,1,0
BRDA:93,11,0,0
BRDA:93,11,1,0
BRDA:105,12,0,0
BRDA:105,12,1,0
BRDA:105,13,0,0
BRDA:105,13,1,0
BRDA:119,14,0,0
BRDA:119,14,1,0
BRDA:123,15,0,0
BRDA:123,15,1,1
BRDA:139,16,0,0
BRDA:139,16,1,1
BRDA:146,17,0,0
BRDA:146,17,1,0
BRDA:158,18,0,1
BRDA:158,18,1,0
BRDA:221,19,0,0
BRDA:221,19,1,0
BRDA:234,20,0,3
BRDA:234,20,1,0
BRDA:243,21,0,2
BRDA:243,21,1,0
BRDA:264,22,0,2
BRDA:264,22,1,2
BRDA:285,23,0,2
BRDA:285,23,1,2
BRF:47
BRH:11
end_of_record
TN:
SF:src\modules\peticiones\pages\Peticiones.jsx
FN:7,(anonymous_0)
FN:17,(anonymous_1)
FN:18,(anonymous_2)
FN:52,(anonymous_3)
FNF:4
FNH:4
FNDA:3,(anonymous_0)
FNDA:2,(anonymous_1)
FNDA:2,(anonymous_2)
FNDA:2,(anonymous_3)
DA:7,2
DA:10,3
DA:11,3
DA:12,3
DA:13,3
DA:17,3
DA:18,2
DA:19,2
DA:20,2
DA:22,2
DA:25,3
DA:53,2
LF:12
LH:12
BRDA:28,0,0,3
BRDA:28,0,1,0
BRF:2
BRH:1
end_of_record
TN:
SF:src\modules\peticiones\pages\PeticionesBanda.jsx
FN:8,(anonymous_0)
FN:20,(anonymous_1)
FN:25,(anonymous_2)
FN:30,(anonymous_3)
FN:31,(anonymous_4)
FN:36,(anonymous_5)
FN:97,(anonymous_6)
FNF:7
FNH:5
FNDA:2,(anonymous_0)
FNDA:0,(anonymous_1)
FNDA:0,(anonymous_2)
FNDA:2,(anonymous_3)
FNDA:2,(anonymous_4)
FNDA:2,(anonymous_5)
FNDA:1,(anonymous_6)
DA:8,1
DA:11,2
DA:12,2
DA:13,2
DA:14,2
DA:15,2
DA:16,2
DA:17,2
DA:20,2
DA:21,0
DA:22,0
DA:25,2
DA:26,0
DA:27,0
DA:30,2
DA:31,2
DA:32,2
DA:34,2
DA:36,2
DA:37,2
DA:38,2
DA:39,2
DA:41,2
DA:42,2
DA:45,2
DA:47,2
DA:48,2
DA:51,2
DA:61,1
DA:98,1
LF:30
LH:26
BRDA:41,0,0,2
BRDA:41,0,1,0
BRDA:41,1,0,2
BRDA:41,1,1,2
BRDA:41,1,2,2
BRDA:51,2,0,1
BRDA:51,2,1,1
BRDA:63,3,0,1
BRDA:63,3,1,0
BRF:9
BRH:7
end_of_record
TN:
SF:src\modules\user\index.js
FNF:0
FNH:0
LF:0
LH:0
BRF:0
BRH:0
end_of_record
TN:
SF:src\modules\user\modals\AñadirEstudioModal.jsx
FN:27,(anonymous_0)
FN:36,(anonymous_1)
FN:48,(anonymous_2)
FN:57,(anonymous_3)
FN:63,(anonymous_4)
FN:72,(anonymous_5)
FN:78,(anonymous_6)
FN:78,(anonymous_7)
FN:82,(anonymous_8)
FN:94,(anonymous_9)
FN:95,(anonymous_10)
FN:139,(anonymous_11)
FNF:12
FNH:6
FNDA:3,(anonymous_0)
FNDA:0,(anonymous_1)
FNDA:0,(anonymous_2)
FNDA:0,(anonymous_3)
FNDA:0,(anonymous_4)
FNDA:0,(anonymous_5)
FNDA:18,(anonymous_6)
FNDA:0,(anonymous_7)
FNDA:2,(anonymous_8)
FNDA:2,(anonymous_9)
FNDA:2,(anonymous_10)
FNDA:18,(anonymous_11)
DA:11,18
DA:25,18
DA:27,18
DA:30,3
DA:33,3
DA:34,3
DA:36,3
DA:37,0
DA:38,0
DA:39,0
DA:40,0
DA:41,0
DA:42,0
DA:43,0
DA:44,0
DA:45,0
DA:48,3
DA:49,0
DA:50,0
DA:51,0
DA:52,0
DA:56,0
DA:57,0
DA:58,0
DA:59,0
DA:63,3
DA:64,0
DA:65,0
DA:67,0
DA:68,0
DA:71,0
DA:72,0
DA:73,0
DA:74,0
DA:78,18
DA:79,0
DA:82,3
DA:83,2
DA:84,0
DA:85,0
DA:86,0
DA:88,0
DA:89,0
DA:94,3
DA:95,2
DA:96,2
DA:97,1
DA:98,1
DA:99,1
DA:100,1
DA:103,2
DA:108,3
DA:140,18
LF:53
LH:22
BRDA:39,0,0,0
BRDA:39,0,1,0
BRDA:40,1,0,0
BRDA:40,1,1,0
BRDA:41,2,0,0
BRDA:41,2,1,0
BRDA:42,3,0,0
BRDA:42,3,1,0
BRDA:43,4,0,0
BRDA:43,4,1,0
BRDA:44,5,0,0
BRDA:44,5,1,0
BRDA:51,6,0,0
BRDA:51,6,1,0
BRDA:67,7,0,0
BRDA:67,7,1,0
BRDA:83,8,0,0
BRDA:83,8,1,2
BRDA:96,9,0,1
BRDA:96,9,1,1
BRDA:220,10,0,3
BRDA:220,10,1,1
BRDA:225,11,0,3
BRDA:225,11,1,2
BRF:24
BRH:7
end_of_record
TN:
SF:src\modules\user\modals\AñadirInstrumentoModal.jsx
FN:32,(anonymous_0)
FN:42,(anonymous_1)
FN:52,(anonymous_2)
FN:61,(anonymous_3)
FN:67,(anonymous_4)
FN:77,(anonymous_5)
FN:83,(anonymous_6)
FN:83,(anonymous_7)
FN:87,(anonymous_8)
FN:99,(anonymous_9)
FN:100,(anonymous_10)
FN:142,(anonymous_11)
FNF:12
FNH:6
FNDA:3,(anonymous_0)
FNDA:0,(anonymous_1)
FNDA:0,(anonymous_2)
FNDA:0,(anonymous_3)
FNDA:0,(anonymous_4)
FNDA:0,(anonymous_5)
FNDA:12,(anonymous_6)
FNDA:0,(anonymous_7)
FNDA:2,(anonymous_8)
FNDA:2,(anonymous_9)
FNDA:2,(anonymous_10)
FNDA:90,(anonymous_11)
DA:11,18
DA:25,18
DA:32,18
DA:35,3
DA:39,3
DA:40,3
DA:42,3
DA:43,0
DA:44,0
DA:45,0
DA:46,0
DA:47,0
DA:49,0
DA:52,3
DA:53,0
DA:54,0
DA:55,0
DA:56,0
DA:60,0
DA:61,0
DA:62,0
DA:63,0
DA:67,3
DA:68,0
DA:69,0
DA:71,0
DA:72,0
DA:76,0
DA:77,0
DA:78,0
DA:79,0
DA:83,12
DA:84,0
DA:87,3
DA:88,2
DA:89,0
DA:90,0
DA:91,0
DA:93,0
DA:94,0
DA:99,3
DA:100,2
DA:101,2
DA:102,1
DA:103,1
DA:106,2
DA:111,3
DA:143,90
LF:48
LH:20
BRDA:44,0,0,0
BRDA:44,0,1,0
BRDA:45,1,0,0
BRDA:45,1,1,0
BRDA:46,2,0,0
BRDA:46,2,1,0
BRDA:47,3,0,0
BRDA:47,3,1,0
BRDA:55,4,0,0
BRDA:55,4,1,0
BRDA:71,5,0,0
BRDA:71,5,1,0
BRDA:88,6,0,0
BRDA:88,6,1,2
BRDA:101,7,0,1
BRDA:101,7,1,1
BRDA:195,8,0,3
BRDA:195,8,1,1
BRDA:200,9,0,3
BRDA:200,9,1,2
BRF:20
BRH:7
end_of_record
TN:
SF:src\modules\user\modals\EditarFoto.jsx
FN:24,(anonymous_0)
FN:32,(anonymous_1)
FN:32,(anonymous_2)
FN:37,(anonymous_3)
FN:50,(anonymous_4)
FN:63,(anonymous_5)
FNF:6
FNH:3
FNDA:1,(anonymous_0)
FNDA:1,(anonymous_1)
FNDA:0,(anonymous_2)
FNDA:0,(anonymous_3)
FNDA:0,(anonymous_4)
FNDA:1,(anonymous_5)
DA:9,18
DA:24,18
DA:26,1
DA:27,1
DA:28,1
DA:29,1
DA:30,1
DA:32,1
DA:33,0
DA:34,0
DA:37,1
DA:38,0
DA:40,0
DA:41,0
DA:44,0
DA:45,0
DA:46,0
DA:50,1
DA:51,0
DA:53,0
DA:54,0
DA:57,0
DA:58,0
DA:59,0
DA:63,1
DA:64,1
DA:65,0
DA:66,0
DA:67,0
DA:69,0
DA:70,0
DA:71,0
DA:76,1
LF:33
LH:13
BRDA:40,0,0,0
BRDA:40,0,1,0
BRDA:53,1,0,0
BRDA:53,1,1,0
BRDA:64,2,0,0
BRDA:64,2,1,1
BRDA:108,3,0,0
BRDA:108,3,1,1
BRDA:113,4,0,0
BRDA:113,4,1,1
BRF:10
BRH:3
end_of_record
TN:
SF:src\modules\user\pages\Perfil.jsx
FN:35,(anonymous_0)
FN:61,(anonymous_1)
FN:64,(anonymous_2)
FN:75,(anonymous_3)
FN:83,(anonymous_4)
FN:100,(anonymous_5)
FN:100,(anonymous_6)
FN:104,(anonymous_7)
FN:105,(anonymous_8)
FN:107,(anonymous_9)
FN:112,(anonymous_10)
FN:117,(anonymous_11)
FN:122,(anonymous_12)
FN:127,(anonymous_13)
FN:132,(anonymous_14)
FN:137,(anonymous_15)
FN:139,(anonymous_16)
FN:140,(anonymous_17)
FN:144,(anonymous_18)
FN:146,(anonymous_19)
FN:147,(anonymous_20)
FN:155,(anonymous_21)
FN:156,(anonymous_22)
FN:161,(anonymous_23)
FN:165,(anonymous_24)
FN:169,(anonymous_25)
FN:173,(anonymous_26)
FN:178,(anonymous_27)
FN:190,(anonymous_28)
FN:444,(anonymous_29)
FN:455,(anonymous_30)
FN:466,(anonymous_31)
FNF:32
FNH:12
FNDA:6,(anonymous_0)
FNDA:2,(anonymous_1)
FNDA:0,(anonymous_2)
FNDA:0,(anonymous_3)
FNDA:0,(anonymous_4)
FNDA:12,(anonymous_5)
FNDA:0,(anonymous_6)
FNDA:0,(anonymous_7)
FNDA:0,(anonymous_8)
FNDA:0,(anonymous_9)
FNDA:0,(anonymous_10)
FNDA:0,(anonymous_11)
FNDA:0,(anonymous_12)
FNDA:0,(anonymous_13)
FNDA:0,(anonymous_14)
FNDA:0,(anonymous_15)
FNDA:0,(anonymous_16)
FNDA:0,(anonymous_17)
FNDA:0,(anonymous_18)
FNDA:0,(anonymous_19)
FNDA:0,(anonymous_20)
FNDA:2,(anonymous_21)
FNDA:2,(anonymous_22)
FNDA:2,(anonymous_23)
FNDA:2,(anonymous_24)
FNDA:2,(anonymous_25)
FNDA:2,(anonymous_26)
FNDA:0,(anonymous_27)
FNDA:2,(anonymous_28)
FNDA:1,(anonymous_29)
FNDA:0,(anonymous_30)
FNDA:3,(anonymous_31)
DA:14,18
DA:29,18
DA:35,18
DA:38,6
DA:39,6
DA:40,6
DA:41,6
DA:42,6
DA:43,6
DA:44,6
DA:45,6
DA:46,6
DA:47,6
DA:48,6
DA:49,6
DA:50,6
DA:53,6
DA:54,6
DA:55,6
DA:56,6
DA:57,6
DA:58,6
DA:59,6
DA:61,6
DA:62,2
DA:64,6
DA:65,0
DA:66,0
DA:76,0
DA:78,0
DA:79,0
DA:83,6
DA:84,0
DA:85,0
DA:86,0
DA:87,0
DA:88,0
DA:90,0
DA:91,0
DA:94,0
DA:95,0
DA:96,0
DA:100,12
DA:101,0
DA:104,6
DA:105,6
DA:107,6
DA:108,0
DA:109,0
DA:112,6
DA:113,0
DA:114,0
DA:117,6
DA:118,0
DA:119,0
DA:122,6
DA:123,0
DA:124,0
DA:127,6
DA:128,0
DA:129,0
DA:132,6
DA:133,0
DA:134,0
DA:137,6
DA:139,0
DA:140,0
DA:144,6
DA:146,0
DA:147,0
DA:151,6
DA:152,6
DA:155,6
DA:156,2
DA:157,2
DA:158,2
DA:159,2
DA:161,2
DA:162,2
DA:163,2
DA:165,2
DA:166,2
DA:167,2
DA:169,2
DA:170,2
DA:171,2
DA:173,2
DA:174,2
DA:175,2
DA:176,2
DA:177,2
DA:178,2
DA:179,2
DA:180,2
DA:181,2
DA:182,2
DA:183,2
DA:184,1
DA:185,1
DA:186,2
DA:188,2
DA:190,2
DA:191,2
DA:193,2
DA:194,2
DA:195,2
DA:196,2
DA:197,2
DA:198,2
DA:202,6
DA:445,1
DA:456,0
DA:467,3
LF:113
LH:80
BRDA:76,0,0,0
BRDA:76,0,1,0
BRDA:86,1,0,0
BRDA:86,1,1,0
BRDA:87,2,0,0
BRDA:87,2,1,0
BRDA:88,3,0,0
BRDA:88,3,1,0
BRDA:90,4,0,0
BRDA:90,4,1,0
BRDA:183,5,0,1
BRDA:183,5,1,1
BRDA:191,6,0,2
BRDA:191,6,1,0
BRDA:284,7,0,6
BRDA:284,7,1,5
BRDA:286,8,0,5
BRDA:286,8,1,5
BRDA:291,9,0,6
BRDA:291,9,1,1
BRDA:293,10,0,1
BRDA:293,10,1,1
BRDA:384,11,0,6
BRDA:384,11,1,5
BRDA:424,12,0,6
BRDA:424,12,1,0
BRDA:424,12,2,0
BRDA:429,13,0,6
BRDA:429,13,1,1
BRDA:429,13,2,1
BRDA:443,14,0,6
BRDA:443,14,1,1
BRDA:454,15,0,6
BRDA:454,15,1,0
BRDA:465,16,0,6
BRDA:465,16,1,5
BRF:36
BRH:22
end_of_record
TN:
SF:src\store\auth\authSlice.js
FN:14,(anonymous_0)
FN:19,(anonymous_1)
FN:24,(anonymous_2)
FN:29,(anonymous_3)
FN:34,(anonymous_4)
FN:37,(anonymous_5)
FNF:6
FNH:5
FNDA:4,(anonymous_0)
FNDA:3,(anonymous_1)
FNDA:1,(anonymous_2)
FNDA:5,(anonymous_3)
FNDA:0,(anonymous_4)
FNDA:3,(anonymous_5)
DA:5,67
DA:15,4
DA:16,4
DA:17,4
DA:20,3
DA:21,3
DA:22,3
DA:25,1
DA:26,1
DA:27,1
DA:30,5
DA:31,5
DA:32,5
DA:35,0
DA:38,3
DA:43,67
LF:16
LH:15
BRF:0
BRH:0
end_of_record
TN:
SF:tests\fixtures\archiveroFixtures.js
FNF:0
FNH:0
DA:1,1
LF:1
LH:1
BRF:0
BRH:0
end_of_record
TN:
SF:tests\fixtures\authFixtures.js
FNF:0
FNH:0
DA:1,44
DA:7,44
DA:13,44
DA:22,44
LF:4
LH:4
BRF:0
BRH:0
end_of_record
TN:
SF:tests\fixtures\bandaFixtures.js
FNF:0
FNH:0
DA:1,14
DA:16,14
LF:2
LH:2
BRF:0
BRH:0
end_of_record
TN:
SF:tests\fixtures\comentarioFixtures.js
FNF:0
FNH:0
DA:1,2
LF:1
LH:1
BRF:0
BRH:0
end_of_record
TN:
SF:tests\fixtures\directivoFixtures.js
FNF:0
FNH:0
DA:1,12
LF:1
LH:1
BRF:0
BRH:0
end_of_record
TN:
SF:tests\fixtures\estudioFixture.js
FNF:0
FNH:0
DA:1,3
DA:12,3
LF:2
LH:2
BRF:0
BRH:0
end_of_record
TN:
SF:tests\fixtures\instrumentoFixtures.js
FNF:0
FNH:0
DA:1,3
LF:1
LH:1
BRF:0
BRH:0
end_of_record
TN:
SF:tests\fixtures\musicoFixtures.js
FNF:0
FNH:0
DA:1,3
LF:1
LH:1
BRF:0
BRH:0
end_of_record
TN:
SF:tests\fixtures\peticionFixtures.js
FNF:0
FNH:0
DA:1,3
DA:13,3
LF:2
LH:2
BRF:0
BRH:0
end_of_record
TN:
SF:tests\fixtures\redSocialFixtures.js
FNF:0
FNH:0
DA:1,3
LF:1
LH:1
BRF:0
BRH:0
end_of_record
TN:
SF:tests\fixtures\testUser.js
FNF:0
FNH:0
DA:1,16
DA:20,16
LF:2
LH:2
BRF:0
BRH:0
end_of_record
