TN:
SF:src\Components\Archivo.jsx
FN:3,(anonymous_0)
FNF:1
FNH:1
FNDA:1,(anonymous_0)
DA:3,22
DA:4,1
LF:2
LH:2
BRF:0
BRH:0
end_of_record
TN:
SF:src\Components\Banda.jsx
FN:7,(anonymous_0)
FN:11,(anonymous_1)
FN:12,(anonymous_2)
FNF:3
FNH:3
FNDA:1,(anonymous_0)
FNDA:1,(anonymous_1)
FNDA:1,(anonymous_2)
DA:7,23
DA:8,1
DA:9,1
DA:11,1
DA:12,1
DA:13,1
DA:14,1
DA:16,1
DA:19,1
LF:9
LH:9
BRF:0
BRH:0
end_of_record
TN:
SF:src\Components\Buscador.jsx
FN:8,sleep
FN:9,(anonymous_1)
FN:14,Buscador
FN:21,(anonymous_3)
FN:36,(anonymous_4)
FN:43,(anonymous_5)
FN:52,(anonymous_6)
FN:57,(anonymous_7)
FN:74,(anonymous_8)
FN:77,(anonymous_9)
FN:80,(anonymous_10)
FN:81,(anonymous_11)
FN:84,(anonymous_12)
FNF:13
FNH:4
FNDA:0,sleep
FNDA:0,(anonymous_1)
FNDA:16,Buscador
FNDA:0,(anonymous_3)
FNDA:6,(anonymous_4)
FNDA:0,(anonymous_5)
FNDA:0,(anonymous_6)
FNDA:6,(anonymous_7)
FNDA:0,(anonymous_8)
FNDA:0,(anonymous_9)
FNDA:0,(anonymous_10)
FNDA:0,(anonymous_11)
FNDA:22,(anonymous_12)
DA:9,0
DA:10,0
DA:15,16
DA:16,16
DA:17,16
DA:18,16
DA:19,16
DA:21,16
DA:22,0
DA:23,0
DA:24,0
DA:25,0
DA:27,0
DA:28,0
DA:30,0
DA:36,16
DA:37,6
DA:39,6
DA:40,6
DA:43,0
DA:44,0
DA:46,0
DA:47,0
DA:48,0
DA:52,0
DA:53,0
DA:57,16
DA:58,6
DA:59,6
DA:63,16
DA:75,0
DA:78,0
DA:80,0
DA:81,0
DA:85,22
LF:35
LH:15
BRDA:8,0,0,0
BRDA:17,1,0,16
BRDA:17,1,1,0
BRDA:23,2,0,0
BRDA:23,2,1,0
BRDA:24,3,0,0
BRDA:24,3,1,0
BRDA:27,4,0,0
BRDA:27,4,1,0
BRDA:39,5,0,6
BRDA:39,5,1,0
BRDA:46,6,0,0
BRDA:46,6,1,0
BRDA:58,7,0,6
BRDA:58,7,1,0
BRDA:81,8,0,0
BRDA:81,8,1,0
BRDA:94,9,0,0
BRDA:94,9,1,22
BRF:19
BRH:4
end_of_record
TN:
SF:src\Components\Calendario.jsx
FN:10,(anonymous_0)
FN:16,(anonymous_1)
FN:20,(anonymous_2)
FN:21,(anonymous_3)
FN:76,(anonymous_4)
FNF:5
FNH:4
FNDA:4,(anonymous_0)
FNDA:0,(anonymous_1)
FNDA:2,(anonymous_2)
FNDA:2,(anonymous_3)
FNDA:5,(anonymous_4)
DA:10,21
DA:11,4
DA:12,4
DA:13,4
DA:15,4
DA:16,4
DA:17,0
DA:18,0
DA:20,4
DA:21,2
DA:22,2
DA:23,1
DA:26,1
DA:28,2
DA:29,1
DA:33,1
DA:36,2
DA:39,4
DA:77,5
LF:19
LH:17
BRDA:22,0,0,1
BRDA:22,0,1,1
BRDA:28,1,0,1
BRDA:28,1,1,1
BRDA:75,2,0,2
BRDA:75,2,1,2
BRF:6
BRH:6
end_of_record
TN:
SF:src\Components\Comentario.jsx
FN:22,(anonymous_0)
FN:46,(anonymous_1)
FN:55,(anonymous_2)
FN:64,(anonymous_3)
FN:76,(anonymous_4)
FN:84,(anonymous_5)
FN:95,(anonymous_6)
FN:96,(anonymous_7)
FN:101,(anonymous_8)
FN:105,(anonymous_9)
FN:122,(anonymous_10)
FN:123,(anonymous_11)
FNF:12
FNH:11
FNDA:4,(anonymous_0)
FNDA:1,(anonymous_1)
FNDA:0,(anonymous_2)
FNDA:1,(anonymous_3)
FNDA:1,(anonymous_4)
FNDA:1,(anonymous_5)
FNDA:1,(anonymous_6)
FNDA:1,(anonymous_7)
FNDA:1,(anonymous_8)
FNDA:1,(anonymous_9)
FNDA:1,(anonymous_10)
FNDA:1,(anonymous_11)
DA:22,14
DA:24,4
DA:25,4
DA:26,4
DA:27,4
DA:29,4
DA:32,4
DA:35,4
DA:36,4
DA:37,4
DA:44,4
DA:46,4
DA:47,1
DA:48,1
DA:56,0
DA:58,0
DA:59,0
DA:64,4
DA:65,1
DA:66,1
DA:71,1
DA:72,1
DA:73,1
DA:76,4
DA:77,1
DA:78,1
DA:79,1
DA:80,1
DA:81,1
DA:84,4
DA:85,1
DA:86,0
DA:87,0
DA:88,1
DA:89,0
DA:90,0
DA:95,4
DA:96,1
DA:97,1
DA:98,1
DA:99,1
DA:101,1
DA:102,1
DA:103,1
DA:105,1
DA:106,1
DA:111,1
DA:112,0
DA:114,1
DA:117,1
DA:118,1
DA:119,1
DA:122,4
DA:123,1
DA:124,1
DA:128,1
DA:130,1
DA:133,4
LF:58
LH:50
BRDA:56,0,0,0
BRDA:56,0,1,0
BRDA:85,1,0,0
BRDA:85,1,1,1
BRDA:88,2,0,0
BRDA:88,2,1,1
BRDA:111,3,0,0
BRDA:111,3,1,1
BRDA:145,4,0,4
BRDA:145,4,1,4
BRDA:160,5,0,1
BRDA:160,5,1,3
BRF:12
BRH:7
end_of_record
TN:
SF:src\Components\Contratado.jsx
FN:11,(anonymous_0)
FN:22,(anonymous_1)
FN:23,(anonymous_2)
FN:30,(anonymous_3)
FN:31,(anonymous_4)
FN:38,(anonymous_5)
FN:47,(anonymous_6)
FNF:7
FNH:6
FNDA:2,(anonymous_0)
FNDA:1,(anonymous_1)
FNDA:1,(anonymous_2)
FNDA:1,(anonymous_3)
FNDA:1,(anonymous_4)
FNDA:1,(anonymous_5)
FNDA:0,(anonymous_6)
DA:11,21
DA:12,2
DA:13,2
DA:15,2
DA:16,2
DA:18,2
DA:19,2
DA:20,2
DA:22,2
DA:23,1
DA:24,1
DA:25,1
DA:27,1
DA:30,2
DA:31,1
DA:32,1
DA:33,1
DA:35,1
DA:38,2
DA:39,1
DA:48,0
DA:49,0
DA:60,0
DA:62,0
DA:63,0
DA:72,2
LF:26
LH:21
BRDA:48,0,0,0
BRDA:48,0,1,0
BRDA:51,1,0,0
BRDA:51,1,1,0
BRDA:53,2,0,0
BRDA:53,2,1,0
BRDA:62,3,0,0
BRDA:62,3,1,0
BRF:8
BRH:0
end_of_record
TN:
SF:src\Components\Documento.jsx
FN:36,(anonymous_0)
FN:60,(anonymous_1)
FNF:2
FNH:2
FNDA:1,(anonymous_0)
FNDA:1,(anonymous_1)
DA:4,21
DA:36,21
DA:37,1
DA:61,1
LF:4
LH:4
BRF:0
BRH:0
end_of_record
TN:
SF:src\Components\Estadistica.jsx
FN:8,(anonymous_0)
FN:13,(anonymous_1)
FN:14,(anonymous_2)
FNF:3
FNH:3
FNDA:6,(anonymous_0)
FNDA:3,(anonymous_1)
FNDA:3,(anonymous_2)
DA:8,21
DA:9,6
DA:11,6
DA:13,6
DA:14,3
DA:15,3
DA:16,3
DA:18,3
DA:21,6
LF:9
LH:9
BRDA:34,0,0,2
BRDA:34,0,1,4
BRDA:36,1,0,2
BRDA:36,1,1,2
BRF:4
BRH:4
end_of_record
TN:
SF:src\Components\Estudio.jsx
FN:8,(anonymous_0)
FN:30,(anonymous_1)
FN:34,(anonymous_2)
FN:39,(anonymous_3)
FN:48,(anonymous_4)
FN:58,(anonymous_5)
FN:59,(anonymous_6)
FN:67,(anonymous_7)
FN:68,(anonymous_8)
FNF:9
FNH:7
FNDA:11,(anonymous_0)
FNDA:1,(anonymous_1)
FNDA:0,(anonymous_2)
FNDA:2,(anonymous_3)
FNDA:0,(anonymous_4)
FNDA:4,(anonymous_5)
FNDA:4,(anonymous_6)
FNDA:3,(anonymous_7)
FNDA:3,(anonymous_8)
DA:8,20
DA:22,11
DA:23,11
DA:24,11
DA:25,11
DA:27,11
DA:28,11
DA:30,11
DA:31,1
DA:32,1
DA:34,11
DA:35,0
DA:36,0
DA:39,11
DA:40,2
DA:41,2
DA:49,0
DA:51,0
DA:52,0
DA:58,11
DA:59,4
DA:60,4
DA:61,4
DA:63,4
DA:67,11
DA:68,3
DA:69,3
DA:70,3
DA:72,3
DA:75,11
LF:30
LH:25
BRDA:49,0,0,0
BRDA:49,0,1,0
BRDA:116,1,0,11
BRDA:116,1,1,8
BRDA:120,2,0,11
BRDA:120,2,1,11
BRDA:124,3,0,11
BRDA:124,3,1,11
BRDA:128,4,0,11
BRDA:128,4,1,2
BRDA:132,5,0,11
BRDA:132,5,1,2
BRDA:136,6,0,11
BRDA:136,6,1,11
BRF:14
BRH:12
end_of_record
TN:
SF:src\Components\Evento.jsx
FN:31,(anonymous_0)
FN:34,(anonymous_1)
FN:42,(anonymous_2)
FN:84,(anonymous_3)
FN:88,(anonymous_4)
FN:89,(anonymous_5)
FN:97,(anonymous_6)
FN:98,(anonymous_7)
FN:106,(anonymous_8)
FN:107,(anonymous_9)
FN:117,(anonymous_10)
FN:127,(anonymous_11)
FN:143,(anonymous_12)
FN:160,(anonymous_13)
FN:161,(anonymous_14)
FN:186,(anonymous_15)
FN:187,(anonymous_16)
FN:209,(anonymous_17)
FN:210,(anonymous_18)
FN:220,(anonymous_19)
FN:228,(anonymous_20)
FN:237,(anonymous_21)
FN:241,(anonymous_22)
FN:242,(anonymous_23)
FN:246,(anonymous_24)
FN:256,(anonymous_25)
FN:257,(anonymous_26)
FN:285,(anonymous_27)
FN:289,(anonymous_28)
FNF:29
FNH:22
FNDA:21,(anonymous_0)
FNDA:21,(anonymous_1)
FNDA:52,(anonymous_2)
FNDA:0,(anonymous_3)
FNDA:9,(anonymous_4)
FNDA:9,(anonymous_5)
FNDA:9,(anonymous_6)
FNDA:9,(anonymous_7)
FNDA:9,(anonymous_8)
FNDA:9,(anonymous_9)
FNDA:9,(anonymous_10)
FNDA:1,(anonymous_11)
FNDA:1,(anonymous_12)
FNDA:18,(anonymous_13)
FNDA:18,(anonymous_14)
FNDA:18,(anonymous_15)
FNDA:18,(anonymous_16)
FNDA:18,(anonymous_17)
FNDA:18,(anonymous_18)
FNDA:18,(anonymous_19)
FNDA:1,(anonymous_20)
FNDA:0,(anonymous_21)
FNDA:0,(anonymous_22)
FNDA:0,(anonymous_23)
FNDA:0,(anonymous_24)
FNDA:30,(anonymous_25)
FNDA:30,(anonymous_26)
FNDA:0,(anonymous_27)
FNDA:0,(anonymous_28)
DA:31,22
DA:32,21
DA:33,21
DA:34,21
DA:42,22
DA:44,52
DA:45,52
DA:46,52
DA:47,52
DA:48,52
DA:49,52
DA:50,52
DA:51,52
DA:52,52
DA:53,52
DA:55,52
DA:58,52
DA:60,52
DA:63,52
DA:65,52
DA:68,52
DA:71,52
DA:72,52
DA:73,52
DA:74,52
DA:75,52
DA:82,52
DA:84,52
DA:85,0
DA:88,52
DA:89,9
DA:90,9
DA:91,9
DA:94,9
DA:97,52
DA:98,9
DA:99,9
DA:100,9
DA:101,9
DA:103,9
DA:106,52
DA:107,9
DA:108,9
DA:109,2
DA:110,7
DA:111,4
DA:112,3
DA:114,9
DA:117,52
DA:118,9
DA:119,0
DA:120,0
DA:121,9
DA:122,0
DA:123,0
DA:127,52
DA:128,1
DA:129,1
DA:130,1
DA:131,0
DA:132,1
DA:133,0
DA:135,1
DA:137,1
DA:138,1
DA:139,1
DA:140,1
DA:143,52
DA:144,1
DA:145,1
DA:146,1
DA:147,0
DA:148,1
DA:149,0
DA:151,1
DA:153,1
DA:154,1
DA:155,1
DA:156,1
DA:160,52
DA:161,18
DA:162,18
DA:163,9
DA:164,9
DA:165,3
DA:166,6
DA:167,4
DA:169,2
DA:171,9
DA:176,9
DA:177,8
DA:179,1
DA:183,18
DA:186,52
DA:187,18
DA:188,18
DA:189,9
DA:191,9
DA:192,3
DA:193,6
DA:194,4
DA:196,2
DA:199,9
DA:203,9
DA:206,18
DA:209,52
DA:210,18
DA:211,18
DA:212,18
DA:213,2
DA:214,2
DA:215,1
DA:216,1
DA:220,18
DA:221,18
DA:222,18
DA:224,18
DA:225,18
DA:228,52
DA:229,1
DA:238,0
DA:239,0
DA:241,0
DA:242,0
DA:247,0
DA:256,52
DA:257,30
DA:258,30
DA:268,29
DA:270,1
DA:273,30
DA:285,52
DA:286,0
DA:289,52
DA:290,0
DA:293,52
DA:294,41
DA:829,11
LF:138
LH:122
BRDA:35,0,0,21
BRDA:35,0,1,0
BRDA:108,1,0,2
BRDA:108,1,1,7
BRDA:110,2,0,4
BRDA:110,2,1,3
BRDA:118,3,0,0
BRDA:118,3,1,9
BRDA:121,4,0,0
BRDA:121,4,1,9
BRDA:130,5,0,0
BRDA:130,5,1,1
BRDA:132,6,0,0
BRDA:132,6,1,1
BRDA:146,7,0,0
BRDA:146,7,1,1
BRDA:148,8,0,0
BRDA:148,8,1,1
BRDA:162,9,0,9
BRDA:162,9,1,9
BRDA:162,10,0,18
BRDA:162,10,1,18
BRDA:164,11,0,3
BRDA:164,11,1,6
BRDA:166,12,0,4
BRDA:166,12,1,2
BRDA:176,13,0,8
BRDA:176,13,1,1
BRDA:188,14,0,9
BRDA:188,14,1,9
BRDA:188,15,0,18
BRDA:188,15,1,18
BRDA:191,16,0,3
BRDA:191,16,1,6
BRDA:193,17,0,4
BRDA:193,17,1,2
BRDA:214,18,0,1
BRDA:214,18,1,1
BRDA:214,19,0,2
BRDA:214,19,1,1
BRDA:238,20,0,0
BRDA:238,20,1,0
BRDA:258,21,0,29
BRDA:258,21,1,1
BRDA:259,22,0,30
BRDA:259,22,1,30
BRDA:259,22,2,30
BRDA:259,22,3,30
BRDA:259,22,4,29
BRDA:259,22,5,29
BRDA:259,22,6,29
BRDA:259,22,7,29
BRDA:293,23,0,41
BRDA:293,23,1,11
BRDA:296,24,0,41
BRDA:296,24,1,0
BRDA:318,25,0,41
BRDA:318,25,1,6
BRDA:344,26,0,41
BRDA:344,26,1,23
BRDA:363,27,0,20
BRDA:363,27,1,21
BRDA:392,28,0,41
BRDA:392,28,1,15
BRDA:401,29,0,15
BRDA:401,29,1,0
BRDA:466,30,0,15
BRDA:466,30,1,0
BRDA:501,31,0,0
BRDA:501,31,1,0
BRDA:519,32,0,15
BRDA:519,32,1,15
BRDA:534,33,0,15
BRDA:534,33,1,15
BRDA:569,34,0,15
BRDA:569,34,1,0
BRDA:598,35,0,41
BRDA:598,35,1,12
BRDA:621,36,0,12
BRDA:621,36,1,0
BRDA:686,37,0,12
BRDA:686,37,1,0
BRDA:721,38,0,0
BRDA:721,38,1,0
BRDA:727,39,0,12
BRDA:727,39,1,12
BRDA:756,40,0,41
BRDA:756,40,1,14
BRDA:756,40,2,14
BRDA:767,41,0,14
BRDA:767,41,1,0
BRF:91
BRH:71
end_of_record
TN:
SF:src\Components\Experiencia.jsx
FN:5,(anonymous_0)
FN:10,(anonymous_1)
FN:11,(anonymous_2)
FNF:3
FNH:3
FNDA:3,(anonymous_0)
FNDA:2,(anonymous_1)
FNDA:2,(anonymous_2)
DA:5,20
DA:6,3
DA:8,3
DA:10,3
DA:11,2
DA:12,2
DA:14,1
DA:16,2
DA:19,3
LF:9
LH:9
BRDA:39,0,0,3
BRDA:39,0,1,0
BRDA:46,1,0,0
BRDA:46,1,1,0
BRDA:84,2,0,3
BRDA:84,2,1,3
BRDA:92,3,0,3
BRDA:92,3,1,0
BRDA:100,4,0,3
BRDA:100,4,1,0
BRDA:108,5,0,3
BRDA:108,5,1,3
BRF:12
BRH:7
end_of_record
TN:
SF:src\Components\Intrumento.jsx
FN:10,(anonymous_0)
FN:32,(anonymous_1)
FN:36,(anonymous_2)
FN:41,(anonymous_3)
FN:46,(anonymous_4)
FN:51,(anonymous_5)
FN:60,(anonymous_6)
FN:77,(anonymous_7)
FN:86,(anonymous_8)
FN:103,(anonymous_9)
FN:104,(anonymous_10)
FNF:11
FNH:3
FNDA:3,(anonymous_0)
FNDA:1,(anonymous_1)
FNDA:0,(anonymous_2)
FNDA:0,(anonymous_3)
FNDA:0,(anonymous_4)
FNDA:0,(anonymous_5)
FNDA:0,(anonymous_6)
FNDA:1,(anonymous_7)
FNDA:0,(anonymous_8)
FNDA:0,(anonymous_9)
FNDA:0,(anonymous_10)
DA:10,20
DA:23,3
DA:24,3
DA:25,3
DA:28,3
DA:30,3
DA:32,3
DA:33,1
DA:34,1
DA:36,3
DA:37,0
DA:38,0
DA:41,3
DA:42,0
DA:43,0
DA:46,3
DA:47,0
DA:48,0
DA:51,3
DA:52,0
DA:53,0
DA:61,0
DA:63,0
DA:64,0
DA:65,0
DA:71,0
DA:77,3
DA:78,1
DA:79,1
DA:87,0
DA:89,0
DA:90,0
DA:91,0
DA:93,0
DA:95,0
DA:101,3
DA:103,0
DA:104,0
DA:105,0
DA:106,0
DA:110,0
DA:111,0
DA:115,0
DA:118,0
DA:122,3
DA:123,0
DA:125,3
LF:47
LH:19
BRDA:61,0,0,0
BRDA:61,0,1,0
BRDA:64,1,0,0
BRDA:64,1,1,0
BRDA:87,2,0,0
BRDA:87,2,1,0
BRDA:89,3,0,0
BRDA:89,3,1,0
BRDA:101,4,0,0
BRDA:101,4,1,3
BRDA:105,5,0,0
BRDA:105,5,1,0
BRDA:110,6,0,0
BRDA:110,6,1,0
BRDA:122,7,0,0
BRDA:122,7,1,3
BRDA:122,8,0,3
BRDA:122,8,1,3
BRDA:148,9,0,3
BRDA:148,9,1,0
BRDA:176,10,0,3
BRDA:176,10,1,3
BRDA:180,11,0,3
BRDA:180,11,1,3
BRDA:184,12,0,3
BRDA:184,12,1,3
BRDA:187,13,0,3
BRDA:187,13,1,0
BRDA:189,14,0,0
BRDA:189,14,1,0
BRDA:212,15,0,3
BRDA:212,15,1,3
BRDA:250,16,0,3
BRDA:250,16,1,0
BRDA:252,17,0,0
BRDA:252,17,1,0
BRF:36
BRH:15
end_of_record
TN:
SF:src\Components\MenuFlotante.jsx
FN:6,MenuFlotante
FN:8,(anonymous_1)
FNF:2
FNH:2
FNDA:2,MenuFlotante
FNDA:1,(anonymous_1)
DA:7,2
DA:8,2
DA:9,1
DA:12,2
LF:4
LH:4
BRF:0
BRH:0
end_of_record
TN:
SF:src\Components\Musico.jsx
FN:16,(anonymous_0)
FN:34,(anonymous_1)
FN:45,(anonymous_2)
FN:55,(anonymous_3)
FN:66,(anonymous_4)
FN:76,(anonymous_5)
FN:80,(anonymous_6)
FN:84,(anonymous_7)
FN:101,(anonymous_8)
FN:116,(anonymous_9)
FN:126,(anonymous_10)
FNF:11
FNH:5
FNDA:7,(anonymous_0)
FNDA:1,(anonymous_1)
FNDA:0,(anonymous_2)
FNDA:1,(anonymous_3)
FNDA:0,(anonymous_4)
FNDA:0,(anonymous_5)
FNDA:0,(anonymous_6)
FNDA:1,(anonymous_7)
FNDA:0,(anonymous_8)
FNDA:1,(anonymous_9)
FNDA:0,(anonymous_10)
DA:16,20
DA:26,7
DA:27,7
DA:28,7
DA:29,7
DA:30,7
DA:31,7
DA:32,7
DA:34,7
DA:35,1
DA:36,1
DA:46,0
DA:47,0
DA:48,0
DA:49,0
DA:50,0
DA:55,7
DA:56,1
DA:57,1
DA:67,0
DA:68,0
DA:69,0
DA:70,0
DA:71,0
DA:76,7
DA:77,0
DA:80,7
DA:81,0
DA:84,7
DA:85,1
DA:86,1
DA:87,1
DA:88,1
DA:89,1
DA:90,1
DA:92,1
DA:102,0
DA:103,0
DA:104,0
DA:105,0
DA:107,0
DA:108,0
DA:109,0
DA:111,0
DA:116,7
DA:117,1
DA:118,1
DA:127,0
DA:128,0
DA:129,0
DA:137,0
DA:138,0
DA:147,7
LF:53
LH:28
BRDA:46,0,0,0
BRDA:46,0,1,0
BRDA:67,1,0,0
BRDA:67,1,1,0
BRDA:102,2,0,0
BRDA:102,2,1,0
BRDA:103,3,0,0
BRDA:103,3,1,0
BRDA:127,4,0,0
BRDA:127,4,1,0
BRDA:130,5,0,0
BRDA:130,5,1,0
BRDA:132,6,0,0
BRDA:132,6,1,0
BRDA:149,7,0,7
BRDA:149,7,1,0
BRDA:178,8,0,7
BRDA:178,8,1,4
BRDA:187,9,0,1
BRDA:187,9,1,3
BRDA:198,10,0,1
BRDA:198,10,1,2
BRDA:221,11,0,7
BRDA:221,11,1,1
BRDA:240,12,0,7
BRDA:240,12,1,0
BRDA:249,13,0,0
BRDA:249,13,1,0
BRDA:249,13,2,0
BRDA:259,14,0,0
BRDA:259,14,1,0
BRDA:259,15,0,0
BRDA:259,15,1,0
BRDA:259,15,2,0
BRDA:269,16,0,0
BRDA:269,16,1,0
BRDA:269,17,0,0
BRDA:269,17,1,0
BRDA:269,17,2,0
BRDA:282,18,0,0
BRDA:282,18,1,0
BRF:41
BRH:10
end_of_record
TN:
SF:src\Components\NavBar.jsx
FN:18,(anonymous_0)
FN:34,(anonymous_1)
FN:41,(anonymous_2)
FN:42,(anonymous_3)
FN:46,(anonymous_4)
FN:59,(anonymous_5)
FN:64,(anonymous_6)
FN:75,(anonymous_7)
FN:79,(anonymous_8)
FN:83,(anonymous_9)
FN:88,(anonymous_10)
FNF:11
FNH:9
FNDA:6,(anonymous_0)
FNDA:8,(anonymous_1)
FNDA:6,(anonymous_2)
FNDA:6,(anonymous_3)
FNDA:6,(anonymous_4)
FNDA:1,(anonymous_5)
FNDA:1,(anonymous_6)
FNDA:0,(anonymous_7)
FNDA:2,(anonymous_8)
FNDA:2,(anonymous_9)
FNDA:0,(anonymous_10)
DA:18,20
DA:34,20
DA:35,8
DA:36,8
DA:37,8
DA:38,8
DA:39,8
DA:41,8
DA:42,6
DA:43,6
DA:44,6
DA:46,6
DA:47,6
DA:48,6
DA:49,6
DA:50,2
DA:52,4
DA:55,6
DA:56,6
DA:59,8
DA:60,1
DA:61,1
DA:64,8
DA:65,1
DA:66,1
DA:69,8
DA:70,8
DA:72,8
DA:73,8
DA:75,8
DA:76,0
DA:79,8
DA:80,2
DA:83,8
DA:84,2
DA:85,2
DA:88,8
DA:89,0
DA:92,8
DA:94,8
DA:161,8
DA:163,8
DA:244,8
LF:43
LH:41
BRDA:49,0,0,2
BRDA:49,0,1,4
BRDA:141,1,0,8
BRDA:141,1,1,1
BRDA:222,2,0,8
BRDA:222,2,1,1
BRDA:309,3,0,8
BRDA:309,3,1,5
BRF:8
BRH:8
end_of_record
TN:
SF:src\Components\NavbarInvitado.jsx
FN:8,(anonymous_0)
FNF:1
FNH:1
FNDA:1,(anonymous_0)
DA:8,21
DA:9,1
LF:2
LH:2
BRF:0
BRH:0
end_of_record
TN:
SF:src\Components\Noticia.jsx
FN:26,(anonymous_0)
FN:29,(anonymous_1)
FN:37,(anonymous_2)
FN:65,(anonymous_3)
FN:69,(anonymous_4)
FN:70,(anonymous_5)
FN:75,(anonymous_6)
FN:83,(anonymous_7)
FN:84,(anonymous_8)
FN:99,(anonymous_9)
FN:107,(anonymous_10)
FN:111,(anonymous_11)
FN:112,(anonymous_12)
FN:118,(anonymous_13)
FN:130,(anonymous_14)
FN:138,(anonymous_15)
FN:149,(anonymous_16)
FN:150,(anonymous_17)
FN:165,(anonymous_18)
FN:166,(anonymous_19)
FNF:20
FNH:16
FNDA:4,(anonymous_0)
FNDA:4,(anonymous_1)
FNDA:5,(anonymous_2)
FNDA:0,(anonymous_3)
FNDA:1,(anonymous_4)
FNDA:1,(anonymous_5)
FNDA:1,(anonymous_6)
FNDA:2,(anonymous_7)
FNDA:2,(anonymous_8)
FNDA:1,(anonymous_9)
FNDA:0,(anonymous_10)
FNDA:0,(anonymous_11)
FNDA:0,(anonymous_12)
FNDA:1,(anonymous_13)
FNDA:1,(anonymous_14)
FNDA:1,(anonymous_15)
FNDA:1,(anonymous_16)
FNDA:1,(anonymous_17)
FNDA:1,(anonymous_18)
FNDA:1,(anonymous_19)
DA:26,21
DA:27,4
DA:28,4
DA:29,4
DA:37,21
DA:39,5
DA:40,5
DA:41,5
DA:42,5
DA:44,5
DA:47,5
DA:48,5
DA:49,5
DA:52,5
DA:53,5
DA:54,5
DA:55,5
DA:56,5
DA:63,5
DA:65,5
DA:66,0
DA:69,5
DA:70,1
DA:71,1
DA:72,1
DA:73,1
DA:75,1
DA:76,1
DA:77,1
DA:79,1
DA:80,1
DA:83,5
DA:84,2
DA:85,2
DA:86,2
DA:87,2
DA:88,2
DA:89,1
DA:90,1
DA:92,1
DA:96,2
DA:99,5
DA:100,1
DA:108,0
DA:109,0
DA:111,0
DA:112,0
DA:118,5
DA:119,1
DA:120,1
DA:125,1
DA:126,1
DA:127,1
DA:130,5
DA:131,1
DA:132,1
DA:133,1
DA:134,1
DA:135,1
DA:138,5
DA:139,1
DA:140,0
DA:141,0
DA:142,1
DA:143,0
DA:144,0
DA:149,5
DA:150,1
DA:151,1
DA:156,1
DA:157,0
DA:159,1
DA:162,1
DA:165,5
DA:166,1
DA:167,1
DA:171,1
DA:173,1
DA:175,5
DA:177,4
LF:80
LH:70
BRDA:30,0,0,4
BRDA:30,0,1,0
BRDA:86,1,0,0
BRDA:86,1,1,2
BRDA:88,2,0,1
BRDA:88,2,1,1
BRDA:88,3,0,2
BRDA:88,3,1,1
BRDA:108,4,0,0
BRDA:108,4,1,0
BRDA:139,5,0,0
BRDA:139,5,1,1
BRDA:142,6,0,0
BRDA:142,6,1,1
BRDA:156,7,0,0
BRDA:156,7,1,1
BRDA:175,8,0,1
BRDA:175,8,1,4
BRDA:190,9,0,4
BRDA:190,9,1,3
BRDA:210,10,0,1
BRDA:210,10,1,3
BRF:22
BRH:15
end_of_record
TN:
SF:src\Components\Obra.jsx
FN:27,(anonymous_0)
FN:40,(anonymous_1)
FN:51,(anonymous_2)
FN:55,(anonymous_3)
FN:59,(anonymous_4)
FN:69,(anonymous_5)
FNF:6
FNH:4
FNDA:3,(anonymous_0)
FNDA:0,(anonymous_1)
FNDA:1,(anonymous_2)
FNDA:1,(anonymous_3)
FNDA:1,(anonymous_4)
FNDA:0,(anonymous_5)
DA:12,23
DA:27,23
DA:36,3
DA:37,3
DA:38,3
DA:40,3
DA:41,0
DA:43,0
DA:44,0
DA:46,0
DA:47,0
DA:51,3
DA:52,1
DA:55,3
DA:56,1
DA:59,3
DA:60,1
DA:61,1
DA:62,1
DA:70,0
DA:72,0
DA:73,0
DA:74,0
DA:75,0
DA:86,3
LF:25
LH:15
BRDA:43,0,0,0
BRDA:43,0,1,0
BRDA:43,1,0,0
BRDA:43,1,1,0
BRDA:43,1,2,0
BRDA:70,2,0,0
BRDA:70,2,1,0
BRDA:73,3,0,0
BRDA:73,3,1,0
BRDA:96,4,0,1
BRDA:96,4,1,2
BRDA:102,5,0,3
BRDA:102,5,1,3
BRF:13
BRH:4
end_of_record
TN:
SF:src\Components\Partitura.jsx
FN:27,(anonymous_0)
FN:36,(anonymous_1)
FN:40,(anonymous_2)
FN:44,(anonymous_3)
FN:50,(anonymous_4)
FN:60,(anonymous_5)
FNF:6
FNH:4
FNDA:3,(anonymous_0)
FNDA:1,(anonymous_1)
FNDA:1,(anonymous_2)
FNDA:0,(anonymous_3)
FNDA:1,(anonymous_4)
FNDA:0,(anonymous_5)
DA:12,21
DA:27,21
DA:33,3
DA:34,3
DA:36,3
DA:37,1
DA:40,3
DA:41,1
DA:44,3
DA:45,0
DA:46,0
DA:47,0
DA:50,3
DA:51,1
DA:52,1
DA:53,1
DA:61,0
DA:63,0
DA:64,0
DA:65,0
DA:66,0
DA:77,3
LF:22
LH:14
BRDA:61,0,0,0
BRDA:61,0,1,0
BRDA:64,1,0,0
BRDA:64,1,1,0
BRDA:87,2,0,1
BRDA:87,2,1,2
BRDA:93,3,0,3
BRDA:93,3,1,3
BRF:8
BRH:4
end_of_record
TN:
SF:src\Components\Peticion.jsx
FN:11,(anonymous_0)
FN:44,(anonymous_1)
FN:58,(anonymous_2)
FN:73,(anonymous_3)
FN:74,(anonymous_4)
FN:78,(anonymous_5)
FN:83,(anonymous_6)
FN:87,(anonymous_7)
FNF:8
FNH:8
FNDA:6,(anonymous_0)
FNDA:1,(anonymous_1)
FNDA:1,(anonymous_2)
FNDA:2,(anonymous_3)
FNDA:2,(anonymous_4)
FNDA:2,(anonymous_5)
FNDA:2,(anonymous_6)
FNDA:2,(anonymous_7)
DA:11,20
DA:27,6
DA:28,6
DA:29,6
DA:30,6
DA:31,6
DA:34,6
DA:35,6
DA:36,6
DA:42,6
DA:44,6
DA:45,1
DA:46,1
DA:47,1
DA:48,1
DA:49,0
DA:50,0
DA:52,1
DA:54,1
DA:58,6
DA:59,1
DA:60,1
DA:61,1
DA:62,1
DA:63,0
DA:64,0
DA:66,1
DA:68,1
DA:73,6
DA:74,2
DA:75,2
DA:76,2
DA:78,2
DA:79,2
DA:80,2
DA:81,2
DA:83,2
DA:84,2
DA:85,2
DA:87,2
DA:88,2
DA:90,2
DA:92,2
DA:93,2
DA:94,2
DA:95,2
DA:98,6
LF:47
LH:43
BRDA:48,0,0,0
BRDA:48,0,1,1
BRDA:62,1,0,0
BRDA:62,1,1,1
BRDA:145,2,0,6
BRDA:145,2,1,0
BRDA:153,3,0,6
BRDA:153,3,1,0
BRDA:160,4,0,6
BRDA:160,4,1,0
BRDA:174,5,0,6
BRDA:174,5,1,2
BRDA:191,6,0,6
BRDA:191,6,1,6
BRDA:191,6,2,6
BRF:15
BRH:10
end_of_record
TN:
SF:src\Components\Plantilla.jsx
FN:6,(anonymous_0)
FN:13,(anonymous_1)
FN:144,(anonymous_2)
FNF:3
FNH:3
FNDA:3,(anonymous_0)
FNDA:3,(anonymous_1)
FNDA:6,(anonymous_2)
DA:6,20
DA:13,3
DA:14,3
DA:16,3
DA:17,1
DA:19,1
DA:20,1
DA:21,1
DA:29,1
DA:30,1
DA:31,1
DA:32,1
DA:33,1
DA:45,2
DA:46,1
DA:48,1
DA:49,1
DA:50,1
DA:58,1
DA:59,1
DA:60,1
DA:61,1
DA:62,1
DA:75,1
DA:77,1
DA:78,1
DA:79,1
DA:87,1
DA:88,1
DA:89,1
DA:90,1
DA:91,1
DA:104,3
DA:107,3
DA:145,6
LF:35
LH:35
BRDA:16,0,0,1
BRDA:16,0,1,2
BRDA:30,1,0,1
BRDA:30,1,1,0
BRDA:45,2,0,1
BRDA:45,2,1,1
BRDA:59,3,0,1
BRDA:59,3,1,0
BRDA:88,4,0,1
BRDA:88,4,1,0
BRDA:127,5,0,3
BRDA:127,5,1,0
BRDA:143,6,0,3
BRDA:143,6,1,3
BRF:14
BRH:10
end_of_record
TN:
SF:src\Components\Prestamo.jsx
FN:4,(anonymous_0)
FNF:1
FNH:1
FNDA:4,(anonymous_0)
DA:4,21
DA:5,4
DA:6,1
DA:9,3
DA:11,3
LF:5
LH:5
BRDA:5,0,0,1
BRDA:5,0,1,3
BRDA:30,1,0,1
BRDA:30,1,1,2
BRDA:98,2,0,1
BRDA:98,2,1,2
BRDA:101,3,0,3
BRDA:101,3,1,1
BRDA:104,4,0,1
BRDA:104,4,1,0
BRDA:105,5,0,1
BRDA:105,5,1,0
BRDA:106,6,0,1
BRDA:106,6,1,0
BRDA:110,7,0,3
BRDA:110,7,1,2
BRF:16
BRH:13
end_of_record
TN:
SF:src\Components\Repertorio.jsx
FN:13,(anonymous_0)
FN:25,(anonymous_1)
FN:31,(anonymous_2)
FN:35,(anonymous_3)
FN:39,(anonymous_4)
FN:49,(anonymous_5)
FNF:6
FNH:4
FNDA:3,(anonymous_0)
FNDA:0,(anonymous_1)
FNDA:1,(anonymous_2)
FNDA:1,(anonymous_3)
FNDA:1,(anonymous_4)
FNDA:0,(anonymous_5)
DA:13,21
DA:20,3
DA:21,3
DA:23,3
DA:25,3
DA:26,0
DA:27,0
DA:28,0
DA:31,3
DA:32,1
DA:35,3
DA:36,1
DA:39,3
DA:40,1
DA:41,1
DA:42,1
DA:50,0
DA:52,0
DA:53,0
DA:54,0
DA:55,0
DA:66,3
LF:22
LH:14
BRDA:50,0,0,0
BRDA:50,0,1,0
BRDA:53,1,0,0
BRDA:53,1,1,0
BRDA:76,2,0,1
BRDA:76,2,1,2
BRDA:82,3,0,3
BRDA:82,3,1,3
BRDA:90,4,0,3
BRDA:90,4,1,3
BRF:10
BRH:6
end_of_record
TN:
SF:src\Components\Vestimenta.jsx
FN:9,(anonymous_0)
FN:25,(anonymous_1)
FN:30,(anonymous_2)
FN:35,(anonymous_3)
FN:44,(anonymous_4)
FN:61,(anonymous_5)
FN:65,(anonymous_6)
FN:70,(anonymous_7)
FN:79,(anonymous_8)
FN:89,(anonymous_9)
FN:90,(anonymous_10)
FNF:11
FNH:7
FNDA:7,(anonymous_0)
FNDA:1,(anonymous_1)
FNDA:0,(anonymous_2)
FNDA:1,(anonymous_3)
FNDA:0,(anonymous_4)
FNDA:1,(anonymous_5)
FNDA:0,(anonymous_6)
FNDA:1,(anonymous_7)
FNDA:0,(anonymous_8)
FNDA:3,(anonymous_9)
FNDA:3,(anonymous_10)
DA:9,21
DA:17,7
DA:18,7
DA:19,7
DA:21,7
DA:23,7
DA:25,7
DA:26,1
DA:27,1
DA:30,7
DA:31,0
DA:32,0
DA:35,7
DA:36,1
DA:37,1
DA:45,0
DA:47,0
DA:48,0
DA:49,0
DA:55,0
DA:61,7
DA:62,1
DA:63,1
DA:65,7
DA:66,0
DA:67,0
DA:70,7
DA:71,1
DA:72,1
DA:80,0
DA:83,0
DA:84,0
DA:89,7
DA:90,3
DA:91,3
DA:92,3
DA:97,3
DA:98,1
DA:102,3
DA:105,3
DA:108,7
DA:109,3
DA:112,4
LF:43
LH:31
BRDA:45,0,0,0
BRDA:45,0,1,0
BRDA:48,1,0,0
BRDA:48,1,1,0
BRDA:80,2,0,0
BRDA:80,2,1,0
BRDA:91,3,0,3
BRDA:91,3,1,0
BRDA:97,4,0,1
BRDA:97,4,1,2
BRDA:108,5,0,3
BRDA:108,5,1,4
BRDA:160,6,0,1
BRDA:160,6,1,3
BRDA:193,7,0,4
BRDA:193,7,1,4
BRDA:233,8,0,3
BRDA:233,8,1,1
BRF:18
BRH:11
end_of_record
TN:
SF:src\Components\index.js
FNF:0
FNH:0
LF:0
LH:0
BRF:0
BRH:0
end_of_record
TN:
SF:src\api\alcompasApi.js
FN:12,(anonymous_0)
FNF:1
FNH:1
FNDA:110,(anonymous_0)
DA:4,163
DA:7,163
DA:12,163
DA:14,110
DA:19,110
LF:5
LH:5
BRF:0
BRH:0
end_of_record
TN:
SF:src\api\index.js
FNF:0
FNH:0
LF:0
LH:0
BRF:0
BRH:0
end_of_record
TN:
SF:src\auth\layout\AuthLayout.jsx
FN:3,(anonymous_0)
FNF:1
FNH:1
FNDA:43,(anonymous_0)
DA:3,23
DA:4,43
LF:2
LH:2
BRDA:3,0,0,0
BRF:1
BRH:0
end_of_record
TN:
SF:src\auth\pages\ConfirmationRegister.jsx
FN:9,(anonymous_0)
FN:14,(anonymous_1)
FN:19,(anonymous_2)
FNF:3
FNH:3
FNDA:4,(anonymous_0)
FNDA:5,(anonymous_1)
FNDA:6,(anonymous_2)
DA:9,6
DA:10,4
DA:11,4
DA:14,6
DA:15,5
DA:16,5
DA:37,6
DA:39,6
LF:8
LH:8
BRF:0
BRH:0
end_of_record
TN:
SF:src\auth\pages\LocationRegister.jsx
FN:6,(anonymous_0)
FN:11,(anonymous_1)
FN:16,(anonymous_2)
FNF:3
FNH:3
FNDA:9,(anonymous_0)
FNDA:1,(anonymous_1)
FNDA:7,(anonymous_2)
DA:6,7
DA:7,9
DA:8,9
DA:11,7
DA:12,1
DA:13,1
DA:17,7
DA:18,7
LF:8
LH:8
BRF:0
BRH:0
end_of_record
TN:
SF:src\auth\pages\LoginPage.jsx
FN:13,(anonymous_0)
FN:22,(anonymous_1)
FN:27,(anonymous_2)
FNF:3
FNH:3
FNDA:4,(anonymous_0)
FNDA:2,(anonymous_1)
FNDA:2,(anonymous_2)
DA:8,1
DA:13,1
DA:14,4
DA:20,4
DA:22,4
DA:23,2
DA:24,2
DA:27,4
DA:28,2
DA:29,1
DA:33,4
LF:11
LH:11
BRDA:28,0,0,1
BRDA:28,0,1,1
BRF:2
BRH:2
end_of_record
TN:
SF:src\auth\pages\PersonalRegister.jsx
FN:7,(anonymous_0)
FN:11,(anonymous_1)
FNF:2
FNH:2
FNDA:6,(anonymous_0)
FNDA:7,(anonymous_1)
DA:7,7
DA:8,6
DA:9,6
DA:12,7
DA:14,7
LF:5
LH:5
BRDA:148,0,0,7
BRDA:148,0,1,3
BRF:2
BRH:2
end_of_record
TN:
SF:src\auth\pages\RegisterFrom.jsx
FN:29,(anonymous_0)
FN:35,(anonymous_1)
FN:42,(anonymous_2)
FN:47,(anonymous_3)
FN:52,(anonymous_4)
FN:99,(anonymous_5)
FN:99,(anonymous_6)
FNF:7
FNH:7
FNDA:11,(anonymous_0)
FNDA:2,(anonymous_1)
FNDA:7,(anonymous_2)
FNDA:3,(anonymous_3)
FNDA:2,(anonymous_4)
FNDA:45,(anonymous_5)
FNDA:1,(anonymous_6)
DA:11,1
DA:29,1
DA:30,11
DA:31,11
DA:33,11
DA:34,11
DA:35,11
DA:36,2
DA:37,2
DA:42,11
DA:43,7
DA:47,11
DA:48,3
DA:52,11
DA:53,2
DA:55,2
DA:56,0
DA:74,0
DA:75,0
DA:94,2
DA:99,45
DA:100,1
DA:104,11
DA:106,3
DA:115,3
DA:125,3
DA:135,2
LF:27
LH:24
BRDA:36,0,0,2
BRDA:36,0,1,0
BRDA:55,1,0,0
BRDA:55,1,1,2
BRDA:74,2,0,0
BRDA:74,2,1,0
BRDA:104,3,0,3
BRDA:104,3,1,3
BRDA:104,3,2,3
BRDA:104,3,3,2
BRF:10
BRH:6
end_of_record
TN:
SF:src\auth\pages\UpdateForm.jsx
FN:15,(anonymous_0)
FN:26,(anonymous_1)
FN:31,(anonymous_2)
FN:36,(anonymous_3)
FN:68,(anonymous_4)
FN:68,(anonymous_5)
FN:73,(anonymous_6)
FN:74,(anonymous_7)
FNF:8
FNH:7
FNDA:21,(anonymous_0)
FNDA:14,(anonymous_1)
FNDA:3,(anonymous_2)
FNDA:3,(anonymous_3)
FNDA:54,(anonymous_4)
FNDA:0,(anonymous_5)
FNDA:4,(anonymous_6)
FNDA:4,(anonymous_7)
DA:15,1
DA:17,21
DA:18,21
DA:21,21
DA:22,21
DA:23,21
DA:26,21
DA:27,14
DA:31,21
DA:32,3
DA:36,21
DA:37,3
DA:38,3
DA:39,3
DA:41,3
DA:42,3
DA:57,3
DA:58,3
DA:60,0
DA:63,0
DA:68,54
DA:69,0
DA:73,21
DA:74,4
DA:75,4
DA:77,4
DA:79,4
DA:81,4
DA:83,4
DA:86,21
DA:87,4
DA:103,17
DA:105,4
DA:117,4
DA:131,5
DA:144,4
LF:36
LH:33
BRDA:41,0,0,3
BRDA:41,0,1,0
BRDA:57,1,0,3
BRDA:57,1,1,0
BRDA:57,2,0,3
BRDA:57,2,1,3
BRDA:86,3,0,4
BRDA:86,3,1,17
BRDA:103,4,0,4
BRDA:103,4,1,4
BRDA:103,4,2,5
BRDA:103,4,3,4
BRDA:107,5,0,4
BRDA:107,5,1,4
BRDA:119,6,0,4
BRDA:119,6,1,4
BRDA:133,7,0,5
BRDA:133,7,1,5
BRDA:146,8,0,4
BRDA:146,8,1,4
BRF:20
BRH:18
end_of_record
TN:
SF:src\auth\pages\UserRegister.jsx
FN:6,(anonymous_0)
FN:11,(anonymous_1)
FN:16,(anonymous_2)
FNF:3
FNH:3
FNDA:6,(anonymous_0)
FNDA:1,(anonymous_1)
FNDA:8,(anonymous_2)
DA:6,8
DA:7,6
DA:8,6
DA:11,8
DA:12,1
DA:13,1
DA:17,8
DA:18,8
LF:8
LH:8
BRDA:37,0,0,8
BRDA:37,0,1,3
BRDA:53,1,0,8
BRDA:53,1,1,3
BRF:4
BRH:4
end_of_record
TN:
SF:src\helpers\convertDate.js
FN:1,(anonymous_0)
FNF:1
FNH:1
FNDA:6,(anonymous_0)
DA:1,174
DA:2,6
DA:3,6
DA:4,6
DA:5,6
DA:7,6
DA:8,4
DA:9,6
DA:10,6
DA:11,6
LF:10
LH:10
BRDA:7,0,0,4
BRDA:7,0,1,2
BRDA:9,1,0,6
BRDA:9,1,1,0
BRF:4
BRH:3
end_of_record
TN:
SF:src\helpers\index.js
FNF:0
FNH:0
LF:0
LH:0
BRF:0
BRH:0
end_of_record
TN:
SF:src\helpers\validarBanda.js
FN:1,(anonymous_0)
FNF:1
FNH:0
FNDA:0,(anonymous_0)
DA:1,2
DA:2,0
DA:5,0
DA:6,0
DA:8,0
DA:9,0
DA:10,0
DA:11,0
DA:12,0
DA:14,0
DA:16,0
DA:17,0
DA:19,0
DA:20,0
DA:22,0
DA:23,0
DA:25,0
DA:27,0
DA:28,0
DA:30,0
DA:31,0
DA:32,0
DA:33,0
DA:34,0
DA:35,0
DA:37,0
DA:39,0
DA:40,0
DA:41,0
DA:42,0
DA:43,0
LF:31
LH:1
BRDA:5,0,0,0
BRDA:5,0,1,0
BRDA:6,1,0,0
BRDA:6,1,1,0
BRDA:11,2,0,0
BRDA:11,2,1,0
BRDA:11,3,0,0
BRDA:11,3,1,0
BRDA:11,3,2,0
BRDA:12,4,0,0
BRDA:12,4,1,0
BRDA:14,5,0,0
BRDA:14,5,1,0
BRDA:16,6,0,0
BRDA:16,6,1,0
BRDA:17,7,0,0
BRDA:17,7,1,0
BRDA:19,8,0,0
BRDA:19,8,1,0
BRDA:20,9,0,0
BRDA:20,9,1,0
BRDA:22,10,0,0
BRDA:22,10,1,0
BRDA:23,11,0,0
BRDA:23,11,1,0
BRDA:25,12,0,0
BRDA:25,12,1,0
BRDA:27,13,0,0
BRDA:27,13,1,0
BRDA:28,14,0,0
BRDA:28,14,1,0
BRDA:35,15,0,0
BRDA:35,15,1,0
BRDA:35,16,0,0
BRDA:35,16,1,0
BRDA:37,17,0,0
BRDA:37,17,1,0
BRDA:41,18,0,0
BRDA:41,18,1,0
BRDA:42,19,0,0
BRDA:42,19,1,0
BRF:41
BRH:0
end_of_record
TN:
SF:src\helpers\validarEvento.js
FN:3,(anonymous_0)
FNF:1
FNH:0
FNDA:0,(anonymous_0)
DA:3,20
DA:4,0
DA:6,0
DA:7,0
DA:8,0
DA:9,0
DA:10,0
DA:11,0
DA:12,0
DA:13,0
DA:14,0
DA:15,0
DA:16,0
DA:17,0
DA:18,0
DA:19,0
DA:20,0
DA:21,0
DA:22,0
DA:23,0
DA:24,0
DA:25,0
DA:26,0
DA:27,0
DA:28,0
DA:29,0
DA:30,0
DA:31,0
DA:32,0
DA:33,0
DA:34,0
DA:36,0
DA:37,0
DA:38,0
DA:39,0
DA:40,0
DA:41,0
DA:42,0
DA:43,0
DA:44,0
DA:45,0
DA:46,0
DA:49,0
DA:50,0
DA:51,0
DA:52,0
DA:53,0
DA:54,0
DA:55,0
DA:56,0
DA:57,0
DA:58,0
DA:59,0
DA:60,0
DA:61,0
DA:62,0
DA:63,0
DA:64,0
DA:65,0
DA:66,0
DA:67,0
LF:61
LH:1
BRDA:9,0,0,0
BRDA:9,0,1,0
BRDA:11,1,0,0
BRDA:11,1,1,0
BRDA:12,2,0,0
BRDA:12,2,1,0
BRDA:13,3,0,0
BRDA:13,3,1,0
BRDA:14,4,0,0
BRDA:14,4,1,0
BRDA:15,5,0,0
BRDA:15,5,1,0
BRDA:16,6,0,0
BRDA:16,6,1,0
BRDA:17,7,0,0
BRDA:17,7,1,0
BRDA:18,8,0,0
BRDA:18,8,1,0
BRDA:19,9,0,0
BRDA:19,9,1,0
BRDA:20,10,0,0
BRDA:20,10,1,0
BRDA:21,11,0,0
BRDA:21,11,1,0
BRDA:22,12,0,0
BRDA:22,12,1,0
BRDA:23,13,0,0
BRDA:23,13,1,0
BRDA:24,14,0,0
BRDA:24,14,1,0
BRDA:25,15,0,0
BRDA:25,15,1,0
BRDA:26,16,0,0
BRDA:26,16,1,0
BRDA:26,17,0,0
BRDA:26,17,1,0
BRDA:27,18,0,0
BRDA:27,18,1,0
BRDA:28,19,0,0
BRDA:28,19,1,0
BRDA:29,20,0,0
BRDA:29,20,1,0
BRDA:30,21,0,0
BRDA:30,21,1,0
BRDA:31,22,0,0
BRDA:31,22,1,0
BRDA:32,23,0,0
BRDA:32,23,1,0
BRDA:33,24,0,0
BRDA:33,24,1,0
BRDA:36,25,0,0
BRDA:36,25,1,0
BRDA:38,26,0,0
BRDA:38,26,1,0
BRDA:39,27,0,0
BRDA:39,27,1,0
BRDA:40,28,0,0
BRDA:40,28,1,0
BRDA:41,29,0,0
BRDA:41,29,1,0
BRDA:42,30,0,0
BRDA:42,30,1,0
BRDA:43,31,0,0
BRDA:43,31,1,0
BRDA:44,32,0,0
BRDA:44,32,1,0
BRDA:45,33,0,0
BRDA:45,33,1,0
BRDA:50,34,0,0
BRDA:50,34,1,0
BRDA:51,35,0,0
BRDA:51,35,1,0
BRDA:52,36,0,0
BRDA:52,36,1,0
BRDA:53,37,0,0
BRDA:53,37,1,0
BRDA:54,38,0,0
BRDA:54,38,1,0
BRDA:55,39,0,0
BRDA:55,39,1,0
BRDA:56,40,0,0
BRDA:56,40,1,0
BRDA:57,41,0,0
BRDA:57,41,1,0
BRDA:58,42,0,0
BRDA:58,42,1,0
BRDA:59,43,0,0
BRDA:59,43,1,0
BRDA:60,44,0,0
BRDA:60,44,1,0
BRDA:61,45,0,0
BRDA:61,45,1,0
BRDA:62,46,0,0
BRDA:62,46,1,0
BRDA:63,47,0,0
BRDA:63,47,1,0
BRDA:64,48,0,0
BRDA:64,48,1,0
BRDA:65,49,0,0
BRDA:65,49,1,0
BRDA:66,50,0,0
BRDA:66,50,1,0
BRF:102
BRH:0
end_of_record
TN:
SF:src\helpers\validarInstrumento.js
FN:1,(anonymous_0)
FNF:1
FNH:1
FNDA:2,(anonymous_0)
DA:1,20
DA:3,2
DA:9,2
DA:10,2
DA:13,0
LF:5
LH:4
BRDA:9,0,0,2
BRDA:9,0,1,0
BRF:2
BRH:1
end_of_record
TN:
SF:src\helpers\validarRegistro.js
FN:1,(anonymous_0)
FNF:1
FNH:1
FNDA:5,(anonymous_0)
DA:1,2
DA:2,5
DA:5,5
DA:6,5
DA:7,5
DA:8,5
DA:9,5
DA:14,5
DA:15,5
DA:17,5
DA:18,5
DA:19,5
DA:20,5
DA:22,5
DA:23,5
DA:24,5
DA:26,5
DA:27,5
DA:29,5
DA:30,5
DA:32,5
DA:33,5
DA:35,5
DA:37,5
DA:38,5
DA:40,5
DA:42,5
DA:44,5
DA:45,5
DA:48,5
DA:49,5
DA:50,5
DA:52,5
DA:53,5
DA:55,5
LF:35
LH:35
BRDA:14,0,0,2
BRDA:14,0,1,3
BRDA:15,1,0,0
BRDA:15,1,1,5
BRDA:17,2,0,2
BRDA:17,2,1,3
BRDA:18,3,0,0
BRDA:18,3,1,5
BRDA:19,4,0,2
BRDA:19,4,1,3
BRDA:20,5,0,0
BRDA:20,5,1,5
BRDA:22,6,0,0
BRDA:22,6,1,5
BRDA:23,7,0,2
BRDA:23,7,1,3
BRDA:24,8,0,2
BRDA:24,8,1,3
BRDA:26,9,0,2
BRDA:26,9,1,3
BRDA:27,10,0,0
BRDA:27,10,1,5
BRDA:29,11,0,2
BRDA:29,11,1,3
BRDA:30,12,0,0
BRDA:30,12,1,5
BRDA:32,13,0,2
BRDA:32,13,1,3
BRDA:33,14,0,0
BRDA:33,14,1,5
BRDA:35,15,0,2
BRDA:35,15,1,3
BRDA:37,16,0,1
BRDA:37,16,1,4
BRDA:38,17,0,0
BRDA:38,17,1,5
BRDA:40,18,0,2
BRDA:40,18,1,3
BRDA:42,19,0,2
BRDA:42,19,1,3
BRDA:44,20,0,2
BRDA:44,20,1,3
BRDA:45,21,0,0
BRDA:45,21,1,5
BRDA:48,22,0,2
BRDA:48,22,1,3
BRDA:49,23,0,0
BRDA:49,23,1,5
BRDA:50,24,0,0
BRDA:50,24,1,5
BRDA:52,25,0,2
BRDA:52,25,1,3
BRDA:53,26,0,0
BRDA:53,26,1,5
BRF:54
BRH:42
end_of_record
TN:
SF:src\hooks\index.js
FNF:0
FNH:0
LF:0
LH:0
BRF:0
BRH:0
end_of_record
TN:
SF:src\hooks\useAnunciosStore.js
FN:4,(anonymous_0)
FN:7,(anonymous_1)
FN:17,(anonymous_2)
FN:27,(anonymous_3)
FN:37,(anonymous_4)
FNF:5
FNH:5
FNDA:14,(anonymous_0)
FNDA:1,(anonymous_1)
FNDA:1,(anonymous_2)
FNDA:2,(anonymous_3)
FNDA:1,(anonymous_4)
DA:4,60
DA:5,14
DA:7,14
DA:8,1
DA:9,1
DA:10,1
DA:11,1
DA:13,0
DA:17,14
DA:18,1
DA:19,1
DA:20,1
DA:21,1
DA:23,0
DA:27,14
DA:28,2
DA:29,2
DA:30,1
DA:31,1
DA:33,0
DA:37,14
DA:38,1
DA:39,1
DA:40,1
DA:41,1
DA:43,0
DA:47,14
LF:27
LH:23
BRF:0
BRH:0
end_of_record
TN:
SF:src\hooks\useArchiverosStore.js
FN:5,(anonymous_0)
FN:8,(anonymous_1)
FN:19,(anonymous_2)
FN:29,(anonymous_3)
FN:41,(anonymous_4)
FNF:5
FNH:5
FNDA:13,(anonymous_0)
FNDA:1,(anonymous_1)
FNDA:2,(anonymous_2)
FNDA:2,(anonymous_3)
FNDA:2,(anonymous_4)
DA:5,60
DA:6,13
DA:8,13
DA:9,1
DA:10,1
DA:11,1
DA:13,1
DA:15,0
DA:19,13
DA:20,2
DA:21,2
DA:22,1
DA:23,1
DA:25,0
DA:29,13
DA:30,2
DA:31,2
DA:34,1
DA:35,1
DA:37,0
DA:41,13
DA:42,2
DA:43,2
DA:46,1
DA:47,1
DA:49,1
DA:53,13
LF:27
LH:24
BRF:0
BRH:0
end_of_record
TN:
SF:src\hooks\useAsistenciasStore.js
FN:5,(anonymous_0)
FN:8,(anonymous_1)
FN:42,(anonymous_2)
FN:78,(anonymous_3)
FN:94,(anonymous_4)
FNF:5
FNH:5
FNDA:9,(anonymous_0)
FNDA:2,(anonymous_1)
FNDA:2,(anonymous_2)
FNDA:2,(anonymous_3)
FNDA:2,(anonymous_4)
DA:5,24
DA:6,9
DA:8,9
DA:9,2
DA:10,2
DA:11,1
DA:12,1
DA:14,1
DA:16,1
DA:17,1
DA:19,1
DA:20,1
DA:21,0
DA:24,1
DA:25,0
DA:32,1
DA:42,9
DA:43,2
DA:44,2
DA:48,1
DA:49,1
DA:52,1
DA:53,1
DA:55,1
DA:56,1
DA:57,0
DA:60,1
DA:61,0
DA:68,1
DA:78,9
DA:83,2
DA:84,2
DA:87,1
DA:88,1
DA:90,1
DA:94,9
DA:95,2
DA:96,2
DA:99,1
DA:100,1
DA:102,1
DA:106,9
LF:42
LH:38
BRDA:24,0,0,0
BRDA:24,0,1,1
BRDA:60,1,0,0
BRDA:60,1,1,1
BRF:4
BRH:2
end_of_record
TN:
SF:src\hooks\useAuthStore.js
FN:13,(anonymous_0)
FN:14,(anonymous_1)
FN:18,(anonymous_2)
FN:31,(anonymous_3)
FN:37,(anonymous_4)
FN:89,(anonymous_5)
FN:95,(anonymous_6)
FN:144,(anonymous_7)
FN:150,(anonymous_8)
FN:169,(anonymous_9)
FN:175,(anonymous_10)
FN:191,(anonymous_11)
FN:196,(anonymous_12)
FN:207,(anonymous_13)
FN:213,(anonymous_14)
FN:223,(anonymous_15)
FN:239,(anonymous_16)
FN:252,(anonymous_17)
FN:262,(anonymous_18)
FNF:19
FNH:19
FNDA:63,(anonymous_0)
FNDA:80,(anonymous_1)
FNDA:2,(anonymous_2)
FNDA:1,(anonymous_3)
FNDA:2,(anonymous_4)
FNDA:1,(anonymous_5)
FNDA:2,(anonymous_6)
FNDA:1,(anonymous_7)
FNDA:2,(anonymous_8)
FNDA:1,(anonymous_9)
FNDA:2,(anonymous_10)
FNDA:1,(anonymous_11)
FNDA:2,(anonymous_12)
FNDA:1,(anonymous_13)
FNDA:2,(anonymous_14)
FNDA:6,(anonymous_15)
FNDA:1,(anonymous_16)
FNDA:2,(anonymous_17)
FNDA:2,(anonymous_18)
DA:13,58
DA:14,80
DA:15,63
DA:16,63
DA:18,63
DA:19,2
DA:21,2
DA:22,2
DA:23,1
DA:24,1
DA:25,1
DA:26,1
DA:27,1
DA:29,1
DA:31,1
DA:32,1
DA:37,63
DA:53,2
DA:55,2
DA:56,2
DA:72,1
DA:73,1
DA:74,1
DA:76,1
DA:77,1
DA:79,1
DA:80,1
DA:81,1
DA:82,0
DA:83,0
DA:84,0
DA:87,1
DA:89,1
DA:90,1
DA:95,63
DA:110,2
DA:111,2
DA:126,1
DA:127,1
DA:128,1
DA:129,1
DA:131,1
DA:132,1
DA:133,1
DA:134,1
DA:135,1
DA:136,1
DA:137,1
DA:140,0
DA:142,1
DA:144,1
DA:145,1
DA:147,1
DA:150,63
DA:151,2
DA:152,2
DA:157,1
DA:159,1
DA:160,1
DA:161,1
DA:162,1
DA:163,1
DA:164,1
DA:167,1
DA:169,1
DA:170,1
DA:175,63
DA:176,2
DA:177,2
DA:179,1
DA:180,1
DA:181,1
DA:182,1
DA:184,1
DA:186,0
DA:187,0
DA:191,63
DA:192,1
DA:193,1
DA:196,63
DA:197,2
DA:198,2
DA:199,2
DA:200,1
DA:202,1
DA:203,1
DA:205,1
DA:206,1
DA:207,1
DA:208,1
DA:213,63
DA:214,2
DA:215,2
DA:217,1
DA:219,1
DA:223,63
DA:224,6
DA:225,6
DA:226,6
DA:227,3
DA:229,3
DA:232,3
DA:239,63
DA:240,1
DA:241,1
DA:242,1
DA:243,1
DA:245,0
DA:252,63
DA:253,2
DA:254,2
DA:255,1
DA:256,1
DA:258,1
DA:262,63
DA:263,2
DA:264,2
DA:265,1
DA:266,1
DA:268,1
DA:272,63
LF:121
LH:114
BRDA:87,0,0,1
BRDA:87,0,1,0
BRDA:134,1,0,1
BRDA:134,1,1,0
BRDA:167,2,0,1
BRDA:167,2,1,1
BRDA:177,3,0,1
BRDA:177,3,1,1
BRDA:225,4,0,6
BRDA:225,4,1,0
BRF:10
BRH:7
end_of_record
TN:
SF:src\hooks\useBandasStore.js
FN:4,(anonymous_0)
FN:7,(anonymous_1)
FN:18,(anonymous_2)
FN:29,(anonymous_3)
FN:40,(anonymous_4)
FN:51,(anonymous_5)
FN:56,(anonymous_6)
FN:74,(anonymous_7)
FN:80,(anonymous_8)
FN:95,(anonymous_9)
FN:100,(anonymous_10)
FN:117,(anonymous_11)
FN:123,(anonymous_12)
FN:135,(anonymous_13)
FNF:14
FNH:14
FNDA:39,(anonymous_0)
FNDA:3,(anonymous_1)
FNDA:1,(anonymous_2)
FNDA:2,(anonymous_3)
FNDA:2,(anonymous_4)
FNDA:2,(anonymous_5)
FNDA:1,(anonymous_6)
FNDA:1,(anonymous_7)
FNDA:2,(anonymous_8)
FNDA:2,(anonymous_9)
FNDA:1,(anonymous_10)
FNDA:1,(anonymous_11)
FNDA:1,(anonymous_12)
FNDA:1,(anonymous_13)
DA:4,59
DA:5,39
DA:7,39
DA:8,3
DA:9,3
DA:10,1
DA:12,1
DA:14,1
DA:18,39
DA:19,1
DA:20,1
DA:21,1
DA:23,1
DA:25,0
DA:29,39
DA:30,2
DA:31,2
DA:32,1
DA:34,1
DA:36,1
DA:40,39
DA:41,2
DA:42,2
DA:43,1
DA:45,1
DA:47,1
DA:51,39
DA:52,2
DA:53,2
DA:54,1
DA:55,1
DA:56,1
DA:57,1
DA:60,1
DA:62,1
DA:63,1
DA:64,1
DA:65,0
DA:66,0
DA:67,0
DA:69,1
DA:70,1
DA:72,0
DA:74,1
DA:75,1
DA:80,39
DA:81,2
DA:82,2
DA:83,1
DA:84,1
DA:86,1
DA:95,39
DA:96,2
DA:97,2
DA:98,1
DA:99,1
DA:100,1
DA:101,1
DA:103,1
DA:105,1
DA:106,1
DA:107,1
DA:108,0
DA:109,0
DA:110,0
DA:112,1
DA:113,1
DA:115,0
DA:117,1
DA:118,1
DA:123,39
DA:124,1
DA:125,1
DA:128,1
DA:129,1
DA:131,0
DA:135,39
DA:136,1
DA:137,1
DA:138,1
DA:139,1
DA:141,0
DA:145,39
LF:83
LH:72
BRDA:69,0,0,1
BRDA:69,0,1,0
BRDA:112,1,0,1
BRDA:112,1,1,0
BRF:4
BRH:2
end_of_record
TN:
SF:src\hooks\useComentariosStore.js
FN:3,(anonymous_0)
FN:6,(anonymous_1)
FN:16,(anonymous_2)
FN:37,(anonymous_3)
FN:43,(anonymous_4)
FNF:5
FNH:5
FNDA:8,(anonymous_0)
FNDA:2,(anonymous_1)
FNDA:2,(anonymous_2)
FNDA:1,(anonymous_3)
FNDA:2,(anonymous_4)
DA:3,60
DA:4,8
DA:6,8
DA:7,2
DA:8,2
DA:9,1
DA:10,1
DA:12,1
DA:16,8
DA:17,2
DA:18,2
DA:19,2
DA:20,2
DA:21,1
DA:22,1
DA:23,1
DA:25,1
DA:26,1
DA:27,1
DA:28,0
DA:29,0
DA:30,0
DA:32,1
DA:33,1
DA:35,0
DA:37,1
DA:38,1
DA:43,8
DA:44,2
DA:45,2
DA:46,1
DA:48,1
DA:52,8
LF:33
LH:29
BRDA:32,0,0,1
BRDA:32,0,1,0
BRF:2
BRH:1
end_of_record
TN:
SF:src\hooks\useContratadosStore.js
FN:5,(anonymous_0)
FN:8,(anonymous_1)
FN:41,(anonymous_2)
FN:50,(anonymous_3)
FN:56,(anonymous_4)
FN:63,(anonymous_5)
FNF:6
FNH:4
FNDA:11,(anonymous_0)
FNDA:2,(anonymous_1)
FNDA:2,(anonymous_2)
FNDA:0,(anonymous_3)
FNDA:2,(anonymous_4)
FNDA:0,(anonymous_5)
DA:5,61
DA:6,11
DA:8,11
DA:9,2
DA:10,2
DA:11,1
DA:12,1
DA:15,1
DA:16,1
DA:18,1
DA:19,1
DA:20,0
DA:23,1
DA:24,0
DA:31,1
DA:41,11
DA:42,2
DA:43,2
DA:46,1
DA:47,1
DA:49,1
DA:50,1
DA:51,0
DA:56,11
DA:57,2
DA:58,2
DA:59,1
DA:60,1
DA:62,1
DA:63,1
DA:64,0
DA:69,11
LF:32
LH:28
BRDA:23,0,0,0
BRDA:23,0,1,1
BRF:2
BRH:1
end_of_record
TN:
SF:src\hooks\useDirectivosStore.js
FN:3,(anonymous_0)
FN:4,(anonymous_1)
FN:15,(anonymous_2)
FN:26,(anonymous_3)
FN:37,(anonymous_4)
FN:50,(anonymous_5)
FNF:6
FNH:6
FNDA:13,(anonymous_0)
FNDA:2,(anonymous_1)
FNDA:2,(anonymous_2)
FNDA:3,(anonymous_3)
FNDA:1,(anonymous_4)
FNDA:2,(anonymous_5)
DA:3,54
DA:4,13
DA:5,2
DA:6,2
DA:7,1
DA:9,1
DA:11,1
DA:15,13
DA:16,2
DA:17,2
DA:18,1
DA:20,1
DA:22,1
DA:26,13
DA:27,3
DA:28,3
DA:29,1
DA:31,1
DA:33,2
DA:37,13
DA:38,1
DA:39,1
DA:42,1
DA:44,1
DA:46,0
DA:50,13
DA:51,2
DA:52,2
DA:55,1
DA:56,1
DA:58,1
DA:62,13
LF:32
LH:31
BRF:0
BRH:0
end_of_record
TN:
SF:src\hooks\useEstadisticasStore.js
FN:3,(anonymous_0)
FN:5,(anonymous_1)
FN:16,(anonymous_2)
FN:29,(anonymous_3)
FNF:4
FNH:4
FNDA:6,(anonymous_0)
FNDA:2,(anonymous_1)
FNDA:2,(anonymous_2)
FNDA:2,(anonymous_3)
DA:3,61
DA:5,6
DA:6,2
DA:7,2
DA:8,1
DA:9,1
DA:11,1
DA:16,6
DA:17,2
DA:18,2
DA:21,1
DA:22,1
DA:24,1
DA:29,6
DA:30,2
DA:31,2
DA:32,1
DA:33,1
DA:35,1
DA:39,6
LF:20
LH:20
BRF:0
BRH:0
end_of_record
TN:
SF:src\hooks\useEstudiosStore.js
FN:3,(anonymous_0)
FN:6,(anonymous_1)
FN:18,(anonymous_2)
FN:30,(anonymous_3)
FN:41,(anonymous_4)
FN:56,(anonymous_5)
FNF:6
FNH:6
FNDA:12,(anonymous_0)
FNDA:2,(anonymous_1)
FNDA:2,(anonymous_2)
FNDA:3,(anonymous_3)
FNDA:1,(anonymous_4)
FNDA:2,(anonymous_5)
DA:3,59
DA:4,12
DA:6,12
DA:7,2
DA:8,2
DA:11,1
DA:12,1
DA:14,1
DA:18,12
DA:19,2
DA:20,2
DA:23,1
DA:24,1
DA:26,1
DA:30,12
DA:31,3
DA:32,3
DA:33,3
DA:34,1
DA:35,1
DA:37,2
DA:41,12
DA:42,1
DA:43,1
DA:44,1
DA:48,1
DA:50,1
DA:52,0
DA:56,12
DA:57,2
DA:58,2
DA:61,1
DA:62,1
DA:64,1
DA:68,12
LF:35
LH:34
BRF:0
BRH:0
end_of_record
TN:
SF:src\hooks\useEventosStore.js
FN:4,(anonymous_0)
FN:7,(anonymous_1)
FN:12,(anonymous_2)
FN:30,(anonymous_3)
FN:36,(anonymous_4)
FN:41,(anonymous_5)
FN:59,(anonymous_6)
FN:65,(anonymous_7)
FN:70,(anonymous_8)
FN:88,(anonymous_9)
FN:94,(anonymous_10)
FN:99,(anonymous_11)
FN:116,(anonymous_12)
FN:122,(anonymous_13)
FN:127,(anonymous_14)
FN:144,(anonymous_15)
FN:150,(anonymous_16)
FN:155,(anonymous_17)
FN:172,(anonymous_18)
FN:178,(anonymous_19)
FN:191,(anonymous_20)
FN:201,(anonymous_21)
FN:211,(anonymous_22)
FNF:23
FNH:23
FNDA:33,(anonymous_0)
FNDA:2,(anonymous_1)
FNDA:1,(anonymous_2)
FNDA:1,(anonymous_3)
FNDA:2,(anonymous_4)
FNDA:1,(anonymous_5)
FNDA:1,(anonymous_6)
FNDA:2,(anonymous_7)
FNDA:1,(anonymous_8)
FNDA:1,(anonymous_9)
FNDA:2,(anonymous_10)
FNDA:1,(anonymous_11)
FNDA:1,(anonymous_12)
FNDA:2,(anonymous_13)
FNDA:1,(anonymous_14)
FNDA:1,(anonymous_15)
FNDA:2,(anonymous_16)
FNDA:1,(anonymous_17)
FNDA:1,(anonymous_18)
FNDA:2,(anonymous_19)
FNDA:2,(anonymous_20)
FNDA:2,(anonymous_21)
FNDA:2,(anonymous_22)
DA:4,61
DA:5,33
DA:7,33
DA:8,2
DA:9,2
DA:10,1
DA:11,1
DA:12,1
DA:13,1
DA:16,1
DA:18,1
DA:19,1
DA:20,1
DA:21,0
DA:22,0
DA:23,0
DA:25,1
DA:26,1
DA:28,0
DA:30,1
DA:31,1
DA:36,33
DA:37,2
DA:38,2
DA:39,1
DA:40,1
DA:41,1
DA:42,1
DA:45,1
DA:47,1
DA:48,1
DA:49,1
DA:50,0
DA:51,0
DA:52,0
DA:54,1
DA:55,1
DA:57,0
DA:59,1
DA:60,1
DA:65,33
DA:66,2
DA:67,2
DA:68,1
DA:69,1
DA:70,1
DA:71,1
DA:74,1
DA:76,1
DA:77,1
DA:78,1
DA:79,0
DA:80,0
DA:81,0
DA:83,1
DA:84,1
DA:86,0
DA:88,1
DA:89,1
DA:94,33
DA:95,2
DA:96,2
DA:97,1
DA:98,1
DA:99,1
DA:100,1
DA:102,1
DA:104,1
DA:105,1
DA:106,1
DA:107,0
DA:108,0
DA:109,0
DA:111,1
DA:112,1
DA:114,0
DA:116,1
DA:117,1
DA:122,33
DA:123,2
DA:124,2
DA:125,1
DA:126,1
DA:127,1
DA:128,1
DA:130,1
DA:132,1
DA:133,1
DA:134,1
DA:135,0
DA:136,0
DA:137,0
DA:139,1
DA:140,1
DA:142,0
DA:144,1
DA:145,1
DA:150,33
DA:151,2
DA:152,2
DA:153,1
DA:154,1
DA:155,1
DA:156,1
DA:158,1
DA:160,1
DA:161,1
DA:162,1
DA:163,0
DA:164,0
DA:165,0
DA:167,1
DA:168,1
DA:170,0
DA:172,1
DA:173,1
DA:178,33
DA:179,2
DA:180,2
DA:184,1
DA:185,1
DA:187,1
DA:191,33
DA:192,2
DA:193,2
DA:194,1
DA:195,1
DA:197,1
DA:201,33
DA:202,2
DA:203,2
DA:204,1
DA:205,1
DA:207,1
DA:211,33
DA:212,2
DA:213,2
DA:216,1
DA:217,1
DA:219,1
DA:223,33
LF:141
LH:117
BRDA:25,0,0,1
BRDA:25,0,1,0
BRDA:54,1,0,1
BRDA:54,1,1,0
BRDA:83,2,0,1
BRDA:83,2,1,0
BRDA:111,3,0,1
BRDA:111,3,1,0
BRDA:139,4,0,1
BRDA:139,4,1,0
BRDA:167,5,0,1
BRDA:167,5,1,0
BRF:12
BRH:6
end_of_record
TN:
SF:src\hooks\useForm.jsx
FN:3,(anonymous_0)
FN:7,(anonymous_1)
FN:11,(anonymous_2)
FN:15,(anonymous_3)
FN:23,(anonymous_4)
FN:31,(anonymous_5)
FN:35,(anonymous_6)
FNF:7
FNH:5
FNDA:4,(anonymous_0)
FNDA:2,(anonymous_1)
FNDA:2,(anonymous_2)
FNDA:4,(anonymous_3)
FNDA:0,(anonymous_4)
FNDA:0,(anonymous_5)
FNDA:2,(anonymous_6)
DA:3,60
DA:4,4
DA:5,4
DA:7,4
DA:8,2
DA:11,4
DA:12,2
DA:15,4
DA:16,4
DA:17,0
DA:20,4
DA:23,4
DA:24,0
DA:25,0
DA:31,4
DA:32,0
DA:35,4
DA:36,2
DA:38,2
DA:39,0
DA:41,0
DA:46,2
DA:49,4
LF:23
LH:17
BRDA:3,0,0,0
BRDA:3,1,0,4
BRDA:17,2,0,0
BRDA:17,2,1,0
BRDA:41,3,0,0
BRDA:41,3,1,0
BRF:6
BRH:1
end_of_record
TN:
SF:src\hooks\useInstrumentosStore.js
FN:3,(anonymous_0)
FN:6,(anonymous_1)
FN:18,(anonymous_2)
FN:30,(anonymous_3)
FN:44,(anonymous_4)
FN:58,(anonymous_5)
FN:76,(anonymous_6)
FN:87,(anonymous_7)
FN:97,(anonymous_8)
FN:115,(anonymous_9)
FN:127,(anonymous_10)
FN:139,(anonymous_11)
FNF:12
FNH:12
FNDA:27,(anonymous_0)
FNDA:2,(anonymous_1)
FNDA:2,(anonymous_2)
FNDA:2,(anonymous_3)
FNDA:2,(anonymous_4)
FNDA:2,(anonymous_5)
FNDA:2,(anonymous_6)
FNDA:2,(anonymous_7)
FNDA:2,(anonymous_8)
FNDA:2,(anonymous_9)
FNDA:2,(anonymous_10)
FNDA:2,(anonymous_11)
DA:3,60
DA:4,27
DA:6,27
DA:7,2
DA:8,2
DA:11,1
DA:12,1
DA:14,1
DA:18,27
DA:19,2
DA:20,2
DA:23,1
DA:24,1
DA:26,1
DA:30,27
DA:31,2
DA:32,2
DA:33,1
DA:37,1
DA:38,1
DA:40,1
DA:44,27
DA:45,2
DA:46,2
DA:47,1
DA:51,1
DA:52,1
DA:54,1
DA:58,27
DA:63,2
DA:64,2
DA:65,1
DA:69,1
DA:70,1
DA:72,1
DA:76,27
DA:77,2
DA:78,2
DA:81,1
DA:83,1
DA:87,27
DA:88,2
DA:89,2
DA:90,1
DA:91,1
DA:93,1
DA:97,27
DA:102,2
DA:103,2
DA:104,1
DA:108,1
DA:109,1
DA:111,1
DA:115,27
DA:116,2
DA:117,2
DA:120,1
DA:122,1
DA:123,1
DA:127,27
DA:128,2
DA:129,2
DA:132,1
DA:133,1
DA:135,1
DA:139,27
DA:140,2
DA:141,2
DA:144,1
DA:145,1
DA:147,1
DA:151,27
LF:72
LH:72
BRF:0
BRH:0
end_of_record
TN:
SF:src\hooks\useLikesStore.js
FN:4,(anonymous_0)
FN:7,(anonymous_1)
FN:15,(anonymous_2)
FN:21,(anonymous_3)
FN:31,(anonymous_4)
FN:37,(anonymous_5)
FN:47,(anonymous_6)
FNF:7
FNH:5
FNDA:13,(anonymous_0)
FNDA:2,(anonymous_1)
FNDA:0,(anonymous_2)
FNDA:2,(anonymous_3)
FNDA:0,(anonymous_4)
FNDA:2,(anonymous_5)
FNDA:2,(anonymous_6)
DA:4,61
DA:5,13
DA:7,13
DA:8,2
DA:9,2
DA:10,1
DA:11,1
DA:13,1
DA:14,1
DA:15,1
DA:16,0
DA:21,13
DA:22,2
DA:23,2
DA:27,1
DA:28,1
DA:30,1
DA:31,1
DA:32,0
DA:37,13
DA:38,2
DA:39,2
DA:42,1
DA:43,1
DA:47,13
DA:48,2
DA:49,2
DA:52,1
DA:53,1
DA:57,13
LF:30
LH:28
BRF:0
BRH:0
end_of_record
TN:
SF:src\hooks\useMusicosStore.js
FN:3,(anonymous_0)
FN:4,(anonymous_1)
FN:17,(anonymous_2)
FN:29,(anonymous_3)
FN:41,(anonymous_4)
FN:51,(anonymous_5)
FN:62,(anonymous_6)
FN:74,(anonymous_7)
FNF:8
FNH:8
FNDA:17,(anonymous_0)
FNDA:3,(anonymous_1)
FNDA:2,(anonymous_2)
FNDA:1,(anonymous_3)
FNDA:2,(anonymous_4)
FNDA:2,(anonymous_5)
FNDA:2,(anonymous_6)
FNDA:2,(anonymous_7)
DA:3,59
DA:4,17
DA:5,3
DA:6,3
DA:9,1
DA:11,1
DA:13,2
DA:17,17
DA:18,2
DA:19,2
DA:22,1
DA:23,1
DA:25,1
DA:29,17
DA:30,1
DA:31,1
DA:34,1
DA:35,1
DA:37,0
DA:41,17
DA:42,2
DA:43,2
DA:44,1
DA:45,1
DA:47,1
DA:51,17
DA:52,2
DA:53,2
DA:54,1
DA:56,1
DA:58,1
DA:62,17
DA:63,2
DA:64,2
DA:67,1
DA:68,1
DA:70,1
DA:74,17
DA:75,2
DA:76,2
DA:77,1
DA:78,1
DA:80,1
DA:84,17
LF:44
LH:43
BRF:0
BRH:0
end_of_record
TN:
SF:src\hooks\useObrasStore.js
FN:4,(anonymous_0)
FN:5,(anonymous_1)
FN:39,(anonymous_2)
FN:51,(anonymous_3)
FNF:4
FNH:4
FNDA:11,(anonymous_0)
FNDA:2,(anonymous_1)
FNDA:2,(anonymous_2)
FNDA:2,(anonymous_3)
DA:4,61
DA:5,11
DA:6,2
DA:7,2
DA:8,2
DA:9,1
DA:10,1
DA:13,1
DA:14,1
DA:16,1
DA:17,1
DA:18,0
DA:21,1
DA:22,0
DA:29,1
DA:39,11
DA:40,2
DA:41,2
DA:44,1
DA:45,1
DA:47,1
DA:51,11
DA:52,2
DA:53,2
DA:54,1
DA:55,1
DA:57,1
DA:66,11
LF:28
LH:26
BRDA:21,0,0,0
BRDA:21,0,1,1
BRF:2
BRH:1
end_of_record
TN:
SF:src\hooks\usePartiturasStore.js
FN:6,(anonymous_0)
FN:9,(anonymous_1)
FN:23,(anonymous_2)
FN:28,(anonymous_3)
FN:56,(anonymous_4)
FN:66,(anonymous_5)
FN:72,(anonymous_6)
FN:75,(anonymous_7)
FN:83,(anonymous_8)
FNF:9
FNH:3
FNDA:9,(anonymous_0)
FNDA:0,(anonymous_1)
FNDA:0,(anonymous_2)
FNDA:0,(anonymous_3)
FNDA:2,(anonymous_4)
FNDA:0,(anonymous_5)
FNDA:0,(anonymous_6)
FNDA:0,(anonymous_7)
FNDA:2,(anonymous_8)
DA:6,61
DA:7,9
DA:9,9
DA:10,0
DA:11,0
DA:12,0
DA:13,0
DA:14,0
DA:24,0
DA:25,0
DA:26,0
DA:30,0
DA:31,0
DA:33,0
DA:34,0
DA:35,0
DA:38,0
DA:39,0
DA:46,0
DA:56,9
DA:57,2
DA:58,2
DA:59,1
DA:60,1
DA:62,1
DA:66,9
DA:67,0
DA:73,0
DA:75,0
DA:79,0
DA:83,9
DA:84,2
DA:85,2
DA:86,1
DA:87,1
DA:89,1
DA:93,9
LF:37
LH:17
BRDA:38,0,0,0
BRDA:38,0,1,0
BRF:2
BRH:0
end_of_record
TN:
SF:src\hooks\usePeticionesStore.js
FN:5,(anonymous_0)
FN:9,(anonymous_1)
FN:20,(anonymous_2)
FN:33,(anonymous_3)
FN:45,(anonymous_4)
FN:56,(anonymous_5)
FNF:6
FNH:6
FNDA:13,(anonymous_0)
FNDA:4,(anonymous_1)
FNDA:2,(anonymous_2)
FNDA:2,(anonymous_3)
FNDA:2,(anonymous_4)
FNDA:2,(anonymous_5)
DA:5,53
DA:6,13
DA:7,13
DA:9,13
DA:10,4
DA:11,4
DA:12,2
DA:14,2
DA:16,2
DA:20,13
DA:21,2
DA:22,2
DA:25,1
DA:27,1
DA:29,1
DA:33,13
DA:34,2
DA:35,2
DA:39,1
DA:41,1
DA:45,13
DA:46,2
DA:47,2
DA:50,1
DA:52,1
DA:56,13
DA:57,2
DA:58,2
DA:59,2
DA:60,2
DA:61,1
DA:62,1
DA:64,1
DA:65,1
DA:67,1
DA:68,0
DA:71,1
DA:72,1
DA:74,1
DA:78,13
LF:40
LH:39
BRDA:71,0,0,1
BRDA:71,0,1,0
BRF:2
BRH:1
end_of_record
TN:
SF:src\hooks\usePrestamosStore.js
FN:4,(anonymous_0)
FN:5,(anonymous_1)
FN:40,(anonymous_2)
FN:54,(anonymous_3)
FN:87,(anonymous_4)
FN:97,(anonymous_5)
FNF:6
FNH:6
FNDA:13,(anonymous_0)
FNDA:2,(anonymous_1)
FNDA:2,(anonymous_2)
FNDA:2,(anonymous_3)
FNDA:2,(anonymous_4)
FNDA:2,(anonymous_5)
DA:4,59
DA:5,13
DA:6,2
DA:7,2
DA:8,2
DA:9,1
DA:11,1
DA:14,1
DA:15,1
DA:17,1
DA:18,1
DA:19,0
DA:22,1
DA:23,0
DA:30,1
DA:40,13
DA:41,2
DA:42,2
DA:45,1
DA:46,1
DA:48,1
DA:50,1
DA:54,13
DA:55,2
DA:56,2
DA:57,1
DA:58,1
DA:61,1
DA:62,1
DA:64,1
DA:65,1
DA:66,0
DA:69,1
DA:70,0
DA:77,1
DA:87,13
DA:88,2
DA:89,2
DA:90,1
DA:91,1
DA:93,1
DA:97,13
DA:98,2
DA:99,2
DA:100,1
DA:101,1
DA:103,1
DA:107,13
LF:48
LH:44
BRDA:22,0,0,0
BRDA:22,0,1,1
BRDA:69,1,0,0
BRDA:69,1,1,1
BRF:4
BRH:2
end_of_record
TN:
SF:src\hooks\useRedesSocialesStore.js
FN:3,(anonymous_0)
FN:6,(anonymous_1)
FN:14,(anonymous_2)
FN:20,(anonymous_3)
FN:30,(anonymous_4)
FN:37,(anonymous_5)
FNF:6
FNH:5
FNDA:9,(anonymous_0)
FNDA:3,(anonymous_1)
FNDA:2,(anonymous_2)
FNDA:1,(anonymous_3)
FNDA:2,(anonymous_4)
FNDA:0,(anonymous_5)
DA:3,59
DA:4,9
DA:6,9
DA:7,3
DA:8,3
DA:9,2
DA:10,1
DA:11,1
DA:13,2
DA:14,2
DA:15,2
DA:20,9
DA:21,1
DA:22,1
DA:23,1
DA:24,1
DA:26,0
DA:30,9
DA:31,2
DA:32,2
DA:33,1
DA:35,1
DA:36,1
DA:37,1
DA:38,0
DA:43,9
LF:26
LH:24
BRF:0
BRH:0
end_of_record
TN:
SF:src\hooks\useRepertoriosStore.js
FN:4,(anonymous_0)
FN:5,(anonymous_1)
FN:39,(anonymous_2)
FN:49,(anonymous_3)
FNF:4
FNH:4
FNDA:16,(anonymous_0)
FNDA:2,(anonymous_1)
FNDA:3,(anonymous_2)
FNDA:2,(anonymous_3)
DA:4,61
DA:5,16
DA:6,2
DA:7,2
DA:8,2
DA:9,1
DA:10,1
DA:13,1
DA:14,1
DA:16,1
DA:17,1
DA:18,0
DA:21,1
DA:22,0
DA:29,1
DA:39,16
DA:40,3
DA:41,3
DA:42,1
DA:43,1
DA:45,1
DA:49,16
DA:50,2
DA:51,2
DA:52,1
DA:53,1
DA:56,1
DA:57,1
DA:59,1
DA:60,1
DA:61,0
DA:64,1
DA:65,0
DA:72,1
DA:82,16
LF:35
LH:31
BRDA:21,0,0,0
BRDA:21,0,1,1
BRDA:64,1,0,0
BRDA:64,1,1,1
BRF:4
BRH:2
end_of_record
TN:
SF:src\hooks\useTransaccionesStore.js
FN:4,(anonymous_0)
FN:7,(anonymous_1)
FN:17,(anonymous_2)
FN:30,(anonymous_3)
FN:40,(anonymous_4)
FN:50,(anonymous_5)
FNF:6
FNH:6
FNDA:15,(anonymous_0)
FNDA:2,(anonymous_1)
FNDA:2,(anonymous_2)
FNDA:2,(anonymous_3)
FNDA:2,(anonymous_4)
FNDA:2,(anonymous_5)
DA:4,61
DA:5,15
DA:7,15
DA:8,2
DA:9,2
DA:10,1
DA:11,1
DA:13,1
DA:17,15
DA:18,2
DA:19,2
DA:23,1
DA:24,1
DA:26,1
DA:30,15
DA:31,2
DA:32,2
DA:33,1
DA:34,1
DA:36,1
DA:40,15
DA:41,2
DA:42,2
DA:43,1
DA:44,1
DA:46,1
DA:50,15
DA:51,2
DA:52,2
DA:55,1
DA:56,1
DA:58,1
DA:62,15
LF:33
LH:33
BRF:0
BRH:0
end_of_record
TN:
SF:src\hooks\useUploadsStore.js
FN:5,(anonymous_0)
FN:9,(anonymous_1)
FN:21,(anonymous_2)
FN:25,(anonymous_3)
FN:32,(anonymous_4)
FN:40,(anonymous_5)
FN:46,(anonymous_6)
FN:49,(anonymous_7)
FN:57,(anonymous_8)
FN:63,(anonymous_9)
FN:66,(anonymous_10)
FN:74,(anonymous_11)
FN:86,(anonymous_12)
FN:90,(anonymous_13)
FNF:14
FNH:1
FNDA:5,(anonymous_0)
FNDA:0,(anonymous_1)
FNDA:0,(anonymous_2)
FNDA:0,(anonymous_3)
FNDA:0,(anonymous_4)
FNDA:0,(anonymous_5)
FNDA:0,(anonymous_6)
FNDA:0,(anonymous_7)
FNDA:0,(anonymous_8)
FNDA:0,(anonymous_9)
FNDA:0,(anonymous_10)
FNDA:0,(anonymous_11)
FNDA:0,(anonymous_12)
FNDA:0,(anonymous_13)
DA:5,58
DA:6,5
DA:7,5
DA:9,5
DA:10,0
DA:11,0
DA:12,0
DA:22,0
DA:23,0
DA:25,0
DA:30,0
DA:33,0
DA:35,0
DA:36,0
DA:40,5
DA:41,0
DA:47,0
DA:49,0
DA:53,0
DA:57,5
DA:58,0
DA:64,0
DA:66,0
DA:70,0
DA:74,5
DA:75,0
DA:76,0
DA:77,0
DA:87,0
DA:88,0
DA:92,0
DA:93,0
DA:96,5
LF:33
LH:8
BRF:0
BRH:0
end_of_record
TN:
SF:src\hooks\useVestimentasStore.js
FN:4,(anonymous_0)
FN:7,(anonymous_1)
FN:18,(anonymous_2)
FN:28,(anonymous_3)
FN:41,(anonymous_4)
FN:51,(anonymous_5)
FN:63,(anonymous_6)
FNF:7
FNH:7
FNDA:13,(anonymous_0)
FNDA:2,(anonymous_1)
FNDA:2,(anonymous_2)
FNDA:2,(anonymous_3)
FNDA:2,(anonymous_4)
FNDA:2,(anonymous_5)
FNDA:2,(anonymous_6)
DA:4,59
DA:5,13
DA:7,13
DA:8,2
DA:9,2
DA:10,2
DA:11,1
DA:12,1
DA:14,1
DA:18,13
DA:19,2
DA:20,2
DA:21,1
DA:22,1
DA:24,1
DA:28,13
DA:29,2
DA:30,2
DA:34,1
DA:35,1
DA:37,1
DA:41,13
DA:42,2
DA:43,2
DA:44,1
DA:45,1
DA:47,1
DA:51,13
DA:52,2
DA:53,2
DA:56,1
DA:57,1
DA:59,1
DA:63,13
DA:64,2
DA:65,2
DA:68,1
DA:69,1
DA:71,1
DA:75,13
LF:40
LH:40
BRF:0
BRH:0
end_of_record
TN:
SF:src\invitado\pages\Inicial.jsx
FN:4,(anonymous_0)
FNF:1
FNH:1
FNDA:1,(anonymous_0)
DA:4,1
DA:5,1
LF:2
LH:2
BRF:0
BRH:0
end_of_record
TN:
SF:src\modules\admin\index.js
FNF:0
FNH:0
LF:0
LH:0
BRF:0
BRH:0
end_of_record
TN:
SF:src\modules\admin\pages\AdministrarBandas.jsx
FN:9,(anonymous_0)
FN:18,(anonymous_1)
FN:19,(anonymous_2)
FN:25,(anonymous_3)
FN:36,(anonymous_4)
FN:45,(anonymous_5)
FNF:6
FNH:4
FNDA:2,(anonymous_0)
FNDA:2,(anonymous_1)
FNDA:2,(anonymous_2)
FNDA:2,(anonymous_3)
FNDA:0,(anonymous_4)
FNDA:0,(anonymous_5)
DA:9,3
DA:10,2
DA:11,2
DA:12,2
DA:13,2
DA:14,2
DA:15,2
DA:18,2
DA:19,2
DA:20,2
DA:21,0
DA:22,0
DA:25,2
DA:26,2
DA:28,2
DA:29,0
DA:32,2
DA:33,2
DA:36,2
DA:37,0
DA:46,0
DA:47,0
DA:48,0
DA:53,2
LF:24
LH:17
BRDA:20,0,0,0
BRDA:20,0,1,2
BRDA:20,1,0,2
BRDA:20,1,1,0
BRDA:28,2,0,0
BRDA:28,2,1,2
BRDA:46,3,0,0
BRDA:46,3,1,0
BRDA:55,4,0,2
BRDA:55,4,1,0
BRDA:119,5,0,2
BRDA:119,5,1,0
BRF:12
BRH:5
end_of_record
TN:
SF:src\modules\admin\pages\AdministrarUsuarios.jsx
FN:11,sleep
FN:12,(anonymous_1)
FN:17,(anonymous_2)
FN:28,(anonymous_3)
FN:29,(anonymous_4)
FN:35,(anonymous_5)
FN:46,(anonymous_6)
FN:55,(anonymous_7)
FN:63,(anonymous_8)
FN:72,(anonymous_9)
FN:79,(anonymous_10)
FN:88,(anonymous_11)
FN:93,(anonymous_12)
FN:173,(anonymous_13)
FN:176,(anonymous_14)
FN:179,(anonymous_15)
FN:182,(anonymous_16)
FN:187,(anonymous_17)
FNF:18
FNH:7
FNDA:0,sleep
FNDA:0,(anonymous_1)
FNDA:3,(anonymous_2)
FNDA:2,(anonymous_3)
FNDA:2,(anonymous_4)
FNDA:2,(anonymous_5)
FNDA:0,(anonymous_6)
FNDA:0,(anonymous_7)
FNDA:0,(anonymous_8)
FNDA:2,(anonymous_9)
FNDA:0,(anonymous_10)
FNDA:0,(anonymous_11)
FNDA:2,(anonymous_12)
FNDA:0,(anonymous_13)
FNDA:0,(anonymous_14)
FNDA:0,(anonymous_15)
FNDA:0,(anonymous_16)
FNDA:5,(anonymous_17)
DA:12,0
DA:13,0
DA:17,3
DA:18,3
DA:19,3
DA:20,3
DA:21,3
DA:22,3
DA:23,3
DA:24,3
DA:25,3
DA:28,3
DA:29,2
DA:30,2
DA:31,0
DA:32,0
DA:35,2
DA:36,2
DA:38,2
DA:39,0
DA:42,2
DA:43,2
DA:46,3
DA:47,0
DA:56,0
DA:57,0
DA:58,0
DA:63,3
DA:64,0
DA:65,0
DA:66,0
DA:67,0
DA:69,0
DA:72,3
DA:73,2
DA:75,2
DA:76,2
DA:79,0
DA:80,0
DA:82,0
DA:83,0
DA:84,0
DA:88,0
DA:89,0
DA:93,3
DA:94,2
DA:95,2
DA:99,3
DA:174,0
DA:177,0
DA:180,0
DA:183,0
DA:188,5
LF:53
LH:28
BRDA:11,0,0,0
BRDA:20,1,0,3
BRDA:20,1,1,0
BRDA:30,2,0,0
BRDA:30,2,1,2
BRDA:30,3,0,2
BRDA:30,3,1,0
BRDA:38,4,0,0
BRDA:38,4,1,2
BRDA:56,5,0,0
BRDA:56,5,1,0
BRDA:65,6,0,0
BRDA:65,6,1,0
BRDA:75,7,0,2
BRDA:75,7,1,0
BRDA:82,8,0,0
BRDA:82,8,1,0
BRDA:94,9,0,2
BRDA:94,9,1,0
BRDA:101,10,0,3
BRDA:101,10,1,0
BRDA:183,11,0,0
BRDA:183,11,1,0
BRDA:196,12,0,0
BRDA:196,12,1,5
BRDA:207,13,0,3
BRDA:207,13,1,0
BRDA:386,14,0,0
BRDA:386,14,1,0
BRF:29
BRH:9
end_of_record
TN:
SF:src\modules\admin\pages\Menu.jsx
FN:6,(anonymous_0)
FN:10,(anonymous_1)
FN:11,(anonymous_2)
FNF:3
FNH:3
FNDA:2,(anonymous_0)
FNDA:2,(anonymous_1)
FNDA:2,(anonymous_2)
DA:6,3
DA:7,2
DA:8,2
DA:10,2
DA:11,2
DA:12,2
DA:14,2
DA:15,0
DA:18,2
DA:21,2
LF:10
LH:9
BRDA:14,0,0,0
BRDA:14,0,1,2
BRDA:23,1,0,2
BRDA:23,1,1,0
BRF:4
BRH:2
end_of_record
TN:
SF:src\modules\banda\index.js
FNF:0
FNH:0
LF:0
LH:0
BRF:0
BRH:0
end_of_record
TN:
SF:src\modules\banda\modals\AñadirVestimenta.jsx
FN:33,(anonymous_0)
FN:49,(anonymous_1)
FN:66,(anonymous_2)
FN:74,(anonymous_3)
FN:75,(anonymous_4)
FN:77,(anonymous_5)
FN:87,(anonymous_6)
FN:95,(anonymous_7)
FN:101,(anonymous_8)
FN:101,(anonymous_9)
FN:105,(anonymous_10)
FN:143,(anonymous_11)
FNF:12
FNH:0
FNDA:0,(anonymous_0)
FNDA:0,(anonymous_1)
FNDA:0,(anonymous_2)
FNDA:0,(anonymous_3)
FNDA:0,(anonymous_4)
FNDA:0,(anonymous_5)
FNDA:0,(anonymous_6)
FNDA:0,(anonymous_7)
FNDA:0,(anonymous_8)
FNDA:0,(anonymous_9)
FNDA:0,(anonymous_10)
FNDA:0,(anonymous_11)
DA:10,21
DA:24,21
DA:33,21
DA:43,0
DA:46,0
DA:47,0
DA:49,0
DA:50,0
DA:51,0
DA:59,0
DA:60,0
DA:63,0
DA:66,0
DA:67,0
DA:68,0
DA:69,0
DA:70,0
DA:72,0
DA:73,0
DA:74,0
DA:75,0
DA:77,0
DA:78,0
DA:79,0
DA:81,0
DA:83,0
DA:87,0
DA:88,0
DA:89,0
DA:91,0
DA:92,0
DA:94,0
DA:95,0
DA:96,0
DA:97,0
DA:101,0
DA:102,0
DA:105,0
DA:106,0
DA:107,0
DA:111,0
DA:144,0
LF:42
LH:3
BRDA:59,0,0,0
BRDA:59,0,1,0
BRDA:69,1,0,0
BRDA:69,1,1,0
BRDA:78,2,0,0
BRDA:78,2,1,0
BRDA:91,3,0,0
BRDA:91,3,1,0
BRDA:106,4,0,0
BRDA:106,4,1,0
BRDA:106,5,0,0
BRDA:106,5,1,0
BRDA:159,6,0,0
BRDA:159,6,1,0
BRDA:170,7,0,0
BRDA:170,7,1,0
BRF:16
BRH:0
end_of_record
TN:
SF:src\modules\banda\modals\NuevaObra.jsx
FN:23,(anonymous_0)
FN:34,(anonymous_1)
FN:49,(anonymous_2)
FN:61,(anonymous_3)
FN:61,(anonymous_4)
FNF:5
FNH:2
FNDA:5,(anonymous_0)
FNDA:0,(anonymous_1)
FNDA:0,(anonymous_2)
FNDA:10,(anonymous_3)
FNDA:0,(anonymous_4)
DA:8,3
DA:23,3
DA:30,5
DA:31,5
DA:32,5
DA:34,5
DA:35,0
DA:36,0
DA:38,0
DA:39,0
DA:40,0
DA:41,0
DA:44,0
DA:45,0
DA:47,0
DA:48,0
DA:49,0
DA:50,0
DA:51,0
DA:56,0
DA:61,10
DA:62,0
DA:63,0
DA:66,5
LF:24
LH:8
BRDA:38,0,0,0
BRDA:38,0,1,0
BRDA:38,1,0,0
BRDA:38,1,1,0
BRDA:40,2,0,0
BRDA:40,2,1,0
BRDA:40,3,0,0
BRDA:40,3,1,0
BRDA:44,4,0,0
BRDA:44,4,1,0
BRDA:48,5,0,0
BRDA:48,5,1,0
BRDA:63,6,0,0
BRDA:63,6,1,0
BRF:14
BRH:0
end_of_record
TN:
SF:src\modules\banda\modals\NuevaPartitura.jsx
FN:58,(anonymous_0)
FN:73,(anonymous_1)
FN:90,(anonymous_2)
FN:103,(anonymous_3)
FN:103,(anonymous_4)
FN:108,(anonymous_5)
FN:108,(anonymous_6)
FN:143,(anonymous_7)
FN:162,(anonymous_8)
FNF:9
FNH:5
FNDA:5,(anonymous_0)
FNDA:0,(anonymous_1)
FNDA:0,(anonymous_2)
FNDA:10,(anonymous_3)
FNDA:0,(anonymous_4)
FNDA:5,(anonymous_5)
FNDA:0,(anonymous_6)
FNDA:155,(anonymous_7)
FNDA:20,(anonymous_8)
DA:8,3
DA:23,3
DA:56,3
DA:58,3
DA:65,5
DA:69,5
DA:70,5
DA:71,5
DA:73,5
DA:74,0
DA:75,0
DA:77,0
DA:78,0
DA:79,0
DA:80,0
DA:81,0
DA:82,0
DA:84,0
DA:85,0
DA:87,0
DA:89,0
DA:90,0
DA:91,0
DA:92,0
DA:97,0
DA:98,0
DA:99,0
DA:103,10
DA:104,0
DA:105,0
DA:108,5
DA:109,0
DA:110,0
DA:113,5
DA:144,155
DA:163,20
LF:36
LH:14
BRDA:77,0,0,0
BRDA:77,0,1,0
BRDA:79,1,0,0
BRDA:79,1,1,0
BRDA:81,2,0,0
BRDA:81,2,1,0
BRDA:81,3,0,0
BRDA:81,3,1,0
BRDA:84,4,0,0
BRDA:84,4,1,0
BRDA:89,5,0,0
BRDA:89,5,1,0
BRF:12
BRH:0
end_of_record
TN:
SF:src\modules\banda\modals\NuevaTransaccion.jsx
FN:35,(anonymous_0)
FN:54,(anonymous_1)
FN:84,(anonymous_2)
FN:111,(anonymous_3)
FN:151,(anonymous_4)
FN:176,(anonymous_5)
FN:184,(anonymous_6)
FN:184,(anonymous_7)
FN:251,(anonymous_8)
FNF:9
FNH:0
FNDA:0,(anonymous_0)
FNDA:0,(anonymous_1)
FNDA:0,(anonymous_2)
FNDA:0,(anonymous_3)
FNDA:0,(anonymous_4)
FNDA:0,(anonymous_5)
FNDA:0,(anonymous_6)
FNDA:0,(anonymous_7)
FNDA:0,(anonymous_8)
DA:17,20
DA:33,20
DA:35,20
DA:46,0
DA:54,0
DA:55,0
DA:56,0
DA:64,0
DA:81,0
DA:82,0
DA:84,0
DA:85,0
DA:86,0
DA:87,0
DA:88,0
DA:89,0
DA:91,0
DA:95,0
DA:98,0
DA:99,0
DA:100,0
DA:101,0
DA:102,0
DA:104,0
DA:107,0
DA:108,0
DA:111,0
DA:112,0
DA:113,0
DA:114,0
DA:115,0
DA:116,0
DA:117,0
DA:118,0
DA:120,0
DA:121,0
DA:122,0
DA:123,0
DA:124,0
DA:125,0
DA:126,0
DA:127,0
DA:129,0
DA:130,0
DA:131,0
DA:132,0
DA:134,0
DA:135,0
DA:137,0
DA:139,0
DA:140,0
DA:141,0
DA:142,0
DA:149,0
DA:151,0
DA:152,0
DA:156,0
DA:157,0
DA:159,0
DA:160,0
DA:162,0
DA:164,0
DA:165,0
DA:167,0
DA:174,0
DA:176,0
DA:177,0
DA:184,0
DA:185,0
DA:186,0
DA:189,0
DA:252,0
LF:72
LH:3
BRDA:55,0,0,0
BRDA:55,0,1,0
BRDA:91,1,0,0
BRDA:91,1,1,0
BRDA:95,2,0,0
BRDA:95,2,1,0
BRDA:101,3,0,0
BRDA:101,3,1,0
BRDA:115,4,0,0
BRDA:115,4,1,0
BRDA:115,5,0,0
BRDA:115,5,1,0
BRDA:117,6,0,0
BRDA:117,6,1,0
BRDA:120,7,0,0
BRDA:120,7,1,0
BRDA:122,8,0,0
BRDA:122,8,1,0
BRDA:124,9,0,0
BRDA:124,9,1,0
BRDA:126,10,0,0
BRDA:126,10,1,0
BRDA:130,11,0,0
BRDA:130,11,1,0
BRDA:132,12,0,0
BRDA:132,12,1,0
BRDA:134,13,0,0
BRDA:134,13,1,0
BRDA:157,14,0,0
BRDA:157,14,1,0
BRDA:159,15,0,0
BRDA:159,15,1,0
BRF:32
BRH:0
end_of_record
TN:
SF:src\modules\banda\modals\NuevasRedSocial.jsx
FN:31,(anonymous_0)
FN:41,(anonymous_1)
FN:58,(anonymous_2)
FN:64,(anonymous_3)
FN:64,(anonymous_4)
FN:69,(anonymous_5)
FNF:6
FNH:4
FNDA:3,(anonymous_0)
FNDA:1,(anonymous_1)
FNDA:0,(anonymous_2)
FNDA:6,(anonymous_3)
FNDA:0,(anonymous_4)
FNDA:3,(anonymous_5)
DA:16,4
DA:31,4
DA:32,3
DA:37,3
DA:38,3
DA:39,3
DA:41,3
DA:42,1
DA:43,1
DA:45,1
DA:46,0
DA:47,1
DA:48,1
DA:51,1
DA:52,1
DA:54,0
DA:55,0
DA:56,0
DA:57,0
DA:58,0
DA:59,0
DA:60,0
DA:64,6
DA:65,0
DA:66,0
DA:69,3
DA:70,3
DA:71,1
DA:75,3
LF:29
LH:19
BRDA:45,0,0,0
BRDA:45,0,1,1
BRDA:47,1,0,1
BRDA:47,1,1,0
BRDA:47,2,0,1
BRDA:47,2,1,1
BRDA:51,3,0,1
BRDA:51,3,1,0
BRDA:55,4,0,0
BRDA:55,4,1,0
BRDA:66,5,0,0
BRDA:66,5,1,0
BRDA:70,6,0,1
BRDA:70,6,1,2
BRDA:70,7,0,3
BRDA:70,7,1,1
BRDA:139,8,0,3
BRDA:139,8,1,0
BRF:18
BRH:10
end_of_record
TN:
SF:src\modules\banda\modals\NuevoAnuncio.jsx
FN:35,(anonymous_0)
FN:48,(anonymous_1)
FN:67,(anonymous_2)
FN:76,(anonymous_3)
FN:76,(anonymous_4)
FN:137,(anonymous_5)
FNF:6
FNH:0
FNDA:0,(anonymous_0)
FNDA:0,(anonymous_1)
FNDA:0,(anonymous_2)
FNDA:0,(anonymous_3)
FNDA:0,(anonymous_4)
FNDA:0,(anonymous_5)
DA:18,2
DA:33,2
DA:35,2
DA:36,0
DA:42,0
DA:44,0
DA:46,0
DA:48,0
DA:49,0
DA:50,0
DA:51,0
DA:52,0
DA:53,0
DA:54,0
DA:55,0
DA:57,0
DA:58,0
DA:61,0
DA:62,0
DA:64,0
DA:65,0
DA:66,0
DA:67,0
DA:68,0
DA:69,0
DA:71,0
DA:76,0
DA:77,0
DA:80,0
DA:138,0
LF:30
LH:3
BRDA:52,0,0,0
BRDA:52,0,1,0
BRDA:52,1,0,0
BRDA:52,1,1,0
BRDA:54,2,0,0
BRDA:54,2,1,0
BRDA:54,3,0,0
BRDA:54,3,1,0
BRDA:57,4,0,0
BRDA:57,4,1,0
BRDA:61,5,0,0
BRDA:61,5,1,0
BRDA:66,6,0,0
BRDA:66,6,1,0
BRF:14
BRH:0
end_of_record
TN:
SF:src\modules\banda\modals\NuevoComentario.jsx
FN:25,(anonymous_0)
FN:39,(anonymous_1)
FN:57,(anonymous_2)
FN:63,(anonymous_3)
FN:63,(anonymous_4)
FN:67,(anonymous_5)
FNF:6
FNH:4
FNDA:8,(anonymous_0)
FNDA:1,(anonymous_1)
FNDA:0,(anonymous_2)
FNDA:16,(anonymous_3)
FNDA:0,(anonymous_4)
FNDA:4,(anonymous_5)
DA:10,4
DA:25,4
DA:31,8
DA:33,8
DA:35,8
DA:37,8
DA:39,8
DA:40,1
DA:41,1
DA:42,1
DA:43,1
DA:44,1
DA:45,1
DA:48,1
DA:49,1
DA:51,0
DA:57,0
DA:58,0
DA:59,0
DA:63,16
DA:64,0
DA:67,8
DA:68,4
DA:69,3
DA:73,8
LF:25
LH:20
BRDA:42,0,0,1
BRDA:42,0,1,0
BRDA:42,1,0,1
BRDA:42,1,1,1
BRDA:44,2,0,1
BRDA:44,2,1,0
BRDA:44,3,0,1
BRDA:44,3,1,1
BRDA:48,4,0,1
BRDA:48,4,1,0
BRDA:68,5,0,3
BRDA:68,5,1,1
BRDA:68,6,0,4
BRDA:68,6,1,3
BRF:14
BRH:11
end_of_record
TN:
SF:src\modules\banda\modals\NuevoPrestamo.jsx
FN:34,(anonymous_0)
FN:53,(anonymous_1)
FN:62,(anonymous_2)
FN:99,(anonymous_3)
FN:99,(anonymous_4)
FN:103,(anonymous_5)
FN:108,(anonymous_6)
FN:109,(anonymous_7)
FN:163,(anonymous_8)
FN:166,(anonymous_9)
FN:169,(anonymous_10)
FN:172,(anonymous_11)
FN:177,(anonymous_12)
FNF:13
FNH:0
FNDA:0,(anonymous_0)
FNDA:0,(anonymous_1)
FNDA:0,(anonymous_2)
FNDA:0,(anonymous_3)
FNDA:0,(anonymous_4)
FNDA:0,(anonymous_5)
FNDA:0,(anonymous_6)
FNDA:0,(anonymous_7)
FNDA:0,(anonymous_8)
FNDA:0,(anonymous_9)
FNDA:0,(anonymous_10)
FNDA:0,(anonymous_11)
FNDA:0,(anonymous_12)
DA:11,21
DA:25,21
DA:34,21
DA:43,0
DA:44,0
DA:45,0
DA:46,0
DA:47,0
DA:50,0
DA:51,0
DA:53,0
DA:54,0
DA:55,0
DA:56,0
DA:59,0
DA:62,0
DA:63,0
DA:64,0
DA:66,0
DA:67,0
DA:69,0
DA:70,0
DA:71,0
DA:72,0
DA:73,0
DA:74,0
DA:79,0
DA:80,0
DA:83,0
DA:84,0
DA:85,0
DA:86,0
DA:87,0
DA:92,0
DA:93,0
DA:99,0
DA:100,0
DA:103,0
DA:104,0
DA:105,0
DA:108,0
DA:109,0
DA:110,0
DA:111,0
DA:113,0
DA:116,0
DA:164,0
DA:167,0
DA:170,0
DA:173,0
DA:178,0
LF:51
LH:3
BRDA:47,0,0,0
BRDA:47,0,1,0
BRDA:55,1,0,0
BRDA:55,1,1,0
BRDA:66,2,0,0
BRDA:66,2,1,0
BRDA:69,3,0,0
BRDA:69,3,1,0
BRDA:72,4,0,0
BRDA:72,4,1,0
BRDA:85,5,0,0
BRDA:85,5,1,0
BRDA:173,6,0,0
BRDA:173,6,1,0
BRDA:191,7,0,0
BRDA:191,7,1,0
BRF:16
BRH:0
end_of_record
TN:
SF:src\modules\banda\modals\NuevoRepertorio.jsx
FN:23,(anonymous_0)
FN:33,(anonymous_1)
FN:48,(anonymous_2)
FN:60,(anonymous_3)
FN:60,(anonymous_4)
FNF:5
FNH:2
FNDA:5,(anonymous_0)
FNDA:0,(anonymous_1)
FNDA:0,(anonymous_2)
FNDA:10,(anonymous_3)
FNDA:0,(anonymous_4)
DA:8,3
DA:23,3
DA:29,5
DA:30,5
DA:31,5
DA:33,5
DA:34,0
DA:35,0
DA:37,0
DA:38,0
DA:39,0
DA:40,0
DA:43,0
DA:44,0
DA:46,0
DA:47,0
DA:48,0
DA:49,0
DA:50,0
DA:55,0
DA:60,10
DA:61,0
DA:62,0
DA:65,5
LF:24
LH:8
BRDA:37,0,0,0
BRDA:37,0,1,0
BRDA:37,1,0,0
BRDA:37,1,1,0
BRDA:39,2,0,0
BRDA:39,2,1,0
BRDA:43,3,0,0
BRDA:43,3,1,0
BRDA:47,4,0,0
BRDA:47,4,1,0
BRDA:62,5,0,0
BRDA:62,5,1,0
BRF:12
BRH:0
end_of_record
TN:
SF:src\modules\banda\pages\Anuncios.jsx
FN:14,(anonymous_0)
FN:26,(anonymous_1)
FN:31,(anonymous_2)
FN:35,(anonymous_3)
FN:39,(anonymous_4)
FN:40,(anonymous_5)
FN:46,(anonymous_6)
FN:47,(anonymous_7)
FN:52,(anonymous_8)
FN:148,(anonymous_9)
FNF:10
FNH:0
FNDA:0,(anonymous_0)
FNDA:0,(anonymous_1)
FNDA:0,(anonymous_2)
FNDA:0,(anonymous_3)
FNDA:0,(anonymous_4)
FNDA:0,(anonymous_5)
FNDA:0,(anonymous_6)
FNDA:0,(anonymous_7)
FNDA:0,(anonymous_8)
FNDA:0,(anonymous_9)
DA:14,2
DA:16,0
DA:17,0
DA:18,0
DA:19,0
DA:20,0
DA:21,0
DA:22,0
DA:23,0
DA:25,0
DA:26,0
DA:27,0
DA:28,0
DA:31,0
DA:32,0
DA:35,0
DA:36,0
DA:39,0
DA:40,0
DA:41,0
DA:43,0
DA:46,0
DA:47,0
DA:48,0
DA:49,0
DA:50,0
DA:52,0
DA:53,0
DA:54,0
DA:55,0
DA:56,0
DA:61,0
DA:64,0
DA:66,0
DA:67,0
DA:70,0
DA:71,0
DA:85,0
DA:149,0
LF:39
LH:1
BRDA:56,0,0,0
BRDA:56,0,1,0
BRDA:57,1,0,0
BRDA:57,1,1,0
BRDA:57,1,2,0
BRDA:70,2,0,0
BRDA:70,2,1,0
BRDA:93,3,0,0
BRDA:93,3,1,0
BRDA:156,4,0,0
BRDA:156,4,1,0
BRF:11
BRH:0
end_of_record
TN:
SF:src\modules\banda\pages\BandaForm.jsx
FN:23,(anonymous_0)
FN:30,(anonymous_1)
FN:34,(anonymous_2)
FN:45,(anonymous_3)
FN:50,(anonymous_4)
FN:56,(anonymous_5)
FN:67,(anonymous_6)
FN:67,(anonymous_7)
FNF:8
FNH:4
FNDA:3,(anonymous_0)
FNDA:1,(anonymous_1)
FNDA:0,(anonymous_2)
FNDA:3,(anonymous_3)
FNDA:0,(anonymous_4)
FNDA:0,(anonymous_5)
FNDA:11,(anonymous_6)
FNDA:0,(anonymous_7)
DA:9,2
DA:23,2
DA:24,3
DA:26,3
DA:28,3
DA:30,3
DA:31,1
DA:32,0
DA:34,1
DA:35,0
DA:36,0
DA:37,0
DA:42,3
DA:45,3
DA:46,3
DA:50,3
DA:51,0
DA:56,3
DA:57,0
DA:59,0
DA:60,0
DA:62,0
DA:67,11
DA:68,0
DA:72,3
DA:74,1
DA:83,1
DA:93,1
LF:28
LH:18
BRDA:31,0,0,0
BRDA:31,0,1,1
BRDA:31,1,0,1
BRDA:31,1,1,0
BRDA:35,2,0,0
BRDA:35,2,1,0
BRDA:59,3,0,0
BRDA:59,3,1,0
BRDA:72,4,0,1
BRDA:72,4,1,1
BRDA:72,4,2,1
BRF:11
BRH:5
end_of_record
TN:
SF:src\modules\banda\pages\CrearBandaDos.jsx
FN:6,(anonymous_0)
FN:11,(anonymous_1)
FN:16,(anonymous_2)
FNF:3
FNH:2
FNDA:4,(anonymous_0)
FNDA:0,(anonymous_1)
FNDA:2,(anonymous_2)
DA:6,2
DA:7,4
DA:8,4
DA:11,2
DA:12,0
DA:13,0
DA:17,2
DA:19,2
LF:8
LH:6
BRF:0
BRH:0
end_of_record
TN:
SF:src\modules\banda\pages\CrearBandaTres.jsx
FN:9,(anonymous_0)
FN:14,(anonymous_1)
FN:19,(anonymous_2)
FNF:3
FNH:1
FNDA:0,(anonymous_0)
FNDA:0,(anonymous_1)
FNDA:2,(anonymous_2)
DA:9,2
DA:10,0
DA:11,0
DA:14,2
DA:15,0
DA:16,0
DA:35,2
DA:37,2
LF:8
LH:4
BRF:0
BRH:0
end_of_record
TN:
SF:src\modules\banda\pages\CrearBandaUno.jsx
FN:6,(anonymous_0)
FN:10,(anonymous_1)
FNF:2
FNH:2
FNDA:2,(anonymous_0)
FNDA:2,(anonymous_1)
DA:6,2
DA:7,2
DA:8,2
DA:11,2
DA:13,2
LF:5
LH:5
BRF:0
BRH:0
end_of_record
TN:
SF:src\modules\banda\pages\Instrumentos.jsx
FN:12,(anonymous_0)
FN:26,(anonymous_1)
FN:31,(anonymous_2)
FN:37,(anonymous_3)
FN:43,(anonymous_4)
FN:49,(anonymous_5)
FN:54,(anonymous_6)
FN:56,(anonymous_7)
FN:61,(anonymous_8)
FN:62,(anonymous_9)
FN:66,(anonymous_10)
FN:181,(anonymous_11)
FNF:12
FNH:0
FNDA:0,(anonymous_0)
FNDA:0,(anonymous_1)
FNDA:0,(anonymous_2)
FNDA:0,(anonymous_3)
FNDA:0,(anonymous_4)
FNDA:0,(anonymous_5)
FNDA:0,(anonymous_6)
FNDA:0,(anonymous_7)
FNDA:0,(anonymous_8)
FNDA:0,(anonymous_9)
FNDA:0,(anonymous_10)
FNDA:0,(anonymous_11)
DA:12,2
DA:14,0
DA:15,0
DA:16,0
DA:17,0
DA:18,0
DA:19,0
DA:24,0
DA:26,0
DA:27,0
DA:28,0
DA:31,0
DA:32,0
DA:33,0
DA:34,0
DA:37,0
DA:38,0
DA:39,0
DA:40,0
DA:43,0
DA:44,0
DA:45,0
DA:46,0
DA:49,0
DA:50,0
DA:51,0
DA:54,0
DA:55,0
DA:56,0
DA:58,0
DA:61,0
DA:62,0
DA:63,0
DA:64,0
DA:66,0
DA:67,0
DA:68,0
DA:69,0
DA:70,0
DA:75,0
DA:78,0
DA:80,0
DA:81,0
DA:84,0
DA:85,0
DA:99,0
DA:182,0
LF:47
LH:1
BRDA:70,0,0,0
BRDA:70,0,1,0
BRDA:71,1,0,0
BRDA:71,1,1,0
BRDA:71,1,2,0
BRDA:84,2,0,0
BRDA:84,2,1,0
BRDA:101,3,0,0
BRDA:101,3,1,0
BRDA:191,4,0,0
BRDA:191,4,1,0
BRF:11
BRH:0
end_of_record
TN:
SF:src\modules\banda\pages\MisBandas.jsx
FN:7,(anonymous_0)
FN:14,(anonymous_1)
FN:15,(anonymous_2)
FN:104,(anonymous_3)
FNF:4
FNH:3
FNDA:1,(anonymous_0)
FNDA:1,(anonymous_1)
FNDA:1,(anonymous_2)
FNDA:0,(anonymous_3)
DA:7,3
DA:8,1
DA:9,1
DA:10,1
DA:11,1
DA:12,1
DA:14,1
DA:15,1
DA:16,1
DA:17,0
DA:18,0
DA:20,1
DA:21,1
DA:24,1
DA:27,1
DA:28,1
DA:41,0
DA:105,0
LF:18
LH:14
BRDA:16,0,0,0
BRDA:16,0,1,1
BRDA:27,1,0,1
BRDA:27,1,1,0
BRDA:43,2,0,0
BRDA:43,2,1,0
BRDA:43,2,2,0
BRDA:76,3,0,0
BRDA:76,3,1,0
BRDA:107,4,0,0
BRDA:107,4,1,0
BRF:11
BRH:2
end_of_record
TN:
SF:src\modules\banda\pages\PanelDirectivo.jsx
FN:11,(anonymous_0)
FN:22,(anonymous_1)
FN:31,(anonymous_2)
FN:42,(anonymous_3)
FN:51,(anonymous_4)
FN:63,(anonymous_5)
FN:64,(anonymous_6)
FNF:7
FNH:3
FNDA:1,(anonymous_0)
FNDA:0,(anonymous_1)
FNDA:0,(anonymous_2)
FNDA:0,(anonymous_3)
FNDA:0,(anonymous_4)
FNDA:1,(anonymous_5)
FNDA:1,(anonymous_6)
DA:11,1
DA:12,1
DA:14,1
DA:15,1
DA:16,1
DA:17,1
DA:18,1
DA:19,1
DA:22,1
DA:23,0
DA:24,0
DA:32,0
DA:34,0
DA:36,0
DA:42,1
DA:43,0
DA:44,0
DA:52,0
DA:54,0
DA:56,0
DA:57,0
DA:63,1
DA:64,1
DA:65,1
DA:67,1
DA:68,1
DA:69,1
DA:74,1
DA:75,1
DA:76,1
DA:80,1
DA:82,1
DA:85,1
DA:86,1
DA:100,0
LF:35
LH:23
BRDA:32,0,0,0
BRDA:32,0,1,0
BRDA:52,1,0,0
BRDA:52,1,1,0
BRDA:56,2,0,0
BRDA:56,2,1,0
BRDA:69,3,0,1
BRDA:69,3,1,0
BRDA:70,4,0,1
BRDA:70,4,1,1
BRDA:70,4,2,1
BRDA:75,5,0,1
BRDA:75,5,1,0
BRDA:85,6,0,1
BRDA:85,6,1,0
BRDA:102,7,0,0
BRDA:102,7,1,0
BRDA:321,8,0,0
BRDA:321,8,1,0
BRF:19
BRH:6
end_of_record
TN:
SF:src\modules\banda\pages\PerfilBanda.jsx
FN:51,(anonymous_0)
FN:86,(anonymous_1)
FN:91,(anonymous_2)
FN:96,(anonymous_3)
FN:97,(anonymous_4)
FN:106,(anonymous_5)
FN:110,(anonymous_6)
FN:115,(anonymous_7)
FN:120,(anonymous_8)
FN:125,(anonymous_9)
FN:130,(anonymous_10)
FN:135,(anonymous_11)
FN:140,(anonymous_12)
FN:145,(anonymous_13)
FN:150,(anonymous_14)
FN:155,(anonymous_15)
FN:160,(anonymous_16)
FN:165,(anonymous_17)
FN:170,(anonymous_18)
FN:175,(anonymous_19)
FN:183,(anonymous_20)
FN:191,(anonymous_21)
FN:193,(anonymous_22)
FN:196,(anonymous_23)
FN:198,(anonymous_24)
FN:201,(anonymous_25)
FN:203,(anonymous_26)
FN:206,(anonymous_27)
FN:208,(anonymous_28)
FN:211,(anonymous_29)
FN:220,(anonymous_30)
FN:230,(anonymous_31)
FN:239,(anonymous_32)
FN:278,(anonymous_33)
FN:279,(anonymous_34)
FN:283,(anonymous_35)
FN:287,(anonymous_36)
FN:291,(anonymous_37)
FN:302,(anonymous_38)
FN:303,(anonymous_39)
FN:320,(anonymous_40)
FN:321,(anonymous_41)
FN:329,(anonymous_42)
FN:330,(anonymous_43)
FN:334,(anonymous_44)
FN:343,(anonymous_45)
FN:344,(anonymous_46)
FN:348,(anonymous_47)
FN:352,(anonymous_48)
FN:361,(anonymous_49)
FN:362,(anonymous_50)
FN:392,(anonymous_51)
FN:410,(anonymous_52)
FN:435,(anonymous_53)
FN:446,(anonymous_54)
FN:447,(anonymous_55)
FN:463,(anonymous_56)
FN:464,(anonymous_57)
FN:471,(anonymous_58)
FN:472,(anonymous_59)
FN:664,(anonymous_60)
FN:848,(anonymous_61)
FN:896,(anonymous_62)
FN:1016,(anonymous_63)
FN:1040,(anonymous_64)
FN:1066,(anonymous_65)
FNF:66
FNH:31
FNDA:5,(anonymous_0)
FNDA:0,(anonymous_1)
FNDA:0,(anonymous_2)
FNDA:2,(anonymous_3)
FNDA:2,(anonymous_4)
FNDA:0,(anonymous_5)
FNDA:0,(anonymous_6)
FNDA:0,(anonymous_7)
FNDA:0,(anonymous_8)
FNDA:0,(anonymous_9)
FNDA:0,(anonymous_10)
FNDA:0,(anonymous_11)
FNDA:0,(anonymous_12)
FNDA:0,(anonymous_13)
FNDA:0,(anonymous_14)
FNDA:0,(anonymous_15)
FNDA:0,(anonymous_16)
FNDA:0,(anonymous_17)
FNDA:0,(anonymous_18)
FNDA:0,(anonymous_19)
FNDA:0,(anonymous_20)
FNDA:0,(anonymous_21)
FNDA:0,(anonymous_22)
FNDA:0,(anonymous_23)
FNDA:0,(anonymous_24)
FNDA:0,(anonymous_25)
FNDA:0,(anonymous_26)
FNDA:0,(anonymous_27)
FNDA:0,(anonymous_28)
FNDA:0,(anonymous_29)
FNDA:0,(anonymous_30)
FNDA:0,(anonymous_31)
FNDA:0,(anonymous_32)
FNDA:1,(anonymous_33)
FNDA:1,(anonymous_34)
FNDA:1,(anonymous_35)
FNDA:1,(anonymous_36)
FNDA:1,(anonymous_37)
FNDA:1,(anonymous_38)
FNDA:1,(anonymous_39)
FNDA:1,(anonymous_40)
FNDA:1,(anonymous_41)
FNDA:1,(anonymous_42)
FNDA:1,(anonymous_43)
FNDA:1,(anonymous_44)
FNDA:1,(anonymous_45)
FNDA:1,(anonymous_46)
FNDA:1,(anonymous_47)
FNDA:1,(anonymous_48)
FNDA:2,(anonymous_49)
FNDA:2,(anonymous_50)
FNDA:2,(anonymous_51)
FNDA:2,(anonymous_52)
FNDA:1,(anonymous_53)
FNDA:2,(anonymous_54)
FNDA:2,(anonymous_55)
FNDA:1,(anonymous_56)
FNDA:1,(anonymous_57)
FNDA:2,(anonymous_58)
FNDA:2,(anonymous_59)
FNDA:3,(anonymous_60)
FNDA:0,(anonymous_61)
FNDA:0,(anonymous_62)
FNDA:0,(anonymous_63)
FNDA:0,(anonymous_64)
FNDA:0,(anonymous_65)
DA:39,3
DA:51,3
DA:53,5
DA:54,5
DA:55,5
DA:56,5
DA:57,5
DA:58,5
DA:59,5
DA:60,5
DA:61,5
DA:62,5
DA:63,5
DA:64,5
DA:65,5
DA:66,5
DA:67,5
DA:68,5
DA:69,5
DA:70,5
DA:71,5
DA:72,5
DA:73,5
DA:74,5
DA:75,5
DA:76,5
DA:77,5
DA:78,5
DA:79,5
DA:80,5
DA:81,5
DA:82,5
DA:83,5
DA:84,5
DA:86,5
DA:87,0
DA:88,0
DA:91,5
DA:92,0
DA:93,0
DA:96,5
DA:97,2
DA:98,2
DA:102,2
DA:106,5
DA:107,0
DA:110,5
DA:111,0
DA:112,0
DA:115,5
DA:116,0
DA:117,0
DA:120,5
DA:121,0
DA:122,0
DA:125,5
DA:126,0
DA:127,0
DA:130,5
DA:131,0
DA:132,0
DA:135,5
DA:136,0
DA:137,0
DA:140,5
DA:141,0
DA:142,0
DA:145,5
DA:146,0
DA:147,0
DA:150,5
DA:151,0
DA:152,0
DA:155,5
DA:156,0
DA:157,0
DA:160,5
DA:161,0
DA:162,0
DA:165,5
DA:166,0
DA:167,0
DA:170,5
DA:171,0
DA:172,0
DA:175,5
DA:176,0
DA:177,0
DA:178,0
DA:179,0
DA:180,0
DA:183,5
DA:184,0
DA:185,0
DA:186,0
DA:187,0
DA:188,0
DA:191,5
DA:193,0
DA:196,5
DA:198,0
DA:201,5
DA:203,0
DA:206,5
DA:208,0
DA:211,5
DA:212,0
DA:213,0
DA:221,0
DA:223,0
DA:225,0
DA:230,5
DA:231,0
DA:232,0
DA:240,0
DA:242,0
DA:244,0
DA:245,0
DA:255,5
DA:256,5
DA:257,5
DA:259,5
DA:260,5
DA:261,5
DA:262,5
DA:263,5
DA:264,5
DA:265,5
DA:266,5
DA:273,5
DA:274,5
DA:276,5
DA:278,5
DA:279,1
DA:280,1
DA:281,1
DA:283,1
DA:284,1
DA:285,1
DA:287,1
DA:288,1
DA:289,1
DA:291,1
DA:292,1
DA:293,0
DA:294,0
DA:296,1
DA:297,1
DA:298,1
DA:299,1
DA:302,5
DA:303,1
DA:304,1
DA:305,1
DA:306,1
DA:307,1
DA:308,1
DA:309,1
DA:310,1
DA:311,1
DA:312,1
DA:317,1
DA:320,5
DA:321,1
DA:322,1
DA:323,1
DA:324,1
DA:326,1
DA:329,5
DA:330,1
DA:331,1
DA:332,0
DA:334,1
DA:335,1
DA:336,0
DA:338,1
DA:339,1
DA:343,5
DA:344,1
DA:345,1
DA:346,1
DA:348,1
DA:349,1
DA:350,1
DA:352,1
DA:353,1
DA:354,0
DA:356,1
DA:357,1
DA:358,1
DA:361,5
DA:362,2
DA:363,2
DA:364,2
DA:366,2
DA:367,1
DA:368,1
DA:369,1
DA:370,1
DA:371,1
DA:372,1
DA:373,1
DA:375,1
DA:378,2
DA:379,2
DA:380,1
DA:381,1
DA:382,1
DA:383,1
DA:384,1
DA:385,1
DA:386,1
DA:388,1
DA:390,2
DA:392,2
DA:393,2
DA:394,2
DA:396,2
DA:397,1
DA:398,1
DA:399,1
DA:400,1
DA:401,1
DA:402,1
DA:404,1
DA:406,1
DA:408,2
DA:410,2
DA:411,2
DA:413,2
DA:415,2
DA:416,0
DA:417,0
DA:419,0
DA:420,0
DA:421,0
DA:422,0
DA:424,0
DA:426,0
DA:428,2
DA:430,2
DA:431,2
DA:432,2
DA:435,5
DA:436,1
DA:437,0
DA:438,0
DA:439,1
DA:440,0
DA:441,0
DA:446,5
DA:447,2
DA:448,2
DA:449,1
DA:453,0
DA:454,0
DA:456,0
DA:460,2
DA:463,5
DA:464,1
DA:465,1
DA:466,1
DA:468,1
DA:471,5
DA:472,2
DA:473,2
DA:474,1
DA:478,0
DA:481,2
DA:484,5
DA:665,3
DA:849,0
DA:897,0
DA:1017,0
DA:1041,0
DA:1067,0
LF:276
LH:194
BRDA:221,0,0,0
BRDA:221,0,1,0
BRDA:240,1,0,0
BRDA:240,1,1,0
BRDA:311,2,0,1
BRDA:311,2,1,0
BRDA:436,3,0,0
BRDA:436,3,1,1
BRDA:439,4,0,0
BRDA:439,4,1,1
BRDA:448,5,0,1
BRDA:448,5,1,1
BRDA:453,6,0,0
BRDA:453,6,1,0
BRDA:473,7,0,1
BRDA:473,7,1,1
BRDA:550,8,0,3
BRDA:550,8,1,2
BRDA:565,9,0,0
BRDA:565,9,1,5
BRDA:679,10,0,3
BRDA:679,10,1,0
BRDA:686,11,0,3
BRDA:686,11,1,3
BRDA:693,12,0,3
BRDA:693,12,1,0
BRDA:700,13,0,3
BRDA:700,13,1,0
BRDA:707,14,0,3
BRDA:707,14,1,0
BRDA:714,15,0,3
BRDA:714,15,1,0
BRDA:721,16,0,3
BRDA:721,16,1,0
BRDA:728,17,0,3
BRDA:728,17,1,0
BRDA:735,18,0,3
BRDA:735,18,1,0
BRDA:742,19,0,3
BRDA:742,19,1,0
BRDA:752,20,0,5
BRDA:752,20,1,3
BRDA:765,21,0,5
BRDA:765,21,1,0
BRDA:778,22,0,5
BRDA:778,22,1,3
BRDA:847,23,0,5
BRDA:847,23,1,5
BRDA:857,24,0,5
BRDA:857,24,1,5
BRDA:857,24,2,0
BRDA:876,25,0,5
BRDA:876,25,1,5
BRDA:876,25,2,5
BRDA:882,26,0,5
BRDA:882,26,1,0
BRDA:883,27,0,5
BRDA:883,27,1,0
BRDA:895,28,0,5
BRDA:895,28,1,0
BRDA:903,29,0,5
BRDA:903,29,1,0
BRDA:903,29,2,0
BRDA:910,30,0,5
BRDA:910,30,1,0
BRDA:910,30,2,0
BRDA:929,31,0,5
BRDA:929,31,1,0
BRDA:931,32,0,0
BRDA:931,32,1,0
BRDA:940,33,0,0
BRDA:940,33,1,0
BRDA:942,34,0,0
BRDA:942,34,1,0
BRDA:966,35,0,0
BRDA:966,35,1,0
BRDA:968,36,0,0
BRDA:968,36,1,0
BRDA:994,37,0,0
BRDA:994,37,1,0
BRDA:1011,38,0,0
BRDA:1011,38,1,0
BRDA:1013,39,0,0
BRDA:1013,39,1,0
BRDA:1014,40,0,0
BRDA:1014,40,1,0
BRDA:1036,41,0,0
BRDA:1036,41,1,0
BRDA:1038,42,0,0
BRDA:1038,42,1,0
BRDA:1080,43,0,5
BRDA:1080,43,1,0
BRDA:1080,43,2,0
BRDA:1087,44,0,5
BRDA:1087,44,1,0
BRF:95
BRH:41
end_of_record
TN:
SF:src\modules\banda\pages\PrestamosBanda.jsx
FN:13,(anonymous_0)
FN:24,(anonymous_1)
FN:29,(anonymous_2)
FN:30,(anonymous_3)
FN:35,(anonymous_4)
FN:107,(anonymous_5)
FNF:6
FNH:0
FNDA:0,(anonymous_0)
FNDA:0,(anonymous_1)
FNDA:0,(anonymous_2)
FNDA:0,(anonymous_3)
FNDA:0,(anonymous_4)
FNDA:0,(anonymous_5)
DA:13,2
DA:15,0
DA:16,0
DA:17,0
DA:18,0
DA:19,0
DA:20,0
DA:21,0
DA:23,0
DA:24,0
DA:25,0
DA:26,0
DA:29,0
DA:30,0
DA:31,0
DA:32,0
DA:33,0
DA:35,0
DA:36,0
DA:37,0
DA:38,0
DA:39,0
DA:44,0
DA:47,0
DA:49,0
DA:50,0
DA:53,0
DA:54,0
DA:68,0
DA:108,0
LF:30
LH:1
BRDA:39,0,0,0
BRDA:39,0,1,0
BRDA:40,1,0,0
BRDA:40,1,1,0
BRDA:40,1,2,0
BRDA:53,2,0,0
BRDA:53,2,1,0
BRDA:70,3,0,0
BRDA:70,3,1,0
BRDA:110,4,0,0
BRDA:110,4,1,0
BRF:11
BRH:0
end_of_record
TN:
SF:src\modules\banda\pages\RedesSociales.jsx
FN:28,(anonymous_0)
FN:38,(anonymous_1)
FN:48,(anonymous_2)
FN:57,(anonymous_3)
FN:62,(anonymous_4)
FN:67,(anonymous_5)
FN:69,(anonymous_6)
FN:69,(anonymous_7)
FN:72,(anonymous_8)
FN:73,(anonymous_9)
FN:77,(anonymous_10)
FN:191,(anonymous_11)
FN:201,(anonymous_12)
FNF:13
FNH:7
FNDA:6,(anonymous_0)
FNDA:1,(anonymous_1)
FNDA:2,(anonymous_2)
FNDA:0,(anonymous_3)
FNDA:0,(anonymous_4)
FNDA:0,(anonymous_5)
FNDA:0,(anonymous_6)
FNDA:0,(anonymous_7)
FNDA:1,(anonymous_8)
FNDA:1,(anonymous_9)
FNDA:1,(anonymous_10)
FNDA:1,(anonymous_11)
FNDA:0,(anonymous_12)
DA:28,6
DA:38,3
DA:48,3
DA:49,2
DA:50,2
DA:51,2
DA:52,2
DA:53,2
DA:54,2
DA:55,2
DA:57,2
DA:58,0
DA:59,0
DA:62,2
DA:63,0
DA:64,0
DA:67,2
DA:68,0
DA:69,0
DA:72,2
DA:73,1
DA:74,1
DA:75,1
DA:77,1
DA:78,1
DA:79,1
DA:80,1
DA:81,1
DA:86,1
DA:89,1
DA:91,1
DA:92,1
DA:95,2
DA:96,1
DA:110,1
DA:192,1
DA:201,0
LF:37
LH:30
BRDA:81,0,0,1
BRDA:81,0,1,0
BRDA:82,1,0,1
BRDA:82,1,1,1
BRDA:82,1,2,1
BRDA:95,2,0,1
BRDA:95,2,1,1
BRDA:112,3,0,1
BRDA:112,3,1,0
BRF:9
BRH:7
end_of_record
TN:
SF:src\modules\banda\pages\Transacciones.jsx
FN:38,TablePaginationActions
FN:42,(anonymous_1)
FN:46,(anonymous_2)
FN:50,(anonymous_3)
FN:54,(anonymous_4)
FN:107,(anonymous_5)
FN:125,(anonymous_6)
FN:129,(anonymous_7)
FN:141,(anonymous_8)
FN:165,(anonymous_9)
FN:172,(anonymous_10)
FN:177,(anonymous_11)
FN:183,(anonymous_12)
FN:192,(anonymous_13)
FN:203,(anonymous_14)
FN:204,(anonymous_15)
FN:219,(anonymous_16)
FN:220,(anonymous_17)
FN:228,(anonymous_18)
FN:236,(anonymous_19)
FN:413,(anonymous_20)
FN:431,(anonymous_21)
FN:435,(anonymous_22)
FNF:23
FNH:0
FNDA:0,TablePaginationActions
FNDA:0,(anonymous_1)
FNDA:0,(anonymous_2)
FNDA:0,(anonymous_3)
FNDA:0,(anonymous_4)
FNDA:0,(anonymous_5)
FNDA:0,(anonymous_6)
FNDA:0,(anonymous_7)
FNDA:0,(anonymous_8)
FNDA:0,(anonymous_9)
FNDA:0,(anonymous_10)
FNDA:0,(anonymous_11)
FNDA:0,(anonymous_12)
FNDA:0,(anonymous_13)
FNDA:0,(anonymous_14)
FNDA:0,(anonymous_15)
FNDA:0,(anonymous_16)
FNDA:0,(anonymous_17)
FNDA:0,(anonymous_18)
FNDA:0,(anonymous_19)
FNDA:0,(anonymous_20)
FNDA:0,(anonymous_21)
FNDA:0,(anonymous_22)
DA:39,0
DA:40,0
DA:42,0
DA:43,0
DA:46,0
DA:47,0
DA:50,0
DA:51,0
DA:54,0
DA:55,0
DA:58,0
DA:100,2
DA:107,2
DA:109,0
DA:110,0
DA:111,0
DA:112,0
DA:113,0
DA:114,0
DA:115,0
DA:116,0
DA:117,0
DA:118,0
DA:119,0
DA:123,0
DA:125,0
DA:126,0
DA:129,0
DA:130,0
DA:131,0
DA:136,0
DA:137,0
DA:138,0
DA:139,0
DA:141,0
DA:142,0
DA:143,0
DA:144,0
DA:145,0
DA:146,0
DA:148,0
DA:152,0
DA:155,0
DA:156,0
DA:157,0
DA:159,0
DA:161,0
DA:162,0
DA:165,0
DA:166,0
DA:167,0
DA:168,0
DA:169,0
DA:172,0
DA:173,0
DA:174,0
DA:177,0
DA:178,0
DA:179,0
DA:180,0
DA:183,0
DA:184,0
DA:193,0
DA:194,0
DA:195,0
DA:196,0
DA:197,0
DA:198,0
DA:203,0
DA:204,0
DA:205,0
DA:206,0
DA:207,0
DA:208,0
DA:209,0
DA:210,0
DA:214,0
DA:216,0
DA:219,0
DA:220,0
DA:221,0
DA:222,0
DA:223,0
DA:225,0
DA:228,0
DA:229,0
DA:230,0
DA:231,0
DA:232,0
DA:233,0
DA:236,0
DA:237,0
DA:238,0
DA:239,0
DA:240,0
DA:241,0
DA:243,0
DA:244,0
DA:246,0
DA:414,0
DA:431,0
DA:435,0
LF:102
LH:2
BRDA:65,0,0,0
BRDA:65,0,1,0
BRDA:72,1,0,0
BRDA:72,1,1,0
BRDA:83,2,0,0
BRDA:83,2,1,0
BRDA:94,3,0,0
BRDA:94,3,1,0
BRDA:123,4,0,0
BRDA:123,4,1,0
BRDA:148,5,0,0
BRDA:148,5,1,0
BRDA:152,6,0,0
BRDA:152,6,1,0
BRDA:193,7,0,0
BRDA:193,7,1,0
BRDA:207,8,0,0
BRDA:207,8,1,0
BRDA:207,9,0,0
BRDA:207,9,1,0
BRDA:209,10,0,0
BRDA:209,10,1,0
BRDA:243,11,0,0
BRDA:243,11,1,0
BRDA:248,12,0,0
BRDA:248,12,1,0
BRDA:278,13,0,0
BRDA:278,13,1,0
BRDA:311,14,0,0
BRDA:311,14,1,0
BRDA:407,15,0,0
BRDA:407,15,1,0
BRDA:422,16,0,0
BRDA:422,16,1,0
BRDA:429,17,0,0
BRDA:429,17,1,0
BRDA:447,18,0,0
BRDA:447,18,1,0
BRF:38
BRH:0
end_of_record
TN:
SF:src\modules\banda\pages\UpdateBandaForm.jsx
FN:15,(anonymous_0)
FN:27,(anonymous_1)
FN:31,(anonymous_2)
FN:38,(anonymous_3)
FN:39,(anonymous_4)
FN:43,(anonymous_5)
FN:62,(anonymous_6)
FN:67,(anonymous_7)
FN:73,(anonymous_8)
FN:84,(anonymous_9)
FN:84,(anonymous_10)
FNF:11
FNH:7
FNDA:4,(anonymous_0)
FNDA:1,(anonymous_1)
FNDA:0,(anonymous_2)
FNDA:1,(anonymous_3)
FNDA:1,(anonymous_4)
FNDA:1,(anonymous_5)
FNDA:3,(anonymous_6)
FNDA:0,(anonymous_7)
FNDA:0,(anonymous_8)
FNDA:11,(anonymous_9)
FNDA:0,(anonymous_10)
DA:15,2
DA:16,4
DA:18,4
DA:19,4
DA:20,4
DA:21,4
DA:22,4
DA:23,4
DA:25,4
DA:27,4
DA:28,1
DA:29,0
DA:31,1
DA:32,0
DA:33,0
DA:38,4
DA:39,1
DA:40,1
DA:41,1
DA:43,1
DA:44,1
DA:45,1
DA:46,1
DA:47,1
DA:52,1
DA:55,1
DA:57,1
DA:58,1
DA:62,4
DA:63,3
DA:67,4
DA:68,0
DA:73,4
DA:74,0
DA:76,0
DA:77,0
DA:79,0
DA:84,11
DA:85,0
DA:89,4
DA:90,1
DA:107,3
DA:109,1
DA:121,1
DA:134,1
LF:45
LH:36
BRDA:28,0,0,0
BRDA:28,0,1,1
BRDA:28,1,0,1
BRDA:28,1,1,0
BRDA:32,2,0,0
BRDA:32,2,1,0
BRDA:47,3,0,1
BRDA:47,3,1,0
BRDA:48,4,0,1
BRDA:48,4,1,1
BRDA:48,4,2,1
BRDA:76,5,0,0
BRDA:76,5,1,0
BRDA:89,6,0,1
BRDA:89,6,1,3
BRDA:89,7,0,4
BRDA:89,7,1,3
BRDA:107,8,0,1
BRDA:107,8,1,1
BRDA:107,8,2,1
BRDA:111,9,0,1
BRDA:111,9,1,0
BRDA:123,10,0,1
BRDA:123,10,1,0
BRDA:136,11,0,1
BRDA:136,11,1,0
BRF:26
BRH:16
end_of_record
TN:
SF:src\modules\banda\pages\Vestimentas.jsx
FN:12,(anonymous_0)
FN:25,(anonymous_1)
FN:30,(anonymous_2)
FN:36,(anonymous_3)
FN:42,(anonymous_4)
FN:48,(anonymous_5)
FN:53,(anonymous_6)
FN:55,(anonymous_7)
FN:60,(anonymous_8)
FN:61,(anonymous_9)
FN:65,(anonymous_10)
FN:183,(anonymous_11)
FNF:12
FNH:0
[...]
FN:46,(anonymous_0)
FN:57,(anonymous_1)
FN:57,(anonymous_2)
FN:68,(anonymous_3)
FN:77,(anonymous_4)
FN:78,(anonymous_5)
FN:95,(anonymous_6)
FN:98,(anonymous_7)
FN:198,(anonymous_8)
FN:235,(anonymous_9)
FN:268,(anonymous_10)
FNF:11
FNH:0
FNDA:0,(anonymous_0)
FNDA:0,(anonymous_1)
FNDA:0,(anonymous_2)
FNDA:0,(anonymous_3)
FNDA:0,(anonymous_4)
FNDA:0,(anonymous_5)
FNDA:0,(anonymous_6)
FNDA:0,(anonymous_7)
FNDA:0,(anonymous_8)
FNDA:0,(anonymous_9)
FNDA:0,(anonymous_10)
DA:13,20
DA:46,20
DA:47,0
DA:51,0
DA:52,0
DA:53,0
DA:55,0
DA:57,0
DA:58,0
DA:59,0
DA:62,0
DA:63,0
DA:64,0
DA:65,0
DA:66,0
DA:68,0
DA:69,0
DA:74,0
DA:77,0
DA:78,0
DA:79,0
DA:80,0
DA:81,0
DA:82,0
DA:83,0
DA:84,0
DA:86,0
DA:87,0
DA:88,0
DA:90,0
DA:95,0
DA:96,0
DA:98,0
DA:99,0
DA:100,0
DA:102,0
DA:103,0
DA:105,0
DA:107,0
DA:108,0
DA:110,0
DA:111,0
DA:114,0
DA:115,0
DA:123,0
DA:199,0
DA:236,0
DA:269,0
LF:48
LH:2
BRDA:80,0,0,0
BRDA:80,0,1,0
BRDA:82,1,0,0
BRDA:82,1,1,0
BRDA:86,2,0,0
BRDA:86,2,1,0
BRDA:86,3,0,0
BRDA:86,3,1,0
BRDA:99,4,0,0
BRDA:99,4,1,0
BRDA:102,5,0,0
BRDA:102,5,1,0
BRDA:114,6,0,0
BRDA:114,6,1,0
BRDA:125,7,0,0
BRDA:125,7,1,0
BRF:16
BRH:0
end_of_record
TN:
SF:src\modules\eventos\pages\CrearEventoForm.jsx
FN:36,(anonymous_0)
FN:47,(anonymous_1)
FN:51,(anonymous_2)
FN:63,(anonymous_3)
FN:68,(anonymous_4)
FN:74,(anonymous_5)
FN:88,(anonymous_6)
FN:88,(anonymous_7)
FN:93,(anonymous_8)
FN:94,(anonymous_9)
FNF:10
FNH:0
FNDA:0,(anonymous_0)
FNDA:0,(anonymous_1)
FNDA:0,(anonymous_2)
FNDA:0,(anonymous_3)
FNDA:0,(anonymous_4)
FNDA:0,(anonymous_5)
FNDA:0,(anonymous_6)
FNDA:0,(anonymous_7)
FNDA:0,(anonymous_8)
FNDA:0,(anonymous_9)
DA:14,20
DA:36,20
DA:37,0
DA:38,0
DA:41,0
DA:42,0
DA:43,0
DA:45,0
DA:47,0
DA:48,0
DA:49,0
DA:51,0
DA:52,0
DA:53,0
DA:54,0
DA:59,0
DA:60,0
DA:63,0
DA:64,0
DA:68,0
DA:69,0
DA:74,0
DA:75,0
DA:77,0
DA:78,0
DA:79,0
DA:80,0
DA:81,0
DA:83,0
DA:88,0
DA:89,0
DA:90,0
DA:93,0
DA:94,0
DA:95,0
DA:97,0
DA:98,0
DA:99,0
DA:104,0
DA:107,0
DA:109,0
DA:112,0
DA:113,0
DA:129,0
DA:131,0
DA:144,0
LF:46
LH:2
BRDA:48,0,0,0
BRDA:48,0,1,0
BRDA:48,1,0,0
BRDA:48,1,1,0
BRDA:52,2,0,0
BRDA:52,2,1,0
BRDA:77,3,0,0
BRDA:77,3,1,0
BRDA:79,4,0,0
BRDA:79,4,1,0
BRDA:80,5,0,0
BRDA:80,5,1,0
BRDA:81,6,0,0
BRDA:81,6,1,0
BRDA:99,7,0,0
BRDA:99,7,1,0
BRDA:100,8,0,0
BRDA:100,8,1,0
BRDA:100,8,2,0
BRDA:112,9,0,0
BRDA:112,9,1,0
BRDA:129,10,0,0
BRDA:129,10,1,0
BRDA:133,11,0,0
BRDA:133,11,1,0
BRDA:146,12,0,0
BRDA:146,12,1,0
BRF:27
BRH:0
end_of_record
TN:
SF:src\modules\eventos\pages\Eventos.jsx
FN:13,(anonymous_0)
FN:31,(anonymous_1)
FN:35,(anonymous_2)
FN:46,(anonymous_3)
FN:73,(anonymous_4)
FN:80,(anonymous_5)
FN:85,(anonymous_6)
FN:91,(anonymous_7)
FN:96,(anonymous_8)
FN:105,(anonymous_9)
FN:116,(anonymous_10)
FN:117,(anonymous_11)
FN:132,(anonymous_12)
FN:133,(anonymous_13)
FNF:14
FNH:0
FNDA:0,(anonymous_0)
FNDA:0,(anonymous_1)
FNDA:0,(anonymous_2)
FNDA:0,(anonymous_3)
FNDA:0,(anonymous_4)
FNDA:0,(anonymous_5)
FNDA:0,(anonymous_6)
FNDA:0,(anonymous_7)
FNDA:0,(anonymous_8)
FNDA:0,(anonymous_9)
FNDA:0,(anonymous_10)
FNDA:0,(anonymous_11)
FNDA:0,(anonymous_12)
FNDA:0,(anonymous_13)
DA:13,20
DA:15,0
DA:16,0
DA:17,0
DA:18,0
DA:19,0
DA:20,0
DA:21,0
DA:22,0
DA:23,0
DA:24,0
DA:25,0
DA:29,0
DA:31,0
DA:32,0
DA:35,0
DA:36,0
DA:37,0
DA:41,0
DA:42,0
DA:43,0
DA:44,0
DA:46,0
DA:47,0
DA:48,0
DA:49,0
DA:50,0
DA:51,0
DA:53,0
DA:57,0
DA:60,0
DA:61,0
DA:62,0
DA:63,0
DA:64,0
DA:66,0
DA:69,0
DA:70,0
DA:73,0
DA:74,0
DA:75,0
DA:76,0
DA:77,0
DA:80,0
DA:81,0
DA:82,0
DA:85,0
DA:86,0
DA:87,0
DA:88,0
DA:91,0
DA:92,0
DA:93,0
DA:96,0
DA:97,0
DA:106,0
DA:107,0
DA:108,0
DA:109,0
DA:110,0
DA:111,0
DA:116,0
DA:117,0
DA:118,0
DA:119,0
DA:120,0
DA:121,0
DA:122,0
DA:123,0
DA:127,0
DA:129,0
DA:132,0
DA:133,0
DA:134,0
DA:135,0
DA:136,0
DA:138,0
DA:141,0
DA:142,0
DA:144,0
LF:80
LH:1
BRDA:29,0,0,0
BRDA:29,0,1,0
BRDA:53,1,0,0
BRDA:53,1,1,0
BRDA:57,2,0,0
BRDA:57,2,1,0
BRDA:63,3,0,0
BRDA:63,3,1,0
BRDA:106,4,0,0
BRDA:106,4,1,0
BRDA:120,5,0,0
BRDA:120,5,1,0
BRDA:120,6,0,0
BRDA:120,6,1,0
BRDA:122,7,0,0
BRDA:122,7,1,0
BRDA:141,8,0,0
BRDA:141,8,1,0
BRDA:146,9,0,0
BRDA:146,9,1,0
BRDA:175,10,0,0
BRDA:175,10,1,0
BRF:22
BRH:0
end_of_record
TN:
SF:src\modules\eventos\pages\PrimerPasoForm.jsx
FN:18,(anonymous_0)
FN:23,(anonymous_1)
FN:107,(anonymous_2)
FN:117,(anonymous_3)
FNF:4
FNH:0
FNDA:0,(anonymous_0)
FNDA:0,(anonymous_1)
FNDA:0,(anonymous_2)
FNDA:0,(anonymous_3)
DA:18,0
DA:19,0
DA:20,0
DA:24,0
DA:26,0
DA:108,0
DA:118,0
LF:7
LH:0
BRDA:30,0,0,0
BRDA:30,0,1,0
BRF:2
BRH:0
end_of_record
TN:
SF:src\modules\eventos\pages\SegundoPasoForm.jsx
FN:18,(anonymous_0)
FN:23,(anonymous_1)
FN:28,(anonymous_2)
FN:169,(anonymous_3)
FNF:4
FNH:0
FNDA:0,(anonymous_0)
FNDA:0,(anonymous_1)
FNDA:0,(anonymous_2)
FNDA:0,(anonymous_3)
DA:18,0
DA:19,0
DA:20,0
DA:23,0
DA:24,0
DA:25,0
DA:29,0
DA:31,0
DA:170,0
LF:9
LH:0
BRDA:35,0,0,0
BRDA:35,0,1,0
BRDA:67,1,0,0
BRDA:67,1,1,0
BRDA:67,1,2,0
BRDA:177,2,0,0
BRDA:177,2,1,0
BRDA:223,3,0,0
BRDA:223,3,1,0
BRDA:358,4,0,0
BRDA:358,4,1,0
BRF:11
BRH:0
end_of_record
TN:
SF:src\modules\peticiones\index.js
FNF:0
FNH:0
LF:0
LH:0
BRF:0
BRH:0
end_of_record
TN:
SF:src\modules\peticiones\modals\CrearPeticion.jsx
FN:82,sleep
FN:83,(anonymous_1)
FN:88,(anonymous_2)
FN:115,(anonymous_3)
FN:118,(anonymous_4)
FN:136,(anonymous_5)
FN:185,(anonymous_6)
FN:185,(anonymous_7)
FN:191,(anonymous_8)
FN:202,(anonymous_9)
FN:209,(anonymous_10)
FN:218,(anonymous_11)
FN:223,(anonymous_12)
FN:229,(anonymous_13)
FN:264,(anonymous_14)
FN:284,(anonymous_15)
FN:287,(anonymous_16)
FN:290,(anonymous_17)
FN:293,(anonymous_18)
FN:298,(anonymous_19)
FN:336,(anonymous_20)
FN:357,(anonymous_21)
FN:378,(anonymous_22)
FNF:23
FNH:16
FNDA:1,sleep
FNDA:1,(anonymous_1)
FNDA:2,(anonymous_2)
FNDA:1,(anonymous_3)
FNDA:1,(anonymous_4)
FNDA:1,(anonymous_5)
FNDA:8,(anonymous_6)
FNDA:0,(anonymous_7)
FNDA:1,(anonymous_8)
FNDA:1,(anonymous_9)
FNDA:1,(anonymous_10)
FNDA:1,(anonymous_11)
FNDA:1,(anonymous_12)
FNDA:0,(anonymous_13)
FNDA:6,(anonymous_14)
FNDA:0,(anonymous_15)
FNDA:0,(anonymous_16)
FNDA:0,(anonymous_17)
FNDA:0,(anonymous_18)
FNDA:3,(anonymous_19)
FNDA:0,(anonymous_20)
FNDA:60,(anonymous_21)
FNDA:8,(anonymous_22)
DA:22,2
DA:36,2
DA:68,2
DA:69,2
DA:80,2
DA:83,1
DA:84,1
DA:88,2
DA:96,2
DA:104,2
DA:105,2
DA:106,2
DA:107,2
DA:108,2
DA:109,2
DA:111,2
DA:112,2
DA:113,2
DA:115,2
DA:116,1
DA:117,1
DA:118,1
DA:119,1
DA:120,0
DA:121,1
DA:122,0
DA:123,1
DA:124,0
DA:125,1
DA:126,0
DA:127,1
DA:128,0
DA:129,1
DA:130,1
DA:131,1
DA:132,1
DA:133,1
DA:136,2
DA:137,1
DA:138,1
DA:140,1
DA:141,1
DA:144,0
DA:147,0
DA:148,0
DA:151,0
DA:152,0
DA:153,0
DA:154,0
DA:155,0
DA:157,0
DA:158,0
DA:159,0
DA:161,0
DA:162,0
DA:163,0
DA:164,0
DA:165,0
DA:166,0
DA:170,0
DA:171,0
DA:172,0
DA:181,0
DA:185,8
DA:186,0
DA:187,0
DA:188,0
DA:191,2
DA:192,1
DA:193,0
DA:194,0
DA:195,0
DA:197,0
DA:198,0
DA:202,2
DA:203,1
DA:205,1
DA:206,0
DA:209,1
DA:210,1
DA:212,0
DA:213,0
DA:214,0
DA:218,1
DA:219,1
DA:223,2
DA:224,1
DA:225,1
DA:229,2
DA:230,0
DA:231,0
DA:234,2
DA:265,6
DA:285,0
DA:288,0
DA:291,0
DA:294,0
DA:299,3
DA:337,0
DA:358,60
DA:379,8
LF:101
LH:56
BRDA:82,0,0,0
BRDA:108,1,0,2
BRDA:108,1,1,2
BRDA:119,2,0,0
BRDA:119,2,1,1
BRDA:121,3,0,0
BRDA:121,3,1,1
BRDA:123,4,0,0
BRDA:123,4,1,1
BRDA:125,5,0,0
BRDA:125,5,1,1
BRDA:127,6,0,0
BRDA:127,6,1,1
BRDA:129,7,0,1
BRDA:129,7,1,0
BRDA:131,8,0,1
BRDA:131,8,1,0
BRDA:140,9,0,1
BRDA:140,9,1,0
BRDA:151,10,0,0
BRDA:151,10,1,0
BRDA:153,11,0,0
BRDA:153,11,1,0
BRDA:164,12,0,0
BRDA:164,12,1,0
BRDA:164,13,0,0
BRDA:164,13,1,0
BRDA:188,14,0,0
BRDA:188,14,1,0
BRDA:192,15,0,0
BRDA:192,15,1,1
BRDA:205,16,0,0
BRDA:205,16,1,1
BRDA:212,17,0,0
BRDA:212,17,1,0
BRDA:224,18,0,1
BRDA:224,18,1,0
BRDA:294,19,0,0
BRDA:294,19,1,0
BRDA:312,20,0,3
BRDA:312,20,1,0
BRDA:323,21,0,2
BRDA:323,21,1,0
BRDA:344,22,0,2
BRDA:344,22,1,2
BRDA:365,23,0,2
BRDA:365,23,1,2
BRF:47
BRH:19
end_of_record
TN:
SF:src\modules\peticiones\pages\Peticiones.jsx
FN:7,(anonymous_0)
FN:15,(anonymous_1)
FN:16,(anonymous_2)
FN:59,(anonymous_3)
FNF:4
FNH:4
FNDA:3,(anonymous_0)
FNDA:2,(anonymous_1)
FNDA:2,(anonymous_2)
FNDA:2,(anonymous_3)
DA:7,2
DA:9,3
DA:10,3
DA:11,3
DA:12,3
DA:15,3
DA:16,2
DA:17,2
DA:18,2
DA:20,2
DA:23,3
DA:60,2
LF:12
LH:12
BRDA:25,0,0,3
BRDA:25,0,1,0
BRDA:67,1,0,3
BRDA:67,1,1,1
BRF:4
BRH:3
end_of_record
TN:
SF:src\modules\peticiones\pages\PeticionesBanda.jsx
FN:14,(anonymous_0)
FN:26,(anonymous_1)
FN:31,(anonymous_2)
FN:32,(anonymous_3)
FN:39,(anonymous_4)
FN:44,(anonymous_5)
FN:49,(anonymous_6)
FN:50,(anonymous_7)
FN:55,(anonymous_8)
FN:148,(anonymous_9)
FNF:10
FNH:7
FNDA:4,(anonymous_0)
FNDA:0,(anonymous_1)
FNDA:2,(anonymous_2)
FNDA:2,(anonymous_3)
FNDA:0,(anonymous_4)
FNDA:0,(anonymous_5)
FNDA:1,(anonymous_6)
FNDA:1,(anonymous_7)
FNDA:1,(anonymous_8)
FNDA:2,(anonymous_9)
DA:14,1
DA:16,4
DA:17,4
DA:18,4
DA:19,4
DA:20,4
DA:21,4
DA:22,4
DA:23,4
DA:25,4
DA:26,4
DA:27,0
DA:28,0
DA:31,4
DA:32,2
DA:33,2
DA:35,2
DA:39,4
DA:40,0
DA:41,0
DA:44,4
DA:45,0
DA:46,0
DA:49,4
DA:50,1
DA:51,1
DA:52,1
DA:53,1
DA:55,1
DA:56,1
DA:57,1
DA:58,1
DA:59,1
DA:64,1
DA:67,1
DA:69,1
DA:70,1
DA:73,4
DA:74,2
DA:88,2
DA:149,2
LF:41
LH:35
BRDA:59,0,0,1
BRDA:59,0,1,0
BRDA:60,1,0,1
BRDA:60,1,1,1
BRDA:60,1,2,1
BRDA:73,2,0,2
BRDA:73,2,1,2
BRDA:90,3,0,2
BRDA:90,3,1,0
BRDA:140,4,0,0
BRDA:140,4,1,2
BRDA:156,5,0,2
BRDA:156,5,1,2
BRF:13
BRH:10
end_of_record
TN:
SF:src\modules\user\index.js
FNF:0
FNH:0
LF:0
LH:0
BRF:0
BRH:0
end_of_record
TN:
SF:src\modules\user\modals\AñadirEstudioModal.jsx
FN:42,(anonymous_0)
FN:66,(anonymous_1)
FN:90,(anonymous_2)
FN:97,(anonymous_3)
FN:97,(anonymous_4)
FN:98,(anonymous_5)
FN:111,(anonymous_6)
FN:119,(anonymous_7)
FN:132,(anonymous_8)
FN:132,(anonymous_9)
FN:136,(anonymous_10)
FN:147,(anonymous_11)
FN:148,(anonymous_12)
FN:191,(anonymous_13)
FNF:14
FNH:8
FNDA:3,(anonymous_0)
FNDA:1,(anonymous_1)
FNDA:0,(anonymous_2)
FNDA:0,(anonymous_3)
FNDA:0,(anonymous_4)
FNDA:0,(anonymous_5)
FNDA:1,(anonymous_6)
FNDA:0,(anonymous_7)
FNDA:18,(anonymous_8)
FNDA:0,(anonymous_9)
FNDA:2,(anonymous_10)
FNDA:2,(anonymous_11)
FNDA:2,(anonymous_12)
FNDA:18,(anonymous_13)
DA:19,18
DA:33,18
DA:42,18
DA:52,3
DA:63,3
DA:64,3
DA:66,3
DA:67,1
DA:68,1
DA:69,1
DA:70,0
DA:71,1
DA:72,0
DA:75,1
DA:76,1
DA:77,1
DA:78,1
DA:79,1
DA:80,0
DA:83,1
DA:84,1
DA:87,1
DA:90,3
DA:91,0
DA:92,0
DA:93,0
DA:94,0
DA:96,0
DA:97,0
DA:98,0
DA:99,0
DA:107,0
DA:111,3
DA:112,1
DA:113,1
DA:115,1
DA:116,1
DA:118,0
DA:119,0
DA:120,0
DA:128,0
DA:132,18
DA:133,0
DA:136,3
DA:137,2
DA:138,0
DA:139,0
DA:140,0
DA:142,0
DA:143,0
DA:147,3
DA:148,2
DA:149,2
DA:150,1
DA:151,1
DA:152,1
DA:153,1
DA:156,2
DA:159,3
DA:192,18
LF:60
LH:38
BRDA:69,0,0,0
BRDA:69,0,1,1
BRDA:71,1,0,0
BRDA:71,1,1,1
BRDA:75,2,0,1
BRDA:75,2,1,0
BRDA:77,3,0,1
BRDA:77,3,1,0
BRDA:79,4,0,0
BRDA:79,4,1,1
BRDA:83,5,0,1
BRDA:83,5,1,0
BRDA:93,6,0,0
BRDA:93,6,1,0
BRDA:115,7,0,1
BRDA:115,7,1,0
BRDA:137,8,0,0
BRDA:137,8,1,2
BRDA:149,9,0,1
BRDA:149,9,1,1
BRDA:273,10,0,3
BRDA:273,10,1,1
BRDA:284,11,0,3
BRDA:284,11,1,2
BRF:24
BRH:14
end_of_record
TN:
SF:src\modules\user\modals\AñadirInstrumentoModal.jsx
FN:66,(anonymous_0)
FN:95,(anonymous_1)
FN:112,(anonymous_2)
FN:124,(anonymous_3)
FN:125,(anonymous_4)
FN:127,(anonymous_5)
FN:150,(anonymous_6)
FN:151,(anonymous_7)
FN:153,(anonymous_8)
FN:165,(anonymous_9)
FN:174,(anonymous_10)
FN:184,(anonymous_11)
FN:196,(anonymous_12)
FN:196,(anonymous_13)
FN:200,(anonymous_14)
FN:211,(anonymous_15)
FN:212,(anonymous_16)
FN:251,(anonymous_17)
FNF:18
FNH:8
FNDA:2,(anonymous_0)
FNDA:1,(anonymous_1)
FNDA:0,(anonymous_2)
FNDA:0,(anonymous_3)
FNDA:0,(anonymous_4)
FNDA:0,(anonymous_5)
FNDA:0,(anonymous_6)
FNDA:0,(anonymous_7)
FNDA:0,(anonymous_8)
FNDA:1,(anonymous_9)
FNDA:0,(anonymous_10)
FNDA:0,(anonymous_11)
FNDA:8,(anonymous_12)
FNDA:0,(anonymous_13)
FNDA:1,(anonymous_14)
FNDA:1,(anonymous_15)
FNDA:1,(anonymous_16)
FNDA:60,(anonymous_17)
DA:19,18
DA:33,18
DA:66,18
DA:76,2
DA:92,2
DA:93,2
DA:95,2
DA:96,1
DA:97,1
DA:98,0
DA:99,1
DA:100,0
DA:102,1
DA:103,0
DA:104,1
DA:105,0
DA:109,1
DA:112,2
DA:113,0
DA:114,0
DA:115,0
DA:116,0
DA:118,0
DA:119,0
DA:124,0
DA:125,0
DA:127,0
DA:128,0
DA:129,0
DA:136,0
DA:143,0
DA:145,0
DA:150,0
DA:151,0
DA:153,0
DA:154,0
DA:160,0
DA:165,2
DA:166,1
DA:167,1
DA:169,1
DA:170,0
DA:172,1
DA:173,0
DA:174,0
DA:175,0
DA:181,0
DA:183,1
DA:184,1
DA:185,1
DA:191,1
DA:196,8
DA:197,0
DA:200,2
DA:201,1
DA:202,0
DA:203,0
DA:204,0
DA:206,0
DA:207,0
DA:211,2
DA:212,1
DA:213,1
DA:214,0
DA:215,0
DA:218,1
DA:221,2
DA:252,60
LF:68
LH:32
BRDA:97,0,0,0
BRDA:97,0,1,1
BRDA:99,1,0,0
BRDA:99,1,1,1
BRDA:102,2,0,0
BRDA:102,2,1,1
BRDA:104,3,0,0
BRDA:104,3,1,1
BRDA:115,4,0,0
BRDA:115,4,1,0
BRDA:118,5,0,0
BRDA:118,5,1,0
BRDA:128,6,0,0
BRDA:128,6,1,0
BRDA:169,7,0,0
BRDA:169,7,1,1
BRDA:172,8,0,0
BRDA:172,8,1,1
BRDA:201,9,0,0
BRDA:201,9,1,1
BRDA:213,10,0,0
BRDA:213,10,1,1
BRDA:307,11,0,2
BRDA:307,11,1,2
BRDA:318,12,0,2
BRDA:318,12,1,0
BRF:26
BRH:11
end_of_record
TN:
SF:src\modules\user\modals\EditarFoto.jsx
FN:24,(anonymous_0)
FN:38,(anonymous_1)
FN:38,(anonymous_2)
FN:43,(anonymous_3)
FN:61,(anonymous_4)
FN:79,(anonymous_5)
FNF:6
FNH:4
FNDA:1,(anonymous_0)
FNDA:1,(anonymous_1)
FNDA:0,(anonymous_2)
FNDA:1,(anonymous_3)
FNDA:0,(anonymous_4)
FNDA:1,(anonymous_5)
DA:9,18
DA:24,18
DA:25,1
DA:26,1
DA:27,1
DA:28,1
DA:36,1
DA:38,1
DA:39,0
DA:40,0
DA:43,1
DA:44,1
DA:46,1
DA:47,1
DA:53,0
DA:54,0
DA:55,0
DA:56,0
DA:57,0
DA:61,1
DA:62,0
DA:64,0
DA:65,0
DA:71,0
DA:72,0
DA:73,0
DA:74,0
DA:75,0
DA:79,1
DA:80,1
DA:81,0
DA:82,0
DA:83,0
DA:85,0
DA:86,0
DA:87,0
DA:91,1
LF:37
LH:16
BRDA:46,0,0,1
BRDA:46,0,1,0
BRDA:64,1,0,0
BRDA:64,1,1,0
BRDA:80,2,0,0
BRDA:80,2,1,1
BRDA:131,3,0,0
BRDA:131,3,1,1
BRDA:140,4,0,0
BRDA:140,4,1,1
BRF:10
BRH:4
end_of_record
TN:
SF:src\modules\user\pages\Perfil.jsx
FN:49,(anonymous_0)
FN:74,(anonymous_1)
FN:77,(anonymous_2)
FN:86,(anonymous_3)
FN:95,(anonymous_4)
FN:116,(anonymous_5)
FN:116,(anonymous_6)
FN:120,(anonymous_7)
FN:121,(anonymous_8)
FN:123,(anonymous_9)
FN:128,(anonymous_10)
FN:133,(anonymous_11)
FN:138,(anonymous_12)
FN:143,(anonymous_13)
FN:148,(anonymous_14)
FN:153,(anonymous_15)
FN:155,(anonymous_16)
FN:156,(anonymous_17)
FN:160,(anonymous_18)
FN:162,(anonymous_19)
FN:168,(anonymous_20)
FN:169,(anonymous_21)
FN:179,(anonymous_22)
FN:180,(anonymous_23)
FN:188,(anonymous_24)
FN:189,(anonymous_25)
FN:195,(anonymous_26)
FN:196,(anonymous_27)
FN:203,(anonymous_28)
FN:204,(anonymous_29)
FN:211,(anonymous_30)
FN:212,(anonymous_31)
FN:218,(anonymous_32)
FN:229,(anonymous_33)
FN:553,(anonymous_34)
FN:581,(anonymous_35)
FN:601,(anonymous_36)
FNF:37
FNH:17
FNDA:5,(anonymous_0)
FNDA:2,(anonymous_1)
FNDA:0,(anonymous_2)
FNDA:0,(anonymous_3)
FNDA:0,(anonymous_4)
FNDA:10,(anonymous_5)
FNDA:0,(anonymous_6)
FNDA:0,(anonymous_7)
FNDA:0,(anonymous_8)
FNDA:0,(anonymous_9)
FNDA:0,(anonymous_10)
FNDA:0,(anonymous_11)
FNDA:0,(anonymous_12)
FNDA:0,(anonymous_13)
FNDA:0,(anonymous_14)
FNDA:0,(anonymous_15)
FNDA:0,(anonymous_16)
FNDA:0,(anonymous_17)
FNDA:0,(anonymous_18)
FNDA:0,(anonymous_19)
FNDA:1,(anonymous_20)
FNDA:1,(anonymous_21)
FNDA:1,(anonymous_22)
FNDA:1,(anonymous_23)
FNDA:2,(anonymous_24)
FNDA:2,(anonymous_25)
FNDA:1,(anonymous_26)
FNDA:1,(anonymous_27)
FNDA:1,(anonymous_28)
FNDA:1,(anonymous_29)
FNDA:1,(anonymous_30)
FNDA:1,(anonymous_31)
FNDA:0,(anonymous_32)
FNDA:0,(anonymous_33)
FNDA:1,(anonymous_34)
FNDA:0,(anonymous_35)
FNDA:2,(anonymous_36)
DA:28,18
DA:43,18
DA:49,18
DA:51,5
DA:52,5
DA:53,5
DA:54,5
DA:55,5
DA:56,5
DA:57,5
DA:58,5
DA:59,5
DA:60,5
DA:61,5
DA:62,5
DA:63,5
DA:66,5
DA:67,5
DA:68,5
DA:69,5
DA:70,5
DA:71,5
DA:72,5
DA:74,5
DA:75,2
DA:77,5
DA:78,0
DA:79,0
DA:87,0
DA:90,0
DA:91,0
DA:95,5
DA:96,0
DA:97,0
DA:98,0
DA:99,0
DA:100,0
DA:101,0
DA:103,0
DA:104,0
DA:106,0
DA:107,0
DA:109,0
DA:112,0
DA:116,10
DA:117,0
DA:120,5
DA:121,5
DA:123,5
DA:124,0
DA:125,0
DA:128,5
DA:129,0
DA:130,0
DA:133,5
DA:134,0
DA:135,0
DA:138,5
DA:139,0
DA:140,0
DA:143,5
DA:144,0
DA:145,0
DA:148,5
DA:149,0
DA:150,0
DA:153,5
DA:155,0
DA:156,0
DA:160,5
DA:162,0
DA:165,5
DA:166,5
DA:168,5
DA:169,1
DA:170,1
DA:171,1
DA:174,1
DA:176,1
DA:179,5
DA:180,1
DA:181,1
DA:183,1
DA:185,1
DA:188,5
DA:189,2
DA:190,2
DA:192,2
DA:195,5
DA:196,1
DA:197,1
DA:198,1
DA:200,1
DA:203,5
DA:204,1
DA:205,1
DA:206,1
DA:208,1
DA:211,5
DA:212,1
DA:213,1
DA:215,1
DA:216,1
DA:217,1
DA:218,1
DA:219,1
DA:220,1
DA:221,1
DA:222,1
DA:223,1
DA:224,0
DA:225,1
DA:226,1
DA:229,1
DA:231,1
DA:233,1
DA:236,5
DA:554,1
DA:582,0
DA:602,2
LF:120
LH:85
BRDA:87,0,0,0
BRDA:87,0,1,0
BRDA:98,1,0,0
BRDA:98,1,1,0
BRDA:100,2,0,0
BRDA:100,2,1,0
BRDA:103,3,0,0
BRDA:103,3,1,0
BRDA:106,4,0,0
BRDA:106,4,1,0
BRDA:190,5,0,2
BRDA:190,5,1,0
BRDA:223,6,0,0
BRDA:223,6,1,1
BRDA:361,7,0,4
BRDA:361,7,1,1
BRDA:448,8,0,5
BRDA:448,8,1,4
BRDA:542,9,0,5
BRDA:542,9,1,1
BRDA:542,9,2,1
BRDA:552,10,0,5
BRDA:552,10,1,1
BRDA:562,11,0,5
BRDA:562,11,1,1
BRDA:562,11,2,0
BRDA:570,12,0,5
BRDA:570,12,1,0
BRDA:570,12,2,0
BRDA:580,13,0,5
BRDA:580,13,1,0
BRDA:591,14,0,5
BRDA:591,14,1,0
BRDA:591,14,2,0
BRDA:600,15,0,5
BRDA:600,15,1,4
BRDA:604,16,0,5
BRDA:604,16,1,4
BRDA:604,16,2,2
BRF:39
BRH:21
end_of_record
TN:
SF:src\modules\user\pages\Prestamos.jsx
FN:6,(anonymous_0)
FN:11,(anonymous_1)
FN:12,(anonymous_2)
FN:42,(anonymous_3)
FNF:4
FNH:0
FNDA:0,(anonymous_0)
FNDA:0,(anonymous_1)
FNDA:0,(anonymous_2)
FNDA:0,(anonymous_3)
DA:6,18
DA:7,0
DA:8,0
DA:9,0
DA:11,0
DA:12,0
DA:13,0
DA:14,0
DA:16,0
DA:19,0
DA:43,0
LF:11
LH:1
BRDA:45,0,0,0
BRDA:45,0,1,0
BRF:2
BRH:0
end_of_record
TN:
SF:src\store\auth\authSlice.js
FN:14,(anonymous_0)
FN:19,(anonymous_1)
FN:24,(anonymous_2)
FN:29,(anonymous_3)
FN:34,(anonymous_4)
FN:37,(anonymous_5)
FNF:6
FNH:6
FNDA:4,(anonymous_0)
FNDA:3,(anonymous_1)
FNDA:1,(anonymous_2)
FNDA:6,(anonymous_3)
FNDA:3,(anonymous_4)
FNDA:6,(anonymous_5)
DA:5,98
DA:15,4
DA:16,4
DA:17,4
DA:20,3
DA:21,3
DA:22,3
DA:25,1
DA:26,1
DA:27,1
DA:30,6
DA:31,6
DA:32,6
DA:35,3
DA:38,6
DA:43,98
LF:16
LH:16
BRF:0
BRH:0
end_of_record
TN:
SF:tests\fixtures\anuncioFixtures.js
FNF:0
FNH:0
DA:1,2
LF:1
LH:1
BRF:0
BRH:0
end_of_record
TN:
SF:tests\fixtures\archiveroFixtures.js
FNF:0
FNH:0
DA:1,4
LF:1
LH:1
BRF:0
BRH:0
end_of_record
TN:
SF:tests\fixtures\asistenciaFixtures.js
FNF:0
FNH:0
DA:1,1
LF:1
LH:1
BRF:0
BRH:0
end_of_record
TN:
SF:tests\fixtures\authFixtures.js
FNF:0
FNH:0
DA:1,68
DA:7,68
DA:13,68
DA:22,68
LF:4
LH:4
BRF:0
BRH:0
end_of_record
TN:
SF:tests\fixtures\bandaFixtures.js
FNF:0
FNH:0
DA:1,18
DA:16,18
LF:2
LH:2
BRF:0
BRH:0
end_of_record
TN:
SF:tests\fixtures\comentarioFixtures.js
FNF:0
FNH:0
DA:1,11
LF:1
LH:1
BRF:0
BRH:0
end_of_record
TN:
SF:tests\fixtures\contratadoFixture.js
FNF:0
FNH:0
DA:1,2
LF:1
LH:1
BRF:0
BRH:0
end_of_record
TN:
SF:tests\fixtures\directivoFixtures.js
FNF:0
FNH:0
DA:1,14
LF:1
LH:1
BRF:0
BRH:0
end_of_record
TN:
SF:tests\fixtures\estudioFixture.js
FNF:0
FNH:0
DA:1,3
DA:12,3
LF:2
LH:2
BRF:0
BRH:0
end_of_record
TN:
SF:tests\fixtures\eventoFixture.js
FNF:0
FNH:0
DA:1,4
DA:23,4
DA:41,4
LF:3
LH:3
BRF:0
BRH:0
end_of_record
TN:
SF:tests\fixtures\instrumentoFixtures.js
FNF:0
FNH:0
DA:1,3
LF:1
LH:1
BRF:0
BRH:0
end_of_record
TN:
SF:tests\fixtures\likeFixtures.js
FNF:0
FNH:0
DA:1,3
LF:1
LH:1
BRF:0
BRH:0
end_of_record
TN:
SF:tests\fixtures\musicoFixtures.js
FNF:0
FNH:0
DA:1,4
LF:1
LH:1
BRF:0
BRH:0
end_of_record
TN:
SF:tests\fixtures\obraFixtures.js
FNF:0
FNH:0
DA:1,5
LF:1
LH:1
BRF:0
BRH:0
end_of_record
TN:
SF:tests\fixtures\partituraFixtures.js
FNF:0
FNH:0
DA:1,6
LF:1
LH:1
BRF:0
BRH:0
end_of_record
TN:
SF:tests\fixtures\peticionFixtures.js
FNF:0
FNH:0
DA:1,3
DA:13,3
LF:2
LH:2
BRF:0
BRH:0
end_of_record
TN:
SF:tests\fixtures\prestamoFixtures.js
FNF:0
FNH:0
DA:1,3
LF:1
LH:1
BRF:0
BRH:0
end_of_record
TN:
SF:tests\fixtures\redSocialFixtures.js
FNF:0
FNH:0
DA:1,3
LF:1
LH:1
BRF:0
BRH:0
end_of_record
TN:
SF:tests\fixtures\repertorioFixtures.js
FNF:0
FNH:0
DA:1,2
LF:1
LH:1
BRF:0
BRH:0
end_of_record
TN:
SF:tests\fixtures\testUser.js
FNF:0
FNH:0
DA:1,26
DA:20,26
LF:2
LH:2
BRF:0
BRH:0
end_of_record
TN:
SF:tests\fixtures\transaccionFixtures.js
FNF:0
FNH:0
DA:1,2
LF:1
LH:1
BRF:0
BRH:0
end_of_record
TN:
SF:tests\fixtures\vestimentaFixtures.js
FNF:0
FNH:0
DA:1,2
LF:1
LH:1
BRF:0
BRH:0
end_of_record
TN:
SF:tests\mocks\styleMock.js
FNF:0
FNH:0
DA:1,21
LF:1
LH:1
BRF:0
BRH:0
end_of_record
