<?xml version="1.0" encoding="UTF-8"?>
<coverage generated="1684785938555" clover="3.2.0">
  <project timestamp="1684785938555" name="All files">
    <metrics statements="3236" coveredstatements="2727" conditionals="950" coveredconditionals="604" methods="205" coveredmethods="188" elements="4391" coveredelements="3519" complexity="0" loc="3236" ncloc="3236" packages="7" files="79" classes="79"/>
    <package name="Backend">
      <metrics statements="40" coveredstatements="38" conditionals="2" coveredconditionals="1" methods="1" coveredmethods="0"/>
      <file name="index.js" path="C:\Users\alvar\Desktop\Universidad\Segundo Cuatrimestre\TFG\alcompas\Backend\index.js">
        <metrics statements="40" coveredstatements="38" conditionals="2" coveredconditionals="1" methods="1" coveredmethods="0"/>
        <line num="1" count="23" type="stmt"/>
        <line num="2" count="23" type="stmt"/>
        <line num="3" count="23" type="stmt"/>
        <line num="4" count="23" type="stmt"/>
        <line num="5" count="23" type="stmt"/>
        <line num="6" count="23" type="stmt"/>
        <line num="9" count="23" type="stmt"/>
        <line num="10" count="23" type="stmt"/>
        <line num="12" count="23" type="stmt"/>
        <line num="15" count="23" type="stmt"/>
        <line num="18" count="23" type="stmt"/>
        <line num="21" count="23" type="stmt"/>
        <line num="24" count="23" type="stmt"/>
        <line num="55" count="23" type="stmt"/>
        <line num="56" count="23" type="stmt"/>
        <line num="57" count="23" type="stmt"/>
        <line num="58" count="23" type="stmt"/>
        <line num="59" count="23" type="stmt"/>
        <line num="60" count="23" type="stmt"/>
        <line num="61" count="23" type="stmt"/>
        <line num="62" count="23" type="stmt"/>
        <line num="63" count="23" type="stmt"/>
        <line num="64" count="23" type="stmt"/>
        <line num="65" count="23" type="stmt"/>
        <line num="66" count="23" type="stmt"/>
        <line num="67" count="23" type="stmt"/>
        <line num="68" count="23" type="stmt"/>
        <line num="69" count="23" type="stmt"/>
        <line num="70" count="23" type="stmt"/>
        <line num="71" count="23" type="stmt"/>
        <line num="72" count="23" type="stmt"/>
        <line num="73" count="23" type="stmt"/>
        <line num="74" count="23" type="stmt"/>
        <line num="75" count="23" type="stmt"/>
        <line num="76" count="23" type="stmt"/>
        <line num="77" count="23" type="stmt"/>
        <line num="80" count="23" type="cond" truecount="1" falsecount="1"/>
        <line num="81" count="0" type="stmt"/>
        <line num="82" count="0" type="stmt"/>
        <line num="86" count="23" type="stmt"/>
      </file>
    </package>
    <package name="Backend.controllers">
      <metrics statements="2496" coveredstatements="2028" conditionals="784" coveredconditionals="469" methods="134" coveredmethods="126"/>
      <file name="archiveros.js" path="C:\Users\alvar\Desktop\Universidad\Segundo Cuatrimestre\TFG\alcompas\Backend\controllers\archiveros.js">
        <metrics statements="63" coveredstatements="54" conditionals="18" coveredconditionals="12" methods="4" coveredmethods="4"/>
        <line num="1" count="23" type="stmt"/>
        <line num="2" count="23" type="stmt"/>
        <line num="3" count="23" type="stmt"/>
        <line num="4" count="23" type="stmt"/>
        <line num="9" count="23" type="cond" truecount="0" falsecount="1"/>
        <line num="10" count="1" type="stmt"/>
        <line num="11" count="1" type="stmt"/>
        <line num="12" count="1" type="stmt"/>
        <line num="13" count="1" type="stmt"/>
        <line num="18" count="0" type="stmt"/>
        <line num="19" count="0" type="stmt"/>
        <line num="29" count="23" type="cond" truecount="0" falsecount="1"/>
        <line num="30" count="1" type="stmt"/>
        <line num="31" count="1" type="stmt"/>
        <line num="32" count="1" type="stmt"/>
        <line num="33" count="1" type="stmt"/>
        <line num="34" count="1" type="stmt"/>
        <line num="35" count="1" type="stmt"/>
        <line num="41" count="1" type="stmt"/>
        <line num="42" count="1" type="cond" truecount="1" falsecount="1"/>
        <line num="43" count="1" type="stmt"/>
        <line num="45" count="1" type="stmt"/>
        <line num="50" count="0" type="stmt"/>
        <line num="51" count="0" type="stmt"/>
        <line num="61" count="23" type="cond" truecount="0" falsecount="1"/>
        <line num="62" count="1" type="stmt"/>
        <line num="63" count="1" type="stmt"/>
        <line num="64" count="1" type="stmt"/>
        <line num="69" count="1" type="stmt"/>
        <line num="70" count="1" type="stmt"/>
        <line num="71" count="1" type="stmt"/>
        <line num="72" count="1" type="cond" truecount="1" falsecount="1"/>
        <line num="73" count="1" type="stmt"/>
        <line num="75" count="0" type="stmt"/>
        <line num="78" count="1" type="stmt"/>
        <line num="83" count="0" type="stmt"/>
        <line num="84" count="0" type="stmt"/>
        <line num="94" count="23" type="cond" truecount="0" falsecount="1"/>
        <line num="95" count="4" type="stmt"/>
        <line num="96" count="4" type="stmt"/>
        <line num="97" count="4" type="stmt"/>
        <line num="98" count="4" type="stmt"/>
        <line num="103" count="4" type="cond" truecount="2" falsecount="0"/>
        <line num="104" count="1" type="stmt"/>
        <line num="110" count="3" type="stmt"/>
        <line num="111" count="3" type="stmt"/>
        <line num="112" count="3" type="stmt"/>
        <line num="113" count="3" type="stmt"/>
        <line num="114" count="3" type="stmt"/>
        <line num="116" count="3" type="cond" truecount="2" falsecount="0"/>
        <line num="117" count="2" type="stmt"/>
        <line num="120" count="3" type="stmt"/>
        <line num="125" count="3" type="cond" truecount="2" falsecount="0"/>
        <line num="126" count="2" type="stmt"/>
        <line num="128" count="3" type="cond" truecount="4" falsecount="0"/>
        <line num="129" count="1" type="stmt"/>
        <line num="135" count="2" type="stmt"/>
        <line num="136" count="2" type="stmt"/>
        <line num="137" count="2" type="stmt"/>
        <line num="139" count="2" type="stmt"/>
        <line num="144" count="0" type="stmt"/>
        <line num="145" count="0" type="stmt"/>
        <line num="152" count="23" type="stmt"/>
      </file>
      <file name="asistencias.js" path="C:\Users\alvar\Desktop\Universidad\Segundo Cuatrimestre\TFG\alcompas\Backend\controllers\asistencias.js">
        <metrics statements="159" coveredstatements="122" conditionals="60" coveredconditionals="40" methods="9" coveredmethods="7"/>
        <line num="1" count="23" type="stmt"/>
        <line num="2" count="23" type="stmt"/>
        <line num="3" count="23" type="stmt"/>
        <line num="4" count="23" type="stmt"/>
        <line num="5" count="23" type="stmt"/>
        <line num="6" count="23" type="stmt"/>
        <line num="7" count="23" type="stmt"/>
        <line num="8" count="23" type="stmt"/>
        <line num="9" count="23" type="stmt"/>
        <line num="10" count="23" type="stmt"/>
        <line num="15" count="23" type="stmt"/>
        <line num="18" count="7" type="cond" truecount="3" falsecount="0"/>
        <line num="20" count="4" type="stmt"/>
        <line num="21" count="4" type="stmt"/>
        <line num="23" count="1" type="stmt"/>
        <line num="24" count="1" type="stmt"/>
        <line num="26" count="2" type="stmt"/>
        <line num="27" count="2" type="stmt"/>
        <line num="32" count="7" type="cond" truecount="1" falsecount="1"/>
        <line num="42" count="7" type="cond" truecount="2" falsecount="0"/>
        <line num="52" count="7" type="cond" truecount="1" falsecount="1"/>
        <line num="62" count="7" type="cond" truecount="5" falsecount="0"/>
        <line num="63" count="2" type="stmt"/>
        <line num="65" count="5" type="stmt"/>
        <line num="72" count="23" type="stmt"/>
        <line num="75" count="5" type="cond" truecount="3" falsecount="0"/>
        <line num="77" count="2" type="stmt"/>
        <line num="78" count="2" type="stmt"/>
        <line num="80" count="1" type="stmt"/>
        <line num="81" count="1" type="stmt"/>
        <line num="83" count="2" type="stmt"/>
        <line num="84" count="2" type="stmt"/>
        <line num="88" count="5" type="stmt"/>
        <line num="90" count="5" type="cond" truecount="1" falsecount="1"/>
        <line num="91" count="0" type="stmt"/>
        <line num="93" count="5" type="stmt"/>
        <line num="100" count="23" type="cond" truecount="0" falsecount="1"/>
        <line num="101" count="5" type="stmt"/>
        <line num="102" count="5" type="stmt"/>
        <line num="104" count="5" type="stmt"/>
        <line num="105" count="5" type="stmt"/>
        <line num="106" count="5" type="stmt"/>
        <line num="108" count="5" type="stmt"/>
        <line num="110" count="5" type="cond" truecount="2" falsecount="0"/>
        <line num="111" count="1" type="stmt"/>
        <line num="117" count="4" type="stmt"/>
        <line num="119" count="4" type="cond" truecount="1" falsecount="1"/>
        <line num="120" count="0" type="stmt"/>
        <line num="127" count="4" type="stmt"/>
        <line num="132" count="4" type="cond" truecount="1" falsecount="1"/>
        <line num="133" count="0" type="stmt"/>
        <line num="140" count="4" type="stmt"/>
        <line num="142" count="4" type="stmt"/>
        <line num="147" count="0" type="stmt"/>
        <line num="148" count="0" type="stmt"/>
        <line num="158" count="23" type="cond" truecount="0" falsecount="1"/>
        <line num="159" count="2" type="stmt"/>
        <line num="160" count="2" type="stmt"/>
        <line num="161" count="2" type="stmt"/>
        <line num="163" count="2" type="stmt"/>
        <line num="164" count="2" type="stmt"/>
        <line num="165" count="2" type="stmt"/>
        <line num="167" count="2" type="stmt"/>
        <line num="169" count="2" type="cond" truecount="2" falsecount="0"/>
        <line num="170" count="1" type="stmt"/>
        <line num="176" count="1" type="stmt"/>
        <line num="178" count="1" type="cond" truecount="1" falsecount="1"/>
        <line num="179" count="0" type="stmt"/>
        <line num="185" count="1" type="stmt"/>
        <line num="188" count="1" type="stmt"/>
        <line num="194" count="1" type="stmt"/>
        <line num="199" count="0" type="stmt"/>
        <line num="200" count="0" type="stmt"/>
        <line num="210" count="23" type="stmt"/>
        <line num="214" count="4" type="stmt"/>
        <line num="215" count="4" type="stmt"/>
        <line num="216" count="4" type="stmt"/>
        <line num="217" count="4" type="stmt"/>
        <line num="218" count="4" type="stmt"/>
        <line num="219" count="4" type="stmt"/>
        <line num="220" count="4" type="stmt"/>
        <line num="222" count="4" type="stmt"/>
        <line num="230" count="4" type="cond" truecount="3" falsecount="0"/>
        <line num="232" count="2" type="stmt"/>
        <line num="233" count="2" type="stmt"/>
        <line num="235" count="1" type="stmt"/>
        <line num="236" count="1" type="stmt"/>
        <line num="238" count="1" type="stmt"/>
        <line num="239" count="1" type="stmt"/>
        <line num="243" count="4" type="cond" truecount="1" falsecount="1"/>
        <line num="251" count="4" type="cond" truecount="1" falsecount="1"/>
        <line num="258" count="4" type="cond" truecount="1" falsecount="1"/>
        <line num="259" count="4" type="cond" truecount="5" falsecount="0"/>
        <line num="260" count="1" type="stmt"/>
        <line num="265" count="3" type="stmt"/>
        <line num="266" count="3" type="stmt"/>
        <line num="271" count="0" type="stmt"/>
        <line num="277" count="0" type="stmt"/>
        <line num="278" count="0" type="stmt"/>
        <line num="288" count="23" type="cond" truecount="0" falsecount="1"/>
        <line num="289" count="3" type="stmt"/>
        <line num="290" count="3" type="stmt"/>
        <line num="291" count="3" type="stmt"/>
        <line num="294" count="3" type="cond" truecount="3" falsecount="0"/>
        <line num="296" count="1" type="stmt"/>
        <line num="297" count="1" type="stmt"/>
        <line num="299" count="1" type="stmt"/>
        <line num="300" count="1" type="stmt"/>
        <line num="302" count="1" type="stmt"/>
        <line num="303" count="1" type="stmt"/>
        <line num="307" count="3" type="stmt"/>
        <line num="308" count="3" type="stmt"/>
        <line num="309" count="3" type="stmt"/>
        <line num="310" count="3" type="stmt"/>
        <line num="315" count="3" type="stmt"/>
        <line num="320" count="3" type="cond" truecount="2" falsecount="2"/>
        <line num="321" count="0" type="stmt"/>
        <line num="327" count="3" type="stmt"/>
        <line num="331" count="3" type="stmt"/>
        <line num="335" count="3" type="stmt"/>
        <line num="340" count="3" type="stmt"/>
        <line num="346" count="3" type="stmt"/>
        <line num="348" count="3" type="stmt"/>
        <line num="349" count="0" type="stmt"/>
        <line num="350" count="0" type="stmt"/>
        <line num="351" count="0" type="stmt"/>
        <line num="352" count="0" type="stmt"/>
        <line num="353" count="0" type="stmt"/>
        <line num="355" count="0" type="stmt"/>
        <line num="356" count="0" type="cond" truecount="0" falsecount="2"/>
        <line num="357" count="0" type="stmt"/>
        <line num="358" count="0" type="stmt"/>
        <line num="359" count="0" type="stmt"/>
        <line num="361" count="0" type="stmt"/>
        <line num="364" count="3" type="stmt"/>
        <line num="365" count="3" type="stmt"/>
        <line num="366" count="3" type="stmt"/>
        <line num="367" count="3" type="stmt"/>
        <line num="368" count="3" type="stmt"/>
        <line num="370" count="3" type="stmt"/>
        <line num="371" count="3" type="cond" truecount="1" falsecount="1"/>
        <line num="372" count="0" type="stmt"/>
        <line num="373" count="0" type="stmt"/>
        <line num="374" count="0" type="stmt"/>
        <line num="376" count="3" type="stmt"/>
        <line num="379" count="3" type="stmt"/>
        <line num="380" count="0" type="stmt"/>
        <line num="381" count="0" type="stmt"/>
        <line num="382" count="0" type="stmt"/>
        <line num="384" count="0" type="stmt"/>
        <line num="385" count="0" type="cond" truecount="0" falsecount="2"/>
        <line num="386" count="0" type="stmt"/>
        <line num="387" count="0" type="stmt"/>
        <line num="388" count="0" type="stmt"/>
        <line num="390" count="0" type="stmt"/>
        <line num="394" count="3" type="stmt"/>
        <line num="399" count="0" type="stmt"/>
        <line num="400" count="0" type="stmt"/>
        <line num="407" count="23" type="stmt"/>
      </file>
      <file name="auth.js" path="C:\Users\alvar\Desktop\Universidad\Segundo Cuatrimestre\TFG\alcompas\Backend\controllers\auth.js">
        <metrics statements="182" coveredstatements="157" conditionals="51" coveredconditionals="34" methods="11" coveredmethods="11"/>
        <line num="1" count="23" type="stmt"/>
        <line num="2" count="23" type="stmt"/>
        <line num="3" count="23" type="stmt"/>
        <line num="4" count="23" type="stmt"/>
        <line num="5" count="23" type="stmt"/>
        <line num="6" count="23" type="stmt"/>
        <line num="7" count="23" type="stmt"/>
        <line num="8" count="23" type="stmt"/>
        <line num="9" count="23" type="stmt"/>
        <line num="10" count="23" type="stmt"/>
        <line num="11" count="23" type="stmt"/>
        <line num="12" count="23" type="stmt"/>
        <line num="13" count="23" type="stmt"/>
        <line num="14" count="23" type="stmt"/>
        <line num="20" count="23" type="cond" truecount="0" falsecount="1"/>
        <line num="21" count="73" type="stmt"/>
        <line num="23" count="73" type="stmt"/>
        <line num="24" count="73" type="stmt"/>
        <line num="26" count="73" type="cond" truecount="2" falsecount="0"/>
        <line num="27" count="4" type="stmt"/>
        <line num="33" count="69" type="stmt"/>
        <line num="35" count="69" type="cond" truecount="2" falsecount="0"/>
        <line num="36" count="2" type="stmt"/>
        <line num="42" count="67" type="stmt"/>
        <line num="43" count="67" type="cond" truecount="2" falsecount="0"/>
        <line num="44" count="2" type="stmt"/>
        <line num="49" count="65" type="stmt"/>
        <line num="50" count="65" type="cond" truecount="2" falsecount="0"/>
        <line num="51" count="1" type="stmt"/>
        <line num="57" count="64" type="stmt"/>
        <line num="58" count="64" type="stmt"/>
        <line num="61" count="64" type="stmt"/>
        <line num="62" count="64" type="stmt"/>
        <line num="63" count="64" type="stmt"/>
        <line num="66" count="64" type="stmt"/>
        <line num="68" count="64" type="stmt"/>
        <line num="76" count="0" type="stmt"/>
        <line num="77" count="0" type="stmt"/>
        <line num="87" count="23" type="cond" truecount="0" falsecount="1"/>
        <line num="88" count="2" type="stmt"/>
        <line num="89" count="2" type="stmt"/>
        <line num="90" count="2" type="stmt"/>
        <line num="93" count="2" type="stmt"/>
        <line num="94" count="2" type="stmt"/>
        <line num="95" count="2" type="stmt"/>
        <line num="97" count="2" type="cond" truecount="2" falsecount="0"/>
        <line num="98" count="1" type="stmt"/>
        <line num="104" count="1" type="stmt"/>
        <line num="105" count="1" type="cond" truecount="3" falsecount="1"/>
        <line num="106" count="0" type="stmt"/>
        <line num="112" count="1" type="stmt"/>
        <line num="113" count="1" type="cond" truecount="3" falsecount="1"/>
        <line num="114" count="0" type="stmt"/>
        <line num="120" count="1" type="stmt"/>
        <line num="121" count="1" type="cond" truecount="2" falsecount="2"/>
        <line num="122" count="0" type="stmt"/>
        <line num="127" count="1" type="stmt"/>
        <line num="128" count="1" type="cond" truecount="3" falsecount="1"/>
        <line num="129" count="0" type="stmt"/>
        <line num="135" count="1" type="stmt"/>
        <line num="137" count="1" type="stmt"/>
        <line num="138" count="1" type="stmt"/>
        <line num="139" count="1" type="stmt"/>
        <line num="141" count="1" type="stmt"/>
        <line num="146" count="1" type="stmt"/>
        <line num="148" count="1" type="stmt"/>
        <line num="156" count="0" type="stmt"/>
        <line num="157" count="0" type="stmt"/>
        <line num="167" count="23" type="cond" truecount="0" falsecount="1"/>
        <line num="169" count="2" type="stmt"/>
        <line num="170" count="2" type="stmt"/>
        <line num="171" count="2" type="stmt"/>
        <line num="174" count="2" type="stmt"/>
        <line num="175" count="2" type="stmt"/>
        <line num="176" count="2" type="stmt"/>
        <line num="178" count="2" type="cond" truecount="2" falsecount="0"/>
        <line num="179" count="1" type="stmt"/>
        <line num="185" count="1" type="stmt"/>
        <line num="186" count="1" type="stmt"/>
        <line num="188" count="1" type="stmt"/>
        <line num="193" count="1" type="stmt"/>
        <line num="194" count="1" type="stmt"/>
        <line num="198" count="1" type="stmt"/>
        <line num="199" count="1" type="stmt"/>
        <line num="205" count="0" type="stmt"/>
        <line num="206" count="0" type="stmt"/>
        <line num="218" count="23" type="cond" truecount="0" falsecount="1"/>
        <line num="219" count="74" type="stmt"/>
        <line num="220" count="74" type="stmt"/>
        <line num="221" count="74" type="stmt"/>
        <line num="222" count="74" type="cond" truecount="2" falsecount="0"/>
        <line num="223" count="1" type="stmt"/>
        <line num="228" count="73" type="stmt"/>
        <line num="232" count="73" type="cond" truecount="2" falsecount="0"/>
        <line num="233" count="1" type="stmt"/>
        <line num="240" count="72" type="stmt"/>
        <line num="242" count="72" type="stmt"/>
        <line num="249" count="0" type="stmt"/>
        <line num="250" count="0" type="stmt"/>
        <line num="260" count="23" type="cond" truecount="0" falsecount="1"/>
        <line num="261" count="1" type="stmt"/>
        <line num="262" count="1" type="stmt"/>
        <line num="263" count="1" type="stmt"/>
        <line num="266" count="1" type="stmt"/>
        <line num="267" count="1" type="stmt"/>
        <line num="268" count="1" type="stmt"/>
        <line num="270" count="1" type="cond" truecount="1" falsecount="1"/>
        <line num="271" count="0" type="stmt"/>
        <line num="278" count="1" type="stmt"/>
        <line num="280" count="1" type="stmt"/>
        <line num="291" count="23" type="cond" truecount="0" falsecount="1"/>
        <line num="292" count="1" type="stmt"/>
        <line num="293" count="1" type="stmt"/>
        <line num="294" count="1" type="stmt"/>
        <line num="296" count="1" type="stmt"/>
        <line num="301" count="0" type="stmt"/>
        <line num="302" count="0" type="stmt"/>
        <line num="313" count="23" type="cond" truecount="0" falsecount="1"/>
        <line num="314" count="69" type="stmt"/>
        <line num="315" count="69" type="stmt"/>
        <line num="318" count="69" type="stmt"/>
        <line num="319" count="69" type="stmt"/>
        <line num="320" count="69" type="stmt"/>
        <line num="322" count="69" type="cond" truecount="2" falsecount="0"/>
        <line num="323" count="1" type="stmt"/>
        <line num="329" count="68" type="stmt"/>
        <line num="330" count="68" type="stmt"/>
        <line num="331" count="68" type="stmt"/>
        <line num="332" count="68" type="stmt"/>
        <line num="333" count="68" type="stmt"/>
        <line num="334" count="68" type="stmt"/>
        <line num="335" count="68" type="stmt"/>
        <line num="336" count="68" type="stmt"/>
        <line num="339" count="68" type="stmt"/>
        <line num="341" count="68" type="stmt"/>
        <line num="346" count="0" type="stmt"/>
        <line num="347" count="0" type="stmt"/>
        <line num="357" count="23" type="cond" truecount="0" falsecount="1"/>
        <line num="358" count="2" type="stmt"/>
        <line num="359" count="2" type="stmt"/>
        <line num="362" count="2" type="stmt"/>
        <line num="363" count="2" type="stmt"/>
        <line num="364" count="2" type="stmt"/>
        <line num="366" count="2" type="stmt"/>
        <line num="367" count="2" type="cond" truecount="2" falsecount="0"/>
        <line num="368" count="1" type="stmt"/>
        <line num="374" count="1" type="stmt"/>
        <line num="375" count="1" type="stmt"/>
        <line num="376" count="1" type="stmt"/>
        <line num="377" count="1" type="stmt"/>
        <line num="378" count="1" type="stmt"/>
        <line num="379" count="1" type="stmt"/>
        <line num="380" count="1" type="stmt"/>
        <line num="381" count="1" type="stmt"/>
        <line num="383" count="1" type="stmt"/>
        <line num="384" count="1" type="stmt"/>
        <line num="389" count="0" type="stmt"/>
        <line num="390" count="0" type="stmt"/>
        <line num="400" count="23" type="cond" truecount="0" falsecount="1"/>
        <line num="401" count="1" type="stmt"/>
        <line num="402" count="1" type="stmt"/>
        <line num="403" count="1" type="stmt"/>
        <line num="408" count="0" type="stmt"/>
        <line num="409" count="0" type="stmt"/>
        <line num="419" count="23" type="cond" truecount="0" falsecount="1"/>
        <line num="420" count="1" type="stmt"/>
        <line num="421" count="1" type="stmt"/>
        <line num="422" count="1" type="stmt"/>
        <line num="423" count="1" type="stmt"/>
        <line num="428" count="0" type="stmt"/>
        <line num="429" count="0" type="stmt"/>
        <line num="439" count="23" type="cond" truecount="0" falsecount="1"/>
        <line num="440" count="1" type="stmt"/>
        <line num="441" count="1" type="stmt"/>
        <line num="442" count="1" type="stmt"/>
        <line num="444" count="1" type="stmt"/>
        <line num="445" count="4" type="stmt"/>
        <line num="446" count="4" type="cond" truecount="2" falsecount="0"/>
        <line num="448" count="1" type="stmt"/>
        <line num="453" count="0" type="stmt"/>
        <line num="454" count="0" type="stmt"/>
        <line num="461" count="23" type="stmt"/>
      </file>
      <file name="bandas.js" path="C:\Users\alvar\Desktop\Universidad\Segundo Cuatrimestre\TFG\alcompas\Backend\controllers\bandas.js">
        <metrics statements="276" coveredstatements="230" conditionals="79" coveredconditionals="45" methods="13" coveredmethods="12"/>
        <line num="1" count="23" type="stmt"/>
        <line num="2" count="23" type="stmt"/>
        <line num="3" count="23" type="stmt"/>
        <line num="4" count="23" type="stmt"/>
        <line num="5" count="23" type="stmt"/>
        <line num="6" count="23" type="stmt"/>
        <line num="7" count="23" type="stmt"/>
        <line num="8" count="23" type="stmt"/>
        <line num="9" count="23" type="stmt"/>
        <line num="10" count="23" type="stmt"/>
        <line num="11" count="23" type="stmt"/>
        <line num="12" count="23" type="stmt"/>
        <line num="13" count="23" type="stmt"/>
        <line num="14" count="23" type="stmt"/>
        <line num="15" count="23" type="stmt"/>
        <line num="16" count="23" type="stmt"/>
        <line num="17" count="23" type="stmt"/>
        <line num="18" count="23" type="stmt"/>
        <line num="19" count="23" type="stmt"/>
        <line num="20" count="23" type="stmt"/>
        <line num="21" count="23" type="stmt"/>
        <line num="22" count="23" type="stmt"/>
        <line num="23" count="23" type="stmt"/>
        <line num="24" count="23" type="stmt"/>
        <line num="25" count="23" type="stmt"/>
        <line num="26" count="23" type="stmt"/>
        <line num="27" count="23" type="stmt"/>
        <line num="33" count="23" type="cond" truecount="0" falsecount="1"/>
        <line num="34" count="46" type="stmt"/>
        <line num="36" count="46" type="stmt"/>
        <line num="37" count="46" type="stmt"/>
        <line num="38" count="46" type="cond" truecount="2" falsecount="0"/>
        <line num="39" count="1" type="stmt"/>
        <line num="45" count="45" type="stmt"/>
        <line num="46" count="45" type="cond" truecount="1" falsecount="1"/>
        <line num="47" count="0" type="stmt"/>
        <line num="53" count="45" type="stmt"/>
        <line num="54" count="45" type="cond" truecount="1" falsecount="1"/>
        <line num="55" count="0" type="stmt"/>
        <line num="61" count="45" type="stmt"/>
        <line num="63" count="45" type="stmt"/>
        <line num="64" count="45" type="stmt"/>
        <line num="65" count="45" type="stmt"/>
        <line num="71" count="45" type="stmt"/>
        <line num="72" count="45" type="stmt"/>
        <line num="78" count="0" type="stmt"/>
        <line num="79" count="0" type="stmt"/>
        <line num="89" count="23" type="cond" truecount="0" falsecount="1"/>
        <line num="90" count="1" type="stmt"/>
        <line num="91" count="1" type="stmt"/>
        <line num="92" count="1" type="stmt"/>
        <line num="95" count="1" type="stmt"/>
        <line num="96" count="1" type="stmt"/>
        <line num="97" count="1" type="stmt"/>
        <line num="98" count="1" type="stmt"/>
        <line num="100" count="1" type="stmt"/>
        <line num="104" count="1" type="stmt"/>
        <line num="105" count="1" type="cond" truecount="1" falsecount="1"/>
        <line num="106" count="1" type="stmt"/>
        <line num="110" count="1" type="cond" truecount="1" falsecount="1"/>
        <line num="111" count="0" type="stmt"/>
        <line num="117" count="1" type="stmt"/>
        <line num="118" count="1" type="cond" truecount="1" falsecount="1"/>
        <line num="119" count="0" type="stmt"/>
        <line num="124" count="1" type="stmt"/>
        <line num="125" count="1" type="cond" truecount="3" falsecount="1"/>
        <line num="126" count="0" type="stmt"/>
        <line num="132" count="1" type="stmt"/>
        <line num="133" count="1" type="cond" truecount="3" falsecount="1"/>
        <line num="134" count="0" type="stmt"/>
        <line num="140" count="1" type="stmt"/>
        <line num="141" count="1" type="cond" truecount="3" falsecount="1"/>
        <line num="142" count="0" type="stmt"/>
        <line num="148" count="1" type="stmt"/>
        <line num="151" count="1" type="stmt"/>
        <line num="157" count="1" type="stmt"/>
        <line num="162" count="0" type="stmt"/>
        <line num="163" count="0" type="stmt"/>
        <line num="173" count="23" type="cond" truecount="0" falsecount="1"/>
        <line num="174" count="46" type="stmt"/>
        <line num="175" count="46" type="stmt"/>
        <line num="176" count="46" type="stmt"/>
        <line num="178" count="46" type="stmt"/>
        <line num="179" count="46" type="stmt"/>
        <line num="180" count="46" type="stmt"/>
        <line num="183" count="46" type="stmt"/>
        <line num="184" count="46" type="stmt"/>
        <line num="185" count="46" type="stmt"/>
        <line num="186" count="46" type="stmt"/>
        <line num="192" count="46" type="stmt"/>
        <line num="194" count="46" type="cond" truecount="2" falsecount="0"/>
        <line num="195" count="1" type="stmt"/>
        <line num="202" count="45" type="stmt"/>
        <line num="203" count="45" type="stmt"/>
        <line num="204" count="45" type="cond" truecount="4" falsecount="0"/>
        <line num="205" count="44" type="stmt"/>
        <line num="209" count="45" type="cond" truecount="4" falsecount="0"/>
        <line num="210" count="1" type="stmt"/>
        <line num="216" count="44" type="stmt"/>
        <line num="217" count="8" type="stmt"/>
        <line num="218" count="8" type="cond" truecount="2" falsecount="0"/>
        <line num="219" count="6" type="stmt"/>
        <line num="220" count="6" type="stmt"/>
        <line num="223" count="44" type="stmt"/>
        <line num="224" count="5" type="stmt"/>
        <line num="225" count="5" type="cond" truecount="2" falsecount="0"/>
        <line num="226" count="4" type="stmt"/>
        <line num="227" count="4" type="stmt"/>
        <line num="230" count="44" type="stmt"/>
        <line num="231" count="46" type="stmt"/>
        <line num="232" count="46" type="cond" truecount="1" falsecount="1"/>
        <line num="233" count="46" type="stmt"/>
        <line num="234" count="46" type="stmt"/>
        <line num="240" count="44" type="stmt"/>
        <line num="241" count="44" type="stmt"/>
        <line num="244" count="44" type="stmt"/>
        <line num="245" count="44" type="stmt"/>
        <line num="246" count="44" type="stmt"/>
        <line num="248" count="44" type="stmt"/>
        <line num="249" count="8" type="stmt"/>
        <line num="250" count="8" type="stmt"/>
        <line num="251" count="8" type="stmt"/>
        <line num="254" count="44" type="stmt"/>
        <line num="255" count="8" type="stmt"/>
        <line num="256" count="8" type="stmt"/>
        <line num="257" count="8" type="stmt"/>
        <line num="260" count="44" type="stmt"/>
        <line num="261" count="6" type="stmt"/>
        <line num="262" count="6" type="stmt"/>
        <line num="263" count="6" type="stmt"/>
        <line num="267" count="44" type="stmt"/>
        <line num="268" count="44" type="stmt"/>
        <line num="270" count="44" type="stmt"/>
        <line num="271" count="7" type="stmt"/>
        <line num="272" count="7" type="stmt"/>
        <line num="275" count="44" type="stmt"/>
        <line num="276" count="3" type="stmt"/>
        <line num="277" count="3" type="stmt"/>
        <line num="281" count="44" type="stmt"/>
        <line num="283" count="44" type="stmt"/>
        <line num="284" count="4" type="stmt"/>
        <line num="285" count="4" type="stmt"/>
        <line num="286" count="4" type="stmt"/>
        <line num="287" count="2" type="stmt"/>
        <line num="288" count="2" type="stmt"/>
        <line num="289" count="2" type="stmt"/>
        <line num="290" count="0" type="stmt"/>
        <line num="291" count="0" type="stmt"/>
        <line num="293" count="2" type="stmt"/>
        <line num="295" count="4" type="stmt"/>
        <line num="300" count="44" type="stmt"/>
        <line num="301" count="44" type="stmt"/>
        <line num="302" count="44" type="stmt"/>
        <line num="303" count="44" type="stmt"/>
        <line num="304" count="44" type="stmt"/>
        <line num="305" count="44" type="stmt"/>
        <line num="306" count="44" type="stmt"/>
        <line num="307" count="44" type="stmt"/>
        <line num="308" count="44" type="stmt"/>
        <line num="309" count="44" type="stmt"/>
        <line num="311" count="44" type="stmt"/>
        <line num="312" count="0" type="stmt"/>
        <line num="313" count="0" type="stmt"/>
        <line num="315" count="44" type="stmt"/>
        <line num="316" count="0" type="stmt"/>
        <line num="317" count="0" type="stmt"/>
        <line num="321" count="44" type="cond" truecount="1" falsecount="1"/>
        <line num="322" count="0" type="stmt"/>
        <line num="327" count="0" type="cond" truecount="0" falsecount="2"/>
        <line num="328" count="0" type="stmt"/>
        <line num="333" count="44" type="stmt"/>
        <line num="334" count="44" type="stmt"/>
        <line num="335" count="0" type="stmt"/>
        <line num="336" count="0" type="stmt"/>
        <line num="337" count="0" type="cond" truecount="0" falsecount="2"/>
        <line num="338" count="0" type="stmt"/>
        <line num="342" count="44" type="stmt"/>
        <line num="343" count="44" type="stmt"/>
        <line num="348" count="0" type="stmt"/>
        <line num="349" count="0" type="stmt"/>
        <line num="359" count="23" type="cond" truecount="0" falsecount="1"/>
        <line num="360" count="2" type="stmt"/>
        <line num="361" count="2" type="stmt"/>
        <line num="363" count="2" type="stmt"/>
        <line num="366" count="2" type="stmt"/>
        <line num="367" count="2" type="stmt"/>
        <line num="368" count="2" type="stmt"/>
        <line num="370" count="2" type="cond" truecount="2" falsecount="0"/>
        <line num="371" count="1" type="stmt"/>
        <line num="377" count="1" type="stmt"/>
        <line num="381" count="1" type="stmt"/>
        <line num="382" count="1" type="stmt"/>
        <line num="387" count="1" type="stmt"/>
        <line num="388" count="1" type="stmt"/>
        <line num="389" count="1" type="cond" truecount="1" falsecount="1"/>
        <line num="390" count="1" type="stmt"/>
        <line num="391" count="1" type="cond" truecount="1" falsecount="1"/>
        <line num="392" count="1" type="stmt"/>
        <line num="397" count="1" type="stmt"/>
        <line num="398" count="1" type="stmt"/>
        <line num="399" count="1" type="cond" truecount="1" falsecount="1"/>
        <line num="400" count="1" type="stmt"/>
        <line num="401" count="1" type="cond" truecount="1" falsecount="1"/>
        <line num="402" count="0" type="stmt"/>
        <line num="406" count="1" type="stmt"/>
        <line num="407" count="1" type="stmt"/>
        <line num="408" count="1" type="cond" truecount="1" falsecount="1"/>
        <line num="409" count="1" type="stmt"/>
        <line num="410" count="1" type="cond" truecount="1" falsecount="1"/>
        <line num="411" count="0" type="stmt"/>
        <line num="416" count="1" type="stmt"/>
        <line num="421" count="0" type="stmt"/>
        <line num="422" count="0" type="stmt"/>
        <line num="432" count="23" type="cond" truecount="0" falsecount="1"/>
        <line num="433" count="1" type="stmt"/>
        <line num="434" count="1" type="stmt"/>
        <line num="435" count="1" type="stmt"/>
        <line num="437" count="1" type="stmt"/>
        <line num="442" count="0" type="stmt"/>
        <line num="443" count="0" type="stmt"/>
        <line num="453" count="23" type="cond" truecount="0" falsecount="1"/>
        <line num="454" count="1" type="stmt"/>
        <line num="455" count="1" type="stmt"/>
        <line num="457" count="1" type="stmt"/>
        <line num="462" count="0" type="stmt"/>
        <line num="463" count="0" type="stmt"/>
        <line num="473" count="23" type="cond" truecount="0" falsecount="1"/>
        <line num="474" count="1" type="stmt"/>
        <line num="475" count="1" type="stmt"/>
        <line num="476" count="1" type="stmt"/>
        <line num="477" count="1" type="stmt"/>
        <line num="478" count="2" type="stmt"/>
        <line num="479" count="2" type="cond" truecount="2" falsecount="0"/>
        <line num="482" count="1" type="stmt"/>
        <line num="486" count="1" type="stmt"/>
        <line num="491" count="0" type="stmt"/>
        <line num="492" count="0" type="stmt"/>
        <line num="502" count="23" type="cond" truecount="0" falsecount="1"/>
        <line num="503" count="1" type="stmt"/>
        <line num="504" count="1" type="stmt"/>
        <line num="505" count="1" type="stmt"/>
        <line num="506" count="1" type="stmt"/>
        <line num="508" count="1" type="stmt"/>
        <line num="514" count="1" type="cond" truecount="1" falsecount="1"/>
        <line num="515" count="1" type="stmt"/>
        <line num="517" count="0" type="stmt"/>
        <line num="522" count="0" type="cond" truecount="0" falsecount="2"/>
        <line num="523" count="0" type="stmt"/>
        <line num="525" count="0" type="stmt"/>
        <line num="530" count="0" type="cond" truecount="0" falsecount="2"/>
        <line num="531" count="0" type="stmt"/>
        <line num="535" count="1" type="stmt"/>
        <line num="540" count="0" type="stmt"/>
        <line num="541" count="0" type="stmt"/>
        <line num="551" count="23" type="cond" truecount="0" falsecount="1"/>
        <line num="552" count="1" type="stmt"/>
        <line num="553" count="1" type="stmt"/>
        <line num="554" count="1" type="stmt"/>
        <line num="555" count="1" type="stmt"/>
        <line num="559" count="1" type="stmt"/>
        <line num="563" count="1" type="stmt"/>
        <line num="565" count="1" type="stmt"/>
        <line num="566" count="1" type="stmt"/>
        <line num="567" count="3" type="stmt"/>
        <line num="568" count="3" type="cond" truecount="2" falsecount="0"/>
        <line num="570" count="2" type="stmt"/>
        <line num="573" count="1" type="stmt"/>
        <line num="577" count="1" type="stmt"/>
        <line num="578" count="1" type="stmt"/>
        <line num="579" count="1" type="stmt"/>
        <line num="580" count="1" type="stmt"/>
        <line num="581" count="1" type="stmt"/>
        <line num="584" count="1" type="stmt"/>
        <line num="589" count="0" type="stmt"/>
        <line num="590" count="0" type="stmt"/>
        <line num="597" count="23" type="stmt"/>
      </file>
      <file name="comentarios.js" path="C:\Users\alvar\Desktop\Universidad\Segundo Cuatrimestre\TFG\alcompas\Backend\controllers\comentarios.js">
        <metrics statements="29" coveredstatements="26" conditionals="5" coveredconditionals="2" methods="3" coveredmethods="3"/>
        <line num="1" count="23" type="stmt"/>
        <line num="2" count="23" type="stmt"/>
        <line num="3" count="23" type="stmt"/>
        <line num="8" count="23" type="cond" truecount="0" falsecount="1"/>
        <line num="9" count="1" type="stmt"/>
        <line num="10" count="1" type="stmt"/>
        <line num="11" count="1" type="stmt"/>
        <line num="12" count="1" type="stmt"/>
        <line num="17" count="0" type="stmt"/>
        <line num="27" count="23" type="cond" truecount="0" falsecount="1"/>
        <line num="28" count="2" type="stmt"/>
        <line num="29" count="2" type="stmt"/>
        <line num="30" count="2" type="stmt"/>
        <line num="31" count="2" type="stmt"/>
        <line num="33" count="2" type="stmt"/>
        <line num="38" count="0" type="stmt"/>
        <line num="48" count="23" type="cond" truecount="0" falsecount="1"/>
        <line num="49" count="3" type="stmt"/>
        <line num="50" count="3" type="stmt"/>
        <line num="51" count="3" type="stmt"/>
        <line num="53" count="3" type="stmt"/>
        <line num="54" count="3" type="stmt"/>
        <line num="55" count="3" type="stmt"/>
        <line num="57" count="3" type="cond" truecount="2" falsecount="0"/>
        <line num="58" count="1" type="stmt"/>
        <line num="64" count="2" type="stmt"/>
        <line num="65" count="2" type="stmt"/>
        <line num="71" count="0" type="stmt"/>
        <line num="78" count="23" type="stmt"/>
      </file>
      <file name="contratados.js" path="C:\Users\alvar\Desktop\Universidad\Segundo Cuatrimestre\TFG\alcompas\Backend\controllers\contratados.js">
        <metrics statements="85" coveredstatements="78" conditionals="22" coveredconditionals="18" methods="3" coveredmethods="3"/>
        <line num="1" count="23" type="stmt"/>
        <line num="2" count="23" type="stmt"/>
        <line num="3" count="23" type="stmt"/>
        <line num="4" count="23" type="stmt"/>
        <line num="5" count="23" type="stmt"/>
        <line num="6" count="23" type="stmt"/>
        <line num="7" count="23" type="stmt"/>
        <line num="8" count="23" type="stmt"/>
        <line num="9" count="23" type="stmt"/>
        <line num="14" count="23" type="cond" truecount="0" falsecount="1"/>
        <line num="15" count="6" type="stmt"/>
        <line num="16" count="6" type="stmt"/>
        <line num="17" count="6" type="stmt"/>
        <line num="18" count="6" type="stmt"/>
        <line num="20" count="6" type="cond" truecount="3" falsecount="0"/>
        <line num="22" count="4" type="stmt"/>
        <line num="23" count="4" type="stmt"/>
        <line num="25" count="1" type="stmt"/>
        <line num="26" count="1" type="stmt"/>
        <line num="28" count="1" type="stmt"/>
        <line num="29" count="1" type="stmt"/>
        <line num="33" count="6" type="stmt"/>
        <line num="34" count="6" type="stmt"/>
        <line num="35" count="6" type="stmt"/>
        <line num="37" count="6" type="stmt"/>
        <line num="42" count="6" type="cond" truecount="2" falsecount="0"/>
        <line num="43" count="1" type="stmt"/>
        <line num="50" count="5" type="stmt"/>
        <line num="55" count="5" type="cond" truecount="2" falsecount="0"/>
        <line num="56" count="1" type="stmt"/>
        <line num="63" count="4" type="stmt"/>
        <line num="68" count="4" type="cond" truecount="1" falsecount="1"/>
        <line num="69" count="0" type="stmt"/>
        <line num="75" count="4" type="stmt"/>
        <line num="77" count="4" type="stmt"/>
        <line num="82" count="0" type="stmt"/>
        <line num="83" count="0" type="stmt"/>
        <line num="93" count="23" type="cond" truecount="0" falsecount="1"/>
        <line num="94" count="4" type="stmt"/>
        <line num="95" count="4" type="stmt"/>
        <line num="96" count="4" type="stmt"/>
        <line num="97" count="4" type="stmt"/>
        <line num="101" count="4" type="stmt"/>
        <line num="104" count="4" type="stmt"/>
        <line num="105" count="4" type="stmt"/>
        <line num="106" count="4" type="stmt"/>
        <line num="109" count="4" type="cond" truecount="3" falsecount="0"/>
        <line num="111" count="2" type="stmt"/>
        <line num="112" count="2" type="stmt"/>
        <line num="114" count="1" type="stmt"/>
        <line num="115" count="1" type="stmt"/>
        <line num="117" count="1" type="stmt"/>
        <line num="118" count="1" type="stmt"/>
        <line num="121" count="4" type="stmt"/>
        <line num="126" count="4" type="cond" truecount="2" falsecount="0"/>
        <line num="127" count="1" type="stmt"/>
        <line num="133" count="3" type="stmt"/>
        <line num="134" count="3" type="stmt"/>
        <line num="135" count="3" type="stmt"/>
        <line num="136" count="3" type="stmt"/>
        <line num="139" count="3" type="stmt"/>
        <line num="144" count="0" type="stmt"/>
        <line num="145" count="0" type="stmt"/>
        <line num="155" count="23" type="cond" truecount="0" falsecount="1"/>
        <line num="156" count="4" type="stmt"/>
        <line num="157" count="4" type="stmt"/>
        <line num="159" count="4" type="stmt"/>
        <line num="160" count="4" type="stmt"/>
        <line num="161" count="4" type="stmt"/>
        <line num="163" count="4" type="stmt"/>
        <line num="166" count="4" type="cond" truecount="3" falsecount="0"/>
        <line num="168" count="2" type="stmt"/>
        <line num="169" count="2" type="stmt"/>
        <line num="171" count="1" type="stmt"/>
        <line num="172" count="1" type="stmt"/>
        <line num="174" count="1" type="stmt"/>
        <line num="175" count="1" type="stmt"/>
        <line num="178" count="4" type="stmt"/>
        <line num="183" count="4" type="cond" truecount="2" falsecount="0"/>
        <line num="184" count="1" type="stmt"/>
        <line num="190" count="3" type="stmt"/>
        <line num="192" count="3" type="stmt"/>
        <line num="197" count="0" type="stmt"/>
        <line num="198" count="0" type="stmt"/>
        <line num="205" count="23" type="stmt"/>
      </file>
      <file name="directivos.js" path="C:\Users\alvar\Desktop\Universidad\Segundo Cuatrimestre\TFG\alcompas\Backend\controllers\directivos.js">
        <metrics statements="57" coveredstatements="47" conditionals="16" coveredconditionals="9" methods="4" coveredmethods="4"/>
        <line num="1" count="23" type="stmt"/>
        <line num="2" count="23" type="stmt"/>
        <line num="3" count="23" type="stmt"/>
        <line num="4" count="23" type="stmt"/>
        <line num="9" count="23" type="cond" truecount="0" falsecount="1"/>
        <line num="10" count="2" type="stmt"/>
        <line num="11" count="2" type="stmt"/>
        <line num="12" count="2" type="stmt"/>
        <line num="15" count="2" type="stmt"/>
        <line num="16" count="2" type="stmt"/>
        <line num="17" count="2" type="stmt"/>
        <line num="18" count="2" type="stmt"/>
        <line num="20" count="2" type="stmt"/>
        <line num="26" count="2" type="cond" truecount="2" falsecount="0"/>
        <line num="27" count="1" type="stmt"/>
        <line num="30" count="2" type="cond" truecount="4" falsecount="0"/>
        <line num="31" count="1" type="stmt"/>
        <line num="37" count="1" type="stmt"/>
        <line num="43" count="1" type="cond" truecount="1" falsecount="1"/>
        <line num="44" count="0" type="stmt"/>
        <line num="50" count="1" type="stmt"/>
        <line num="51" count="1" type="stmt"/>
        <line num="52" count="1" type="stmt"/>
        <line num="54" count="1" type="stmt"/>
        <line num="59" count="1" type="cond" truecount="1" falsecount="1"/>
        <line num="60" count="1" type="stmt"/>
        <line num="63" count="1" type="stmt"/>
        <line num="68" count="0" type="stmt"/>
        <line num="69" count="0" type="stmt"/>
        <line num="79" count="23" type="cond" truecount="0" falsecount="1"/>
        <line num="80" count="1" type="stmt"/>
        <line num="81" count="1" type="stmt"/>
        <line num="82" count="1" type="stmt"/>
        <line num="84" count="1" type="stmt"/>
        <line num="89" count="0" type="stmt"/>
        <line num="90" count="0" type="stmt"/>
        <line num="100" count="23" type="cond" truecount="0" falsecount="1"/>
        <line num="101" count="17" type="stmt"/>
        <line num="102" count="17" type="stmt"/>
        <line num="103" count="17" type="stmt"/>
        <line num="105" count="17" type="stmt"/>
        <line num="110" count="0" type="stmt"/>
        <line num="111" count="0" type="stmt"/>
        <line num="121" count="23" type="cond" truecount="0" falsecount="1"/>
        <line num="122" count="1" type="stmt"/>
        <line num="123" count="1" type="stmt"/>
        <line num="124" count="1" type="stmt"/>
        <line num="129" count="1" type="stmt"/>
        <line num="130" count="1" type="stmt"/>
        <line num="131" count="1" type="stmt"/>
        <line num="132" count="1" type="cond" truecount="1" falsecount="1"/>
        <line num="133" count="1" type="stmt"/>
        <line num="135" count="0" type="stmt"/>
        <line num="141" count="1" type="stmt"/>
        <line num="146" count="0" type="stmt"/>
        <line num="147" count="0" type="stmt"/>
        <line num="154" count="23" type="stmt"/>
      </file>
      <file name="estadisticas.js" path="C:\Users\alvar\Desktop\Universidad\Segundo Cuatrimestre\TFG\alcompas\Backend\controllers\estadisticas.js">
        <metrics statements="68" coveredstatements="62" conditionals="15" coveredconditionals="12" methods="6" coveredmethods="6"/>
        <line num="1" count="23" type="stmt"/>
        <line num="2" count="23" type="stmt"/>
        <line num="3" count="23" type="stmt"/>
        <line num="4" count="23" type="stmt"/>
        <line num="5" count="23" type="stmt"/>
        <line num="10" count="23" type="stmt"/>
        <line num="14" count="1" type="stmt"/>
        <line num="15" count="1" type="stmt"/>
        <line num="16" count="1" type="stmt"/>
        <line num="18" count="1" type="stmt"/>
        <line num="19" count="4" type="stmt"/>
        <line num="21" count="4" type="stmt"/>
        <line num="34" count="4" type="stmt"/>
        <line num="35" count="4" type="stmt"/>
        <line num="36" count="4" type="stmt"/>
        <line num="40" count="1" type="stmt"/>
        <line num="41" count="5" type="cond" truecount="2" falsecount="0"/>
        <line num="42" count="1" type="stmt"/>
        <line num="44" count="4" type="cond" truecount="2" falsecount="0"/>
        <line num="45" count="1" type="stmt"/>
        <line num="47" count="3" type="stmt"/>
        <line num="51" count="1" type="stmt"/>
        <line num="53" count="1" type="stmt"/>
        <line num="58" count="0" type="stmt"/>
        <line num="59" count="0" type="stmt"/>
        <line num="69" count="23" type="cond" truecount="0" falsecount="1"/>
        <line num="70" count="1" type="stmt"/>
        <line num="71" count="1" type="stmt"/>
        <line num="72" count="1" type="stmt"/>
        <line num="74" count="1" type="stmt"/>
        <line num="75" count="4" type="stmt"/>
        <line num="77" count="4" type="stmt"/>
        <line num="88" count="4" type="stmt"/>
        <line num="99" count="4" type="stmt"/>
        <line num="100" count="4" type="stmt"/>
        <line num="101" count="4" type="stmt"/>
        <line num="102" count="4" type="stmt"/>
        <line num="106" count="1" type="stmt"/>
        <line num="107" count="6" type="cond" truecount="2" falsecount="0"/>
        <line num="108" count="2" type="stmt"/>
        <line num="110" count="4" type="cond" truecount="2" falsecount="0"/>
        <line num="111" count="3" type="stmt"/>
        <line num="113" count="1" type="stmt"/>
        <line num="117" count="1" type="stmt"/>
        <line num="119" count="1" type="stmt"/>
        <line num="124" count="0" type="stmt"/>
        <line num="125" count="0" type="stmt"/>
        <line num="135" count="23" type="cond" truecount="0" falsecount="1"/>
        <line num="136" count="1" type="stmt"/>
        <line num="137" count="1" type="stmt"/>
        <line num="138" count="1" type="stmt"/>
        <line num="140" count="1" type="stmt"/>
        <line num="141" count="4" type="stmt"/>
        <line num="143" count="4" type="stmt"/>
        <line num="145" count="4" type="stmt"/>
        <line num="146" count="4" type="stmt"/>
        <line num="147" count="4" type="stmt"/>
        <line num="151" count="1" type="stmt"/>
        <line num="152" count="5" type="cond" truecount="2" falsecount="0"/>
        <line num="153" count="1" type="stmt"/>
        <line num="155" count="4" type="cond" truecount="2" falsecount="0"/>
        <line num="156" count="3" type="stmt"/>
        <line num="158" count="1" type="stmt"/>
        <line num="162" count="1" type="stmt"/>
        <line num="164" count="1" type="stmt"/>
        <line num="169" count="0" type="stmt"/>
        <line num="170" count="0" type="stmt"/>
        <line num="177" count="23" type="stmt"/>
      </file>
      <file name="estudios.js" path="C:\Users\alvar\Desktop\Universidad\Segundo Cuatrimestre\TFG\alcompas\Backend\controllers\estudios.js">
        <metrics statements="64" coveredstatements="54" conditionals="19" coveredconditionals="14" methods="5" coveredmethods="5"/>
        <line num="1" count="23" type="stmt"/>
        <line num="2" count="23" type="stmt"/>
        <line num="3" count="23" type="stmt"/>
        <line num="8" count="23" type="cond" truecount="0" falsecount="1"/>
        <line num="9" count="1" type="stmt"/>
        <line num="10" count="1" type="stmt"/>
        <line num="11" count="1" type="stmt"/>
        <line num="12" count="1" type="stmt"/>
        <line num="17" count="0" type="stmt"/>
        <line num="18" count="0" type="stmt"/>
        <line num="28" count="23" type="cond" truecount="0" falsecount="1"/>
        <line num="29" count="4" type="stmt"/>
        <line num="30" count="4" type="stmt"/>
        <line num="33" count="4" type="stmt"/>
        <line num="34" count="4" type="stmt"/>
        <line num="35" count="4" type="stmt"/>
        <line num="37" count="4" type="cond" truecount="2" falsecount="0"/>
        <line num="38" count="1" type="stmt"/>
        <line num="44" count="3" type="cond" truecount="2" falsecount="0"/>
        <line num="45" count="1" type="stmt"/>
        <line num="51" count="2" type="stmt"/>
        <line num="53" count="2" type="stmt"/>
        <line num="58" count="0" type="stmt"/>
        <line num="59" count="0" type="stmt"/>
        <line num="69" count="23" type="cond" truecount="0" falsecount="1"/>
        <line num="70" count="2" type="stmt"/>
        <line num="71" count="2" type="stmt"/>
        <line num="72" count="2" type="stmt"/>
        <line num="74" count="2" type="stmt"/>
        <line num="75" count="2" type="stmt"/>
        <line num="76" count="2" type="stmt"/>
        <line num="78" count="2" type="cond" truecount="2" falsecount="0"/>
        <line num="79" count="1" type="stmt"/>
        <line num="85" count="1" type="stmt"/>
        <line num="90" count="0" type="stmt"/>
        <line num="91" count="0" type="stmt"/>
        <line num="101" count="23" type="cond" truecount="0" falsecount="1"/>
        <line num="102" count="4" type="stmt"/>
        <line num="103" count="4" type="stmt"/>
        <line num="104" count="4" type="stmt"/>
        <line num="106" count="4" type="cond" truecount="2" falsecount="0"/>
        <line num="107" count="1" type="stmt"/>
        <line num="113" count="3" type="stmt"/>
        <line num="114" count="3" type="stmt"/>
        <line num="115" count="3" type="stmt"/>
        <line num="117" count="3" type="cond" truecount="2" falsecount="0"/>
        <line num="118" count="1" type="stmt"/>
        <line num="124" count="2" type="stmt"/>
        <line num="128" count="2" type="cond" truecount="2" falsecount="0"/>
        <line num="129" count="1" type="stmt"/>
        <line num="135" count="1" type="stmt"/>
        <line num="140" count="1" type="stmt"/>
        <line num="145" count="0" type="stmt"/>
        <line num="146" count="0" type="stmt"/>
        <line num="156" count="23" type="cond" truecount="0" falsecount="1"/>
        <line num="157" count="2" type="stmt"/>
        <line num="158" count="2" type="stmt"/>
        <line num="159" count="2" type="stmt"/>
        <line num="160" count="2" type="cond" truecount="2" falsecount="0"/>
        <line num="161" count="1" type="stmt"/>
        <line num="166" count="1" type="stmt"/>
        <line num="171" count="0" type="stmt"/>
        <line num="172" count="0" type="stmt"/>
        <line num="179" count="23" type="stmt"/>
      </file>
      <file name="eventos.js" path="C:\Users\alvar\Desktop\Universidad\Segundo Cuatrimestre\TFG\alcompas\Backend\controllers\eventos.js">
        <metrics statements="239" coveredstatements="204" conditionals="69" coveredconditionals="47" methods="11" coveredmethods="11"/>
        <line num="1" count="23" type="stmt"/>
        <line num="2" count="23" type="stmt"/>
        <line num="3" count="23" type="stmt"/>
        <line num="4" count="23" type="stmt"/>
        <line num="5" count="23" type="stmt"/>
        <line num="6" count="23" type="stmt"/>
        <line num="7" count="23" type="stmt"/>
        <line num="8" count="23" type="stmt"/>
        <line num="9" count="23" type="stmt"/>
        <line num="10" count="23" type="stmt"/>
        <line num="11" count="23" type="stmt"/>
        <line num="12" count="23" type="stmt"/>
        <line num="19" count="23" type="cond" truecount="0" falsecount="1"/>
        <line num="20" count="14" type="stmt"/>
        <line num="21" count="14" type="stmt"/>
        <line num="24" count="14" type="stmt"/>
        <line num="25" count="14" type="stmt"/>
        <line num="26" count="14" type="stmt"/>
        <line num="29" count="14" type="stmt"/>
        <line num="34" count="14" type="cond" truecount="2" falsecount="0"/>
        <line num="35" count="1" type="stmt"/>
        <line num="42" count="13" type="cond" truecount="2" falsecount="0"/>
        <line num="43" count="1" type="stmt"/>
        <line num="49" count="12" type="cond" truecount="2" falsecount="0"/>
        <line num="50" count="1" type="stmt"/>
        <line num="56" count="11" type="stmt"/>
        <line num="57" count="11" type="stmt"/>
        <line num="58" count="11" type="cond" truecount="2" falsecount="0"/>
        <line num="59" count="3" type="stmt"/>
        <line num="77" count="8" type="stmt"/>
        <line num="95" count="11" type="stmt"/>
        <line num="96" count="11" type="stmt"/>
        <line num="97" count="11" type="stmt"/>
        <line num="99" count="11" type="stmt"/>
        <line num="104" count="0" type="stmt"/>
        <line num="105" count="0" type="stmt"/>
        <line num="115" count="23" type="cond" truecount="0" falsecount="1"/>
        <line num="116" count="2" type="stmt"/>
        <line num="117" count="2" type="stmt"/>
        <line num="119" count="2" type="stmt"/>
        <line num="121" count="2" type="stmt"/>
        <line num="122" count="2" type="stmt"/>
        <line num="123" count="2" type="stmt"/>
        <line num="126" count="2" type="stmt"/>
        <line num="131" count="2" type="cond" truecount="2" falsecount="0"/>
        <line num="132" count="1" type="stmt"/>
        <line num="139" count="1" type="cond" truecount="1" falsecount="1"/>
        <line num="140" count="0" type="stmt"/>
        <line num="146" count="1" type="cond" truecount="1" falsecount="1"/>
        <line num="147" count="0" type="stmt"/>
        <line num="154" count="1" type="stmt"/>
        <line num="155" count="1" type="cond" truecount="1" falsecount="1"/>
        <line num="156" count="1" type="stmt"/>
        <line num="173" count="1" type="stmt"/>
        <line num="174" count="1" type="stmt"/>
        <line num="179" count="0" type="stmt"/>
        <line num="196" count="0" type="stmt"/>
        <line num="197" count="0" type="stmt"/>
        <line num="203" count="1" type="stmt"/>
        <line num="209" count="1" type="stmt"/>
        <line num="214" count="0" type="stmt"/>
        <line num="215" count="0" type="stmt"/>
        <line num="227" count="23" type="cond" truecount="0" falsecount="1"/>
        <line num="228" count="13" type="stmt"/>
        <line num="229" count="13" type="stmt"/>
        <line num="232" count="13" type="stmt"/>
        <line num="233" count="13" type="stmt"/>
        <line num="234" count="13" type="stmt"/>
        <line num="237" count="13" type="stmt"/>
        <line num="242" count="13" type="cond" truecount="2" falsecount="0"/>
        <line num="243" count="1" type="stmt"/>
        <line num="250" count="12" type="cond" truecount="2" falsecount="0"/>
        <line num="251" count="1" type="stmt"/>
        <line num="256" count="11" type="cond" truecount="1" falsecount="1"/>
        <line num="257" count="0" type="stmt"/>
        <line num="264" count="11" type="stmt"/>
        <line num="265" count="11" type="stmt"/>
        <line num="266" count="11" type="cond" truecount="1" falsecount="1"/>
        <line num="267" count="0" type="stmt"/>
        <line num="285" count="11" type="stmt"/>
        <line num="303" count="11" type="stmt"/>
        <line num="304" count="11" type="stmt"/>
        <line num="305" count="11" type="stmt"/>
        <line num="307" count="11" type="stmt"/>
        <line num="312" count="0" type="stmt"/>
        <line num="313" count="0" type="stmt"/>
        <line num="323" count="23" type="cond" truecount="0" falsecount="1"/>
        <line num="324" count="2" type="stmt"/>
        <line num="325" count="2" type="stmt"/>
        <line num="326" count="2" type="stmt"/>
        <line num="328" count="2" type="stmt"/>
        <line num="329" count="2" type="stmt"/>
        <line num="330" count="2" type="stmt"/>
        <line num="333" count="2" type="stmt"/>
        <line num="338" count="2" type="cond" truecount="2" falsecount="0"/>
        <line num="339" count="1" type="stmt"/>
        <line num="346" count="1" type="cond" truecount="1" falsecount="1"/>
        <line num="347" count="0" type="stmt"/>
        <line num="353" count="1" type="cond" truecount="1" falsecount="1"/>
        <line num="354" count="0" type="stmt"/>
        <line num="360" count="1" type="stmt"/>
        <line num="361" count="1" type="stmt"/>
        <line num="362" count="1" type="cond" truecount="1" falsecount="1"/>
        <line num="363" count="0" type="stmt"/>
        <line num="380" count="0" type="stmt"/>
        <line num="381" count="0" type="stmt"/>
        <line num="383" count="1" type="stmt"/>
        <line num="400" count="1" type="stmt"/>
        <line num="401" count="1" type="stmt"/>
        <line num="403" count="1" type="stmt"/>
        <line num="409" count="1" type="stmt"/>
        <line num="414" count="0" type="stmt"/>
        <line num="415" count="0" type="stmt"/>
        <line num="426" count="23" type="cond" truecount="0" falsecount="1"/>
        <line num="427" count="11" type="stmt"/>
        <line num="428" count="11" type="stmt"/>
        <line num="431" count="11" type="stmt"/>
        <line num="432" count="11" type="stmt"/>
        <line num="433" count="11" type="stmt"/>
        <line num="436" count="11" type="stmt"/>
        <line num="441" count="11" type="cond" truecount="2" falsecount="0"/>
        <line num="442" count="1" type="stmt"/>
        <line num="449" count="10" type="cond" truecount="2" falsecount="0"/>
        <line num="450" count="1" type="stmt"/>
        <line num="455" count="9" type="stmt"/>
        <line num="457" count="9" type="stmt"/>
        <line num="462" count="0" type="stmt"/>
        <line num="463" count="0" type="stmt"/>
        <line num="473" count="23" type="cond" truecount="0" falsecount="1"/>
        <line num="474" count="2" type="stmt"/>
        <line num="475" count="2" type="stmt"/>
        <line num="477" count="2" type="stmt"/>
        <line num="479" count="2" type="stmt"/>
        <line num="480" count="2" type="stmt"/>
        <line num="481" count="2" type="stmt"/>
        <line num="484" count="2" type="stmt"/>
        <line num="489" count="2" type="cond" truecount="2" falsecount="0"/>
        <line num="490" count="1" type="stmt"/>
        <line num="497" count="1" type="cond" truecount="1" falsecount="1"/>
        <line num="498" count="0" type="stmt"/>
        <line num="504" count="1" type="stmt"/>
        <line num="506" count="1" type="stmt"/>
        <line num="511" count="0" type="stmt"/>
        <line num="512" count="0" type="stmt"/>
        <line num="522" count="23" type="cond" truecount="0" falsecount="1"/>
        <line num="523" count="1" type="stmt"/>
        <line num="524" count="1" type="stmt"/>
        <line num="525" count="1" type="stmt"/>
        <line num="526" count="1" type="stmt"/>
        <line num="527" count="1" type="stmt"/>
        <line num="528" count="1" type="stmt"/>
        <line num="531" count="1" type="stmt"/>
        <line num="534" count="1" type="stmt"/>
        <line num="535" count="1" type="stmt"/>
        <line num="538" count="1" type="stmt"/>
        <line num="539" count="3" type="stmt"/>
        <line num="540" count="3" type="stmt"/>
        <line num="541" count="3" type="stmt"/>
        <line num="544" count="1" type="stmt"/>
        <line num="545" count="2" type="stmt"/>
        <line num="548" count="1" type="stmt"/>
        <line num="550" count="1" type="stmt"/>
        <line num="552" count="1" type="stmt"/>
        <line num="557" count="0" type="stmt"/>
        <line num="558" count="0" type="stmt"/>
        <line num="568" count="23" type="cond" truecount="0" falsecount="1"/>
        <line num="569" count="1" type="stmt"/>
        <line num="570" count="1" type="stmt"/>
        <line num="571" count="1" type="stmt"/>
        <line num="572" count="1" type="stmt"/>
        <line num="573" count="1" type="stmt"/>
        <line num="574" count="1" type="stmt"/>
        <line num="577" count="1" type="stmt"/>
        <line num="578" count="1" type="stmt"/>
        <line num="579" count="1" type="stmt"/>
        <line num="582" count="1" type="stmt"/>
        <line num="587" count="1" type="stmt"/>
        <line num="592" count="1" type="stmt"/>
        <line num="598" count="1" type="stmt"/>
        <line num="599" count="1" type="stmt"/>
        <line num="600" count="1" type="stmt"/>
        <line num="602" count="1" type="cond" truecount="1" falsecount="1"/>
        <line num="607" count="0" type="stmt"/>
        <line num="611" count="0" type="stmt"/>
        <line num="616" count="1" type="stmt"/>
        <line num="620" count="1" type="stmt"/>
        <line num="624" count="1" type="stmt"/>
        <line num="629" count="1" type="stmt"/>
        <line num="631" count="1" type="stmt"/>
        <line num="636" count="0" type="stmt"/>
        <line num="637" count="0" type="stmt"/>
        <line num="647" count="23" type="cond" truecount="0" falsecount="1"/>
        <line num="648" count="3" type="stmt"/>
        <line num="649" count="3" type="stmt"/>
        <line num="650" count="3" type="stmt"/>
        <line num="652" count="3" type="cond" truecount="2" falsecount="0"/>
        <line num="653" count="1" type="stmt"/>
        <line num="654" count="1" type="stmt"/>
        <line num="658" count="2" type="cond" truecount="2" falsecount="0"/>
        <line num="659" count="1" type="stmt"/>
        <line num="660" count="1" type="stmt"/>
        <line num="665" count="1" type="stmt"/>
        <line num="666" count="1" type="stmt"/>
        <line num="672" count="0" type="stmt"/>
        <line num="673" count="0" type="stmt"/>
        <line num="683" count="23" type="cond" truecount="0" falsecount="1"/>
        <line num="684" count="12" type="stmt"/>
        <line num="685" count="12" type="stmt"/>
        <line num="686" count="12" type="stmt"/>
        <line num="687" count="12" type="stmt"/>
        <line num="690" count="12" type="stmt"/>
        <line num="691" count="12" type="stmt"/>
        <line num="692" count="12" type="stmt"/>
        <line num="695" count="12" type="cond" truecount="2" falsecount="0"/>
        <line num="696" count="4" type="stmt"/>
        <line num="697" count="4" type="stmt"/>
        <line num="702" count="4" type="cond" truecount="2" falsecount="0"/>
        <line num="703" count="1" type="stmt"/>
        <line num="708" count="3" type="stmt"/>
        <line num="709" count="3" type="stmt"/>
        <line num="710" count="8" type="cond" truecount="2" falsecount="0"/>
        <line num="711" count="4" type="stmt"/>
        <line num="712" count="4" type="stmt"/>
        <line num="717" count="4" type="cond" truecount="2" falsecount="0"/>
        <line num="718" count="1" type="stmt"/>
        <line num="723" count="3" type="stmt"/>
        <line num="724" count="3" type="stmt"/>
        <line num="726" count="4" type="stmt"/>
        <line num="727" count="4" type="stmt"/>
        <line num="732" count="4" type="cond" truecount="2" falsecount="0"/>
        <line num="733" count="1" type="stmt"/>
        <line num="738" count="3" type="stmt"/>
        <line num="743" count="9" type="stmt"/>
        <line num="744" count="9" type="stmt"/>
        <line num="745" count="9" type="stmt"/>
        <line num="746" count="9" type="stmt"/>
        <line num="751" count="0" type="stmt"/>
        <line num="752" count="0" type="stmt"/>
        <line num="759" count="23" type="stmt"/>
      </file>
      <file name="instrumentos.js" path="C:\Users\alvar\Desktop\Universidad\Segundo Cuatrimestre\TFG\alcompas\Backend\controllers\instrumentos.js">
        <metrics statements="165" coveredstatements="134" conditionals="41" coveredconditionals="20" methods="11" coveredmethods="11"/>
        <line num="1" count="23" type="stmt"/>
        <line num="2" count="23" type="stmt"/>
        <line num="3" count="23" type="stmt"/>
        <line num="4" count="23" type="stmt"/>
        <line num="5" count="23" type="stmt"/>
        <line num="6" count="23" type="stmt"/>
        <line num="11" count="23" type="cond" truecount="0" falsecount="1"/>
        <line num="12" count="1" type="stmt"/>
        <line num="13" count="1" type="stmt"/>
        <line num="14" count="1" type="stmt"/>
        <line num="15" count="1" type="stmt"/>
        <line num="20" count="0" type="stmt"/>
        <line num="21" count="0" type="stmt"/>
        <line num="31" count="23" type="cond" truecount="0" falsecount="1"/>
        <line num="32" count="1" type="stmt"/>
        <line num="33" count="1" type="stmt"/>
        <line num="34" count="1" type="stmt"/>
        <line num="35" count="1" type="stmt"/>
        <line num="40" count="0" type="stmt"/>
        <line num="41" count="0" type="stmt"/>
        <line num="51" count="23" type="cond" truecount="0" falsecount="1"/>
        <line num="52" count="3" type="stmt"/>
        <line num="53" count="3" type="stmt"/>
        <line num="55" count="3" type="stmt"/>
        <line num="56" count="3" type="stmt"/>
        <line num="57" count="3" type="stmt"/>
        <line num="59" count="3" type="cond" truecount="2" falsecount="0"/>
        <line num="60" count="1" type="stmt"/>
        <line num="66" count="2" type="stmt"/>
        <line num="67" count="2" type="stmt"/>
        <line num="68" count="2" type="stmt"/>
        <line num="73" count="0" type="stmt"/>
        <line num="74" count="0" type="stmt"/>
        <line num="84" count="23" type="cond" truecount="0" falsecount="1"/>
        <line num="85" count="4" type="stmt"/>
        <line num="86" count="4" type="stmt"/>
        <line num="87" count="4" type="stmt"/>
        <line num="88" count="4" type="cond" truecount="2" falsecount="0"/>
        <line num="89" count="1" type="stmt"/>
        <line num="95" count="3" type="stmt"/>
        <line num="96" count="3" type="stmt"/>
        <line num="97" count="3" type="stmt"/>
        <line num="99" count="3" type="cond" truecount="2" falsecount="0"/>
        <line num="100" count="1" type="stmt"/>
        <line num="106" count="2" type="stmt"/>
        <line num="107" count="2" type="stmt"/>
        <line num="112" count="0" type="stmt"/>
        <line num="113" count="0" type="stmt"/>
        <line num="123" count="23" type="cond" truecount="0" falsecount="1"/>
        <line num="124" count="3" type="stmt"/>
        <line num="125" count="3" type="stmt"/>
        <line num="126" count="3" type="stmt"/>
        <line num="127" count="3" type="cond" truecount="2" falsecount="0"/>
        <line num="128" count="1" type="stmt"/>
        <line num="134" count="2" type="stmt"/>
        <line num="135" count="2" type="stmt"/>
        <line num="136" count="2" type="stmt"/>
        <line num="138" count="2" type="cond" truecount="2" falsecount="0"/>
        <line num="139" count="1" type="stmt"/>
        <line num="145" count="1" type="stmt"/>
        <line num="148" count="1" type="stmt"/>
        <line num="153" count="1" type="stmt"/>
        <line num="158" count="0" type="stmt"/>
        <line num="159" count="0" type="stmt"/>
        <line num="169" count="23" type="cond" truecount="0" falsecount="1"/>
        <line num="170" count="8" type="stmt"/>
        <line num="171" count="8" type="stmt"/>
        <line num="173" count="8" type="stmt"/>
        <line num="174" count="8" type="stmt"/>
        <line num="175" count="8" type="stmt"/>
        <line num="179" count="8" type="stmt"/>
        <line num="180" count="8" type="cond" truecount="1" falsecount="1"/>
        <line num="181" count="0" type="stmt"/>
        <line num="188" count="8" type="stmt"/>
        <line num="194" count="8" type="cond" truecount="1" falsecount="1"/>
        <line num="195" count="0" type="stmt"/>
        <line num="201" count="8" type="stmt"/>
        <line num="202" count="8" type="stmt"/>
        <line num="203" count="8" type="stmt"/>
        <line num="208" count="0" type="stmt"/>
        <line num="209" count="0" type="stmt"/>
        <line num="219" count="23" type="cond" truecount="0" falsecount="1"/>
        <line num="220" count="1" type="stmt"/>
        <line num="221" count="1" type="stmt"/>
        <line num="223" count="1" type="stmt"/>
        <line num="224" count="1" type="stmt"/>
        <line num="225" count="1" type="stmt"/>
        <line num="227" count="1" type="stmt"/>
        <line num="232" count="1" type="cond" truecount="1" falsecount="1"/>
        <line num="233" count="0" type="stmt"/>
        <line num="239" count="1" type="stmt"/>
        <line num="240" count="1" type="stmt"/>
        <line num="245" count="0" type="stmt"/>
        <line num="246" count="0" type="stmt"/>
        <line num="256" count="23" type="cond" truecount="0" falsecount="1"/>
        <line num="257" count="1" type="stmt"/>
        <line num="258" count="1" type="stmt"/>
        <line num="259" count="1" type="stmt"/>
        <line num="260" count="1" type="cond" truecount="1" falsecount="1"/>
        <line num="261" count="0" type="stmt"/>
        <line num="267" count="1" type="stmt"/>
        <line num="268" count="1" type="stmt"/>
        <line num="269" count="1" type="stmt"/>
        <line num="271" count="1" type="stmt"/>
        <line num="276" count="1" type="cond" truecount="1" falsecount="1"/>
        <line num="277" count="0" type="stmt"/>
        <line num="283" count="1" type="stmt"/>
        <line num="286" count="1" type="stmt"/>
        <line num="291" count="1" type="stmt"/>
        <line num="296" count="0" type="stmt"/>
        <line num="297" count="0" type="stmt"/>
        <line num="307" count="23" type="cond" truecount="0" falsecount="1"/>
        <line num="308" count="1" type="stmt"/>
        <line num="309" count="1" type="stmt"/>
        <line num="310" count="1" type="stmt"/>
        <line num="312" count="1" type="stmt"/>
        <line num="313" count="1" type="stmt"/>
        <line num="314" count="1" type="stmt"/>
        <line num="316" count="1" type="stmt"/>
        <line num="321" count="1" type="cond" truecount="1" falsecount="1"/>
        <line num="322" count="0" type="stmt"/>
        <line num="328" count="1" type="stmt"/>
        <line num="331" count="1" type="stmt"/>
        <line num="335" count="1" type="stmt"/>
        <line num="340" count="0" type="stmt"/>
        <line num="341" count="0" type="stmt"/>
        <line num="351" count="23" type="stmt"/>
        <line num="355" count="1" type="stmt"/>
        <line num="356" count="1" type="stmt"/>
        <line num="358" count="1" type="stmt"/>
        <line num="359" count="1" type="stmt"/>
        <line num="360" count="1" type="stmt"/>
        <line num="362" count="1" type="stmt"/>
        <line num="367" count="1" type="cond" truecount="1" falsecount="1"/>
        <line num="368" count="0" type="stmt"/>
        <line num="374" count="1" type="stmt"/>
        <line num="375" count="1" type="stmt"/>
        <line num="376" count="1" type="stmt"/>
        <line num="377" count="1" type="stmt"/>
        <line num="378" count="1" type="stmt"/>
        <line num="384" count="1" type="cond" truecount="1" falsecount="1"/>
        <line num="385" count="1" type="stmt"/>
        <line num="388" count="1" type="stmt"/>
        <line num="393" count="0" type="stmt"/>
        <line num="394" count="0" type="stmt"/>
        <line num="404" count="23" type="cond" truecount="0" falsecount="1"/>
        <line num="405" count="1" type="stmt"/>
        <line num="406" count="1" type="stmt"/>
        <line num="408" count="1" type="stmt"/>
        <line num="409" count="1" type="stmt"/>
        <line num="410" count="1" type="stmt"/>
        <line num="412" count="1" type="stmt"/>
        <line num="417" count="1" type="cond" truecount="1" falsecount="1"/>
        <line num="418" count="0" type="stmt"/>
        <line num="424" count="1" type="stmt"/>
        <line num="425" count="1" type="stmt"/>
        <line num="426" count="1" type="stmt"/>
        <line num="427" count="1" type="stmt"/>
        <line num="428" count="1" type="stmt"/>
        <line num="433" count="1" type="cond" truecount="1" falsecount="1"/>
        <line num="434" count="0" type="stmt"/>
        <line num="437" count="1" type="stmt"/>
        <line num="442" count="0" type="stmt"/>
        <line num="443" count="0" type="stmt"/>
        <line num="450" count="23" type="stmt"/>
      </file>
      <file name="likes.js" path="C:\Users\alvar\Desktop\Universidad\Segundo Cuatrimestre\TFG\alcompas\Backend\controllers\likes.js">
        <metrics statements="127" coveredstatements="110" conditionals="70" coveredconditionals="50" methods="4" coveredmethods="4"/>
        <line num="1" count="23" type="stmt"/>
        <line num="2" count="23" type="stmt"/>
        <line num="3" count="23" type="stmt"/>
        <line num="4" count="23" type="stmt"/>
        <line num="5" count="23" type="stmt"/>
        <line num="6" count="23" type="stmt"/>
        <line num="7" count="23" type="stmt"/>
        <line num="8" count="23" type="stmt"/>
        <line num="13" count="23" type="cond" truecount="0" falsecount="1"/>
        <line num="14" count="13" type="stmt"/>
        <line num="15" count="13" type="stmt"/>
        <line num="16" count="13" type="stmt"/>
        <line num="17" count="13" type="stmt"/>
        <line num="20" count="13" type="stmt"/>
        <line num="21" count="13" type="stmt"/>
        <line num="22" count="13" type="stmt"/>
        <line num="24" count="13" type="stmt"/>
        <line num="30" count="13" type="cond" truecount="2" falsecount="0"/>
        <line num="31" count="1" type="stmt"/>
        <line num="37" count="12" type="cond" truecount="2" falsecount="0"/>
        <line num="38" count="4" type="stmt"/>
[...]
        <line num="100" count="19" type="cond" truecount="2" falsecount="0"/>
        <line num="101" count="1" type="stmt"/>
        <line num="103" count="18" type="stmt"/>
        <line num="109" count="19" type="cond" truecount="2" falsecount="0"/>
        <line num="110" count="1" type="stmt"/>
        <line num="112" count="18" type="stmt"/>
        <line num="118" count="19" type="stmt"/>
        <line num="119" count="19" type="cond" truecount="2" falsecount="0"/>
        <line num="120" count="1" type="stmt"/>
        <line num="124" count="18" type="stmt"/>
        <line num="146" count="23" type="stmt"/>
        <line num="160" count="7" type="stmt"/>
        <line num="161" count="7" type="cond" truecount="2" falsecount="0"/>
        <line num="162" count="1" type="stmt"/>
        <line num="166" count="6" type="stmt"/>
        <line num="172" count="7" type="stmt"/>
        <line num="173" count="7" type="cond" truecount="2" falsecount="0"/>
        <line num="174" count="1" type="stmt"/>
        <line num="178" count="6" type="stmt"/>
        <line num="202" count="7" type="cond" truecount="2" falsecount="0"/>
        <line num="203" count="1" type="stmt"/>
        <line num="205" count="6" type="stmt"/>
        <line num="211" count="7" type="cond" truecount="2" falsecount="0"/>
        <line num="212" count="1" type="stmt"/>
        <line num="214" count="6" type="stmt"/>
        <line num="220" count="7" type="stmt"/>
        <line num="221" count="7" type="cond" truecount="2" falsecount="0"/>
        <line num="222" count="5" type="stmt"/>
        <line num="226" count="2" type="stmt"/>
        <line num="251" count="23" type="stmt"/>
        <line num="265" count="18" type="stmt"/>
        <line num="266" count="18" type="cond" truecount="2" falsecount="0"/>
        <line num="267" count="1" type="stmt"/>
        <line num="271" count="17" type="stmt"/>
        <line num="277" count="18" type="stmt"/>
        <line num="278" count="18" type="cond" truecount="2" falsecount="0"/>
        <line num="279" count="1" type="stmt"/>
        <line num="283" count="17" type="stmt"/>
        <line num="307" count="18" type="cond" truecount="2" falsecount="0"/>
        <line num="308" count="1" type="stmt"/>
        <line num="310" count="17" type="stmt"/>
        <line num="316" count="18" type="stmt"/>
        <line num="317" count="18" type="cond" truecount="2" falsecount="0"/>
        <line num="318" count="1" type="stmt"/>
        <line num="322" count="17" type="stmt"/>
        <line num="335" count="23" type="stmt"/>
        <line num="349" count="6" type="stmt"/>
        <line num="350" count="6" type="cond" truecount="2" falsecount="0"/>
        <line num="351" count="1" type="stmt"/>
        <line num="355" count="5" type="stmt"/>
        <line num="361" count="6" type="stmt"/>
        <line num="362" count="6" type="cond" truecount="2" falsecount="0"/>
        <line num="363" count="1" type="stmt"/>
        <line num="367" count="5" type="stmt"/>
        <line num="391" count="6" type="cond" truecount="2" falsecount="0"/>
        <line num="392" count="4" type="stmt"/>
        <line num="394" count="2" type="stmt"/>
        <line num="400" count="6" type="stmt"/>
        <line num="401" count="6" type="cond" truecount="2" falsecount="0"/>
        <line num="402" count="1" type="stmt"/>
        <line num="406" count="5" type="stmt"/>
        <line num="422" count="23" type="stmt"/>
        <line num="436" count="13" type="stmt"/>
        <line num="437" count="13" type="cond" truecount="2" falsecount="0"/>
        <line num="438" count="1" type="stmt"/>
        <line num="442" count="12" type="stmt"/>
        <line num="448" count="13" type="stmt"/>
        <line num="449" count="13" type="cond" truecount="2" falsecount="0"/>
        <line num="450" count="1" type="stmt"/>
        <line num="454" count="12" type="stmt"/>
        <line num="471" count="23" type="stmt"/>
        <line num="485" count="4" type="stmt"/>
        <line num="486" count="4" type="cond" truecount="2" falsecount="0"/>
        <line num="487" count="1" type="stmt"/>
        <line num="491" count="3" type="stmt"/>
        <line num="497" count="4" type="stmt"/>
        <line num="498" count="4" type="cond" truecount="2" falsecount="0"/>
        <line num="499" count="2" type="stmt"/>
        <line num="503" count="2" type="stmt"/>
        <line num="523" count="23" type="stmt"/>
        <line num="531" count="23" type="stmt"/>
        <line num="542" count="23" type="stmt"/>
        <line num="545" count="23" type="stmt"/>
        <line num="547" count="23" type="stmt"/>
      </file>
      <file name="instrumentos.js" path="C:\Users\alvar\Desktop\Universidad\Segundo Cuatrimestre\TFG\alcompas\Backend\routes\instrumentos.js">
        <metrics statements="40" coveredstatements="40" conditionals="16" coveredconditionals="12" methods="4" coveredmethods="4"/>
        <line num="1" count="23" type="stmt"/>
        <line num="2" count="23" type="stmt"/>
        <line num="3" count="23" type="stmt"/>
        <line num="4" count="23" type="stmt"/>
        <line num="5" count="23" type="stmt"/>
        <line num="6" count="23" type="stmt"/>
        <line num="19" count="23" type="stmt"/>
        <line num="22" count="23" type="stmt"/>
        <line num="25" count="23" type="stmt"/>
        <line num="28" count="23" type="stmt"/>
        <line num="31" count="23" type="stmt"/>
        <line num="35" count="4" type="cond" truecount="1" falsecount="1"/>
        <line num="36" count="4" type="stmt"/>
        <line num="37" count="4" type="cond" truecount="2" falsecount="0"/>
        <line num="38" count="1" type="stmt"/>
        <line num="41" count="3" type="stmt"/>
        <line num="60" count="23" type="stmt"/>
        <line num="64" count="4" type="cond" truecount="1" falsecount="1"/>
        <line num="65" count="4" type="stmt"/>
        <line num="66" count="4" type="cond" truecount="2" falsecount="0"/>
        <line num="67" count="1" type="stmt"/>
        <line num="70" count="3" type="stmt"/>
        <line num="89" count="23" type="stmt"/>
        <line num="92" count="23" type="stmt"/>
        <line num="96" count="9" type="cond" truecount="1" falsecount="1"/>
        <line num="97" count="9" type="stmt"/>
        <line num="98" count="9" type="cond" truecount="2" falsecount="0"/>
        <line num="99" count="1" type="stmt"/>
        <line num="102" count="8" type="stmt"/>
        <line num="121" count="23" type="stmt"/>
        <line num="124" count="23" type="stmt"/>
        <line num="128" count="2" type="cond" truecount="1" falsecount="1"/>
        <line num="129" count="2" type="stmt"/>
        <line num="130" count="2" type="cond" truecount="2" falsecount="0"/>
        <line num="131" count="1" type="stmt"/>
        <line num="134" count="1" type="stmt"/>
        <line num="153" count="23" type="stmt"/>
        <line num="156" count="23" type="stmt"/>
        <line num="159" count="23" type="stmt"/>
        <line num="164" count="23" type="stmt"/>
      </file>
      <file name="likes.js" path="C:\Users\alvar\Desktop\Universidad\Segundo Cuatrimestre\TFG\alcompas\Backend\routes\likes.js">
        <metrics statements="16" coveredstatements="16" conditionals="2" coveredconditionals="2" methods="1" coveredmethods="1"/>
        <line num="1" count="23" type="stmt"/>
        <line num="2" count="23" type="stmt"/>
        <line num="3" count="23" type="stmt"/>
        <line num="4" count="23" type="stmt"/>
        <line num="5" count="23" type="stmt"/>
        <line num="11" count="23" type="stmt"/>
        <line num="14" count="23" type="stmt"/>
        <line num="17" count="23" type="stmt"/>
        <line num="23" count="14" type="stmt"/>
        <line num="32" count="14" type="cond" truecount="2" falsecount="0"/>
        <line num="33" count="1" type="stmt"/>
        <line num="35" count="13" type="stmt"/>
        <line num="45" count="23" type="stmt"/>
        <line num="48" count="23" type="stmt"/>
        <line num="51" count="23" type="stmt"/>
        <line num="53" count="23" type="stmt"/>
      </file>
      <file name="musicos.js" path="C:\Users\alvar\Desktop\Universidad\Segundo Cuatrimestre\TFG\alcompas\Backend\routes\musicos.js">
        <metrics statements="12" coveredstatements="12" conditionals="0" coveredconditionals="0" methods="0" coveredmethods="0"/>
        <line num="1" count="23" type="stmt"/>
        <line num="2" count="23" type="stmt"/>
        <line num="11" count="23" type="stmt"/>
        <line num="12" count="23" type="stmt"/>
        <line num="17" count="23" type="stmt"/>
        <line num="20" count="23" type="stmt"/>
        <line num="23" count="23" type="stmt"/>
        <line num="26" count="23" type="stmt"/>
        <line num="29" count="23" type="stmt"/>
        <line num="32" count="23" type="stmt"/>
        <line num="38" count="23" type="stmt"/>
        <line num="40" count="23" type="stmt"/>
      </file>
      <file name="noticias.js" path="C:\Users\alvar\Desktop\Universidad\Segundo Cuatrimestre\TFG\alcompas\Backend\routes\noticias.js">
        <metrics statements="16" coveredstatements="16" conditionals="2" coveredconditionals="2" methods="1" coveredmethods="1"/>
        <line num="1" count="23" type="stmt"/>
        <line num="2" count="23" type="stmt"/>
        <line num="3" count="23" type="stmt"/>
        <line num="4" count="23" type="stmt"/>
        <line num="5" count="23" type="stmt"/>
        <line num="11" count="23" type="stmt"/>
        <line num="14" count="23" type="stmt"/>
        <line num="17" count="23" type="stmt"/>
        <line num="23" count="8" type="stmt"/>
        <line num="24" count="8" type="cond" truecount="2" falsecount="0"/>
        <line num="25" count="1" type="stmt"/>
        <line num="27" count="7" type="stmt"/>
        <line num="47" count="23" type="stmt"/>
        <line num="54" count="23" type="stmt"/>
        <line num="57" count="23" type="stmt"/>
        <line num="59" count="23" type="stmt"/>
      </file>
      <file name="obras.js" path="C:\Users\alvar\Desktop\Universidad\Segundo Cuatrimestre\TFG\alcompas\Backend\routes\obras.js">
        <metrics statements="11" coveredstatements="11" conditionals="0" coveredconditionals="0" methods="0" coveredmethods="0"/>
        <line num="1" count="23" type="stmt"/>
        <line num="2" count="23" type="stmt"/>
        <line num="3" count="23" type="stmt"/>
        <line num="4" count="23" type="stmt"/>
        <line num="5" count="23" type="stmt"/>
        <line num="10" count="23" type="stmt"/>
        <line num="13" count="23" type="stmt"/>
        <line num="16" count="23" type="stmt"/>
        <line num="29" count="23" type="stmt"/>
        <line num="32" count="23" type="stmt"/>
        <line num="34" count="23" type="stmt"/>
      </file>
      <file name="partituras.js" path="C:\Users\alvar\Desktop\Universidad\Segundo Cuatrimestre\TFG\alcompas\Backend\routes\partituras.js">
        <metrics statements="13" coveredstatements="13" conditionals="0" coveredconditionals="0" methods="0" coveredmethods="0"/>
        <line num="1" count="23" type="stmt"/>
        <line num="2" count="23" type="stmt"/>
        <line num="3" count="23" type="stmt"/>
        <line num="4" count="23" type="stmt"/>
        <line num="5" count="23" type="stmt"/>
        <line num="11" count="23" type="stmt"/>
        <line num="12" count="23" type="stmt"/>
        <line num="15" count="23" type="stmt"/>
        <line num="18" count="23" type="stmt"/>
        <line num="21" count="23" type="stmt"/>
        <line num="23" count="23" type="stmt"/>
        <line num="33" count="23" type="stmt"/>
        <line num="35" count="23" type="stmt"/>
      </file>
      <file name="peticiones.js" path="C:\Users\alvar\Desktop\Universidad\Segundo Cuatrimestre\TFG\alcompas\Backend\routes\peticiones.js">
        <metrics statements="37" coveredstatements="37" conditionals="17" coveredconditionals="17" methods="4" coveredmethods="4"/>
        <line num="1" count="23" type="stmt"/>
        <line num="2" count="23" type="stmt"/>
        <line num="3" count="23" type="stmt"/>
        <line num="4" count="23" type="stmt"/>
        <line num="5" count="23" type="stmt"/>
        <line num="6" count="23" type="stmt"/>
        <line num="7" count="23" type="stmt"/>
        <line num="8" count="23" type="stmt"/>
        <line num="15" count="23" type="stmt"/>
        <line num="18" count="23" type="stmt"/>
        <line num="21" count="23" type="stmt"/>
        <line num="24" count="23" type="stmt"/>
        <line num="27" count="23" type="stmt"/>
        <line num="30" count="23" type="stmt"/>
        <line num="33" count="23" type="stmt"/>
        <line num="39" count="27" type="stmt"/>
        <line num="40" count="27" type="stmt"/>
        <line num="41" count="27" type="stmt"/>
        <line num="43" count="27" type="cond" truecount="5" falsecount="0"/>
        <line num="44" count="1" type="stmt"/>
        <line num="46" count="26" type="stmt"/>
        <line num="49" count="27" type="cond" truecount="2" falsecount="0"/>
        <line num="50" count="6" type="stmt"/>
        <line num="52" count="6" type="cond" truecount="2" falsecount="0"/>
        <line num="53" count="1" type="stmt"/>
        <line num="56" count="26" type="stmt"/>
        <line num="62" count="27" type="cond" truecount="2" falsecount="0"/>
        <line num="63" count="10" type="stmt"/>
        <line num="64" count="10" type="cond" truecount="2" falsecount="0"/>
        <line num="65" count="1" type="stmt"/>
        <line num="68" count="26" type="stmt"/>
        <line num="71" count="27" type="cond" truecount="2" falsecount="0"/>
        <line num="72" count="9" type="stmt"/>
        <line num="73" count="9" type="cond" truecount="2" falsecount="0"/>
        <line num="74" count="1" type="stmt"/>
        <line num="77" count="26" type="stmt"/>
        <line num="87" count="23" type="stmt"/>
      </file>
      <file name="prestamos.js" path="C:\Users\alvar\Desktop\Universidad\Segundo Cuatrimestre\TFG\alcompas\Backend\routes\prestamos.js">
        <metrics statements="13" coveredstatements="13" conditionals="0" coveredconditionals="0" methods="0" coveredmethods="0"/>
        <line num="1" count="23" type="stmt"/>
        <line num="2" count="23" type="stmt"/>
        <line num="3" count="23" type="stmt"/>
        <line num="4" count="23" type="stmt"/>
        <line num="5" count="23" type="stmt"/>
        <line num="12" count="23" type="stmt"/>
        <line num="15" count="23" type="stmt"/>
        <line num="18" count="23" type="stmt"/>
        <line num="34" count="23" type="stmt"/>
        <line num="37" count="23" type="stmt"/>
        <line num="40" count="23" type="stmt"/>
        <line num="43" count="23" type="stmt"/>
        <line num="45" count="23" type="stmt"/>
      </file>
      <file name="redesSociales.js" path="C:\Users\alvar\Desktop\Universidad\Segundo Cuatrimestre\TFG\alcompas\Backend\routes\redesSociales.js">
        <metrics statements="11" coveredstatements="11" conditionals="0" coveredconditionals="0" methods="0" coveredmethods="0"/>
        <line num="1" count="23" type="stmt"/>
        <line num="2" count="23" type="stmt"/>
        <line num="3" count="23" type="stmt"/>
        <line num="4" count="23" type="stmt"/>
        <line num="5" count="23" type="stmt"/>
        <line num="10" count="23" type="stmt"/>
        <line num="13" count="23" type="stmt"/>
        <line num="16" count="23" type="stmt"/>
        <line num="32" count="23" type="stmt"/>
        <line num="35" count="23" type="stmt"/>
        <line num="37" count="23" type="stmt"/>
      </file>
      <file name="repertorios.js" path="C:\Users\alvar\Desktop\Universidad\Segundo Cuatrimestre\TFG\alcompas\Backend\routes\repertorios.js">
        <metrics statements="11" coveredstatements="11" conditionals="0" coveredconditionals="0" methods="0" coveredmethods="0"/>
        <line num="1" count="23" type="stmt"/>
        <line num="2" count="23" type="stmt"/>
        <line num="3" count="23" type="stmt"/>
        <line num="4" count="23" type="stmt"/>
        <line num="5" count="23" type="stmt"/>
        <line num="10" count="23" type="stmt"/>
        <line num="13" count="23" type="stmt"/>
        <line num="16" count="23" type="stmt"/>
        <line num="29" count="23" type="stmt"/>
        <line num="32" count="23" type="stmt"/>
        <line num="34" count="23" type="stmt"/>
      </file>
      <file name="transacciones.js" path="C:\Users\alvar\Desktop\Universidad\Segundo Cuatrimestre\TFG\alcompas\Backend\routes\transacciones.js">
        <metrics statements="21" coveredstatements="20" conditionals="4" coveredconditionals="3" methods="2" coveredmethods="2"/>
        <line num="1" count="23" type="stmt"/>
        <line num="2" count="23" type="stmt"/>
        <line num="3" count="23" type="stmt"/>
        <line num="4" count="23" type="stmt"/>
        <line num="5" count="23" type="stmt"/>
        <line num="12" count="23" type="stmt"/>
        <line num="15" count="23" type="stmt"/>
        <line num="18" count="23" type="stmt"/>
        <line num="24" count="4" type="stmt"/>
        <line num="25" count="4" type="cond" truecount="2" falsecount="0"/>
        <line num="26" count="1" type="stmt"/>
        <line num="28" count="3" type="stmt"/>
        <line num="47" count="23" type="stmt"/>
        <line num="53" count="2" type="stmt"/>
        <line num="54" count="2" type="cond" truecount="1" falsecount="1"/>
        <line num="55" count="0" type="stmt"/>
        <line num="57" count="2" type="stmt"/>
        <line num="76" count="23" type="stmt"/>
        <line num="79" count="23" type="stmt"/>
        <line num="82" count="23" type="stmt"/>
        <line num="84" count="23" type="stmt"/>
      </file>
      <file name="uploads.js" path="C:\Users\alvar\Desktop\Universidad\Segundo Cuatrimestre\TFG\alcompas\Backend\routes\uploads.js">
        <metrics statements="13" coveredstatements="13" conditionals="0" coveredconditionals="0" methods="0" coveredmethods="0"/>
        <line num="1" count="23" type="stmt"/>
        <line num="2" count="23" type="stmt"/>
        <line num="3" count="23" type="stmt"/>
        <line num="4" count="23" type="stmt"/>
        <line num="5" count="23" type="stmt"/>
        <line num="6" count="23" type="stmt"/>
        <line num="12" count="23" type="stmt"/>
        <line num="15" count="23" type="stmt"/>
        <line num="18" count="23" type="stmt"/>
        <line num="25" count="23" type="stmt"/>
        <line num="32" count="23" type="stmt"/>
        <line num="39" count="23" type="stmt"/>
        <line num="45" count="23" type="stmt"/>
      </file>
      <file name="vestimentas.js" path="C:\Users\alvar\Desktop\Universidad\Segundo Cuatrimestre\TFG\alcompas\Backend\routes\vestimentas.js">
        <metrics statements="18" coveredstatements="18" conditionals="0" coveredconditionals="0" methods="2" coveredmethods="2"/>
        <line num="1" count="23" type="stmt"/>
        <line num="2" count="23" type="stmt"/>
        <line num="3" count="23" type="stmt"/>
        <line num="4" count="23" type="stmt"/>
        <line num="5" count="23" type="stmt"/>
        <line num="13" count="23" type="stmt"/>
        <line num="16" count="23" type="stmt"/>
        <line num="19" count="23" type="stmt"/>
        <line num="23" count="5" type="stmt"/>
        <line num="31" count="5" type="stmt"/>
        <line num="40" count="23" type="stmt"/>
        <line num="44" count="2" type="stmt"/>
        <line num="52" count="2" type="stmt"/>
        <line num="61" count="23" type="stmt"/>
        <line num="64" count="23" type="stmt"/>
        <line num="67" count="23" type="stmt"/>
        <line num="70" count="23" type="stmt"/>
        <line num="75" count="23" type="stmt"/>
      </file>
    </package>
  </project>
</coverage>
