{"C:\\Users\\alvar\\Desktop\\Universidad\\Segundo Cuatrimestre\\TFG\\alcompas\\Backend\\index.js": {"path":"C:\\Users\\alvar\\Desktop\\Universidad\\Segundo Cuatrimestre\\TFG\\alcompas\\Backend\\index.js","statementMap":{"0":{"start":{"line":1,"column":16},"end":{"line":1,"column":34}},"1":{"start":{"line":2,"column":13},"end":{"line":2,"column":28}},"2":{"start":{"line":3,"column":25},"end":{"line":3,"column":53}},"3":{"start":{"line":4,"column":19},"end":{"line":4,"column":48}},"4":{"start":{"line":5,"column":0},"end":{"line":5,"column":26}},"5":{"start":{"line":6,"column":17},"end":{"line":6,"column":36}},"6":{"start":{"line":9,"column":12},"end":{"line":9,"column":21}},"7":{"start":{"line":10,"column":0},"end":{"line":10,"column":35}},"8":{"start":{"line":12,"column":0},"end":{"line":12,"column":15}},"9":{"start":{"line":15,"column":0},"end":{"line":15,"column":16}},"10":{"start":{"line":18,"column":0},"end":{"line":18,"column":36}},"11":{"start":{"line":21,"column":0},"end":{"line":21,"column":26}},"12":{"start":{"line":24,"column":0},"end":{"line":28,"column":4}},"13":{"start":{"line":44,"column":0},"end":{"line":44,"column":47}},"14":{"start":{"line":45,"column":0},"end":{"line":45,"column":51}},"15":{"start":{"line":46,"column":0},"end":{"line":46,"column":59}},"16":{"start":{"line":47,"column":0},"end":{"line":47,"column":53}},"17":{"start":{"line":48,"column":0},"end":{"line":48,"column":59}},"18":{"start":{"line":49,"column":0},"end":{"line":49,"column":59}},"19":{"start":{"line":50,"column":0},"end":{"line":50,"column":61}},"20":{"start":{"line":51,"column":0},"end":{"line":51,"column":63}},"21":{"start":{"line":52,"column":0},"end":{"line":52,"column":55}},"22":{"start":{"line":53,"column":0},"end":{"line":53,"column":51}},"23":{"start":{"line":54,"column":0},"end":{"line":54,"column":57}},"24":{"start":{"line":57,"column":0},"end":{"line":61,"column":1}},"25":{"start":{"line":58,"column":4},"end":{"line":60,"column":6}},"26":{"start":{"line":59,"column":8},"end":{"line":59,"column":76}},"27":{"start":{"line":63,"column":0},"end":{"line":65,"column":1}}},"fnMap":{"0":{"name":"(anonymous_0)","decl":{"start":{"line":58,"column":34},"end":{"line":58,"column":35}},"loc":{"start":{"line":58,"column":40},"end":{"line":60,"column":5}},"line":58}},"branchMap":{"0":{"loc":{"start":{"line":57,"column":0},"end":{"line":61,"column":1}},"type":"if","locations":[{"start":{"line":57,"column":0},"end":{"line":61,"column":1}},{"start":{},"end":{}}],"line":57}},"s":{"0":10,"1":10,"2":10,"3":10,"4":10,"5":10,"6":10,"7":10,"8":10,"9":10,"10":10,"11":10,"12":10,"13":10,"14":10,"15":10,"16":10,"17":10,"18":10,"19":10,"20":10,"21":10,"22":10,"23":10,"24":10,"25":0,"26":0,"27":10},"f":{"0":0},"b":{"0":[0,10]},"_coverageSchema":"1a1c01bbd47fc00a2c39e90264f33305004495a9","hash":"30c3afe6f01b20de1ef8d8500c76f51d38f14e62"}
,"C:\\Users\\alvar\\Desktop\\Universidad\\Segundo Cuatrimestre\\TFG\\alcompas\\Backend\\controllers\\archiveros.js": {"path":"C:\\Users\\alvar\\Desktop\\Universidad\\Segundo Cuatrimestre\\TFG\\alcompas\\Backend\\controllers\\archiveros.js","statementMap":{"0":{"start":{"line":1,"column":16},"end":{"line":1,"column":34}},"1":{"start":{"line":2,"column":18},"end":{"line":2,"column":48}},"2":{"start":{"line":3,"column":18},"end":{"line":3,"column":48}},"3":{"start":{"line":4,"column":12},"end":{"line":4,"column":35}},"4":{"start":{"line":7,"column":27},"end":{"line":67,"column":1}},"5":{"start":{"line":8,"column":4},"end":{"line":66,"column":5}},"6":{"start":{"line":9,"column":23},"end":{"line":9,"column":40}},"7":{"start":{"line":10,"column":24},"end":{"line":10,"column":42}},"8":{"start":{"line":11,"column":26},"end":{"line":11,"column":111}},"9":{"start":{"line":12,"column":8},"end":{"line":17,"column":9}},"10":{"start":{"line":13,"column":12},"end":{"line":16,"column":15}},"11":{"start":{"line":19,"column":22},"end":{"line":19,"column":43}},"12":{"start":{"line":20,"column":24},"end":{"line":20,"column":69}},"13":{"start":{"line":21,"column":26},"end":{"line":21,"column":37}},"14":{"start":{"line":22,"column":24},"end":{"line":22,"column":29}},"15":{"start":{"line":23,"column":25},"end":{"line":23,"column":30}},"16":{"start":{"line":25,"column":8},"end":{"line":27,"column":9}},"17":{"start":{"line":26,"column":12},"end":{"line":26,"column":30}},"18":{"start":{"line":29,"column":19},"end":{"line":29,"column":107}},"19":{"start":{"line":30,"column":8},"end":{"line":35,"column":9}},"20":{"start":{"line":31,"column":20},"end":{"line":31,"column":25}},"21":{"start":{"line":32,"column":12},"end":{"line":34,"column":13}},"22":{"start":{"line":33,"column":16},"end":{"line":33,"column":33}},"23":{"start":{"line":36,"column":8},"end":{"line":41,"column":9}},"24":{"start":{"line":37,"column":12},"end":{"line":40,"column":15}},"25":{"start":{"line":43,"column":8},"end":{"line":48,"column":9}},"26":{"start":{"line":44,"column":12},"end":{"line":47,"column":15}},"27":{"start":{"line":51,"column":8},"end":{"line":51,"column":46}},"28":{"start":{"line":52,"column":29},"end":{"line":52,"column":56}},"29":{"start":{"line":53,"column":28},"end":{"line":53,"column":53}},"30":{"start":{"line":55,"column":8},"end":{"line":58,"column":11}},"31":{"start":{"line":60,"column":8},"end":{"line":60,"column":26}},"32":{"start":{"line":61,"column":8},"end":{"line":64,"column":11}},"33":{"start":{"line":69,"column":27},"end":{"line":86,"column":1}},"34":{"start":{"line":70,"column":22},"end":{"line":70,"column":35}},"35":{"start":{"line":71,"column":4},"end":{"line":85,"column":5}},"36":{"start":{"line":72,"column":26},"end":{"line":72,"column":76}},"37":{"start":{"line":75,"column":8},"end":{"line":78,"column":11}},"38":{"start":{"line":80,"column":8},"end":{"line":80,"column":26}},"39":{"start":{"line":81,"column":8},"end":{"line":84,"column":11}},"40":{"start":{"line":88,"column":29},"end":{"line":103,"column":1}},"41":{"start":{"line":89,"column":4},"end":{"line":102,"column":5}},"42":{"start":{"line":90,"column":26},"end":{"line":90,"column":39}},"43":{"start":{"line":91,"column":26},"end":{"line":91,"column":70}},"44":{"start":{"line":92,"column":8},"end":{"line":95,"column":11}},"45":{"start":{"line":97,"column":8},"end":{"line":97,"column":26}},"46":{"start":{"line":98,"column":8},"end":{"line":101,"column":11}},"47":{"start":{"line":105,"column":0},"end":{"line":109,"column":1}}},"fnMap":{"0":{"name":"(anonymous_0)","decl":{"start":{"line":7,"column":27},"end":{"line":7,"column":28}},"loc":{"start":{"line":7,"column":65},"end":{"line":67,"column":1}},"line":7},"1":{"name":"(anonymous_1)","decl":{"start":{"line":69,"column":27},"end":{"line":69,"column":28}},"loc":{"start":{"line":69,"column":65},"end":{"line":86,"column":1}},"line":69},"2":{"name":"(anonymous_2)","decl":{"start":{"line":88,"column":29},"end":{"line":88,"column":30}},"loc":{"start":{"line":88,"column":67},"end":{"line":103,"column":1}},"line":88}},"branchMap":{"0":{"loc":{"start":{"line":7,"column":38},"end":{"line":7,"column":60}},"type":"default-arg","locations":[{"start":{"line":7,"column":44},"end":{"line":7,"column":60}}],"line":7},"1":{"loc":{"start":{"line":12,"column":8},"end":{"line":17,"column":9}},"type":"if","locations":[{"start":{"line":12,"column":8},"end":{"line":17,"column":9}},{"start":{},"end":{}}],"line":12},"2":{"loc":{"start":{"line":25,"column":8},"end":{"line":27,"column":9}},"type":"if","locations":[{"start":{"line":25,"column":8},"end":{"line":27,"column":9}},{"start":{},"end":{}}],"line":25},"3":{"loc":{"start":{"line":32,"column":12},"end":{"line":34,"column":13}},"type":"if","locations":[{"start":{"line":32,"column":12},"end":{"line":34,"column":13}},{"start":{},"end":{}}],"line":32},"4":{"loc":{"start":{"line":36,"column":8},"end":{"line":41,"column":9}},"type":"if","locations":[{"start":{"line":36,"column":8},"end":{"line":41,"column":9}},{"start":{},"end":{}}],"line":36},"5":{"loc":{"start":{"line":36,"column":12},"end":{"line":36,"column":55}},"type":"binary-expr","locations":[{"start":{"line":36,"column":12},"end":{"line":36,"column":31}},{"start":{"line":36,"column":35},"end":{"line":36,"column":55}}],"line":36},"6":{"loc":{"start":{"line":43,"column":8},"end":{"line":48,"column":9}},"type":"if","locations":[{"start":{"line":43,"column":8},"end":{"line":48,"column":9}},{"start":{},"end":{}}],"line":43},"7":{"loc":{"start":{"line":69,"column":38},"end":{"line":69,"column":60}},"type":"default-arg","locations":[{"start":{"line":69,"column":44},"end":{"line":69,"column":60}}],"line":69},"8":{"loc":{"start":{"line":88,"column":40},"end":{"line":88,"column":62}},"type":"default-arg","locations":[{"start":{"line":88,"column":46},"end":{"line":88,"column":62}}],"line":88}},"s":{"0":10,"1":10,"2":10,"3":10,"4":10,"5":4,"6":4,"7":4,"8":4,"9":4,"10":0,"11":4,"12":4,"13":4,"14":4,"15":4,"16":4,"17":3,"18":4,"19":4,"20":3,"21":3,"22":0,"23":4,"24":1,"25":3,"26":1,"27":2,"28":2,"29":2,"30":2,"31":0,"32":0,"33":10,"34":0,"35":0,"36":0,"37":0,"38":0,"39":0,"40":10,"41":1,"42":1,"43":1,"44":1,"45":0,"46":0,"47":10},"f":{"0":4,"1":0,"2":1},"b":{"0":[0],"1":[0,4],"2":[3,1],"3":[0,3],"4":[1,3],"5":[4,4],"6":[1,2],"7":[0],"8":[0]},"_coverageSchema":"1a1c01bbd47fc00a2c39e90264f33305004495a9","hash":"d83a45cbe4f33f6d197b207208f9ce79582707a9"}
,"C:\\Users\\alvar\\Desktop\\Universidad\\Segundo Cuatrimestre\\TFG\\alcompas\\Backend\\controllers\\auth.js": {"path":"C:\\Users\\alvar\\Desktop\\Universidad\\Segundo Cuatrimestre\\TFG\\alcompas\\Backend\\controllers\\auth.js","statementMap":{"0":{"start":{"line":1,"column":16},"end":{"line":1,"column":34}},"1":{"start":{"line":2,"column":16},"end":{"line":2,"column":44}},"2":{"start":{"line":3,"column":19},"end":{"line":3,"column":50}},"3":{"start":{"line":4,"column":20},"end":{"line":4,"column":52}},"4":{"start":{"line":5,"column":15},"end":{"line":5,"column":42}},"5":{"start":{"line":6,"column":18},"end":{"line":6,"column":48}},"6":{"start":{"line":7,"column":18},"end":{"line":7,"column":48}},"7":{"start":{"line":8,"column":16},"end":{"line":8,"column":44}},"8":{"start":{"line":9,"column":17},"end":{"line":9,"column":46}},"9":{"start":{"line":10,"column":14},"end":{"line":10,"column":40}},"10":{"start":{"line":11,"column":15},"end":{"line":11,"column":34}},"11":{"start":{"line":12,"column":23},"end":{"line":12,"column":48}},"12":{"start":{"line":13,"column":12},"end":{"line":13,"column":35}},"13":{"start":{"line":19,"column":21},"end":{"line":82,"column":1}},"14":{"start":{"line":21,"column":59},"end":{"line":21,"column":67}},"15":{"start":{"line":23,"column":4},"end":{"line":81,"column":5}},"16":{"start":{"line":24,"column":28},"end":{"line":24,"column":61}},"17":{"start":{"line":26,"column":8},"end":{"line":31,"column":9}},"18":{"start":{"line":27,"column":12},"end":{"line":30,"column":15}},"19":{"start":{"line":33,"column":8},"end":{"line":33,"column":55}},"20":{"start":{"line":35,"column":8},"end":{"line":40,"column":9}},"21":{"start":{"line":36,"column":12},"end":{"line":39,"column":15}},"22":{"start":{"line":42,"column":8},"end":{"line":42,"column":60}},"23":{"start":{"line":43,"column":8},"end":{"line":48,"column":9}},"24":{"start":{"line":44,"column":12},"end":{"line":47,"column":15}},"25":{"start":{"line":49,"column":8},"end":{"line":49,"column":59}},"26":{"start":{"line":50,"column":8},"end":{"line":55,"column":9}},"27":{"start":{"line":51,"column":12},"end":{"line":54,"column":15}},"28":{"start":{"line":57,"column":8},"end":{"line":57,"column":46}},"29":{"start":{"line":58,"column":8},"end":{"line":58,"column":44}},"30":{"start":{"line":61,"column":21},"end":{"line":61,"column":41}},"31":{"start":{"line":62,"column":8},"end":{"line":62,"column":69}},"32":{"start":{"line":63,"column":8},"end":{"line":63,"column":35}},"33":{"start":{"line":66,"column":22},"end":{"line":66,"column":80}},"34":{"start":{"line":68,"column":8},"end":{"line":74,"column":7}},"35":{"start":{"line":76,"column":8},"end":{"line":76,"column":26}},"36":{"start":{"line":77,"column":8},"end":{"line":80,"column":11}},"37":{"start":{"line":85,"column":21},"end":{"line":162,"column":1}},"38":{"start":{"line":87,"column":4},"end":{"line":160,"column":5}},"39":{"start":{"line":89,"column":51},"end":{"line":89,"column":59}},"40":{"start":{"line":90,"column":19},"end":{"line":90,"column":32}},"41":{"start":{"line":93,"column":18},"end":{"line":93,"column":39}},"42":{"start":{"line":94,"column":24},"end":{"line":94,"column":65}},"43":{"start":{"line":95,"column":26},"end":{"line":95,"column":37}},"44":{"start":{"line":97,"column":8},"end":{"line":102,"column":9}},"45":{"start":{"line":98,"column":12},"end":{"line":101,"column":15}},"46":{"start":{"line":104,"column":28},"end":{"line":104,"column":61}},"47":{"start":{"line":105,"column":8},"end":{"line":110,"column":9}},"48":{"start":{"line":106,"column":12},"end":{"line":109,"column":15}},"49":{"start":{"line":112,"column":8},"end":{"line":112,"column":55}},"50":{"start":{"line":113,"column":8},"end":{"line":118,"column":9}},"51":{"start":{"line":114,"column":12},"end":{"line":117,"column":15}},"52":{"start":{"line":120,"column":8},"end":{"line":120,"column":60}},"53":{"start":{"line":121,"column":8},"end":{"line":126,"column":9}},"54":{"start":{"line":122,"column":12},"end":{"line":125,"column":15}},"55":{"start":{"line":127,"column":8},"end":{"line":127,"column":59}},"56":{"start":{"line":128,"column":8},"end":{"line":133,"column":9}},"57":{"start":{"line":129,"column":12},"end":{"line":132,"column":15}},"58":{"start":{"line":135,"column":32},"end":{"line":135,"column":58}},"59":{"start":{"line":138,"column":8},"end":{"line":138,"column":46}},"60":{"start":{"line":139,"column":8},"end":{"line":139,"column":62}},"61":{"start":{"line":140,"column":8},"end":{"line":140,"column":48}},"62":{"start":{"line":142,"column":28},"end":{"line":142,"column":93}},"63":{"start":{"line":145,"column":22},"end":{"line":145,"column":76}},"64":{"start":{"line":147,"column":8},"end":{"line":153,"column":7}},"65":{"start":{"line":155,"column":8},"end":{"line":155,"column":26}},"66":{"start":{"line":156,"column":8},"end":{"line":159,"column":11}},"67":{"start":{"line":164,"column":28},"end":{"line":203,"column":1}},"68":{"start":{"line":166,"column":4},"end":{"line":202,"column":5}},"69":{"start":{"line":167,"column":23},"end":{"line":167,"column":31}},"70":{"start":{"line":168,"column":23},"end":{"line":168,"column":36}},"71":{"start":{"line":171,"column":18},"end":{"line":171,"column":39}},"72":{"start":{"line":172,"column":24},"end":{"line":172,"column":65}},"73":{"start":{"line":173,"column":26},"end":{"line":173,"column":37}},"74":{"start":{"line":175,"column":8},"end":{"line":180,"column":9}},"75":{"start":{"line":176,"column":12},"end":{"line":179,"column":15}},"76":{"start":{"line":182,"column":21},"end":{"line":182,"column":41}},"77":{"start":{"line":183,"column":22},"end":{"line":183,"column":52}},"78":{"start":{"line":185,"column":42},"end":{"line":185,"column":87}},"79":{"start":{"line":187,"column":8},"end":{"line":187,"column":55}},"80":{"start":{"line":188,"column":8},"end":{"line":188,"column":92}},"81":{"start":{"line":190,"column":9},"end":{"line":190,"column":76}},"82":{"start":{"line":191,"column":8},"end":{"line":195,"column":7}},"83":{"start":{"line":197,"column":8},"end":{"line":197,"column":26}},"84":{"start":{"line":198,"column":8},"end":{"line":201,"column":11}},"85":{"start":{"line":205,"column":21},"end":{"line":240,"column":1}},"86":{"start":{"line":206,"column":35},"end":{"line":206,"column":43}},"87":{"start":{"line":207,"column":4},"end":{"line":239,"column":5}},"88":{"start":{"line":208,"column":30},"end":{"line":208,"column":63}},"89":{"start":{"line":209,"column":8},"end":{"line":214,"column":9}},"90":{"start":{"line":210,"column":12},"end":{"line":213,"column":15}},"91":{"start":{"line":215,"column":34},"end":{"line":215,"column":90}},"92":{"start":{"line":216,"column":8},"end":{"line":221,"column":9}},"93":{"start":{"line":217,"column":12},"end":{"line":220,"column":15}},"94":{"start":{"line":224,"column":22},"end":{"line":224,"column":80}},"95":{"start":{"line":227,"column":8},"end":{"line":232,"column":11}},"96":{"start":{"line":234,"column":8},"end":{"line":234,"column":27}},"97":{"start":{"line":235,"column":8},"end":{"line":238,"column":11}},"98":{"start":{"line":242,"column":23},"end":{"line":270,"column":1}},"99":{"start":{"line":244,"column":16},"end":{"line":244,"column":23}},"100":{"start":{"line":245,"column":19},"end":{"line":245,"column":29}},"101":{"start":{"line":246,"column":20},"end":{"line":246,"column":47}},"102":{"start":{"line":249,"column":14},"end":{"line":249,"column":35}},"103":{"start":{"line":250,"column":20},"end":{"line":250,"column":61}},"104":{"start":{"line":251,"column":22},"end":{"line":251,"column":33}},"105":{"start":{"line":253,"column":4},"end":{"line":258,"column":5}},"106":{"start":{"line":254,"column":8},"end":{"line":257,"column":11}},"107":{"start":{"line":262,"column":18},"end":{"line":262,"column":49}},"108":{"start":{"line":264,"column":4},"end":{"line":269,"column":7}},"109":{"start":{"line":272,"column":16},"end":{"line":293,"column":1}},"110":{"start":{"line":274,"column":4},"end":{"line":291,"column":5}},"111":{"start":{"line":276,"column":20},"end":{"line":276,"column":33}},"112":{"start":{"line":277,"column":24},"end":{"line":277,"column":51}},"113":{"start":{"line":281,"column":8},"end":{"line":284,"column":11}},"114":{"start":{"line":286,"column":8},"end":{"line":286,"column":27}},"115":{"start":{"line":287,"column":8},"end":{"line":290,"column":11}},"116":{"start":{"line":299,"column":19},"end":{"line":348,"column":1}},"117":{"start":{"line":301,"column":4},"end":{"line":346,"column":5}},"118":{"start":{"line":302,"column":20},"end":{"line":302,"column":33}},"119":{"start":{"line":305,"column":18},"end":{"line":305,"column":39}},"120":{"start":{"line":306,"column":24},"end":{"line":306,"column":65}},"121":{"start":{"line":307,"column":26},"end":{"line":307,"column":37}},"122":{"start":{"line":309,"column":8},"end":{"line":314,"column":9}},"123":{"start":{"line":310,"column":12},"end":{"line":313,"column":15}},"124":{"start":{"line":316,"column":8},"end":{"line":316,"column":52}},"125":{"start":{"line":317,"column":8},"end":{"line":317,"column":48}},"126":{"start":{"line":318,"column":8},"end":{"line":318,"column":51}},"127":{"start":{"line":319,"column":8},"end":{"line":319,"column":51}},"128":{"start":{"line":320,"column":8},"end":{"line":320,"column":49}},"129":{"start":{"line":321,"column":8},"end":{"line":321,"column":53}},"130":{"start":{"line":323,"column":27},"end":{"line":323,"column":64}},"131":{"start":{"line":326,"column":8},"end":{"line":332,"column":9}},"132":{"start":{"line":326,"column":20},"end":{"line":326,"column":21}},"133":{"start":{"line":327,"column":22},"end":{"line":327,"column":35}},"134":{"start":{"line":328,"column":22},"end":{"line":328,"column":29}},"135":{"start":{"line":329,"column":26},"end":{"line":329,"column":49}},"136":{"start":{"line":331,"column":12},"end":{"line":331,"column":63}},"137":{"start":{"line":331,"column":23},"end":{"line":331,"column":63}},"138":{"start":{"line":334,"column":24},"end":{"line":334,"column":60}},"139":{"start":{"line":336,"column":8},"end":{"line":339,"column":11}},"140":{"start":{"line":341,"column":8},"end":{"line":341,"column":27}},"141":{"start":{"line":342,"column":8},"end":{"line":345,"column":11}},"142":{"start":{"line":353,"column":24},"end":{"line":401,"column":1}},"143":{"start":{"line":354,"column":4},"end":{"line":400,"column":5}},"144":{"start":{"line":355,"column":20},"end":{"line":355,"column":33}},"145":{"start":{"line":358,"column":18},"end":{"line":358,"column":39}},"146":{"start":{"line":359,"column":24},"end":{"line":359,"column":65}},"147":{"start":{"line":360,"column":26},"end":{"line":360,"column":37}},"148":{"start":{"line":362,"column":18},"end":{"line":362,"column":51}},"149":{"start":{"line":363,"column":8},"end":{"line":368,"column":9}},"150":{"start":{"line":364,"column":12},"end":{"line":367,"column":15}},"151":{"start":{"line":370,"column":8},"end":{"line":370,"column":52}},"152":{"start":{"line":371,"column":8},"end":{"line":371,"column":48}},"153":{"start":{"line":372,"column":8},"end":{"line":372,"column":51}},"154":{"start":{"line":373,"column":8},"end":{"line":373,"column":51}},"155":{"start":{"line":374,"column":8},"end":{"line":374,"column":49}},"156":{"start":{"line":375,"column":8},"end":{"line":375,"column":53}},"157":{"start":{"line":377,"column":27},"end":{"line":377,"column":64}},"158":{"start":{"line":380,"column":8},"end":{"line":385,"column":9}},"159":{"start":{"line":380,"column":20},"end":{"line":380,"column":21}},"160":{"start":{"line":381,"column":22},"end":{"line":381,"column":35}},"161":{"start":{"line":382,"column":22},"end":{"line":382,"column":29}},"162":{"start":{"line":383,"column":26},"end":{"line":383,"column":49}},"163":{"start":{"line":384,"column":12},"end":{"line":384,"column":63}},"164":{"start":{"line":384,"column":23},"end":{"line":384,"column":63}},"165":{"start":{"line":388,"column":24},"end":{"line":388,"column":60}},"166":{"start":{"line":389,"column":8},"end":{"line":392,"column":11}},"167":{"start":{"line":395,"column":8},"end":{"line":395,"column":27}},"168":{"start":{"line":396,"column":8},"end":{"line":399,"column":11}},"169":{"start":{"line":403,"column":15},"end":{"line":417,"column":1}},"170":{"start":{"line":404,"column":4},"end":{"line":416,"column":5}},"171":{"start":{"line":405,"column":25},"end":{"line":405,"column":45}},"172":{"start":{"line":406,"column":8},"end":{"line":409,"column":11}},"173":{"start":{"line":411,"column":8},"end":{"line":411,"column":27}},"174":{"start":{"line":412,"column":8},"end":{"line":415,"column":11}},"175":{"start":{"line":419,"column":22},"end":{"line":434,"column":1}},"176":{"start":{"line":420,"column":4},"end":{"line":433,"column":5}},"177":{"start":{"line":421,"column":25},"end":{"line":421,"column":44}},"178":{"start":{"line":422,"column":24},"end":{"line":422,"column":63}},"179":{"start":{"line":423,"column":8},"end":{"line":426,"column":11}},"180":{"start":{"line":428,"column":8},"end":{"line":428,"column":27}},"181":{"start":{"line":429,"column":8},"end":{"line":432,"column":11}},"182":{"start":{"line":435,"column":0},"end":{"line":446,"column":1}}},"fnMap":{"0":{"name":"(anonymous_0)","decl":{"start":{"line":19,"column":21},"end":{"line":19,"column":22}},"loc":{"start":{"line":19,"column":59},"end":{"line":82,"column":1}},"line":19},"1":{"name":"(anonymous_1)","decl":{"start":{"line":85,"column":21},"end":{"line":85,"column":22}},"loc":{"start":{"line":85,"column":59},"end":{"line":162,"column":1}},"line":85},"2":{"name":"(anonymous_2)","decl":{"start":{"line":164,"column":28},"end":{"line":164,"column":29}},"loc":{"start":{"line":164,"column":66},"end":{"line":203,"column":1}},"line":164},"3":{"name":"(anonymous_3)","decl":{"start":{"line":205,"column":21},"end":{"line":205,"column":22}},"loc":{"start":{"line":205,"column":59},"end":{"line":240,"column":1}},"line":205},"4":{"name":"(anonymous_4)","decl":{"start":{"line":242,"column":23},"end":{"line":242,"column":24}},"loc":{"start":{"line":242,"column":61},"end":{"line":270,"column":1}},"line":242},"5":{"name":"(anonymous_5)","decl":{"start":{"line":272,"column":16},"end":{"line":272,"column":17}},"loc":{"start":{"line":272,"column":54},"end":{"line":293,"column":1}},"line":272},"6":{"name":"(anonymous_6)","decl":{"start":{"line":299,"column":19},"end":{"line":299,"column":20}},"loc":{"start":{"line":299,"column":57},"end":{"line":348,"column":1}},"line":299},"7":{"name":"(anonymous_7)","decl":{"start":{"line":353,"column":24},"end":{"line":353,"column":25}},"loc":{"start":{"line":353,"column":62},"end":{"line":401,"column":1}},"line":353},"8":{"name":"(anonymous_8)","decl":{"start":{"line":403,"column":15},"end":{"line":403,"column":16}},"loc":{"start":{"line":403,"column":53},"end":{"line":417,"column":1}},"line":403},"9":{"name":"(anonymous_9)","decl":{"start":{"line":419,"column":22},"end":{"line":419,"column":23}},"loc":{"start":{"line":419,"column":60},"end":{"line":434,"column":1}},"line":419}},"branchMap":{"0":{"loc":{"start":{"line":19,"column":32},"end":{"line":19,"column":54}},"type":"default-arg","locations":[{"start":{"line":19,"column":38},"end":{"line":19,"column":54}}],"line":19},"1":{"loc":{"start":{"line":26,"column":8},"end":{"line":31,"column":9}},"type":"if","locations":[{"start":{"line":26,"column":8},"end":{"line":31,"column":9}},{"start":{},"end":{}}],"line":26},"2":{"loc":{"start":{"line":35,"column":8},"end":{"line":40,"column":9}},"type":"if","locations":[{"start":{"line":35,"column":8},"end":{"line":40,"column":9}},{"start":{},"end":{}}],"line":35},"3":{"loc":{"start":{"line":43,"column":8},"end":{"line":48,"column":9}},"type":"if","locations":[{"start":{"line":43,"column":8},"end":{"line":48,"column":9}},{"start":{},"end":{}}],"line":43},"4":{"loc":{"start":{"line":50,"column":8},"end":{"line":55,"column":9}},"type":"if","locations":[{"start":{"line":50,"column":8},"end":{"line":55,"column":9}},{"start":{},"end":{}}],"line":50},"5":{"loc":{"start":{"line":85,"column":32},"end":{"line":85,"column":54}},"type":"default-arg","locations":[{"start":{"line":85,"column":38},"end":{"line":85,"column":54}}],"line":85},"6":{"loc":{"start":{"line":97,"column":8},"end":{"line":102,"column":9}},"type":"if","locations":[{"start":{"line":97,"column":8},"end":{"line":102,"column":9}},{"start":{},"end":{}}],"line":97},"7":{"loc":{"start":{"line":105,"column":8},"end":{"line":110,"column":9}},"type":"if","locations":[{"start":{"line":105,"column":8},"end":{"line":110,"column":9}},{"start":{},"end":{}}],"line":105},"8":{"loc":{"start":{"line":105,"column":11},"end":{"line":105,"column":50}},"type":"binary-expr","locations":[{"start":{"line":105,"column":11},"end":{"line":105,"column":24}},{"start":{"line":105,"column":28},"end":{"line":105,"column":50}}],"line":105},"9":{"loc":{"start":{"line":113,"column":8},"end":{"line":118,"column":9}},"type":"if","locations":[{"start":{"line":113,"column":8},"end":{"line":118,"column":9}},{"start":{},"end":{}}],"line":113},"10":{"loc":{"start":{"line":113,"column":11},"end":{"line":113,"column":50}},"type":"binary-expr","locations":[{"start":{"line":113,"column":11},"end":{"line":113,"column":24}},{"start":{"line":113,"column":28},"end":{"line":113,"column":50}}],"line":113},"11":{"loc":{"start":{"line":121,"column":8},"end":{"line":126,"column":9}},"type":"if","locations":[{"start":{"line":121,"column":8},"end":{"line":126,"column":9}},{"start":{},"end":{}}],"line":121},"12":{"loc":{"start":{"line":121,"column":11},"end":{"line":121,"column":50}},"type":"binary-expr","locations":[{"start":{"line":121,"column":11},"end":{"line":121,"column":24}},{"start":{"line":121,"column":28},"end":{"line":121,"column":50}}],"line":121},"13":{"loc":{"start":{"line":128,"column":8},"end":{"line":133,"column":9}},"type":"if","locations":[{"start":{"line":128,"column":8},"end":{"line":133,"column":9}},{"start":{},"end":{}}],"line":128},"14":{"loc":{"start":{"line":128,"column":11},"end":{"line":128,"column":50}},"type":"binary-expr","locations":[{"start":{"line":128,"column":11},"end":{"line":128,"column":24}},{"start":{"line":128,"column":28},"end":{"line":128,"column":50}}],"line":128},"15":{"loc":{"start":{"line":164,"column":39},"end":{"line":164,"column":61}},"type":"default-arg","locations":[{"start":{"line":164,"column":45},"end":{"line":164,"column":61}}],"line":164},"16":{"loc":{"start":{"line":175,"column":8},"end":{"line":180,"column":9}},"type":"if","locations":[{"start":{"line":175,"column":8},"end":{"line":180,"column":9}},{"start":{},"end":{}}],"line":175},"17":{"loc":{"start":{"line":205,"column":32},"end":{"line":205,"column":54}},"type":"default-arg","locations":[{"start":{"line":205,"column":38},"end":{"line":205,"column":54}}],"line":205},"18":{"loc":{"start":{"line":209,"column":8},"end":{"line":214,"column":9}},"type":"if","locations":[{"start":{"line":209,"column":8},"end":{"line":214,"column":9}},{"start":{},"end":{}}],"line":209},"19":{"loc":{"start":{"line":216,"column":8},"end":{"line":221,"column":9}},"type":"if","locations":[{"start":{"line":216,"column":8},"end":{"line":221,"column":9}},{"start":{},"end":{}}],"line":216},"20":{"loc":{"start":{"line":242,"column":34},"end":{"line":242,"column":56}},"type":"default-arg","locations":[{"start":{"line":242,"column":40},"end":{"line":242,"column":56}}],"line":242},"21":{"loc":{"start":{"line":253,"column":4},"end":{"line":258,"column":5}},"type":"if","locations":[{"start":{"line":253,"column":4},"end":{"line":258,"column":5}},{"start":{},"end":{}}],"line":253},"22":{"loc":{"start":{"line":272,"column":27},"end":{"line":272,"column":49}},"type":"default-arg","locations":[{"start":{"line":272,"column":33},"end":{"line":272,"column":49}}],"line":272},"23":{"loc":{"start":{"line":299,"column":30},"end":{"line":299,"column":52}},"type":"default-arg","locations":[{"start":{"line":299,"column":36},"end":{"line":299,"column":52}}],"line":299},"24":{"loc":{"start":{"line":309,"column":8},"end":{"line":314,"column":9}},"type":"if","locations":[{"start":{"line":309,"column":8},"end":{"line":314,"column":9}},{"start":{},"end":{}}],"line":309},"25":{"loc":{"start":{"line":331,"column":12},"end":{"line":331,"column":63}},"type":"if","locations":[{"start":{"line":331,"column":12},"end":{"line":331,"column":63}},{"start":{},"end":{}}],"line":331},"26":{"loc":{"start":{"line":353,"column":35},"end":{"line":353,"column":57}},"type":"default-arg","locations":[{"start":{"line":353,"column":41},"end":{"line":353,"column":57}}],"line":353},"27":{"loc":{"start":{"line":363,"column":8},"end":{"line":368,"column":9}},"type":"if","locations":[{"start":{"line":363,"column":8},"end":{"line":368,"column":9}},{"start":{},"end":{}}],"line":363},"28":{"loc":{"start":{"line":384,"column":12},"end":{"line":384,"column":63}},"type":"if","locations":[{"start":{"line":384,"column":12},"end":{"line":384,"column":63}},{"start":{},"end":{}}],"line":384},"29":{"loc":{"start":{"line":403,"column":26},"end":{"line":403,"column":48}},"type":"default-arg","locations":[{"start":{"line":403,"column":32},"end":{"line":403,"column":48}}],"line":403},"30":{"loc":{"start":{"line":419,"column":33},"end":{"line":419,"column":55}},"type":"default-arg","locations":[{"start":{"line":419,"column":39},"end":{"line":419,"column":55}}],"line":419}},"s":{"0":10,"1":10,"2":10,"3":10,"4":10,"5":10,"6":10,"7":10,"8":10,"9":10,"10":10,"11":10,"12":10,"13":10,"14":30,"15":30,"16":30,"17":30,"18":3,"19":27,"20":27,"21":2,"22":25,"23":25,"24":2,"25":23,"26":23,"27":1,"28":22,"29":22,"30":22,"31":22,"32":22,"33":22,"34":22,"35":0,"36":0,"37":10,"38":2,"39":2,"40":2,"41":2,"42":2,"43":2,"44":2,"45":1,"46":1,"47":1,"48":0,"49":1,"50":1,"51":0,"52":1,"53":1,"54":0,"55":1,"56":1,"57":0,"58":1,"59":1,"60":1,"61":1,"62":1,"63":1,"64":1,"65":0,"66":0,"67":10,"68":2,"69":2,"70":2,"71":2,"72":2,"73":2,"74":2,"75":1,"76":1,"77":1,"78":1,"79":1,"80":1,"81":1,"82":1,"83":0,"84":0,"85":10,"86":31,"87":31,"88":31,"89":31,"90":0,"91":31,"92":31,"93":1,"94":30,"95":30,"96":0,"97":0,"98":10,"99":1,"100":1,"101":1,"102":1,"103":1,"104":1,"105":1,"106":0,"107":1,"108":1,"109":10,"110":1,"111":1,"112":1,"113":1,"114":0,"115":0,"116":10,"117":22,"118":22,"119":22,"120":22,"121":22,"122":22,"123":1,"124":21,"125":21,"126":21,"127":21,"128":21,"129":21,"130":21,"131":21,"132":21,"133":7,"134":7,"135":7,"136":7,"137":7,"138":21,"139":21,"140":0,"141":0,"142":10,"143":2,"144":2,"145":2,"146":2,"147":2,"148":2,"149":2,"150":1,"151":1,"152":1,"153":1,"154":1,"155":1,"156":1,"157":1,"158":1,"159":1,"160":0,"161":0,"162":0,"163":0,"164":0,"165":1,"166":1,"167":0,"168":0,"169":10,"170":1,"171":1,"172":1,"173":0,"174":0,"175":10,"176":0,"177":0,"178":0,"179":0,"180":0,"181":0,"182":10},"f":{"0":30,"1":2,"2":2,"3":31,"4":1,"5":1,"6":22,"7":2,"8":1,"9":0},"b":{"0":[0],"1":[3,27],"2":[2,25],"3":[2,23],"4":[1,22],"5":[0],"6":[1,1],"7":[0,1],"8":[1,1],"9":[0,1],"10":[1,1],"11":[0,1],"12":[1,0],"13":[0,1],"14":[1,1],"15":[0],"16":[1,1],"17":[0],"18":[0,31],"19":[1,30],"20":[0],"21":[0,1],"22":[0],"23":[0],"24":[1,21],"25":[7,0],"26":[0],"27":[1,1],"28":[0,0],"29":[0],"30":[0]},"_coverageSchema":"1a1c01bbd47fc00a2c39e90264f33305004495a9","hash":"b8a25da7f0e72dcea12949aa2fd79003606f7ee3"}
,"C:\\Users\\alvar\\Desktop\\Universidad\\Segundo Cuatrimestre\\TFG\\alcompas\\Backend\\controllers\\bandas.js": {"path":"C:\\Users\\alvar\\Desktop\\Universidad\\Segundo Cuatrimestre\\TFG\\alcompas\\Backend\\controllers\\bandas.js","statementMap":{"0":{"start":{"line":1,"column":16},"end":{"line":1,"column":34}},"1":{"start":{"line":2,"column":14},"end":{"line":2,"column":40}},"2":{"start":{"line":3,"column":15},"end":{"line":3,"column":42}},"3":{"start":{"line":4,"column":18},"end":{"line":4,"column":48}},"4":{"start":{"line":5,"column":18},"end":{"line":5,"column":48}},"5":{"start":{"line":6,"column":16},"end":{"line":6,"column":44}},"6":{"start":{"line":7,"column":18},"end":{"line":7,"column":48}},"7":{"start":{"line":8,"column":19},"end":{"line":8,"column":50}},"8":{"start":{"line":9,"column":13},"end":{"line":9,"column":28}},"9":{"start":{"line":10,"column":13},"end":{"line":10,"column":26}},"10":{"start":{"line":11,"column":12},"end":{"line":11,"column":35}},"11":{"start":{"line":12,"column":17},"end":{"line":12,"column":46}},"12":{"start":{"line":14,"column":19},"end":{"line":66,"column":1}},"13":{"start":{"line":16,"column":37},"end":{"line":16,"column":45}},"14":{"start":{"line":19,"column":4},"end":{"line":65,"column":5}},"15":{"start":{"line":20,"column":20},"end":{"line":20,"column":51}},"16":{"start":{"line":21,"column":8},"end":{"line":26,"column":9}},"17":{"start":{"line":22,"column":12},"end":{"line":25,"column":15}},"18":{"start":{"line":28,"column":8},"end":{"line":28,"column":50}},"19":{"start":{"line":29,"column":8},"end":{"line":34,"column":9}},"20":{"start":{"line":30,"column":12},"end":{"line":33,"column":15}},"21":{"start":{"line":36,"column":8},"end":{"line":36,"column":45}},"22":{"start":{"line":37,"column":8},"end":{"line":42,"column":9}},"23":{"start":{"line":38,"column":12},"end":{"line":41,"column":15}},"24":{"start":{"line":44,"column":26},"end":{"line":44,"column":33}},"25":{"start":{"line":48,"column":8},"end":{"line":48,"column":36}},"26":{"start":{"line":49,"column":28},"end":{"line":49,"column":46}},"27":{"start":{"line":50,"column":26},"end":{"line":50,"column":140}},"28":{"start":{"line":51,"column":32},"end":{"line":51,"column":54}},"29":{"start":{"line":52,"column":8},"end":{"line":56,"column":11}},"30":{"start":{"line":60,"column":8},"end":{"line":60,"column":26}},"31":{"start":{"line":61,"column":8},"end":{"line":64,"column":11}},"32":{"start":{"line":68,"column":25},"end":{"line":143,"column":1}},"33":{"start":{"line":70,"column":4},"end":{"line":142,"column":5}},"34":{"start":{"line":71,"column":24},"end":{"line":71,"column":37}},"35":{"start":{"line":72,"column":41},"end":{"line":72,"column":49}},"36":{"start":{"line":75,"column":22},"end":{"line":75,"column":43}},"37":{"start":{"line":76,"column":24},"end":{"line":76,"column":69}},"38":{"start":{"line":77,"column":26},"end":{"line":77,"column":37}},"39":{"start":{"line":78,"column":26},"end":{"line":78,"column":31}},"40":{"start":{"line":80,"column":27},"end":{"line":80,"column":89}},"41":{"start":{"line":81,"column":8},"end":{"line":85,"column":9}},"42":{"start":{"line":82,"column":12},"end":{"line":84,"column":13}},"43":{"start":{"line":83,"column":16},"end":{"line":83,"column":35}},"44":{"start":{"line":87,"column":8},"end":{"line":92,"column":9}},"45":{"start":{"line":88,"column":12},"end":{"line":91,"column":15}},"46":{"start":{"line":94,"column":20},"end":{"line":94,"column":51}},"47":{"start":{"line":95,"column":8},"end":{"line":100,"column":9}},"48":{"start":{"line":96,"column":12},"end":{"line":99,"column":15}},"49":{"start":{"line":101,"column":8},"end":{"line":101,"column":48}},"50":{"start":{"line":102,"column":8},"end":{"line":107,"column":9}},"51":{"start":{"line":103,"column":12},"end":{"line":106,"column":15}},"52":{"start":{"line":109,"column":8},"end":{"line":109,"column":50}},"53":{"start":{"line":110,"column":8},"end":{"line":115,"column":9}},"54":{"start":{"line":111,"column":12},"end":{"line":114,"column":15}},"55":{"start":{"line":117,"column":8},"end":{"line":117,"column":45}},"56":{"start":{"line":118,"column":8},"end":{"line":123,"column":9}},"57":{"start":{"line":119,"column":12},"end":{"line":122,"column":15}},"58":{"start":{"line":126,"column":27},"end":{"line":128,"column":9}},"59":{"start":{"line":129,"column":33},"end":{"line":129,"column":99}},"60":{"start":{"line":131,"column":8},"end":{"line":134,"column":11}},"61":{"start":{"line":137,"column":8},"end":{"line":137,"column":26}},"62":{"start":{"line":138,"column":8},"end":{"line":141,"column":11}},"63":{"start":{"line":145,"column":23},"end":{"line":258,"column":1}},"64":{"start":{"line":148,"column":4},"end":{"line":257,"column":5}},"65":{"start":{"line":149,"column":24},"end":{"line":149,"column":37}},"66":{"start":{"line":150,"column":22},"end":{"line":150,"column":51}},"67":{"start":{"line":152,"column":22},"end":{"line":152,"column":43}},"68":{"start":{"line":153,"column":24},"end":{"line":153,"column":69}},"69":{"start":{"line":154,"column":26},"end":{"line":154,"column":37}},"70":{"start":{"line":160,"column":27},"end":{"line":160,"column":67}},"71":{"start":{"line":161,"column":24},"end":{"line":161,"column":61}},"72":{"start":{"line":162,"column":27},"end":{"line":162,"column":68}},"73":{"start":{"line":163,"column":28},"end":{"line":163,"column":91}},"74":{"start":{"line":166,"column":18},"end":{"line":166,"column":80}},"75":{"start":{"line":168,"column":8},"end":{"line":173,"column":9}},"76":{"start":{"line":169,"column":12},"end":{"line":172,"column":15}},"77":{"start":{"line":176,"column":8},"end":{"line":181,"column":9}},"78":{"start":{"line":177,"column":29},"end":{"line":177,"column":43}},"79":{"start":{"line":178,"column":12},"end":{"line":180,"column":13}},"80":{"start":{"line":179,"column":16},"end":{"line":179,"column":47}},"81":{"start":{"line":185,"column":8},"end":{"line":190,"column":9}},"82":{"start":{"line":186,"column":12},"end":{"line":189,"column":15}},"83":{"start":{"line":193,"column":8},"end":{"line":199,"column":9}},"84":{"start":{"line":194,"column":28},"end":{"line":194,"column":41}},"85":{"start":{"line":195,"column":12},"end":{"line":198,"column":13}},"86":{"start":{"line":196,"column":16},"end":{"line":196,"column":51}},"87":{"start":{"line":197,"column":16},"end":{"line":197,"column":39}},"88":{"start":{"line":200,"column":8},"end":{"line":206,"column":9}},"89":{"start":{"line":201,"column":25},"end":{"line":201,"column":35}},"90":{"start":{"line":202,"column":12},"end":{"line":205,"column":13}},"91":{"start":{"line":203,"column":16},"end":{"line":203,"column":48}},"92":{"start":{"line":204,"column":16},"end":{"line":204,"column":36}},"93":{"start":{"line":207,"column":8},"end":{"line":213,"column":9}},"94":{"start":{"line":208,"column":28},"end":{"line":208,"column":41}},"95":{"start":{"line":209,"column":12},"end":{"line":212,"column":13}},"96":{"start":{"line":210,"column":16},"end":{"line":210,"column":51}},"97":{"start":{"line":211,"column":16},"end":{"line":211,"column":39}},"98":{"start":{"line":216,"column":22},"end":{"line":216,"column":56}},"99":{"start":{"line":217,"column":28},"end":{"line":217,"column":63}},"100":{"start":{"line":219,"column":8},"end":{"line":222,"column":9}},"101":{"start":{"line":220,"column":22},"end":{"line":220,"column":30}},"102":{"start":{"line":221,"column":12},"end":{"line":221,"column":31}},"103":{"start":{"line":223,"column":8},"end":{"line":226,"column":9}},"104":{"start":{"line":224,"column":29},"end":{"line":224,"column":43}},"105":{"start":{"line":225,"column":12},"end":{"line":225,"column":38}},"106":{"start":{"line":229,"column":8},"end":{"line":234,"column":9}},"107":{"start":{"line":230,"column":31},"end":{"line":230,"column":90}},"108":{"start":{"line":231,"column":12},"end":{"line":233,"column":13}},"109":{"start":{"line":232,"column":16},"end":{"line":232,"column":44}},"110":{"start":{"line":237,"column":27},"end":{"line":237,"column":66}},"111":{"start":{"line":238,"column":8},"end":{"line":244,"column":9}},"112":{"start":{"line":239,"column":27},"end":{"line":239,"column":40}},"113":{"start":{"line":240,"column":28},"end":{"line":240,"column":68}},"114":{"start":{"line":241,"column":12},"end":{"line":243,"column":13}},"115":{"start":{"line":242,"column":16},"end":{"line":242,"column":40}},"116":{"start":{"line":246,"column":32},"end":{"line":246,"column":60}},"117":{"start":{"line":247,"column":8},"end":{"line":250,"column":11}},"118":{"start":{"line":252,"column":8},"end":{"line":252,"column":26}},"119":{"start":{"line":253,"column":8},"end":{"line":256,"column":11}},"120":{"start":{"line":260,"column":26},"end":{"line":324,"column":1}},"121":{"start":{"line":261,"column":4},"end":{"line":323,"column":5}},"122":{"start":{"line":262,"column":21},"end":{"line":262,"column":23}},"123":{"start":{"line":264,"column":23},"end":{"line":264,"column":40}},"124":{"start":{"line":267,"column":22},"end":{"line":267,"column":43}},"125":{"start":{"line":268,"column":24},"end":{"line":268,"column":69}},"126":{"start":{"line":269,"column":26},"end":{"line":269,"column":37}},"127":{"start":{"line":271,"column":8},"end":{"line":276,"column":9}},"128":{"start":{"line":272,"column":12},"end":{"line":275,"column":15}},"129":{"start":{"line":278,"column":27},"end":{"line":278,"column":89}},"130":{"start":{"line":279,"column":24},"end":{"line":279,"column":83}},"131":{"start":{"line":280,"column":27},"end":{"line":280,"column":89}},"132":{"start":{"line":282,"column":8},"end":{"line":290,"column":9}},"133":{"start":{"line":283,"column":28},"end":{"line":283,"column":41}},"134":{"start":{"line":284,"column":12},"end":{"line":289,"column":13}},"135":{"start":{"line":285,"column":30},"end":{"line":285,"column":67}},"136":{"start":{"line":286,"column":16},"end":{"line":288,"column":17}},"137":{"start":{"line":286,"column":39},"end":{"line":286,"column":58}},"138":{"start":{"line":287,"column":20},"end":{"line":287,"column":39}},"139":{"start":{"line":292,"column":8},"end":{"line":300,"column":9}},"140":{"start":{"line":293,"column":25},"end":{"line":293,"column":35}},"141":{"start":{"line":294,"column":12},"end":{"line":299,"column":13}},"142":{"start":{"line":295,"column":30},"end":{"line":295,"column":64}},"143":{"start":{"line":296,"column":16},"end":{"line":298,"column":17}},"144":{"start":{"line":296,"column":39},"end":{"line":296,"column":58}},"145":{"start":{"line":297,"column":20},"end":{"line":297,"column":39}},"146":{"start":{"line":301,"column":8},"end":{"line":309,"column":9}},"147":{"start":{"line":302,"column":28},"end":{"line":302,"column":41}},"148":{"start":{"line":303,"column":12},"end":{"line":308,"column":13}},"149":{"start":{"line":304,"column":30},"end":{"line":304,"column":67}},"150":{"start":{"line":305,"column":16},"end":{"line":307,"column":17}},"151":{"start":{"line":305,"column":39},"end":{"line":305,"column":58}},"152":{"start":{"line":306,"column":20},"end":{"line":306,"column":39}},"153":{"start":{"line":312,"column":8},"end":{"line":315,"column":11}},"154":{"start":{"line":318,"column":8},"end":{"line":318,"column":26}},"155":{"start":{"line":319,"column":8},"end":{"line":322,"column":11}},"156":{"start":{"line":326,"column":21},"end":{"line":343,"column":1}},"157":{"start":{"line":327,"column":4},"end":{"line":342,"column":5}},"158":{"start":{"line":328,"column":24},"end":{"line":328,"column":37}},"159":{"start":{"line":329,"column":22},"end":{"line":329,"column":51}},"160":{"start":{"line":331,"column":8},"end":{"line":334,"column":11}},"161":{"start":{"line":337,"column":8},"end":{"line":337,"column":26}},"162":{"start":{"line":338,"column":8},"end":{"line":341,"column":11}},"163":{"start":{"line":345,"column":18},"end":{"line":361,"column":1}},"164":{"start":{"line":346,"column":4},"end":{"line":360,"column":5}},"165":{"start":{"line":347,"column":23},"end":{"line":347,"column":41}},"166":{"start":{"line":349,"column":8},"end":{"line":352,"column":11}},"167":{"start":{"line":355,"column":8},"end":{"line":355,"column":26}},"168":{"start":{"line":356,"column":8},"end":{"line":359,"column":11}},"169":{"start":{"line":363,"column":26},"end":{"line":386,"column":1}},"170":{"start":{"line":364,"column":4},"end":{"line":385,"column":5}},"171":{"start":{"line":365,"column":23},"end":{"line":365,"column":41}},"172":{"start":{"line":366,"column":8},"end":{"line":366,"column":23}},"173":{"start":{"line":367,"column":8},"end":{"line":372,"column":9}},"174":{"start":{"line":368,"column":24},"end":{"line":368,"column":33}},"175":{"start":{"line":369,"column":12},"end":{"line":371,"column":13}},"176":{"start":{"line":370,"column":16},"end":{"line":370,"column":38}},"177":{"start":{"line":374,"column":8},"end":{"line":377,"column":11}},"178":{"start":{"line":380,"column":8},"end":{"line":380,"column":26}},"179":{"start":{"line":381,"column":8},"end":{"line":384,"column":11}},"180":{"start":{"line":388,"column":0},"end":{"line":396,"column":1}}},"fnMap":{"0":{"name":"(anonymous_0)","decl":{"start":{"line":14,"column":19},"end":{"line":14,"column":20}},"loc":{"start":{"line":14,"column":57},"end":{"line":66,"column":1}},"line":14},"1":{"name":"(anonymous_1)","decl":{"start":{"line":68,"column":25},"end":{"line":68,"column":26}},"loc":{"start":{"line":68,"column":63},"end":{"line":143,"column":1}},"line":68},"2":{"name":"(anonymous_2)","decl":{"start":{"line":145,"column":23},"end":{"line":145,"column":24}},"loc":{"start":{"line":145,"column":61},"end":{"line":258,"column":1}},"line":145},"3":{"name":"(anonymous_3)","decl":{"start":{"line":260,"column":26},"end":{"line":260,"column":27}},"loc":{"start":{"line":260,"column":66},"end":{"line":324,"column":1}},"line":260},"4":{"name":"(anonymous_4)","decl":{"start":{"line":286,"column":34},"end":{"line":286,"column":35}},"loc":{"start":{"line":286,"column":39},"end":{"line":286,"column":58}},"line":286},"5":{"name":"(anonymous_5)","decl":{"start":{"line":296,"column":34},"end":{"line":296,"column":35}},"loc":{"start":{"line":296,"column":39},"end":{"line":296,"column":58}},"line":296},"6":{"name":"(anonymous_6)","decl":{"start":{"line":305,"column":34},"end":{"line":305,"column":35}},"loc":{"start":{"line":305,"column":39},"end":{"line":305,"column":58}},"line":305},"7":{"name":"(anonymous_7)","decl":{"start":{"line":326,"column":21},"end":{"line":326,"column":22}},"loc":{"start":{"line":326,"column":61},"end":{"line":343,"column":1}},"line":326},"8":{"name":"(anonymous_8)","decl":{"start":{"line":345,"column":18},"end":{"line":345,"column":19}},"loc":{"start":{"line":345,"column":58},"end":{"line":361,"column":1}},"line":345},"9":{"name":"(anonymous_9)","decl":{"start":{"line":363,"column":26},"end":{"line":363,"column":27}},"loc":{"start":{"line":363,"column":66},"end":{"line":386,"column":1}},"line":363}},"branchMap":{"0":{"loc":{"start":{"line":14,"column":30},"end":{"line":14,"column":52}},"type":"default-arg","locations":[{"start":{"line":14,"column":36},"end":{"line":14,"column":52}}],"line":14},"1":{"loc":{"start":{"line":21,"column":8},"end":{"line":26,"column":9}},"type":"if","locations":[{"start":{"line":21,"column":8},"end":{"line":26,"column":9}},{"start":{},"end":{}}],"line":21},"2":{"loc":{"start":{"line":29,"column":8},"end":{"line":34,"column":9}},"type":"if","locations":[{"start":{"line":29,"column":8},"end":{"line":34,"column":9}},{"start":{},"end":{}}],"line":29},"3":{"loc":{"start":{"line":37,"column":8},"end":{"line":42,"column":9}},"type":"if","locations":[{"start":{"line":37,"column":8},"end":{"line":42,"column":9}},{"start":{},"end":{}}],"line":37},"4":{"loc":{"start":{"line":68,"column":36},"end":{"line":68,"column":58}},"type":"default-arg","locations":[{"start":{"line":68,"column":42},"end":{"line":68,"column":58}}],"line":68},"5":{"loc":{"start":{"line":82,"column":12},"end":{"line":84,"column":13}},"type":"if","locations":[{"start":{"line":82,"column":12},"end":{"line":84,"column":13}},{"start":{},"end":{}}],"line":82},"6":{"loc":{"start":{"line":87,"column":8},"end":{"line":92,"column":9}},"type":"if","locations":[{"start":{"line":87,"column":8},"end":{"line":92,"column":9}},{"start":{},"end":{}}],"line":87},"7":{"loc":{"start":{"line":95,"column":8},"end":{"line":100,"column":9}},"type":"if","locations":[{"start":{"line":95,"column":8},"end":{"line":100,"column":9}},{"start":{},"end":{}}],"line":95},"8":{"loc":{"start":{"line":102,"column":8},"end":{"line":107,"column":9}},"type":"if","locations":[{"start":{"line":102,"column":8},"end":{"line":107,"column":9}},{"start":{},"end":{}}],"line":102},"9":{"loc":{"start":{"line":102,"column":11},"end":{"line":102,"column":40}},"type":"binary-expr","locations":[{"start":{"line":102,"column":11},"end":{"line":102,"column":16}},{"start":{"line":102,"column":20},"end":{"line":102,"column":40}}],"line":102},"10":{"loc":{"start":{"line":110,"column":8},"end":{"line":115,"column":9}},"type":"if","locations":[{"start":{"line":110,"column":8},"end":{"line":115,"column":9}},{"start":{},"end":{}}],"line":110},"11":{"loc":{"start":{"line":110,"column":11},"end":{"line":110,"column":40}},"type":"binary-expr","locations":[{"start":{"line":110,"column":11},"end":{"line":110,"column":16}},{"start":{"line":110,"column":20},"end":{"line":110,"column":40}}],"line":110},"12":{"loc":{"start":{"line":118,"column":8},"end":{"line":123,"column":9}},"type":"if","locations":[{"start":{"line":118,"column":8},"end":{"line":123,"column":9}},{"start":{},"end":{}}],"line":118},"13":{"loc":{"start":{"line":118,"column":11},"end":{"line":118,"column":40}},"type":"binary-expr","locations":[{"start":{"line":118,"column":11},"end":{"line":118,"column":16}},{"start":{"line":118,"column":20},"end":{"line":118,"column":40}}],"line":118},"14":{"loc":{"start":{"line":145,"column":34},"end":{"line":145,"column":56}},"type":"default-arg","locations":[{"start":{"line":145,"column":40},"end":{"line":145,"column":56}}],"line":145},"15":{"loc":{"start":{"line":168,"column":8},"end":{"line":173,"column":9}},"type":"if","locations":[{"start":{"line":168,"column":8},"end":{"line":173,"column":9}},{"start":{},"end":{}}],"line":168},"16":{"loc":{"start":{"line":178,"column":12},"end":{"line":180,"column":13}},"type":"if","locations":[{"start":{"line":178,"column":12},"end":{"line":180,"column":13}},{"start":{},"end":{}}],"line":178},"17":{"loc":{"start":{"line":178,"column":15},"end":{"line":178,"column":73}},"type":"binary-expr","locations":[{"start":{"line":178,"column":15},"end":{"line":178,"column":38}},{"start":{"line":178,"column":42},"end":{"line":178,"column":73}}],"line":178},"18":{"loc":{"start":{"line":185,"column":8},"end":{"line":190,"column":9}},"type":"if","locations":[{"start":{"line":185,"column":8},"end":{"line":190,"column":9}},{"start":{},"end":{}}],"line":185},"19":{"loc":{"start":{"line":185,"column":11},"end":{"line":185,"column":78}},"type":"binary-expr","locations":[{"start":{"line":185,"column":11},"end":{"line":185,"column":36}},{"start":{"line":185,"column":40},"end":{"line":185,"column":78}}],"line":185},"20":{"loc":{"start":{"line":195,"column":12},"end":{"line":198,"column":13}},"type":"if","locations":[{"start":{"line":195,"column":12},"end":{"line":198,"column":13}},{"start":{},"end":{}}],"line":195},"21":{"loc":{"start":{"line":202,"column":12},"end":{"line":205,"column":13}},"type":"if","locations":[{"start":{"line":202,"column":12},"end":{"line":205,"column":13}},{"start":{},"end":{}}],"line":202},"22":{"loc":{"start":{"line":209,"column":12},"end":{"line":212,"column":13}},"type":"if","locations":[{"start":{"line":209,"column":12},"end":{"line":212,"column":13}},{"start":{},"end":{}}],"line":209},"23":{"loc":{"start":{"line":229,"column":8},"end":{"line":234,"column":9}},"type":"if","locations":[{"start":{"line":229,"column":8},"end":{"line":234,"column":9}},{"start":{},"end":{}}],"line":229},"24":{"loc":{"start":{"line":231,"column":12},"end":{"line":233,"column":13}},"type":"if","locations":[{"start":{"line":231,"column":12},"end":{"line":233,"column":13}},{"start":{},"end":{}}],"line":231},"25":{"loc":{"start":{"line":241,"column":12},"end":{"line":243,"column":13}},"type":"if","locations":[{"start":{"line":241,"column":12},"end":{"line":243,"column":13}},{"start":{},"end":{}}],"line":241},"26":{"loc":{"start":{"line":260,"column":38},"end":{"line":260,"column":60}},"type":"default-arg","locations":[{"start":{"line":260,"column":44},"end":{"line":260,"column":60}}],"line":260},"27":{"loc":{"start":{"line":271,"column":8},"end":{"line":276,"column":9}},"type":"if","locations":[{"start":{"line":271,"column":8},"end":{"line":276,"column":9}},{"start":{},"end":{}}],"line":271},"28":{"loc":{"start":{"line":284,"column":12},"end":{"line":289,"column":13}},"type":"if","locations":[{"start":{"line":284,"column":12},"end":{"line":289,"column":13}},{"start":{},"end":{}}],"line":284},"29":{"loc":{"start":{"line":286,"column":16},"end":{"line":288,"column":17}},"type":"if","locations":[{"start":{"line":286,"column":16},"end":{"line":288,"column":17}},{"start":{},"end":{}}],"line":286},"30":{"loc":{"start":{"line":294,"column":12},"end":{"line":299,"column":13}},"type":"if","locations":[{"start":{"line":294,"column":12},"end":{"line":299,"column":13}},{"start":{},"end":{}}],"line":294},"31":{"loc":{"start":{"line":296,"column":16},"end":{"line":298,"column":17}},"type":"if","locations":[{"start":{"line":296,"column":16},"end":{"line":298,"column":17}},{"start":{},"end":{}}],"line":296},"32":{"loc":{"start":{"line":303,"column":12},"end":{"line":308,"column":13}},"type":"if","locations":[{"start":{"line":303,"column":12},"end":{"line":308,"column":13}},{"start":{},"end":{}}],"line":303},"33":{"loc":{"start":{"line":305,"column":16},"end":{"line":307,"column":17}},"type":"if","locations":[{"start":{"line":305,"column":16},"end":{"line":307,"column":17}},{"start":{},"end":{}}],"line":305},"34":{"loc":{"start":{"line":326,"column":33},"end":{"line":326,"column":55}},"type":"default-arg","locations":[{"start":{"line":326,"column":39},"end":{"line":326,"column":55}}],"line":326},"35":{"loc":{"start":{"line":345,"column":30},"end":{"line":345,"column":52}},"type":"default-arg","locations":[{"start":{"line":345,"column":36},"end":{"line":345,"column":52}}],"line":345},"36":{"loc":{"start":{"line":363,"column":38},"end":{"line":363,"column":60}},"type":"default-arg","locations":[{"start":{"line":363,"column":44},"end":{"line":363,"column":60}}],"line":363},"37":{"loc":{"start":{"line":369,"column":12},"end":{"line":371,"column":13}},"type":"if","locations":[{"start":{"line":369,"column":12},"end":{"line":371,"column":13}},{"start":{},"end":{}}],"line":369}},"s":{"0":10,"1":10,"2":10,"3":10,"4":10,"5":10,"6":10,"7":10,"8":10,"9":10,"10":10,"11":10,"12":10,"13":15,"14":15,"15":15,"16":15,"17":1,"18":14,"19":14,"20":0,"21":14,"22":14,"23":0,"24":14,"25":14,"26":14,"27":14,"28":14,"29":14,"30":0,"31":0,"32":10,"33":1,"34":1,"35":1,"36":1,"37":1,"38":1,"39":1,"40":1,"41":1,"42":1,"43":1,"44":1,"45":0,"46":1,"47":1,"48":0,"49":1,"50":1,"51":0,"52":1,"53":1,"54":0,"55":1,"56":1,"57":0,"58":1,"59":1,"60":1,"61":0,"62":0,"63":10,"64":15,"65":15,"66":15,"67":15,"68":15,"69":15,"70":15,"71":15,"72":15,"73":15,"74":15,"75":15,"76":1,"77":14,"78":14,"79":14,"80":13,"81":14,"82":1,"83":13,"84":2,"85":2,"86":0,"87":0,"88":13,"89":4,"90":4,"91":3,"92":3,"93":13,"94":13,"95":13,"96":13,"97":13,"98":13,"99":13,"100":13,"101":0,"102":0,"103":13,"104":0,"105":0,"106":13,"107":0,"108":0,"109":0,"110":13,"111":13,"112":7,"113":7,"114":7,"115":0,"116":13,"117":13,"118":0,"119":0,"120":10,"121":2,"122":2,"123":2,"124":2,"125":2,"126":2,"127":2,"128":1,"129":1,"130":1,"131":1,"132":1,"133":1,"134":1,"135":1,"136":1,"137":0,"138":1,"139":1,"140":0,"141":0,"142":0,"143":0,"144":0,"145":0,"146":1,"147":0,"148":0,"149":0,"150":0,"151":0,"152":0,"153":1,"154":0,"155":0,"156":10,"157":1,"158":1,"159":1,"160":1,"161":0,"162":0,"163":10,"164":1,"165":1,"166":1,"167":0,"168":0,"169":10,"170":1,"171":1,"172":1,"173":1,"174":3,"175":3,"176":1,"177":1,"178":0,"179":0,"180":10},"f":{"0":15,"1":1,"2":15,"3":2,"4":0,"5":0,"6":0,"7":1,"8":1,"9":1},"b":{"0":[0],"1":[1,14],"2":[0,14],"3":[0,14],"4":[0],"5":[1,0],"6":[0,1],"7":[0,1],"8":[0,1],"9":[1,1],"10":[0,1],"11":[1,1],"12":[0,1],"13":[1,1],"14":[0],"15":[1,14],"16":[13,1],"17":[14,13],"18":[1,13],"19":[14,13],"20":[0,2],"21":[3,1],"22":[13,0],"23":[0,13],"24":[0,0],"25":[0,7],"26":[0],"27":[1,1],"28":[1,0],"29":[1,0],"30":[0,0],"31":[0,0],"32":[0,0],"33":[0,0],"34":[0],"35":[0],"36":[0],"37":[1,2]},"_coverageSchema":"1a1c01bbd47fc00a2c39e90264f33305004495a9","hash":"59fbc3b667affc37b7fd608e1d85f99f3618c3c8"}
,"C:\\Users\\alvar\\Desktop\\Universidad\\Segundo Cuatrimestre\\TFG\\alcompas\\Backend\\controllers\\comentarios.js": {"path":"C:\\Users\\alvar\\Desktop\\Universidad\\Segundo Cuatrimestre\\TFG\\alcompas\\Backend\\controllers\\comentarios.js","statementMap":{"0":{"start":{"line":1,"column":16},"end":{"line":1,"column":34}},"1":{"start":{"line":2,"column":19},"end":{"line":2,"column":50}},"2":{"start":{"line":3,"column":12},"end":{"line":3,"column":35}},"3":{"start":{"line":5,"column":31},"end":{"line":21,"column":1}},"4":{"start":{"line":7,"column":4},"end":{"line":19,"column":5}},"5":{"start":{"line":8,"column":24},"end":{"line":8,"column":42}},"6":{"start":{"line":9,"column":28},"end":{"line":9,"column":69}},"7":{"start":{"line":10,"column":8},"end":{"line":13,"column":11}},"8":{"start":{"line":15,"column":8},"end":{"line":18,"column":11}},"9":{"start":{"line":23,"column":24},"end":{"line":41,"column":1}},"10":{"start":{"line":24,"column":4},"end":{"line":40,"column":5}},"11":{"start":{"line":26,"column":28},"end":{"line":26,"column":52}},"12":{"start":{"line":27,"column":8},"end":{"line":27,"column":38}},"13":{"start":{"line":28,"column":32},"end":{"line":28,"column":55}},"14":{"start":{"line":30,"column":8},"end":{"line":33,"column":11}},"15":{"start":{"line":36,"column":8},"end":{"line":39,"column":11}},"16":{"start":{"line":43,"column":27},"end":{"line":73,"column":1}},"17":{"start":{"line":45,"column":4},"end":{"line":72,"column":5}},"18":{"start":{"line":46,"column":17},"end":{"line":46,"column":40}},"19":{"start":{"line":47,"column":27},"end":{"line":47,"column":77}},"20":{"start":{"line":49,"column":22},"end":{"line":49,"column":43}},"21":{"start":{"line":50,"column":24},"end":{"line":50,"column":69}},"22":{"start":{"line":51,"column":26},"end":{"line":51,"column":37}},"23":{"start":{"line":53,"column":8},"end":{"line":58,"column":9}},"24":{"start":{"line":54,"column":12},"end":{"line":57,"column":15}},"25":{"start":{"line":61,"column":8},"end":{"line":61,"column":34}},"26":{"start":{"line":62,"column":8},"end":{"line":66,"column":11}},"27":{"start":{"line":68,"column":8},"end":{"line":71,"column":11}},"28":{"start":{"line":80,"column":0},"end":{"line":84,"column":1}}},"fnMap":{"0":{"name":"(anonymous_0)","decl":{"start":{"line":5,"column":31},"end":{"line":5,"column":32}},"loc":{"start":{"line":5,"column":69},"end":{"line":21,"column":1}},"line":5},"1":{"name":"(anonymous_1)","decl":{"start":{"line":23,"column":24},"end":{"line":23,"column":25}},"loc":{"start":{"line":23,"column":62},"end":{"line":41,"column":1}},"line":23},"2":{"name":"(anonymous_2)","decl":{"start":{"line":43,"column":27},"end":{"line":43,"column":28}},"loc":{"start":{"line":43,"column":65},"end":{"line":73,"column":1}},"line":43}},"branchMap":{"0":{"loc":{"start":{"line":5,"column":42},"end":{"line":5,"column":64}},"type":"default-arg","locations":[{"start":{"line":5,"column":48},"end":{"line":5,"column":64}}],"line":5},"1":{"loc":{"start":{"line":23,"column":35},"end":{"line":23,"column":57}},"type":"default-arg","locations":[{"start":{"line":23,"column":41},"end":{"line":23,"column":57}}],"line":23},"2":{"loc":{"start":{"line":43,"column":38},"end":{"line":43,"column":60}},"type":"default-arg","locations":[{"start":{"line":43,"column":44},"end":{"line":43,"column":60}}],"line":43},"3":{"loc":{"start":{"line":53,"column":8},"end":{"line":58,"column":9}},"type":"if","locations":[{"start":{"line":53,"column":8},"end":{"line":58,"column":9}},{"start":{},"end":{}}],"line":53}},"s":{"0":10,"1":10,"2":10,"3":10,"4":1,"5":1,"6":1,"7":1,"8":0,"9":10,"10":2,"11":2,"12":2,"13":2,"14":2,"15":0,"16":10,"17":3,"18":3,"19":3,"20":3,"21":3,"22":3,"23":3,"24":1,"25":2,"26":2,"27":0,"28":10},"f":{"0":1,"1":2,"2":3},"b":{"0":[0],"1":[0],"2":[0],"3":[1,2]},"_coverageSchema":"1a1c01bbd47fc00a2c39e90264f33305004495a9","hash":"1937d6a2cc6373f7f88f7c6e462fa758f6894768"}
,"C:\\Users\\alvar\\Desktop\\Universidad\\Segundo Cuatrimestre\\TFG\\alcompas\\Backend\\controllers\\directivos.js": {"path":"C:\\Users\\alvar\\Desktop\\Universidad\\Segundo Cuatrimestre\\TFG\\alcompas\\Backend\\controllers\\directivos.js","statementMap":{"0":{"start":{"line":1,"column":16},"end":{"line":1,"column":34}},"1":{"start":{"line":2,"column":18},"end":{"line":2,"column":48}},"2":{"start":{"line":3,"column":14},"end":{"line":3,"column":40}},"3":{"start":{"line":4,"column":12},"end":{"line":4,"column":35}},"4":{"start":{"line":7,"column":27},"end":{"line":69,"column":1}},"5":{"start":{"line":8,"column":4},"end":{"line":68,"column":5}},"6":{"start":{"line":9,"column":23},"end":{"line":9,"column":40}},"7":{"start":{"line":10,"column":24},"end":{"line":10,"column":42}},"8":{"start":{"line":13,"column":22},"end":{"line":13,"column":43}},"9":{"start":{"line":14,"column":24},"end":{"line":14,"column":69}},"10":{"start":{"line":15,"column":26},"end":{"line":15,"column":37}},"11":{"start":{"line":16,"column":24},"end":{"line":16,"column":29}},"12":{"start":{"line":18,"column":19},"end":{"line":18,"column":107}},"13":{"start":{"line":20,"column":8},"end":{"line":27,"column":9}},"14":{"start":{"line":21,"column":20},"end":{"line":21,"column":25}},"15":{"start":{"line":23,"column":12},"end":{"line":26,"column":13}},"16":{"start":{"line":25,"column":16},"end":{"line":25,"column":33}},"17":{"start":{"line":29,"column":8},"end":{"line":34,"column":9}},"18":{"start":{"line":30,"column":12},"end":{"line":33,"column":15}},"19":{"start":{"line":37,"column":26},"end":{"line":37,"column":111}},"20":{"start":{"line":39,"column":8},"end":{"line":44,"column":9}},"21":{"start":{"line":40,"column":12},"end":{"line":43,"column":15}},"22":{"start":{"line":46,"column":8},"end":{"line":46,"column":46}},"23":{"start":{"line":47,"column":29},"end":{"line":47,"column":56}},"24":{"start":{"line":48,"column":28},"end":{"line":48,"column":53}},"25":{"start":{"line":50,"column":27},"end":{"line":50,"column":93}},"26":{"start":{"line":52,"column":8},"end":{"line":54,"column":9}},"27":{"start":{"line":53,"column":12},"end":{"line":53,"column":52}},"28":{"start":{"line":57,"column":8},"end":{"line":60,"column":11}},"29":{"start":{"line":62,"column":8},"end":{"line":62,"column":26}},"30":{"start":{"line":63,"column":8},"end":{"line":66,"column":11}},"31":{"start":{"line":71,"column":25},"end":{"line":88,"column":1}},"32":{"start":{"line":72,"column":4},"end":{"line":87,"column":5}},"33":{"start":{"line":73,"column":28},"end":{"line":73,"column":41}},"34":{"start":{"line":74,"column":26},"end":{"line":74,"column":63}},"35":{"start":{"line":76,"column":8},"end":{"line":79,"column":11}},"36":{"start":{"line":82,"column":8},"end":{"line":82,"column":26}},"37":{"start":{"line":83,"column":8},"end":{"line":86,"column":11}},"38":{"start":{"line":90,"column":29},"end":{"line":107,"column":1}},"39":{"start":{"line":91,"column":4},"end":{"line":106,"column":5}},"40":{"start":{"line":92,"column":26},"end":{"line":92,"column":39}},"41":{"start":{"line":93,"column":26},"end":{"line":93,"column":70}},"42":{"start":{"line":95,"column":8},"end":{"line":98,"column":11}},"43":{"start":{"line":101,"column":8},"end":{"line":101,"column":26}},"44":{"start":{"line":102,"column":8},"end":{"line":105,"column":11}},"45":{"start":{"line":109,"column":30},"end":{"line":136,"column":1}},"46":{"start":{"line":111,"column":4},"end":{"line":135,"column":5}},"47":{"start":{"line":112,"column":24},"end":{"line":112,"column":37}},"48":{"start":{"line":113,"column":27},"end":{"line":113,"column":93}},"49":{"start":{"line":115,"column":28},"end":{"line":115,"column":30}},"50":{"start":{"line":116,"column":8},"end":{"line":123,"column":9}},"51":{"start":{"line":117,"column":28},"end":{"line":117,"column":41}},"52":{"start":{"line":118,"column":12},"end":{"line":122,"column":13}},"53":{"start":{"line":119,"column":16},"end":{"line":119,"column":59}},"54":{"start":{"line":121,"column":16},"end":{"line":121,"column":89}},"55":{"start":{"line":124,"column":8},"end":{"line":127,"column":11}},"56":{"start":{"line":130,"column":8},"end":{"line":130,"column":26}},"57":{"start":{"line":131,"column":8},"end":{"line":134,"column":11}},"58":{"start":{"line":140,"column":0},"end":{"line":145,"column":1}}},"fnMap":{"0":{"name":"(anonymous_0)","decl":{"start":{"line":7,"column":27},"end":{"line":7,"column":28}},"loc":{"start":{"line":7,"column":65},"end":{"line":69,"column":1}},"line":7},"1":{"name":"(anonymous_1)","decl":{"start":{"line":71,"column":25},"end":{"line":71,"column":26}},"loc":{"start":{"line":71,"column":63},"end":{"line":88,"column":1}},"line":71},"2":{"name":"(anonymous_2)","decl":{"start":{"line":90,"column":29},"end":{"line":90,"column":30}},"loc":{"start":{"line":90,"column":67},"end":{"line":107,"column":1}},"line":90},"3":{"name":"(anonymous_3)","decl":{"start":{"line":109,"column":30},"end":{"line":109,"column":31}},"loc":{"start":{"line":109,"column":68},"end":{"line":136,"column":1}},"line":109}},"branchMap":{"0":{"loc":{"start":{"line":7,"column":38},"end":{"line":7,"column":60}},"type":"default-arg","locations":[{"start":{"line":7,"column":44},"end":{"line":7,"column":60}}],"line":7},"1":{"loc":{"start":{"line":23,"column":12},"end":{"line":26,"column":13}},"type":"if","locations":[{"start":{"line":23,"column":12},"end":{"line":26,"column":13}},{"start":{},"end":{}}],"line":23},"2":{"loc":{"start":{"line":29,"column":8},"end":{"line":34,"column":9}},"type":"if","locations":[{"start":{"line":29,"column":8},"end":{"line":34,"column":9}},{"start":{},"end":{}}],"line":29},"3":{"loc":{"start":{"line":29,"column":11},"end":{"line":29,"column":45}},"type":"binary-expr","locations":[{"start":{"line":29,"column":11},"end":{"line":29,"column":21}},{"start":{"line":29,"column":25},"end":{"line":29,"column":45}}],"line":29},"4":{"loc":{"start":{"line":39,"column":8},"end":{"line":44,"column":9}},"type":"if","locations":[{"start":{"line":39,"column":8},"end":{"line":44,"column":9}},{"start":{},"end":{}}],"line":39},"5":{"loc":{"start":{"line":52,"column":8},"end":{"line":54,"column":9}},"type":"if","locations":[{"start":{"line":52,"column":8},"end":{"line":54,"column":9}},{"start":{},"end":{}}],"line":52},"6":{"loc":{"start":{"line":71,"column":36},"end":{"line":71,"column":58}},"type":"default-arg","locations":[{"start":{"line":71,"column":42},"end":{"line":71,"column":58}}],"line":71},"7":{"loc":{"start":{"line":90,"column":40},"end":{"line":90,"column":62}},"type":"default-arg","locations":[{"start":{"line":90,"column":46},"end":{"line":90,"column":62}}],"line":90},"8":{"loc":{"start":{"line":109,"column":41},"end":{"line":109,"column":63}},"type":"default-arg","locations":[{"start":{"line":109,"column":47},"end":{"line":109,"column":63}}],"line":109},"9":{"loc":{"start":{"line":118,"column":12},"end":{"line":122,"column":13}},"type":"if","locations":[{"start":{"line":118,"column":12},"end":{"line":122,"column":13}},{"start":{"line":120,"column":19},"end":{"line":122,"column":13}}],"line":118}},"s":{"0":10,"1":10,"2":10,"3":10,"4":10,"5":2,"6":2,"7":2,"8":2,"9":2,"10":2,"11":2,"12":2,"13":2,"14":1,"15":1,"16":1,"17":2,"18":1,"19":1,"20":1,"21":0,"22":1,"23":1,"24":1,"25":1,"26":1,"27":1,"28":1,"29":0,"30":0,"31":10,"32":1,"33":1,"34":1,"35":1,"36":0,"37":0,"38":10,"39":9,"40":9,"41":9,"42":9,"43":0,"44":0,"45":10,"46":1,"47":1,"48":1,"49":1,"50":1,"51":1,"52":1,"53":1,"54":0,"55":1,"56":0,"57":0,"58":10},"f":{"0":2,"1":1,"2":9,"3":1},"b":{"0":[0],"1":[1,0],"2":[1,1],"3":[2,1],"4":[0,1],"5":[1,0],"6":[0],"7":[0],"8":[0],"9":[1,0]},"_coverageSchema":"1a1c01bbd47fc00a2c39e90264f33305004495a9","hash":"06cd5459e7723be1b993b4b8e5daff5b2a5c260c"}
,"C:\\Users\\alvar\\Desktop\\Universidad\\Segundo Cuatrimestre\\TFG\\alcompas\\Backend\\controllers\\estudios.js": {"path":"C:\\Users\\alvar\\Desktop\\Universidad\\Segundo Cuatrimestre\\TFG\\alcompas\\Backend\\controllers\\estudios.js","statementMap":{"0":{"start":{"line":1,"column":16},"end":{"line":1,"column":34}},"1":{"start":{"line":2,"column":16},"end":{"line":2,"column":44}},"2":{"start":{"line":3,"column":12},"end":{"line":3,"column":35}},"3":{"start":{"line":5,"column":28},"end":{"line":20,"column":1}},"4":{"start":{"line":6,"column":19},"end":{"line":6,"column":36}},"5":{"start":{"line":7,"column":4},"end":{"line":19,"column":5}},"6":{"start":{"line":8,"column":25},"end":{"line":8,"column":62}},"7":{"start":{"line":9,"column":8},"end":{"line":12,"column":11}},"8":{"start":{"line":14,"column":8},"end":{"line":14,"column":27}},"9":{"start":{"line":15,"column":8},"end":{"line":18,"column":11}},"10":{"start":{"line":22,"column":21},"end":{"line":61,"column":1}},"11":{"start":{"line":24,"column":4},"end":{"line":60,"column":5}},"12":{"start":{"line":25,"column":24},"end":{"line":25,"column":45}},"13":{"start":{"line":28,"column":22},"end":{"line":28,"column":43}},"14":{"start":{"line":29,"column":24},"end":{"line":29,"column":69}},"15":{"start":{"line":30,"column":26},"end":{"line":30,"column":37}},"16":{"start":{"line":33,"column":8},"end":{"line":38,"column":9}},"17":{"start":{"line":34,"column":12},"end":{"line":37,"column":15}},"18":{"start":{"line":40,"column":8},"end":{"line":45,"column":9}},"19":{"start":{"line":41,"column":12},"end":{"line":44,"column":15}},"20":{"start":{"line":47,"column":8},"end":{"line":47,"column":29}},"21":{"start":{"line":49,"column":8},"end":{"line":52,"column":11}},"22":{"start":{"line":55,"column":8},"end":{"line":55,"column":27}},"23":{"start":{"line":56,"column":8},"end":{"line":59,"column":11}},"24":{"start":{"line":63,"column":30},"end":{"line":92,"column":1}},"25":{"start":{"line":65,"column":4},"end":{"line":91,"column":5}},"26":{"start":{"line":66,"column":26},"end":{"line":66,"column":46}},"27":{"start":{"line":67,"column":24},"end":{"line":67,"column":66}},"28":{"start":{"line":69,"column":22},"end":{"line":69,"column":43}},"29":{"start":{"line":70,"column":24},"end":{"line":70,"column":69}},"30":{"start":{"line":71,"column":26},"end":{"line":71,"column":37}},"31":{"start":{"line":74,"column":8},"end":{"line":79,"column":9}},"32":{"start":{"line":75,"column":12},"end":{"line":78,"column":15}},"33":{"start":{"line":81,"column":8},"end":{"line":84,"column":11}},"34":{"start":{"line":86,"column":8},"end":{"line":86,"column":27}},"35":{"start":{"line":87,"column":8},"end":{"line":90,"column":11}},"36":{"start":{"line":94,"column":22},"end":{"line":141,"column":1}},"37":{"start":{"line":95,"column":4},"end":{"line":140,"column":5}},"38":{"start":{"line":96,"column":26},"end":{"line":96,"column":46}},"39":{"start":{"line":97,"column":24},"end":{"line":97,"column":57}},"40":{"start":{"line":99,"column":8},"end":{"line":104,"column":9}},"41":{"start":{"line":100,"column":12},"end":{"line":103,"column":15}},"42":{"start":{"line":106,"column":22},"end":{"line":106,"column":43}},"43":{"start":{"line":107,"column":24},"end":{"line":107,"column":69}},"44":{"start":{"line":108,"column":26},"end":{"line":108,"column":37}},"45":{"start":{"line":111,"column":8},"end":{"line":116,"column":9}},"46":{"start":{"line":112,"column":12},"end":{"line":115,"column":15}},"47":{"start":{"line":118,"column":29},"end":{"line":120,"column":9}},"48":{"start":{"line":122,"column":8},"end":{"line":127,"column":9}},"49":{"start":{"line":123,"column":12},"end":{"line":126,"column":15}},"50":{"start":{"line":129,"column":35},"end":{"line":129,"column":104}},"51":{"start":{"line":130,"column":8},"end":{"line":133,"column":11}},"52":{"start":{"line":135,"column":8},"end":{"line":135,"column":27}},"53":{"start":{"line":136,"column":8},"end":{"line":139,"column":11}},"54":{"start":{"line":143,"column":23},"end":{"line":164,"column":1}},"55":{"start":{"line":144,"column":22},"end":{"line":144,"column":42}},"56":{"start":{"line":145,"column":4},"end":{"line":163,"column":5}},"57":{"start":{"line":146,"column":24},"end":{"line":146,"column":57}},"58":{"start":{"line":147,"column":8},"end":{"line":152,"column":9}},"59":{"start":{"line":148,"column":12},"end":{"line":151,"column":15}},"60":{"start":{"line":153,"column":8},"end":{"line":156,"column":11}},"61":{"start":{"line":158,"column":8},"end":{"line":158,"column":27}},"62":{"start":{"line":159,"column":8},"end":{"line":162,"column":11}},"63":{"start":{"line":166,"column":0},"end":{"line":173,"column":1}}},"fnMap":{"0":{"name":"(anonymous_0)","decl":{"start":{"line":5,"column":28},"end":{"line":5,"column":29}},"loc":{"start":{"line":5,"column":66},"end":{"line":20,"column":1}},"line":5},"1":{"name":"(anonymous_1)","decl":{"start":{"line":22,"column":21},"end":{"line":22,"column":22}},"loc":{"start":{"line":22,"column":59},"end":{"line":61,"column":1}},"line":22},"2":{"name":"(anonymous_2)","decl":{"start":{"line":63,"column":30},"end":{"line":63,"column":31}},"loc":{"start":{"line":63,"column":68},"end":{"line":92,"column":1}},"line":63},"3":{"name":"(anonymous_3)","decl":{"start":{"line":94,"column":22},"end":{"line":94,"column":23}},"loc":{"start":{"line":94,"column":60},"end":{"line":141,"column":1}},"line":94},"4":{"name":"(anonymous_4)","decl":{"start":{"line":143,"column":23},"end":{"line":143,"column":24}},"loc":{"start":{"line":143,"column":61},"end":{"line":164,"column":1}},"line":143}},"branchMap":{"0":{"loc":{"start":{"line":5,"column":39},"end":{"line":5,"column":61}},"type":"default-arg","locations":[{"start":{"line":5,"column":45},"end":{"line":5,"column":61}}],"line":5},"1":{"loc":{"start":{"line":22,"column":32},"end":{"line":22,"column":54}},"type":"default-arg","locations":[{"start":{"line":22,"column":38},"end":{"line":22,"column":54}}],"line":22},"2":{"loc":{"start":{"line":33,"column":8},"end":{"line":38,"column":9}},"type":"if","locations":[{"start":{"line":33,"column":8},"end":{"line":38,"column":9}},{"start":{},"end":{}}],"line":33},"3":{"loc":{"start":{"line":40,"column":8},"end":{"line":45,"column":9}},"type":"if","locations":[{"start":{"line":40,"column":8},"end":{"line":45,"column":9}},{"start":{},"end":{}}],"line":40},"4":{"loc":{"start":{"line":63,"column":41},"end":{"line":63,"column":63}},"type":"default-arg","locations":[{"start":{"line":63,"column":47},"end":{"line":63,"column":63}}],"line":63},"5":{"loc":{"start":{"line":74,"column":8},"end":{"line":79,"column":9}},"type":"if","locations":[{"start":{"line":74,"column":8},"end":{"line":79,"column":9}},{"start":{},"end":{}}],"line":74},"6":{"loc":{"start":{"line":94,"column":33},"end":{"line":94,"column":55}},"type":"default-arg","locations":[{"start":{"line":94,"column":39},"end":{"line":94,"column":55}}],"line":94},"7":{"loc":{"start":{"line":99,"column":8},"end":{"line":104,"column":9}},"type":"if","locations":[{"start":{"line":99,"column":8},"end":{"line":104,"column":9}},{"start":{},"end":{}}],"line":99},"8":{"loc":{"start":{"line":111,"column":8},"end":{"line":116,"column":9}},"type":"if","locations":[{"start":{"line":111,"column":8},"end":{"line":116,"column":9}},{"start":{},"end":{}}],"line":111},"9":{"loc":{"start":{"line":122,"column":8},"end":{"line":127,"column":9}},"type":"if","locations":[{"start":{"line":122,"column":8},"end":{"line":127,"column":9}},{"start":{},"end":{}}],"line":122},"10":{"loc":{"start":{"line":143,"column":34},"end":{"line":143,"column":56}},"type":"default-arg","locations":[{"start":{"line":143,"column":40},"end":{"line":143,"column":56}}],"line":143},"11":{"loc":{"start":{"line":147,"column":8},"end":{"line":152,"column":9}},"type":"if","locations":[{"start":{"line":147,"column":8},"end":{"line":152,"column":9}},{"start":{},"end":{}}],"line":147}},"s":{"0":10,"1":10,"2":10,"3":10,"4":1,"5":1,"6":1,"7":1,"8":0,"9":0,"10":10,"11":4,"12":4,"13":4,"14":4,"15":4,"16":4,"17":1,"18":3,"19":1,"20":2,"21":2,"22":0,"23":0,"24":10,"25":2,"26":2,"27":2,"28":2,"29":2,"30":2,"31":2,"32":1,"33":1,"34":0,"35":0,"36":10,"37":4,"38":4,"39":4,"40":4,"41":1,"42":3,"43":3,"44":3,"45":3,"46":1,"47":2,"48":2,"49":1,"50":1,"51":1,"52":0,"53":0,"54":10,"55":2,"56":2,"57":2,"58":2,"59":1,"60":1,"61":0,"62":0,"63":10},"f":{"0":1,"1":4,"2":2,"3":4,"4":2},"b":{"0":[0],"1":[0],"2":[1,3],"3":[1,2],"4":[0],"5":[1,1],"6":[0],"7":[1,3],"8":[1,2],"9":[1,1],"10":[0],"11":[1,1]},"_coverageSchema":"1a1c01bbd47fc00a2c39e90264f33305004495a9","hash":"8c06ecb39f1d650ccda3af37145f971c68f77920"}
,"C:\\Users\\alvar\\Desktop\\Universidad\\Segundo Cuatrimestre\\TFG\\alcompas\\Backend\\controllers\\instrumentos.js": {"path":"C:\\Users\\alvar\\Desktop\\Universidad\\Segundo Cuatrimestre\\TFG\\alcompas\\Backend\\controllers\\instrumentos.js","statementMap":{"0":{"start":{"line":1,"column":16},"end":{"line":1,"column":34}},"1":{"start":{"line":2,"column":20},"end":{"line":2,"column":52}},"2":{"start":{"line":3,"column":12},"end":{"line":3,"column":35}},"3":{"start":{"line":5,"column":32},"end":{"line":20,"column":1}},"4":{"start":{"line":6,"column":4},"end":{"line":19,"column":5}},"5":{"start":{"line":7,"column":23},"end":{"line":7,"column":40}},"6":{"start":{"line":8,"column":29},"end":{"line":8,"column":70}},"7":{"start":{"line":9,"column":8},"end":{"line":12,"column":11}},"8":{"start":{"line":14,"column":8},"end":{"line":14,"column":27}},"9":{"start":{"line":15,"column":8},"end":{"line":18,"column":11}},"10":{"start":{"line":22,"column":28},"end":{"line":37,"column":1}},"11":{"start":{"line":23,"column":4},"end":{"line":36,"column":5}},"12":{"start":{"line":24,"column":30},"end":{"line":24,"column":54}},"13":{"start":{"line":25,"column":28},"end":{"line":25,"column":69}},"14":{"start":{"line":26,"column":8},"end":{"line":29,"column":11}},"15":{"start":{"line":31,"column":8},"end":{"line":31,"column":27}},"16":{"start":{"line":32,"column":8},"end":{"line":35,"column":11}},"17":{"start":{"line":39,"column":32},"end":{"line":69,"column":1}},"18":{"start":{"line":40,"column":4},"end":{"line":68,"column":5}},"19":{"start":{"line":41,"column":28},"end":{"line":41,"column":36}},"20":{"start":{"line":43,"column":22},"end":{"line":43,"column":43}},"21":{"start":{"line":44,"column":24},"end":{"line":44,"column":69}},"22":{"start":{"line":45,"column":26},"end":{"line":45,"column":37}},"23":{"start":{"line":48,"column":8},"end":{"line":53,"column":9}},"24":{"start":{"line":49,"column":12},"end":{"line":52,"column":15}},"25":{"start":{"line":56,"column":33},"end":{"line":56,"column":61}},"26":{"start":{"line":57,"column":36},"end":{"line":57,"column":65}},"27":{"start":{"line":58,"column":8},"end":{"line":61,"column":11}},"28":{"start":{"line":63,"column":8},"end":{"line":63,"column":27}},"29":{"start":{"line":64,"column":8},"end":{"line":67,"column":11}},"30":{"start":{"line":71,"column":28},"end":{"line":106,"column":1}},"31":{"start":{"line":72,"column":4},"end":{"line":105,"column":5}},"32":{"start":{"line":73,"column":30},"end":{"line":73,"column":54}},"33":{"start":{"line":74,"column":28},"end":{"line":74,"column":69}},"34":{"start":{"line":75,"column":8},"end":{"line":80,"column":9}},"35":{"start":{"line":76,"column":12},"end":{"line":79,"column
[...]
,"C:\\Users\\alvar\\Desktop\\Universidad\\Segundo Cuatrimestre\\TFG\\alcompas\\Backend\\routes\\comentarios.js": {"path":"C:\\Users\\alvar\\Desktop\\Universidad\\Segundo Cuatrimestre\\TFG\\alcompas\\Backend\\routes\\comentarios.js","statementMap":{"0":{"start":{"line":1,"column":18},"end":{"line":1,"column":36}},"1":{"start":{"line":2,"column":15},"end":{"line":2,"column":23}},"2":{"start":{"line":3,"column":18},"end":{"line":3,"column":46}},"3":{"start":{"line":4,"column":23},"end":{"line":4,"column":60}},"4":{"start":{"line":5,"column":26},"end":{"line":5,"column":66}},"5":{"start":{"line":6,"column":72},"end":{"line":6,"column":109}},"6":{"start":{"line":10,"column":0},"end":{"line":10,"column":39}},"7":{"start":{"line":13,"column":0},"end":{"line":13,"column":48}},"8":{"start":{"line":16,"column":0},"end":{"line":22,"column":21}},"9":{"start":{"line":24,"column":0},"end":{"line":24,"column":52}},"10":{"start":{"line":27,"column":0},"end":{"line":27,"column":24}}},"fnMap":{},"branchMap":{},"s":{"0":10,"1":10,"2":10,"3":10,"4":10,"5":10,"6":10,"7":10,"8":10,"9":10,"10":10},"f":{},"b":{},"_coverageSchema":"1a1c01bbd47fc00a2c39e90264f33305004495a9","hash":"627ef1c6116b1259d687beccaee15714a122f34c"}
,"C:\\Users\\alvar\\Desktop\\Universidad\\Segundo Cuatrimestre\\TFG\\alcompas\\Backend\\routes\\directivos.js": {"path":"C:\\Users\\alvar\\Desktop\\Universidad\\Segundo Cuatrimestre\\TFG\\alcompas\\Backend\\routes\\directivos.js","statementMap":{"0":{"start":{"line":1,"column":18},"end":{"line":1,"column":36}},"1":{"start":{"line":2,"column":15},"end":{"line":2,"column":23}},"2":{"start":{"line":3,"column":18},"end":{"line":3,"column":46}},"3":{"start":{"line":6,"column":33},"end":{"line":6,"column":69}},"4":{"start":{"line":7,"column":26},"end":{"line":7,"column":66}},"5":{"start":{"line":8,"column":23},"end":{"line":8,"column":60}},"6":{"start":{"line":13,"column":0},"end":{"line":13,"column":25}},"7":{"start":{"line":17,"column":0},"end":{"line":17,"column":62}},"8":{"start":{"line":20,"column":0},"end":{"line":20,"column":37}},"9":{"start":{"line":23,"column":0},"end":{"line":23,"column":50}},"10":{"start":{"line":26,"column":0},"end":{"line":26,"column":51}},"11":{"start":{"line":30,"column":0},"end":{"line":30,"column":24}}},"fnMap":{},"branchMap":{},"s":{"0":10,"1":10,"2":10,"3":10,"4":10,"5":10,"6":10,"7":10,"8":10,"9":10,"10":10,"11":10},"f":{},"b":{},"_coverageSchema":"1a1c01bbd47fc00a2c39e90264f33305004495a9","hash":"7612f0cdc510612b4cad66e5a6fa3777f8d4bdc5"}
,"C:\\Users\\alvar\\Desktop\\Universidad\\Segundo Cuatrimestre\\TFG\\alcompas\\Backend\\routes\\estudios.js": {"path":"C:\\Users\\alvar\\Desktop\\Universidad\\Segundo Cuatrimestre\\TFG\\alcompas\\Backend\\routes\\estudios.js","statementMap":{"0":{"start":{"line":1,"column":18},"end":{"line":1,"column":36}},"1":{"start":{"line":2,"column":15},"end":{"line":2,"column":23}},"2":{"start":{"line":3,"column":18},"end":{"line":3,"column":46}},"3":{"start":{"line":4,"column":23},"end":{"line":4,"column":60}},"4":{"start":{"line":5,"column":26},"end":{"line":5,"column":66}},"5":{"start":{"line":7,"column":31},"end":{"line":7,"column":65}},"6":{"start":{"line":10,"column":0},"end":{"line":10,"column":39}},"7":{"start":{"line":13,"column":0},"end":{"line":13,"column":61}},"8":{"start":{"line":16,"column":0},"end":{"line":16,"column":54}},"9":{"start":{"line":19,"column":0},"end":{"line":19,"column":63}},"10":{"start":{"line":23,"column":0},"end":{"line":45,"column":18}},"11":{"start":{"line":26,"column":26},"end":{"line":26,"column":110}},"12":{"start":{"line":27,"column":12},"end":{"line":29,"column":13}},"13":{"start":{"line":28,"column":16},"end":{"line":28,"column":59}},"14":{"start":{"line":30,"column":12},"end":{"line":30,"column":24}},"15":{"start":{"line":36,"column":26},"end":{"line":36,"column":41}},"16":{"start":{"line":37,"column":12},"end":{"line":39,"column":13}},"17":{"start":{"line":38,"column":16},"end":{"line":38,"column":93}},"18":{"start":{"line":40,"column":12},"end":{"line":40,"column":24}},"19":{"start":{"line":48,"column":0},"end":{"line":70,"column":19}},"20":{"start":{"line":51,"column":26},"end":{"line":51,"column":110}},"21":{"start":{"line":52,"column":12},"end":{"line":54,"column":13}},"22":{"start":{"line":53,"column":16},"end":{"line":53,"column":59}},"23":{"start":{"line":55,"column":12},"end":{"line":55,"column":24}},"24":{"start":{"line":61,"column":26},"end":{"line":61,"column":41}},"25":{"start":{"line":62,"column":12},"end":{"line":64,"column":13}},"26":{"start":{"line":63,"column":16},"end":{"line":63,"column":93}},"27":{"start":{"line":65,"column":12},"end":{"line":65,"column":24}},"28":{"start":{"line":73,"column":0},"end":{"line":73,"column":24}}},"fnMap":{"0":{"name":"(anonymous_0)","decl":{"start":{"line":25,"column":83},"end":{"line":25,"column":84}},"loc":{"start":{"line":25,"column":92},"end":{"line":31,"column":9}},"line":25},"1":{"name":"(anonymous_1)","decl":{"start":{"line":35,"column":83},"end":{"line":35,"column":84}},"loc":{"start":{"line":35,"column":92},"end":{"line":41,"column":9}},"line":35},"2":{"name":"(anonymous_2)","decl":{"start":{"line":50,"column":83},"end":{"line":50,"column":84}},"loc":{"start":{"line":50,"column":92},"end":{"line":56,"column":9}},"line":50},"3":{"name":"(anonymous_3)","decl":{"start":{"line":60,"column":83},"end":{"line":60,"column":84}},"loc":{"start":{"line":60,"column":92},"end":{"line":66,"column":9}},"line":60}},"branchMap":{"0":{"loc":{"start":{"line":27,"column":12},"end":{"line":29,"column":13}},"type":"if","locations":[{"start":{"line":27,"column":12},"end":{"line":29,"column":13}},{"start":{},"end":{}}],"line":27},"1":{"loc":{"start":{"line":37,"column":12},"end":{"line":39,"column":13}},"type":"if","locations":[{"start":{"line":37,"column":12},"end":{"line":39,"column":13}},{"start":{},"end":{}}],"line":37},"2":{"loc":{"start":{"line":52,"column":12},"end":{"line":54,"column":13}},"type":"if","locations":[{"start":{"line":52,"column":12},"end":{"line":54,"column":13}},{"start":{},"end":{}}],"line":52},"3":{"loc":{"start":{"line":62,"column":12},"end":{"line":64,"column":13}},"type":"if","locations":[{"start":{"line":62,"column":12},"end":{"line":64,"column":13}},{"start":{},"end":{}}],"line":62}},"s":{"0":10,"1":10,"2":10,"3":10,"4":10,"5":10,"6":10,"7":10,"8":10,"9":10,"10":10,"11":4,"12":4,"13":0,"14":4,"15":4,"16":4,"17":0,"18":4,"19":10,"20":4,"21":4,"22":0,"23":4,"24":4,"25":4,"26":0,"27":4,"28":10},"f":{"0":4,"1":4,"2":4,"3":4},"b":{"0":[0,4],"1":[0,4],"2":[0,4],"3":[0,4]},"_coverageSchema":"1a1c01bbd47fc00a2c39e90264f33305004495a9","hash":"9f2ebab9257e169a4e529610cc27635989ee8dd5"}
,"C:\\Users\\alvar\\Desktop\\Universidad\\Segundo Cuatrimestre\\TFG\\alcompas\\Backend\\routes\\instrumentos.js": {"path":"C:\\Users\\alvar\\Desktop\\Universidad\\Segundo Cuatrimestre\\TFG\\alcompas\\Backend\\routes\\instrumentos.js","statementMap":{"0":{"start":{"line":1,"column":18},"end":{"line":1,"column":36}},"1":{"start":{"line":2,"column":15},"end":{"line":2,"column":23}},"2":{"start":{"line":3,"column":18},"end":{"line":3,"column":46}},"3":{"start":{"line":4,"column":23},"end":{"line":4,"column":60}},"4":{"start":{"line":5,"column":26},"end":{"line":5,"column":66}},"5":{"start":{"line":6,"column":32},"end":{"line":6,"column":77}},"6":{"start":{"line":8,"column":61},"end":{"line":8,"column":99}},"7":{"start":{"line":12,"column":0},"end":{"line":12,"column":39}},"8":{"start":{"line":15,"column":0},"end":{"line":15,"column":69}},"9":{"start":{"line":18,"column":0},"end":{"line":18,"column":68}},"10":{"start":{"line":21,"column":0},"end":{"line":39,"column":29}},"11":{"start":{"line":24,"column":12},"end":{"line":29,"column":13}},"12":{"start":{"line":25,"column":34},"end":{"line":25,"column":60}},"13":{"start":{"line":26,"column":16},"end":{"line":28,"column":17}},"14":{"start":{"line":27,"column":20},"end":{"line":27,"column":67}},"15":{"start":{"line":30,"column":12},"end":{"line":30,"column":24}},"16":{"start":{"line":42,"column":4},"end":{"line":59,"column":34}},"17":{"start":{"line":45,"column":12},"end":{"line":50,"column":13}},"18":{"start":{"line":46,"column":34},"end":{"line":46,"column":60}},"19":{"start":{"line":47,"column":16},"end":{"line":49,"column":17}},"20":{"start":{"line":48,"column":20},"end":{"line":48,"column":67}},"21":{"start":{"line":51,"column":12},"end":{"line":51,"column":24}},"22":{"start":{"line":62,"column":0},"end":{"line":62,"column":54}},"23":{"start":{"line":64,"column":0},"end":{"line":64,"column":24}}},"fnMap":{"0":{"name":"(anonymous_0)","decl":{"start":{"line":23,"column":67},"end":{"line":23,"column":68}},"loc":{"start":{"line":23,"column":76},"end":{"line":31,"column":9}},"line":23},"1":{"name":"(anonymous_1)","decl":{"start":{"line":44,"column":67},"end":{"line":44,"column":68}},"loc":{"start":{"line":44,"column":76},"end":{"line":52,"column":9}},"line":44}},"branchMap":{"0":{"loc":{"start":{"line":24,"column":12},"end":{"line":29,"column":13}},"type":"if","locations":[{"start":{"line":24,"column":12},"end":{"line":29,"column":13}},{"start":{},"end":{}}],"line":24},"1":{"loc":{"start":{"line":26,"column":16},"end":{"line":28,"column":17}},"type":"if","locations":[{"start":{"line":26,"column":16},"end":{"line":28,"column":17}},{"start":{},"end":{}}],"line":26},"2":{"loc":{"start":{"line":45,"column":12},"end":{"line":50,"column":13}},"type":"if","locations":[{"start":{"line":45,"column":12},"end":{"line":50,"column":13}},{"start":{},"end":{}}],"line":45},"3":{"loc":{"start":{"line":47,"column":16},"end":{"line":49,"column":17}},"type":"if","locations":[{"start":{"line":47,"column":16},"end":{"line":49,"column":17}},{"start":{},"end":{}}],"line":47}},"s":{"0":10,"1":10,"2":10,"3":10,"4":10,"5":10,"6":10,"7":10,"8":10,"9":10,"10":10,"11":3,"12":3,"13":3,"14":0,"15":3,"16":10,"17":4,"18":4,"19":4,"20":0,"21":4,"22":10,"23":10},"f":{"0":3,"1":4},"b":{"0":[3,0],"1":[0,3],"2":[4,0],"3":[0,4]},"_coverageSchema":"1a1c01bbd47fc00a2c39e90264f33305004495a9","hash":"92b494e6d39c7953fba8c3f9dd0358a77974751c"}
,"C:\\Users\\alvar\\Desktop\\Universidad\\Segundo Cuatrimestre\\TFG\\alcompas\\Backend\\routes\\musicos.js": {"path":"C:\\Users\\alvar\\Desktop\\Universidad\\Segundo Cuatrimestre\\TFG\\alcompas\\Backend\\routes\\musicos.js","statementMap":{"0":{"start":{"line":1,"column":18},"end":{"line":1,"column":36}},"1":{"start":{"line":2,"column":15},"end":{"line":2,"column":23}},"2":{"start":{"line":3,"column":18},"end":{"line":3,"column":46}},"3":{"start":{"line":6,"column":31},"end":{"line":6,"column":64}},"4":{"start":{"line":7,"column":26},"end":{"line":7,"column":66}},"5":{"start":{"line":8,"column":32},"end":{"line":8,"column":77}},"6":{"start":{"line":9,"column":23},"end":{"line":9,"column":60}},"7":{"start":{"line":10,"column":23},"end":{"line":10,"column":60}},"8":{"start":{"line":15,"column":0},"end":{"line":15,"column":25}},"9":{"start":{"line":18,"column":0},"end":{"line":18,"column":59}},"10":{"start":{"line":21,"column":0},"end":{"line":21,"column":60}},"11":{"start":{"line":24,"column":0},"end":{"line":24,"column":34}},"12":{"start":{"line":27,"column":0},"end":{"line":27,"column":51}},"13":{"start":{"line":29,"column":0},"end":{"line":29,"column":24}}},"fnMap":{},"branchMap":{},"s":{"0":10,"1":10,"2":10,"3":10,"4":10,"5":10,"6":10,"7":10,"8":10,"9":10,"10":10,"11":10,"12":10,"13":10},"f":{},"b":{},"_coverageSchema":"1a1c01bbd47fc00a2c39e90264f33305004495a9","hash":"2319ad60e1bfe0cf79d73a7561c1d53442c010f6"}
,"C:\\Users\\alvar\\Desktop\\Universidad\\Segundo Cuatrimestre\\TFG\\alcompas\\Backend\\routes\\peticiones.js": {"path":"C:\\Users\\alvar\\Desktop\\Universidad\\Segundo Cuatrimestre\\TFG\\alcompas\\Backend\\routes\\peticiones.js","statementMap":{"0":{"start":{"line":1,"column":18},"end":{"line":1,"column":36}},"1":{"start":{"line":2,"column":15},"end":{"line":2,"column":23}},"2":{"start":{"line":3,"column":18},"end":{"line":3,"column":46}},"3":{"start":{"line":4,"column":23},"end":{"line":4,"column":60}},"4":{"start":{"line":5,"column":26},"end":{"line":5,"column":66}},"5":{"start":{"line":6,"column":25},"end":{"line":6,"column":64}},"6":{"start":{"line":7,"column":32},"end":{"line":7,"column":77}},"7":{"start":{"line":8,"column":23},"end":{"line":8,"column":60}},"8":{"start":{"line":10,"column":35},"end":{"line":10,"column":71}},"9":{"start":{"line":13,"column":0},"end":{"line":13,"column":39}},"10":{"start":{"line":16,"column":0},"end":{"line":16,"column":46}},"11":{"start":{"line":19,"column":0},"end":{"line":19,"column":68}},"12":{"start":{"line":22,"column":0},"end":{"line":22,"column":52}},"13":{"start":{"line":25,"column":0},"end":{"line":25,"column":54}},"14":{"start":{"line":28,"column":0},"end":{"line":74,"column":19}},"15":{"start":{"line":31,"column":31},"end":{"line":31,"column":51}},"16":{"start":{"line":32,"column":31},"end":{"line":32,"column":51}},"17":{"start":{"line":33,"column":31},"end":{"line":33,"column":48}},"18":{"start":{"line":35,"column":12},"end":{"line":37,"column":13}},"19":{"start":{"line":36,"column":16},"end":{"line":36,"column":55}},"20":{"start":{"line":38,"column":12},"end":{"line":38,"column":24}},"21":{"start":{"line":41,"column":12},"end":{"line":47,"column":13}},"22":{"start":{"line":42,"column":34},"end":{"line":42,"column":53}},"23":{"start":{"line":44,"column":16},"end":{"line":46,"column":17}},"24":{"start":{"line":45,"column":20},"end":{"line":45,"column":61}},"25":{"start":{"line":48,"column":12},"end":{"line":48,"column":24}},"26":{"start":{"line":52,"column":12},"end":{"line":57,"column":13}},"27":{"start":{"line":53,"column":34},"end":{"line":53,"column":60}},"28":{"start":{"line":54,"column":16},"end":{"line":56,"column":17}},"29":{"start":{"line":55,"column":20},"end":{"line":55,"column":67}},"30":{"start":{"line":58,"column":12},"end":{"line":58,"column":24}},"31":{"start":{"line":61,"column":12},"end":{"line":66,"column":13}},"32":{"start":{"line":62,"column":34},"end":{"line":62,"column":51}},"33":{"start":{"line":63,"column":16},"end":{"line":65,"column":17}},"34":{"start":{"line":64,"column":20},"end":{"line":64,"column":59}},"35":{"start":{"line":67,"column":12},"end":{"line":67,"column":24}},"36":{"start":{"line":77,"column":0},"end":{"line":77,"column":24}}},"fnMap":{"0":{"name":"(anonymous_0)","decl":{"start":{"line":30,"column":63},"end":{"line":30,"column":64}},"loc":{"start":{"line":30,"column":72},"end":{"line":39,"column":9}},"line":30},"1":{"name":"(anonymous_1)","decl":{"start":{"line":40,"column":56},"end":{"line":40,"column":57}},"loc":{"start":{"line":40,"column":65},"end":{"line":49,"column":9}},"line":40},"2":{"name":"(anonymous_2)","decl":{"start":{"line":51,"column":67},"end":{"line":51,"column":68}},"loc":{"start":{"line":51,"column":76},"end":{"line":59,"column":9}},"line":51},"3":{"name":"(anonymous_3)","decl":{"start":{"line":60,"column":51},"end":{"line":60,"column":52}},"loc":{"start":{"line":60,"column":60},"end":{"line":68,"column":9}},"line":60}},"branchMap":{"0":{"loc":{"start":{"line":35,"column":12},"end":{"line":37,"column":13}},"type":"if","locations":[{"start":{"line":35,"column":12},"end":{"line":37,"column":13}},{"start":{},"end":{}}],"line":35},"1":{"loc":{"start":{"line":35,"column":15},"end":{"line":35,"column":56}},"type":"binary-expr","locations":[{"start":{"line":35,"column":15},"end":{"line":35,"column":26}},{"start":{"line":35,"column":30},"end":{"line":35,"column":41}},{"start":{"line":35,"column":45},"end":{"line":35,"column":56}}],"line":35},"2":{"loc":{"start":{"line":41,"column":12},"end":{"line":47,"column":13}},"type":"if","locations":[{"start":{"line":41,"column":12},"end":{"line":47,"column":13}},{"start":{},"end":{}}],"line":41},"3":{"loc":{"start":{"line":44,"column":16},"end":{"line":46,"column":17}},"type":"if","locations":[{"start":{"line":44,"column":16},"end":{"line":46,"column":17}},{"start":{},"end":{}}],"line":44},"4":{"loc":{"start":{"line":52,"column":12},"end":{"line":57,"column":13}},"type":"if","locations":[{"start":{"line":52,"column":12},"end":{"line":57,"column":13}},{"start":{},"end":{}}],"line":52},"5":{"loc":{"start":{"line":54,"column":16},"end":{"line":56,"column":17}},"type":"if","locations":[{"start":{"line":54,"column":16},"end":{"line":56,"column":17}},{"start":{},"end":{}}],"line":54},"6":{"loc":{"start":{"line":61,"column":12},"end":{"line":66,"column":13}},"type":"if","locations":[{"start":{"line":61,"column":12},"end":{"line":66,"column":13}},{"start":{},"end":{}}],"line":61},"7":{"loc":{"start":{"line":63,"column":16},"end":{"line":65,"column":17}},"type":"if","locations":[{"start":{"line":63,"column":16},"end":{"line":65,"column":17}},{"start":{},"end":{}}],"line":63}},"s":{"0":10,"1":10,"2":10,"3":10,"4":10,"5":10,"6":10,"7":10,"8":10,"9":10,"10":10,"11":10,"12":10,"13":10,"14":10,"15":11,"16":11,"17":11,"18":11,"19":0,"20":11,"21":11,"22":0,"23":0,"24":0,"25":11,"26":11,"27":8,"28":8,"29":0,"30":11,"31":11,"32":7,"33":7,"34":0,"35":11,"36":10},"f":{"0":11,"1":11,"2":11,"3":11},"b":{"0":[0,11],"1":[11,11,7],"2":[0,11],"3":[0,0],"4":[8,3],"5":[0,8],"6":[7,4],"7":[0,7]},"_coverageSchema":"1a1c01bbd47fc00a2c39e90264f33305004495a9","hash":"d22259a4c4c0468716312101b14ffcb7814b0340"}
,"C:\\Users\\alvar\\Desktop\\Universidad\\Segundo Cuatrimestre\\TFG\\alcompas\\Backend\\routes\\redesSociales.js": {"path":"C:\\Users\\alvar\\Desktop\\Universidad\\Segundo Cuatrimestre\\TFG\\alcompas\\Backend\\routes\\redesSociales.js","statementMap":{"0":{"start":{"line":1,"column":18},"end":{"line":1,"column":36}},"1":{"start":{"line":2,"column":15},"end":{"line":2,"column":23}},"2":{"start":{"line":3,"column":18},"end":{"line":3,"column":46}},"3":{"start":{"line":4,"column":23},"end":{"line":4,"column":60}},"4":{"start":{"line":5,"column":26},"end":{"line":5,"column":66}},"5":{"start":{"line":6,"column":65},"end":{"line":6,"column":104}},"6":{"start":{"line":9,"column":0},"end":{"line":9,"column":39}},"7":{"start":{"line":12,"column":0},"end":{"line":17,"column":20}},"8":{"start":{"line":20,"column":0},"end":{"line":20,"column":47}},"9":{"start":{"line":23,"column":0},"end":{"line":23,"column":41}},"10":{"start":{"line":27,"column":0},"end":{"line":27,"column":24}}},"fnMap":{},"branchMap":{},"s":{"0":10,"1":10,"2":10,"3":10,"4":10,"5":10,"6":10,"7":10,"8":10,"9":10,"10":10},"f":{},"b":{},"_coverageSchema":"1a1c01bbd47fc00a2c39e90264f33305004495a9","hash":"32115fef3016af28e456459ee6de98a7eefc4fdb"}
,"C:\\Users\\alvar\\Desktop\\Universidad\\Segundo Cuatrimestre\\TFG\\alcompas\\Backend\\routes\\uploads.js": {"path":"C:\\Users\\alvar\\Desktop\\Universidad\\Segundo Cuatrimestre\\TFG\\alcompas\\Backend\\routes\\uploads.js","statementMap":{"0":{"start":{"line":1,"column":18},"end":{"line":1,"column":36}},"1":{"start":{"line":2,"column":15},"end":{"line":2,"column":23}},"2":{"start":{"line":3,"column":18},"end":{"line":3,"column":46}},"3":{"start":{"line":4,"column":23},"end":{"line":4,"column":60}},"4":{"start":{"line":5,"column":26},"end":{"line":5,"column":66}},"5":{"start":{"line":6,"column":32},"end":{"line":6,"column":73}},"6":{"start":{"line":7,"column":82},"end":{"line":7,"column":115}},"7":{"start":{"line":11,"column":0},"end":{"line":11,"column":39}},"8":{"start":{"line":15,"column":0},"end":{"line":15,"column":84}},"9":{"start":{"line":18,"column":0},"end":{"line":18,"column":85}},"10":{"start":{"line":21,"column":0},"end":{"line":24,"column":24}},"11":{"start":{"line":27,"column":0},"end":{"line":30,"column":22}},"12":{"start":{"line":32,"column":0},"end":{"line":32,"column":24}}},"fnMap":{},"branchMap":{},"s":{"0":10,"1":10,"2":10,"3":10,"4":10,"5":10,"6":10,"7":10,"8":10,"9":10,"10":10,"11":10,"12":10},"f":{},"b":{},"_coverageSchema":"1a1c01bbd47fc00a2c39e90264f33305004495a9","hash":"e92262a236a0984d0f533dcba58b524ec534c0ee"}
}
