{"C:\\Users\\alvar\\Desktop\\Universidad\\Segundo Cuatrimestre\\TFG\\alcompas\\Backend\\index.js": {"path":"C:\\Users\\alvar\\Desktop\\Universidad\\Segundo Cuatrimestre\\TFG\\alcompas\\Backend\\index.js","statementMap":{"0":{"start":{"line":1,"column":16},"end":{"line":1,"column":34}},"1":{"start":{"line":2,"column":13},"end":{"line":2,"column":28}},"2":{"start":{"line":3,"column":25},"end":{"line":3,"column":53}},"3":{"start":{"line":4,"column":19},"end":{"line":4,"column":48}},"4":{"start":{"line":5,"column":0},"end":{"line":5,"column":26}},"5":{"start":{"line":8,"column":12},"end":{"line":8,"column":21}},"6":{"start":{"line":11,"column":0},"end":{"line":11,"column":15}},"7":{"start":{"line":14,"column":0},"end":{"line":14,"column":16}},"8":{"start":{"line":17,"column":0},"end":{"line":17,"column":36}},"9":{"start":{"line":20,"column":0},"end":{"line":20,"column":26}},"10":{"start":{"line":23,"column":0},"end":{"line":27,"column":4}},"11":{"start":{"line":43,"column":0},"end":{"line":43,"column":47}},"12":{"start":{"line":44,"column":0},"end":{"line":44,"column":51}},"13":{"start":{"line":45,"column":0},"end":{"line":45,"column":59}},"14":{"start":{"line":46,"column":0},"end":{"line":46,"column":53}},"15":{"start":{"line":47,"column":0},"end":{"line":47,"column":59}},"16":{"start":{"line":48,"column":0},"end":{"line":48,"column":59}},"17":{"start":{"line":49,"column":0},"end":{"line":49,"column":61}},"18":{"start":{"line":50,"column":0},"end":{"line":50,"column":63}},"19":{"start":{"line":51,"column":0},"end":{"line":51,"column":55}},"20":{"start":{"line":52,"column":0},"end":{"line":52,"column":51}},"21":{"start":{"line":53,"column":0},"end":{"line":53,"column":57}},"22":{"start":{"line":56,"column":0},"end":{"line":58,"column":2}},"23":{"start":{"line":57,"column":4},"end":{"line":57,"column":72}},"24":{"start":{"line":60,"column":0},"end":{"line":62,"column":1}}},"fnMap":{"0":{"name":"(anonymous_0)","decl":{"start":{"line":56,"column":30},"end":{"line":56,"column":31}},"loc":{"start":{"line":56,"column":36},"end":{"line":58,"column":1}},"line":56}},"branchMap":{},"s":{"0":1,"1":1,"2":1,"3":1,"4":1,"5":1,"6":1,"7":1,"8":1,"9":1,"10":1,"11":1,"12":1,"13":1,"14":1,"15":1,"16":1,"17":1,"18":1,"19":1,"20":1,"21":1,"22":1,"23":1,"24":1},"f":{"0":1},"b":{},"_coverageSchema":"1a1c01bbd47fc00a2c39e90264f33305004495a9","hash":"0cf2481f79c74ddbe33a28de749cae4c16488e44"}
,"C:\\Users\\alvar\\Desktop\\Universidad\\Segundo Cuatrimestre\\TFG\\alcompas\\Backend\\controllers\\archiveros.js": {"path":"C:\\Users\\alvar\\Desktop\\Universidad\\Segundo Cuatrimestre\\TFG\\alcompas\\Backend\\controllers\\archiveros.js","statementMap":{"0":{"start":{"line":1,"column":16},"end":{"line":1,"column":34}},"1":{"start":{"line":2,"column":18},"end":{"line":2,"column":48}},"2":{"start":{"line":3,"column":18},"end":{"line":3,"column":48}},"3":{"start":{"line":4,"column":12},"end":{"line":4,"column":35}},"4":{"start":{"line":7,"column":27},"end":{"line":41,"column":1}},"5":{"start":{"line":8,"column":4},"end":{"line":40,"column":5}},"6":{"start":{"line":9,"column":26},"end":{"line":9,"column":33}},"7":{"start":{"line":13,"column":32},"end":{"line":13,"column":76}},"8":{"start":{"line":15,"column":8},"end":{"line":28,"column":9}},"9":{"start":{"line":16,"column":12},"end":{"line":16,"column":37}},"10":{"start":{"line":18,"column":12},"end":{"line":27,"column":13}},"11":{"start":{"line":19,"column":36},"end":{"line":19,"column":46}},"12":{"start":{"line":20,"column":16},"end":{"line":20,"column":46}},"13":{"start":{"line":21,"column":30},"end":{"line":21,"column":46}},"14":{"start":{"line":23,"column":16},"end":{"line":26,"column":19}},"15":{"start":{"line":29,"column":8},"end":{"line":32,"column":11}},"16":{"start":{"line":34,"column":8},"end":{"line":34,"column":26}},"17":{"start":{"line":35,"column":8},"end":{"line":38,"column":11}},"18":{"start":{"line":43,"column":27},"end":{"line":60,"column":1}},"19":{"start":{"line":44,"column":22},"end":{"line":44,"column":35}},"20":{"start":{"line":45,"column":4},"end":{"line":59,"column":5}},"21":{"start":{"line":46,"column":26},"end":{"line":46,"column":76}},"22":{"start":{"line":49,"column":8},"end":{"line":52,"column":11}},"23":{"start":{"line":54,"column":8},"end":{"line":54,"column":26}},"24":{"start":{"line":55,"column":8},"end":{"line":58,"column":11}},"25":{"start":{"line":62,"column":29},"end":{"line":77,"column":1}},"26":{"start":{"line":63,"column":4},"end":{"line":76,"column":5}},"27":{"start":{"line":64,"column":26},"end":{"line":64,"column":39}},"28":{"start":{"line":65,"column":26},"end":{"line":65,"column":70}},"29":{"start":{"line":66,"column":8},"end":{"line":69,"column":11}},"30":{"start":{"line":71,"column":8},"end":{"line":71,"column":26}},"31":{"start":{"line":72,"column":8},"end":{"line":75,"column":11}},"32":{"start":{"line":79,"column":0},"end":{"line":83,"column":1}}},"fnMap":{"0":{"name":"(anonymous_0)","decl":{"start":{"line":7,"column":27},"end":{"line":7,"column":28}},"loc":{"start":{"line":7,"column":65},"end":{"line":41,"column":1}},"line":7},"1":{"name":"(anonymous_1)","decl":{"start":{"line":43,"column":27},"end":{"line":43,"column":28}},"loc":{"start":{"line":43,"column":65},"end":{"line":60,"column":1}},"line":43},"2":{"name":"(anonymous_2)","decl":{"start":{"line":62,"column":29},"end":{"line":62,"column":30}},"loc":{"start":{"line":62,"column":67},"end":{"line":77,"column":1}},"line":62}},"branchMap":{"0":{"loc":{"start":{"line":7,"column":38},"end":{"line":7,"column":60}},"type":"default-arg","locations":[{"start":{"line":7,"column":44},"end":{"line":7,"column":60}}],"line":7},"1":{"loc":{"start":{"line":18,"column":12},"end":{"line":27,"column":13}},"type":"if","locations":[{"start":{"line":18,"column":12},"end":{"line":27,"column":13}},{"start":{},"end":{}}],"line":18},"2":{"loc":{"start":{"line":43,"column":38},"end":{"line":43,"column":60}},"type":"default-arg","locations":[{"start":{"line":43,"column":44},"end":{"line":43,"column":60}}],"line":43},"3":{"loc":{"start":{"line":62,"column":40},"end":{"line":62,"column":62}},"type":"default-arg","locations":[{"start":{"line":62,"column":46},"end":{"line":62,"column":62}}],"line":62}},"s":{"0":1,"1":1,"2":1,"3":1,"4":1,"5":0,"6":0,"7":0,"8":0,"9":0,"10":0,"11":0,"12":0,"13":0,"14":0,"15":0,"16":0,"17":0,"18":1,"19":0,"20":0,"21":0,"22":0,"23":0,"24":0,"25":1,"26":0,"27":0,"28":0,"29":0,"30":0,"31":0,"32":1},"f":{"0":0,"1":0,"2":0},"b":{"0":[0],"1":[0,0],"2":[0],"3":[0]},"_coverageSchema":"1a1c01bbd47fc00a2c39e90264f33305004495a9","hash":"c355597085315a390b96057ba506158a5ad79880"}
,"C:\\Users\\alvar\\Desktop\\Universidad\\Segundo Cuatrimestre\\TFG\\alcompas\\Backend\\controllers\\auth.js": {"path":"C:\\Users\\alvar\\Desktop\\Universidad\\Segundo Cuatrimestre\\TFG\\alcompas\\Backend\\controllers\\auth.js","statementMap":{"0":{"start":{"line":1,"column":16},"end":{"line":1,"column":34}},"1":{"start":{"line":2,"column":16},"end":{"line":2,"column":44}},"2":{"start":{"line":3,"column":19},"end":{"line":3,"column":50}},"3":{"start":{"line":4,"column":20},"end":{"line":4,"column":52}},"4":{"start":{"line":5,"column":15},"end":{"line":5,"column":42}},"5":{"start":{"line":6,"column":18},"end":{"line":6,"column":48}},"6":{"start":{"line":7,"column":18},"end":{"line":7,"column":48}},"7":{"start":{"line":8,"column":16},"end":{"line":8,"column":44}},"8":{"start":{"line":9,"column":15},"end":{"line":9,"column":34}},"9":{"start":{"line":10,"column":23},"end":{"line":10,"column":48}},"10":{"start":{"line":11,"column":12},"end":{"line":11,"column":35}},"11":{"start":{"line":17,"column":21},"end":{"line":78,"column":1}},"12":{"start":{"line":19,"column":59},"end":{"line":19,"column":67}},"13":{"start":{"line":21,"column":4},"end":{"line":77,"column":5}},"14":{"start":{"line":22,"column":28},"end":{"line":22,"column":61}},"15":{"start":{"line":23,"column":8},"end":{"line":28,"column":9}},"16":{"start":{"line":24,"column":12},"end":{"line":27,"column":15}},"17":{"start":{"line":30,"column":8},"end":{"line":30,"column":55}},"18":{"start":{"line":31,"column":8},"end":{"line":36,"column":9}},"19":{"start":{"line":32,"column":12},"end":{"line":35,"column":15}},"20":{"start":{"line":38,"column":8},"end":{"line":38,"column":60}},"21":{"start":{"line":39,"column":8},"end":{"line":44,"column":9}},"22":{"start":{"line":40,"column":12},"end":{"line":43,"column":15}},"23":{"start":{"line":45,"column":8},"end":{"line":45,"column":59}},"24":{"start":{"line":46,"column":8},"end":{"line":51,"column":9}},"25":{"start":{"line":47,"column":12},"end":{"line":50,"column":15}},"26":{"start":{"line":53,"column":8},"end":{"line":53,"column":46}},"27":{"start":{"line":54,"column":8},"end":{"line":54,"column":44}},"28":{"start":{"line":57,"column":21},"end":{"line":57,"column":41}},"29":{"start":{"line":58,"column":8},"end":{"line":58,"column":69}},"30":{"start":{"line":59,"column":8},"end":{"line":59,"column":35}},"31":{"start":{"line":62,"column":22},"end":{"line":62,"column":80}},"32":{"start":{"line":64,"column":8},"end":{"line":70,"column":7}},"33":{"start":{"line":72,"column":8},"end":{"line":72,"column":26}},"34":{"start":{"line":73,"column":8},"end":{"line":76,"column":11}},"35":{"start":{"line":81,"column":21},"end":{"line":159,"column":1}},"36":{"start":{"line":83,"column":4},"end":{"line":157,"column":5}},"37":{"start":{"line":85,"column":51},"end":{"line":85,"column":59}},"38":{"start":{"line":86,"column":19},"end":{"line":86,"column":32}},"39":{"start":{"line":89,"column":18},"end":{"line":89,"column":39}},"40":{"start":{"line":90,"column":24},"end":{"line":90,"column":65}},"41":{"start":{"line":91,"column":26},"end":{"line":91,"column":37}},"42":{"start":{"line":93,"column":8},"end":{"line":98,"column":9}},"43":{"start":{"line":94,"column":12},"end":{"line":97,"column":15}},"44":{"start":{"line":100,"column":28},"end":{"line":100,"column":61}},"45":{"start":{"line":101,"column":8},"end":{"line":106,"column":9}},"46":{"start":{"line":102,"column":12},"end":{"line":105,"column":15}},"47":{"start":{"line":108,"column":8},"end":{"line":108,"column":55}},"48":{"start":{"line":109,"column":8},"end":{"line":114,"column":9}},"49":{"start":{"line":110,"column":12},"end":{"line":113,"column":15}},"50":{"start":{"line":116,"column":8},"end":{"line":116,"column":60}},"51":{"start":{"line":117,"column":8},"end":{"line":122,"column":9}},"52":{"start":{"line":118,"column":12},"end":{"line":121,"column":15}},"53":{"start":{"line":123,"column":8},"end":{"line":123,"column":59}},"54":{"start":{"line":124,"column":8},"end":{"line":129,"column":9}},"55":{"start":{"line":125,"column":12},"end":{"line":128,"column":15}},"56":{"start":{"line":131,"column":32},"end":{"line":131,"column":58}},"57":{"start":{"line":134,"column":8},"end":{"line":134,"column":46}},"58":{"start":{"line":135,"column":8},"end":{"line":135,"column":44}},"59":{"start":{"line":136,"column":8},"end":{"line":136,"column":62}},"60":{"start":{"line":137,"column":8},"end":{"line":137,"column":48}},"61":{"start":{"line":139,"column":28},"end":{"line":139,"column":93}},"62":{"start":{"line":142,"column":22},"end":{"line":142,"column":76}},"63":{"start":{"line":144,"column":8},"end":{"line":150,"column":7}},"64":{"start":{"line":152,"column":8},"end":{"line":152,"column":26}},"65":{"start":{"line":153,"column":8},"end":{"line":156,"column":11}},"66":{"start":{"line":161,"column":28},"end":{"line":200,"column":1}},"67":{"start":{"line":163,"column":4},"end":{"line":199,"column":5}},"68":{"start":{"line":164,"column":23},"end":{"line":164,"column":31}},"69":{"start":{"line":165,"column":23},"end":{"line":165,"column":36}},"70":{"start":{"line":168,"column":18},"end":{"line":168,"column":39}},"71":{"start":{"line":169,"column":24},"end":{"line":169,"column":65}},"72":{"start":{"line":170,"column":26},"end":{"line":170,"column":37}},"73":{"start":{"line":172,"column":8},"end":{"line":177,"column":9}},"74":{"start":{"line":173,"column":12},"end":{"line":176,"column":15}},"75":{"start":{"line":179,"column":21},"end":{"line":179,"column":41}},"76":{"start":{"line":180,"column":22},"end":{"line":180,"column":52}},"77":{"start":{"line":182,"column":42},"end":{"line":182,"column":87}},"78":{"start":{"line":184,"column":8},"end":{"line":184,"column":55}},"79":{"start":{"line":185,"column":8},"end":{"line":185,"column":92}},"80":{"start":{"line":187,"column":9},"end":{"line":187,"column":76}},"81":{"start":{"line":188,"column":8},"end":{"line":192,"column":7}},"82":{"start":{"line":194,"column":8},"end":{"line":194,"column":26}},"83":{"start":{"line":195,"column":8},"end":{"line":198,"column":11}},"84":{"start":{"line":202,"column":21},"end":{"line":237,"column":1}},"85":{"start":{"line":203,"column":35},"end":{"line":203,"column":43}},"86":{"start":{"line":204,"column":4},"end":{"line":236,"column":5}},"87":{"start":{"line":205,"column":30},"end":{"line":205,"column":63}},"88":{"start":{"line":206,"column":8},"end":{"line":211,"column":9}},"89":{"start":{"line":207,"column":12},"end":{"line":210,"column":15}},"90":{"start":{"line":212,"column":34},"end":{"line":212,"column":90}},"91":{"start":{"line":213,"column":8},"end":{"line":218,"column":9}},"92":{"start":{"line":214,"column":12},"end":{"line":217,"column":15}},"93":{"start":{"line":221,"column":22},"end":{"line":221,"column":80}},"94":{"start":{"line":224,"column":8},"end":{"line":229,"column":11}},"95":{"start":{"line":231,"column":8},"end":{"line":231,"column":27}},"96":{"start":{"line":232,"column":8},"end":{"line":235,"column":11}},"97":{"start":{"line":239,"column":23},"end":{"line":265,"column":1}},"98":{"start":{"line":241,"column":16},"end":{"line":241,"column":23}},"99":{"start":{"line":242,"column":19},"end":{"line":242,"column":29}},"100":{"start":{"line":245,"column":14},"end":{"line":245,"column":35}},"101":{"start":{"line":246,"column":20},"end":{"line":246,"column":61}},"102":{"start":{"line":247,"column":22},"end":{"line":247,"column":33}},"103":{"start":{"line":249,"column":4},"end":{"line":254,"column":5}},"104":{"start":{"line":250,"column":8},"end":{"line":253,"column":11}},"105":{"start":{"line":258,"column":18},"end":{"line":258,"column":49}},"106":{"start":{"line":260,"column":4},"end":{"line":264,"column":7}},"107":{"start":{"line":267,"column":16},"end":{"line":288,"column":1}},"108":{"start":{"line":269,"column":4},"end":{"line":286,"column":5}},"109":{"start":{"line":271,"column":20},"end":{"line":271,"column":33}},"110":{"start":{"line":272,"column":24},"end":{"line":272,"column":51}},"111":{"start":{"line":276,"column":8},"end":{"line":279,"column":11}},"112":{"start":{"line":281,"column":8},"end":{"line":281,"column":27}},"113":{"start":{"line":282,"column":8},"end":{"line":285,"column":11}},"114":{"start":{"line":294,"column":19},"end":{"line":332,"column":1}},"115":{"start":{"line":296,"column":4},"end":{"line":330,"column":5}},"116":{"start":{"line":297,"column":20},"end":{"line":297,"column":33}},"117":{"start":{"line":300,"column":18},"end":{"line":300,"column":39}},"118":{"start":{"line":301,"column":24},"end":{"line":301,"column":65}},"119":{"start":{"line":302,"column":26},"end":{"line":302,"column":37}},"120":{"start":{"line":304,"column":8},"end":{"line":309,"column":9}},"121":{"start":{"line":305,"column":12},"end":{"line":308,"column":15}},"122":{"start":{"line":311,"column":8},"end":{"line":311,"column":52}},"123":{"start":{"line":312,"column":8},"end":{"line":312,"column":48}},"124":{"start":{"line":313,"column":8},"end":{"line":313,"column":51}},"125":{"start":{"line":314,"column":8},"end":{"line":314,"column":51}},"126":{"start":{"line":315,"column":8},"end":{"line":315,"column":49}},"127":{"start":{"line":316,"column":8},"end":{"line":316,"column":53}},"128":{"start":{"line":318,"column":24},"end":{"line":318,"column":60}},"129":{"start":{"line":320,"column":8},"end":{"line":323,"column":11}},"130":{"start":{"line":325,"column":8},"end":{"line":325,"column":27}},"131":{"start":{"line":326,"column":8},"end":{"line":329,"column":11}},"132":{"start":{"line":337,"column":24},"end":{"line":374,"column":1}},"133":{"start":{"line":338,"column":4},"end":{"line":373,"column":5}},"134":{"start":{"line":339,"column":20},"end":{"line":339,"column":33}},"135":{"start":{"line":342,"column":18},"end":{"line":342,"column":39}},"136":{"start":{"line":343,"column":24},"end":{"line":343,"column":65}},"137":{"start":{"line":344,"column":26},"end":{"line":344,"column":37}},"138":{"start":{"line":346,"column":18},"end":{"line":346,"column":51}},"139":{"start":{"line":347,"column":8},"end":{"line":352,"column":9}},"140":{"start":{"line":348,"column":12},"end":{"line":351,"column":15}},"141":{"start":{"line":354,"column":8},"end":{"line":354,"column":52}},"142":{"start":{"line":355,"column":8},"end":{"line":355,"column":48}},"143":{"start":{"line":356,"column":8},"end":{"line":356,"column":51}},"144":{"start":{"line":357,"column":8},"end":{"line":357,"column":51}},"145":{"start":{"line":358,"column":8},"end":{"line":358,"column":49}},"146":{"start":{"line":359,"column":8},"end":{"line":359,"column":53}},"147":{"start":{"line":361,"column":24},"end":{"line":361,"column":60}},"148":{"start":{"line":362,"column":8},"end":{"line":365,"column":11}},"149":{"start":{"line":368,"column":8},"end":{"line":368,"column":27}},"150":{"start":{"line":369,"column":8},"end":{"line":372,"column":11}},"151":{"start":{"line":376,"column":15},"end":{"line":390,"column":1}},"152":{"start":{"line":377,"column":4},"end":{"line":389,"column":5}},"153":{"start":{"line":378,"column":25},"end":{"line":378,"column":45}},"154":{"start":{"line":379,"column":8},"end":{"line":382,"column":11}},"155":{"start":{"line":384,"column":8},"end":{"line":384,"column":27}},"156":{"start":{"line":385,"column":8},"end":{"line":388,"column":11}},"157":{"start":{"line":392,"column":22},"end":{"line":407,"column":1}},"158":{"start":{"line":393,"column":4},"end":{"line":406,"column":5}},"159":{"start":{"line":394,"column":25},"end":{"line":394,"column":44}},"160":{"start":{"line":395,"column":24},"end":{"line":395,"column":63}},"161":{"start":{"line":396,"column":8},"end":{"line":399,"column":11}},"162":{"start":{"line":401,"column":8},"end":{"line":401,"column":27}},"163":{"start":{"line":402,"column":8},"end":{"line":405,"column":11}},"164":{"start":{"line":408,"column":0},"end":{"line":419,"column":1}}},"fnMap":{"0":{"name":"(anonymous_0)","decl":{"start":{"line":17,"column":21},"end":{"line":17,"column":22}},"loc":{"start":{"line":17,"column":59},"end":{"line":78,"column":1}},"line":17},"1":{"name":"(anonymous_1)","decl":{"start":{"line":81,"column":21},"end":{"line":81,"column":22}},"loc":{"start":{"line":81,"column":59},"end":{"line":159,"column":1}},"line":81},"2":{"name":"(anonymous_2)","decl":{"start":{"line":161,"column":28},"end":{"line":161,"column":29}},"loc":{"start":{"line":161,"column":66},"end":{"line":200,"column":1}},"line":161},"3":{"name":"(anonymous_3)","decl":{"start":{"line":202,"column":21},"end":{"line":202,"column":22}},"loc":{"start":{"line":202,"column":59},"end":{"line":237,"column":1}},"line":202},"4":{"name":"(anonymous_4)","decl":{"start":{"line":239,"column":23},"end":{"line":239,"column":24}},"loc":{"start":{"line":239,"column":61},"end":{"line":265,"column":1}},"line":239},"5":{"name":"(anonymous_5)","decl":{"start":{"line":267,"column":16},"end":{"line":267,"column":17}},"loc":{"start":{"line":267,"column":54},"end":{"line":288,"column":1}},"line":267},"6":{"name":"(anonymous_6)","decl":{"start":{"line":294,"column":19},"end":{"line":294,"column":20}},"loc":{"start":{"line":294,"column":57},"end":{"line":332,"column":1}},"line":294},"7":{"name":"(anonymous_7)","decl":{"start":{"line":337,"column":24},"end":{"line":337,"column":25}},"loc":{"start":{"line":337,"column":62},"end":{"line":374,"column":1}},"line":337},"8":{"name":"(anonymous_8)","decl":{"start":{"line":376,"column":15},"end":{"line":376,"column":16}},"loc":{"start":{"line":376,"column":53},"end":{"line":390,"column":1}},"line":376},"9":{"name":"(anonymous_9)","decl":{"start":{"line":392,"column":22},"end":{"line":392,"column":23}},"loc":{"start":{"line":392,"column":60},"end":{"line":407,"column":1}},"line":392}},"branchMap":{"0":{"loc":{"start":{"line":17,"column":32},"end":{"line":17,"column":54}},"type":"default-arg","locations":[{"start":{"line":17,"column":38},"end":{"line":17,"column":54}}],"line":17},"1":{"loc":{"start":{"line":23,"column":8},"end":{"line":28,"column":9}},"type":"if","locations":[{"start":{"line":23,"column":8},"end":{"line":28,"column":9}},{"start":{},"end":{}}],"line":23},"2":{"loc":{"start":{"line":31,"column":8},"end":{"line":36,"column":9}},"type":"if","locations":[{"start":{"line":31,"column":8},"end":{"line":36,"column":9}},{"start":{},"end":{}}],"line":31},"3":{"loc":{"start":{"line":39,"column":8},"end":{"line":44,"column":9}},"type":"if","locations":[{"start":{"line":39,"column":8},"end":{"line":44,"column":9}},{"start":{},"end":{}}],"line":39},"4":{"loc":{"start":{"line":46,"column":8},"end":{"line":51,"column":9}},"type":"if","locations":[{"start":{"line":46,"column":8},"end":{"line":51,"column":9}},{"start":{},"end":{}}],"line":46},"5":{"loc":{"start":{"line":81,"column":32},"end":{"line":81,"column":54}},"type":"default-arg","locations":[{"start":{"line":81,"column":38},"end":{"line":81,"column":54}}],"line":81},"6":{"loc":{"start":{"line":93,"column":8},"end":{"line":98,"column":9}},"type":"if","locations":[{"start":{"line":93,"column":8},"end":{"line":98,"column":9}},{"start":{},"end":{}}],"line":93},"7":{"loc":{"start":{"line":101,"column":8},"end":{"line":106,"column":9}},"type":"if","locations":[{"start":{"line":101,"column":8},"end":{"line":106,"column":9}},{"start":{},"end":{}}],"line":101},"8":{"loc":{"start":{"line":101,"column":11},"end":{"line":101,"column":50}},"type":"binary-expr","locations":[{"start":{"line":101,"column":11},"end":{"line":101,"column":24}},{"start":{"line":101,"column":28},"end":{"line":101,"column":50}}],"line":101},"9":{"loc":{"start":{"line":109,"column":8},"end":{"line":114,"column":9}},"type":"if","locations":[{"start":{"line":109,"column":8},"end":{"line":114,"column":9}},{"start":{},"end":{}}],"line":109},"10":{"loc":{"start":{"line":109,"column":11},"end":{"line":109,"column":50}},"type":"binary-expr","locations":[{"start":{"line":109,"column":11},"end":{"line":109,"column":24}},{"start":{"line":109,"column":28},"end":{"line":109,"column":50}}],"line":109},"11":{"loc":{"start":{"line":117,"column":8},"end":{"line":122,"column":9}},"type":"if","locations":[{"start":{"line":117,"column":8},"end":{"line":122,"column":9}},{"start":{},"end":{}}],"line":117},"12":{"loc":{"start":{"line":117,"column":11},"end":{"line":117,"column":50}},"type":"binary-expr","locations":[{"start":{"line":117,"column":11},"end":{"line":117,"column":24}},{"start":{"line":117,"column":28},"end":{"line":117,"column":50}}],"line":117},"13":{"loc":{"start":{"line":124,"column":8},"end":{"line":129,"column":9}},"type":"if","locations":[{"start":{"line":124,"column":8},"end":{"line":129,"column":9}},{"start":{},"end":{}}],"line":124},"14":{"loc":{"start":{"line":124,"column":11},"end":{"line":124,"column":50}},"type":"binary-expr","locations":[{"start":{"line":124,"column":11},"end":{"line":124,"column":24}},{"start":{"line":124,"column":28},"end":{"line":124,"column":50}}],"line":124},"15":{"loc":{"start":{"line":161,"column":39},"end":{"line":161,"column":61}},"type":"default-arg","locations":[{"start":{"line":161,"column":45},"end":{"line":161,"column":61}}],"line":161},"16":{"loc":{"start":{"line":172,"column":8},"end":{"line":177,"column":9}},"type":"if","locations":[{"start":{"line":172,"column":8},"end":{"line":177,"column":9}},{"start":{},"end":{}}],"line":172},"17":{"loc":{"start":{"line":202,"column":32},"end":{"line":202,"column":54}},"type":"default-arg","locations":[{"start":{"line":202,"column":38},"end":{"line":202,"column":54}}],"line":202},"18":{"loc":{"start":{"line":206,"column":8},"end":{"line":211,"column":9}},"type":"if","locations":[{"start":{"line":206,"column":8},"end":{"line":211,"column":9}},{"start":{},"end":{}}],"line":206},"19":{"loc":{"start":{"line":213,"column":8},"end":{"line":218,"column":9}},"type":"if","locations":[{"start":{"line":213,"column":8},"end":{"line":218,"column":9}},{"start":{},"end":{}}],"line":213},"20":{"loc":{"start":{"line":239,"column":34},"end":{"line":239,"column":56}},"type":"default-arg","locations":[{"start":{"line":239,"column":40},"end":{"line":239,"column":56}}],"line":239},"21":{"loc":{"start":{"line":249,"column":4},"end":{"line":254,"column":5}},"type":"if","locations":[{"start":{"line":249,"column":4},"end":{"line":254,"column":5}},{"start":{},"end":{}}],"line":249},"22":{"loc":{"start":{"line":267,"column":27},"end":{"line":267,"column":49}},"type":"default-arg","locations":[{"start":{"line":267,"column":33},"end":{"line":267,"column":49}}],"line":267},"23":{"loc":{"start":{"line":294,"column":30},"end":{"line":294,"column":52}},"type":"default-arg","locations":[{"start":{"line":294,"column":36},"end":{"line":294,"column":52}}],"line":294},"24":{"loc":{"start":{"line":304,"column":8},"end":{"line":309,"column":9}},"type":"if","locations":[{"start":{"line":304,"column":8},"end":{"line":309,"column":9}},{"start":{},"end":{}}],"line":304},"25":{"loc":{"start":{"line":337,"column":35},"end":{"line":337,"column":57}},"type":"default-arg","locations":[{"start":{"line":337,"column":41},"end":{"line":337,"column":57}}],"line":337},"26":{"loc":{"start":{"line":347,"column":8},"end":{"line":352,"column":9}},"type":"if","locations":[{"start":{"line":347,"column":8},"end":{"line":352,"column":9}},{"start":{},"end":{}}],"line":347},"27":{"loc":{"start":{"line":376,"column":26},"end":{"line":376,"column":48}},"type":"default-arg","locations":[{"start":{"line":376,"column":32},"end":{"line":376,"column":48}}],"line":376},"28":{"loc":{"start":{"line":392,"column":33},"end":{"line":392,"column":55}},"type":"default-arg","locations":[{"start":{"line":392,"column":39},"end":{"line":392,"column":55}}],"line":392}},"s":{"0":1,"1":1,"2":1,"3":1,"4":1,"5":1,"6":1,"7":1,"8":1,"9":1,"10":1,"11":1,"12":2,"13":2,"14":2,"15":2,"16":0,"17":2,"18":2,"19":0,"20":2,"21":2,"22":0,"23":2,"24":2,"25":0,"26":2,"27":2,"28":2,"29":2,"30":2,"31":2,"32":2,"33":0,"34":0,"35":1,"36":0,"37":0,"38":0,"39":0,"40":0,"41":0,"42":0,"43":0,"44":0,"45":0,"46":0,"47":0,"48":0,"49":0,"50":0,"51":0,"52":0,"53":0,"54":0,"55":0,"56":0,"57":0,"58":0,"59":0,"60":0,"61":0,"62":0,"63":0,"64":0,"65":0,"66":1,"67":0,"68":0,"69":0,"70":0,"71":0,"72":0,"73":0,"74":0,"75":0,"76":0,"77":0,"78":0,"79":0,"80":0,"81":0,"82":0,"83":0,"84":1,"85":3,"86":3,"87":3,"88":3,"89":0,"90":3,"91":3,"92":0,"93":3,"94":3,"95":0,"96":0,"97":1,"98":0,"99":0,"100":0,"101":0,"102":0,"103":0,"104":0,"105":0,"106":0,"107":1,"108":0,"109":0,"110":0,"111":0,"112":0,"113":0,"114":1,"115":2,"116":2,"117":2,"118":2,"119":2,"120":2,"121":0,"122":2,"123":2,"124":2,"125":2,"126":2,"127":2,"128":2,"129":2,"130":0,"131":0,"132":1,"133":0,"134":0,"135":0,"136":0,"137":0,"138":0,"139":0,"140":0,"141":0,"142":0,"143":0,"144":0,"145":0,"146":0,"147":0,"148":0,"149":0,"150":0,"151":1,"152":0,"153":0,"154":0,"155":0,"156":0,"157":1,"158":0,"159":0,"160":0,"161":0,"162":0,"163":0,"164":1},"f":{"0":2,"1":0,"2":0,"3":3,"4":0,"5":0,"6":2,"7":0,"8":0,"9":0},"b":{"0":[0],"1":[0,2],"2":[0,2],"3":[0,2],"4":[0,2],"5":[0],"6":[0,0],"7":[0,0],"8":[0,0],"9":[0,0],"10":[0,0],"11":[0,0],"12":[0,0],"13":[0,0],"14":[0,0],"15":[0],"16":[0,0],"17":[0],"18":[0,3],"19":[0,3],"20":[0],"21":[0,0],"22":[0],"23":[0],"24":[0,2],"25":[0],"26":[0,0],"27":[0],"28":[0]},"_coverageSchema":"1a1c01bbd47fc00a2c39e90264f33305004495a9","hash":"d4abd7474eaf538ead54740db9941573fed38d64"}
,"C:\\Users\\alvar\\Desktop\\Universidad\\Segundo Cuatrimestre\\TFG\\alcompas\\Backend\\controllers\\bandas.js": {"path":"C:\\Users\\alvar\\Desktop\\Universidad\\Segundo Cuatrimestre\\TFG\\alcompas\\Backend\\controllers\\bandas.js","statementMap":{"0":{"start":{"line":1,"column":16},"end":{"line":1,"column":34}},"1":{"start":{"line":2,"column":14},"end":{"line":2,"column":40}},"2":{"start":{"line":3,"column":15},"end":{"line":3,"column":42}},"3":{"start":{"line":4,"column":18},"end":{"line":4,"column":48}},"4":{"start":{"line":5,"column":18},"end":{"line":5,"column":48}},"5":{"start":{"line":6,"column":16},"end":{"line":6,"column":44}},"6":{"start":{"line":7,"column":18},"end":{"line":7,"column":48}},"7":{"start":{"line":8,"column":19},"end":{"line":8,"column":50}},"8":{"start":{"line":9,"column":13},"end":{"line":9,"column":28}},"9":{"start":{"line":10,"column":13},"end":{"line":10,"column":26}},"10":{"start":{"line":12,"column":19},"end":{"line":64,"column":1}},"11":{"start":{"line":14,"column":37},"end":{"line":14,"column":45}},"12":{"start":{"line":17,"column":4},"end":{"line":63,"column":5}},"13":{"start":{"line":18,"column":20},"end":{"line":18,"column":51}},"14":{"start":{"line":19,"column":8},"end":{"line":24,"column":9}},"15":{"start":{"line":20,"column":12},"end":{"line":23,"column":15}},"16":{"start":{"line":26,"column":8},"end":{"line":26,"column":50}},"17":{"start":{"line":27,"column":8},"end":{"line":32,"column":9}},"18":{"start":{"line":28,"column":12},"end":{"line":31,"column":15}},"19":{"start":{"line":34,"column":8},"end":{"line":34,"column":45}},"20":{"start":{"line":35,"column":8},"end":{"line":40,"column":9}},"21":{"start":{"line":36,"column":12},"end":{"line":39,"column":15}},"22":{"start":{"line":42,"column":26},"end":{"line":42,"column":33}},"23":{"start":{"line":46,"column":8},"end":{"line":46,"column":36}},"24":{"start":{"line":47,"column":28},"end":{"line":47,"column":46}},"25":{"start":{"line":48,"column":26},"end":{"line":48,"column":140}},"26":{"start":{"line":49,"column":32},"end":{"line":49,"column":54}},"27":{"start":{"line":50,"column":8},"end":{"line":54,"column":11}},"28":{"start":{"line":58,"column":8},"end":{"line":58,"column":26}},"29":{"start":{"line":59,"column":8},"end":{"line":62,"column":11}},"30":{"start":{"line":66,"column":25},"end":{"line":141,"column":1}},"31":{"start":{"line":68,"column":4},"end":{"line":140,"column":5}},"32":{"start":{"line":69,"column":24},"end":{"line":69,"column":37}},"33":{"start":{"line":70,"column":41},"end":{"line":70,"column":49}},"34":{"start":{"line":73,"column":22},"end":{"line":73,"column":43}},"35":{"start":{"line":74,"column":24},"end":{"line":74,"column":69}},"36":{"start":{"line":75,"column":26},"end":{"line":75,"column":37}},"37":{"start":{"line":76,"column":26},"end":{"line":76,"column":31}},"38":{"start":{"line":78,"column":27},"end":{"line":78,"column":89}},"39":{"start":{"line":79,"column":8},"end":{"line":83,"column":9}},"40":{"start":{"line":80,"column":12},"end":{"line":82,"column":13}},"41":{"start":{"line":81,"column":16},"end":{"line":81,"column":35}},"42":{"start":{"line":85,"column":8},"end":{"line":90,"column":9}},"43":{"start":{"line":86,"column":12},"end":{"line":89,"column":15}},"44":{"start":{"line":92,"column":20},"end":{"line":92,"column":51}},"45":{"start":{"line":93,"column":8},"end":{"line":98,"column":9}},"46":{"start":{"line":94,"column":12},"end":{"line":97,"column":15}},"47":{"start":{"line":99,"column":8},"end":{"line":99,"column":48}},"48":{"start":{"line":100,"column":8},"end":{"line":105,"column":9}},"49":{"start":{"line":101,"column":12},"end":{"line":104,"column":15}},"50":{"start":{"line":107,"column":8},"end":{"line":107,"column":50}},"51":{"start":{"line":108,"column":8},"end":{"line":113,"column":9}},"52":{"start":{"line":109,"column":12},"end":{"line":112,"column":15}},"53":{"start":{"line":115,"column":8},"end":{"line":115,"column":45}},"54":{"start":{"line":116,"column":8},"end":{"line":121,"column":9}},"55":{"start":{"line":117,"column":12},"end":{"line":120,"column":15}},"56":{"start":{"line":124,"column":27},"end":{"line":126,"column":9}},"57":{"start":{"line":127,"column":33},"end":{"line":127,"column":99}},"58":{"start":{"line":129,"column":8},"end":{"line":132,"column":11}},"59":{"start":{"line":135,"column":8},"end":{"line":135,"column":26}},"60":{"start":{"line":136,"column":8},"end":{"line":139,"column":11}},"61":{"start":{"line":143,"column":23},"end":{"line":246,"column":1}},"62":{"start":{"line":146,"column":4},"end":{"line":245,"column":5}},"63":{"start":{"line":147,"column":24},"end":{"line":147,"column":37}},"64":{"start":{"line":148,"column":22},"end":{"line":148,"column":51}},"65":{"start":{"line":150,"column":22},"end":{"line":150,"column":43}},"66":{"start":{"line":151,"column":24},"end":{"line":151,"column":69}},"67":{"start":{"line":152,"column":26},"end":{"line":152,"column":37}},"68":{"start":{"line":158,"column":27},"end":{"line":158,"column":67}},"69":{"start":{"line":159,"column":24},"end":{"line":159,"column":61}},"70":{"start":{"line":160,"column":27},"end":{"line":160,"column":68}},"71":{"start":{"line":161,"column":28},"end":{"line":161,"column":91}},"72":{"start":{"line":164,"column":18},"end":{"line":164,"column":80}},"73":{"start":{"line":166,"column":8},"end":{"line":171,"column":9}},"74":{"start":{"line":167,"column":12},"end":{"line":170,"column":15}},"75":{"start":{"line":174,"column":8},"end":{"line":179,"column":9}},"76":{"start":{"line":175,"column":29},"end":{"line":175,"column":43}},"77":{"start":{"line":176,"column":12},"end":{"line":178,"column":13}},"78":{"start":{"line":177,"column":16},"end":{"line":177,"column":47}},"79":{"start":{"line":183,"column":8},"end":{"line":188,"column":9}},"80":{"start":{"line":184,"column":12},"end":{"line":187,"column":15}},"81":{"start":{"line":191,"column":8},"end":{"line":197,"column":9}},"82":{"start":{"line":192,"column":28},"end":{"line":192,"column":41}},"83":{"start":{"line":193,"column":12},"end":{"line":196,"column":13}},"84":{"start":{"line":194,"column":16},"end":{"line":194,"column":51}},"85":{"start":{"line":195,"column":16},"end":{"line":195,"column":39}},"86":{"start":{"line":198,"column":8},"end":{"line":204,"column":9}},"87":{"start":{"line":199,"column":25},"end":{"line":199,"column":35}},"88":{"start":{"line":200,"column":12},"end":{"line":203,"column":13}},"89":{"start":{"line":201,"column":16},"end":{"line":201,"column":48}},"90":{"start":{"line":202,"column":16},"end":{"line":202,"column":36}},"91":{"start":{"line":205,"column":8},"end":{"line":211,"column":9}},"92":{"start":{"line":206,"column":28},"end":{"line":206,"column":41}},"93":{"start":{"line":207,"column":12},"end":{"line":210,"column":13}},"94":{"start":{"line":208,"column":16},"end":{"line":208,"column":51}},"95":{"start":{"line":209,"column":16},"end":{"line":209,"column":39}},"96":{"start":{"line":214,"column":22},"end":{"line":214,"column":56}},"97":{"start":{"line":215,"column":28},"end":{"line":215,"column":63}},"98":{"start":{"line":217,"column":8},"end":{"line":220,"column":9}},"99":{"start":{"line":218,"column":22},"end":{"line":218,"column":30}},"100":{"start":{"line":219,"column":12},"end":{"line":219,"column":31}},"101":{"start":{"line":221,"column":8},"end":{"line":224,"column":9}},"102":{"start":{"line":222,"column":29},"end":{"line":222,"column":43}},"103":{"start":{"line":223,"column":12},"end":{"line":223,"column":38}},"104":{"start":{"line":227,"column":8},"end":{"line":232,"column":9}},"105":{"start":{"line":228,"column":31},"end":{"line":228,"column":90}},"106":{"start":{"line":229,"column":12},"end":{"line":231,"column":13}},"107":{"start":{"line":230,"column":16},"end":{"line":230,"column":44}},"108":{"start":{"line":234,"column":32},"end":{"line":234,"column":60}},"109":{"start":{"line":235,"column":8},"end":{"line":238,"column":11}},"110":{"start":{"line":240,"column":8},"end":{"line":240,"column":26}},"111":{"start":{"line":241,"column":8},"end":{"line":244,"column":11}},"112":{"start":{"line":248,"column":26},"end":{"line":300,"column":1}},"113":{"start":{"line":249,"column":4},"end":{"line":299,"column":5}},"114":{"start":{"line":250,"column":21},"end":{"line":250,"column":23}},"115":{"start":{"line":252,"column":23},"end":{"line":252,"column":40}},"116":{"start":{"line":254,"column":27},"end":{"line":254,"column":89}},"117":{"start":{"line":255,"column":24},"end":{"line":255,"column":83}},"118":{"start":{"line":256,"column":27},"end":{"line":256,"column":89}},"119":{"start":{"line":258,"column":8},"end":{"line":266,"column":9}},"120":{"start":{"line":259,"column":28},"end":{"line":259,"column":41}},"121":{"start":{"line":260,"column":12},"end":{"line":265,"column":13}},"122":{"start":{"line":261,"column":30},"end":{"line":261,"column":67}},"123":{"start":{"line":262,"column":16},"end":{"line":264,"column":17}},"124":{"start":{"line":262,"column":39},"end":{"line":262,"column":58}},"125":{"start":{"line":263,"column":20},"end":{"line":263,"column":39}},"126":{"start":{"line":268,"column":8},"end":{"line":276,"column":9}},"127":{"start":{"line":269,"column":25},"end":{"line":269,"column":35}},"128":{"start":{"line":270,"column":12},"end":{"line":275,"column":13}},"129":{"start":{"line":271,"column":30},"end":{"line":271,"column":64}},"130":{"start":{"line":272,"column":16},"end":{"line":274,"column":17}},"131":{"start":{"line":272,"column":39},"end":{"line":272,"column":58}},"132":{"start":{"line":273,"column":20},"end":{"line":273,"column":39}},"133":{"start":{"line":277,"column":8},"end":{"line":285,"column":9}},"134":{"start":{"line":278,"column":28},"end":{"line":278,"column":41}},"135":{"start":{"line":279,"column":12},"end":{"line":284,"column":13}},"136":{"start":{"line":280,"column":30},"end":{"line":280,"column":67}},"137":{"start":{"line":281,"column":16},"end":{"line":283,"column":17}},"138":{"start":{"line":281,"column":39},"end":{"line":281,"column":58}},"139":{"start":{"line":282,"column":20},"end":{"line":282,"column":39}},"140":{"start":{"line":288,"column":8},"end":{"line":291,"column":11}},"141":{"start":{"line":294,"column":8},"end":{"line":294,"column":26}},"142":{"start":{"line":295,"column":8},"end":{"line":298,"column":11}},"143":{"start":{"line":302,"column":21},"end":{"line":319,"column":1}},"144":{"start":{"line":303,"column":4},"end":{"line":318,"column":5}},"145":{"start":{"line":304,"column":24},"end":{"line":304,"column":37}},"146":{"start":{"line":305,"column":22},"end":{"line":305,"column":51}},"147":{"start":{"line":307,"column":8},"end":{"line":310,"column":11}},"148":{"start":{"line":313,"column":8},"end":{"line":313,"column":26}},"149":{"start":{"line":314,"column":8},"end":{"line":317,"column":11}},"150":{"start":{"line":321,"column":18},"end":{"line":337,"column":1}},"151":{"start":{"line":322,"column":4},"end":{"line":336,"column":5}},"152":{"start":{"line":323,"column":23},"end":{"line":323,"column":41}},"153":{"start":{"line":325,"column":8},"end":{"line":328,"column":11}},"154":{"start":{"line":331,"column":8},"end":{"line":331,"column":26}},"155":{"start":{"line":332,"column":8},"end":{"line":335,"column":11}},"156":{"start":{"line":339,"column":26},"end":{"line":362,"column":1}},"157":{"start":{"line":340,"column":4},"end":{"line":361,"column":5}},"158":{"start":{"line":341,"column":23},"end":{"line":341,"column":41}},"159":{"start":{"line":342,"column":8},"end":{"line":342,"column":23}},"160":{"start":{"line":343,"column":8},"end":{"line":348,"column":9}},"161":{"start":{"line":344,"column":24},"end":{"line":344,"column":33}},"162":{"start":{"line":345,"column":12},"end":{"line":347,"column":13}},"163":{"start":{"line":346,"column":16},"end":{"line":346,"column":38}},"164":{"start":{"line":350,"column":8},"end":{"line":353,"column":11}},"165":{"start":{"line":356,"column":8},"end":{"line":356,"column":26}},"166":{"start":{"line":357,"column":8},"end":{"line":360,"column":11}},"167":{"start":{"line":364,"column":0},"end":{"line":372,"column":1}}},"fnMap":{"0":{"name":"(anonymous_0)","decl":{"start":{"line":12,"column":19},"end":{"line":12,"column":20}},"loc":{"start":{"line":12,"column":57},"end":{"line":64,"column":1}},"line":12},"1":{"name":"(anonymous_1)","decl":{"start":{"line":66,"column":25},"end":{"line":66,"column":26}},"loc":{"start":{"line":66,"column":63},"end":{"line":141,"column":1}},"line":66},"2":{"name":"(anonymous_2)","decl":{"start":{"line":143,"column":23},"end":{"line":143,"column":24}},"loc":{"start":{"line":143,"column":61},"end":{"line":246,"column":1}},"line":143},"3":{"name":"(anonymous_3)","decl":{"start":{"line":248,"column":26},"end":{"line":248,"column":27}},"loc":{"start":{"line":248,"column":66},"end":{"line":300,"column":1}},"line":248},"4":{"name":"(anonymous_4)","decl":{"start":{"line":262,"column":34},"end":{"line":262,"column":35}},"loc":{"start":{"line":262,"column":39},"end":{"line":262,"column":58}},"line":262},"5":{"name":"(anonymous_5)","decl":{"start":{"line":272,"column":34},"end":{"line":272,"column":35}},"loc":{"start":{"line":272,"column":39},"end":{"line":272,"column":58}},"line":272},"6":{"name":"(anonymous_6)","decl":{"start":{"line":281,"column":34},"end":{"line":281,"column":35}},"loc":{"start":{"line":281,"column":39},"end":{"line":281,"column":58}},"line":281},"7":{"name":"(anonymous_7)","decl":{"start":{"line":302,"column":21},"end":{"line":302,"column":22}},"loc":{"start":{"line":302,"column":61},"end":{"line":319,"column":1}},"line":302},"8":{"name":"(anonymous_8)","decl":{"start":{"line":321,"column":18},"end":{"line":321,"column":19}},"loc":{"start":{"line":321,"column":58},"end":{"line":337,"column":1}},"line":321},"9":{"name":"(anonymous_9)","decl":{"start":{"line":339,"column":26},"end":{"line":339,"column":27}},"loc":{"start":{"line":339,"column":66},"end":{"line":362,"column":1}},"line":339}},"branchMap":{"0":{"loc":{"start":{"line":12,"column":30},"end":{"line":12,"column":52}},"type":"default-arg","locations":[{"start":{"line":12,"column":36},"end":{"line":12,"column":52}}],"line":12},"1":{"loc":{"start":{"line":19,"column":8},"end":{"line":24,"column":9}},"type":"if","locations":[{"start":{"line":19,"column":8},"end":{"line":24,"column":9}},{"start":{},"end":{}}],"line":19},"2":{"loc":{"start":{"line":27,"column":8},"end":{"line":32,"column":9}},"type":"if","locations":[{"start":{"line":27,"column":8},"end":{"line":32,"column":9}},{"start":{},"end":{}}],"line":27},"3":{"loc":{"start":{"line":35,"column":8},"end":{"line":40,"column":9}},"type":"if","locations":[{"start":{"line":35,"column":8},"end":{"line":40,"column":9}},{"start":{},"end":{}}],"line":35},"4":{"loc":{"start":{"line":66,"column":36},"end":{"line":66,"column":58}},"type":"default-arg","locations":[{"start":{"line":66,"column":42},"end":{"line":66,"column":58}}],"line":66},"5":{"loc":{"start":{"line":80,"column":12},"end":{"line":82,"column":13}},"type":"if","locations":[{"start":{"line":80,"column":12},"end":{"line":82,"column":13}},{"start":{},"end":{}}],"line":80},"6":{"loc":{"start":{"line":85,"column":8},"end":{"line":90,"column":9}},"type":"if","locations":[{"start":{"line":85,"column":8},"end":{"line":90,"column":9}},{"start":{},"end":{}}],"line":85},"7":{"loc":{"start":{"line":93,"column":8},"end":{"line":98,"column":9}},"type":"if","locations":[{"start":{"line":93,"column":8},"end":{"line":98,"column":9}},{"start":{},"end":{}}],"line":93},"8":{"loc":{"start":{"line":100,"column":8},"end":{"line":105,"column":9}},"type":"if","locations":[{"start":{"line":100,"column":8},"end":{"line":105,"column":9}},{"start":{},"end":{}}],"line":100},"9":{"loc":{"start":{"line":100,"column":11},"end":{"line":100,"column":40}},"type":"binary-expr","locations":[{"start":{"line":100,"column":11},"end":{"line":100,"column":16}},{"start":{"line":100,"column":20},"end":{"line":100,"column":40}}],"line":100},"10":{"loc":{"start":{"line":108,"column":8},"end":{"line":113,"column":9}},"type":"if","locations":[{"start":{"line":108,"column":8},"end":{"line":113,"column":9}},{"start":{},"end":{}}],"line":108},"11":{"loc":{"start":{"line":108,"column":11},"end":{"line":108,"column":40}},"type":"binary-expr","locations":[{"start":{"line":108,"column":11},"end":{"line":108,"column":16}},{"start":{"line":108,"column":20},"end":{"line":108,"column":40}}],"line":108},"12":{"loc":{"start":{"line":116,"column":8},"end":{"line":121,"column":9}},"type":"if","locations":[{"start":{"line":116,"column":8},"end":{"line":121,"column":9}},{"start":{},"end":{}}],"line":116},"13":{"loc":{"start":{"line":116,"column":11},"end":{"line":116,"column":40}},"type":"binary-expr","locations":[{"start":{"line":116,"column":11},"end":{"line":116,"column":16}},{"start":{"line":116,"column":20},"end":{"line":116,"column":40}}],"line":116},"14":{"loc":{"start":{"line":143,"column":34},"end":{"line":143,"column":56}},"type":"default-arg","locations":[{"start":{"line":143,"column":40},"end":{"line":143,"column":56}}],"line":143},"15":{"loc":{"start":{"line":166,"column":8},"end":{"line":171,"column":9}},"type":"if","locations":[{"start":{"line":166,"column":8},"end":{"line":171,"column":9}},{"start":{},"end":{}}],"line":166},"16":{"loc":{"start":{"line":176,"column":12},"end":{"line":178,"column":13}},"type":"if","locations":[{"start":{"line":176,"column":12},"end":{"line":178,"column":13}},{"start":{},"end":{}}],"line":176},"17":{"loc":{"start":{"line":176,"column":15},"end":{"line":176,"column":73}},"type":"binary-expr","locations":[{"start":{"line":176,"column":15},"end":{"line":176,"column":38}},{"start":{"line":176,"column":42},"end":{"line":176,"column":73}}],"line":176},"18":{"loc":{"start":{"line":183,"column":8},"end":{"line":188,"column":9}},"type":"if","locations":[{"start":{"line":183,"column":8},"end":{"line":188,"column":9}},{"start":{},"end":{}}],"line":183},"19":{"loc":{"start":{"line":193,"column":12},"end":{"line":196,"column":13}},"type":"if","locations":[{"start":{"line":193,"column":12},"end":{"line":196,"column":13}},{"start":{},"end":{}}],"line":193},"20":{"loc":{"start":{"line":200,"column":12},"end":{"line":203,"column":13}},"type":"if","locations":[{"start":{"line":200,"column":12},"end":{"line":203,"column":13}},{"start":{},"end":{}}],"line":200},"21":{"loc":{"start":{"line":207,"column":12},"end":{"line":210,"column":13}},"type":"if","locations":[{"start":{"line":207,"column":12},"end":{"line":210,"column":13}},{"start":{},"end":{}}],"line":207},"22":{"loc":{"start":{"line":227,"column":8},"end":{"line":232,"column":9}},"type":"if","locations":[{"start":{"line":227,"column":8},"end":{"line":232,"column":9}},{"start":{},"end":{}}],"line":227},"23":{"loc":{"start":{"line":229,"column":12},"end":{"line":231,"column":13}},"type":"if","locations":[{"start":{"line":229,"column":12},"end":{"line":231,"column":13}},{"start":{},"end":{}}],"line":229},"24":{"loc":{"start":{"line":248,"column":38},"end":{"line":248,"column":60}},"type":"default-arg","locations":[{"start":{"line":248,"column":44},"end":{"line":248,"column":60}}],"line":248},"25":{"loc":{"start":{"line":260,"column":12},"end":{"line":265,"column":13}},"type":"if","locations":[{"start":{"line":260,"column":12},"end":{"line":265,"column":13}},{"start":{},"end":{}}],"line":260},"26":{"loc":{"start":{"line":262,"column":16},"end":{"line":264,"column":17}},"type":"if","locations":[{"start":{"line":262,"column":16},"end":{"line":264,"column":17}},{"start":{},"end":{}}],"line":262},"27":{"loc":{"start":{"line":270,"column":12},"end":{"line":275,"column":13}},"type":"if","locations":[{"start":{"line":270,"column":12},"end":{"line":275,"column":13}},{"start":{},"end":{}}],"line":270},"28":{"loc":{"start":{"line":272,"column":16},"end":{"line":274,"column":17}},"type":"if","locations":[{"start":{"line":272,"column":16},"end":{"line":274,"column":17}},{"start":{},"end":{}}],"line":272},"29":{"loc":{"start":{"line":279,"column":12},"end":{"line":284,"column":13}},"type":"if","locations":[{"start":{"line":279,"column":12},"end":{"line":284,"column":13}},{"start":{},"end":{}}],"line":279},"30":{"loc":{"start":{"line":281,"column":16},"end":{"line":283,"column":17}},"type":"if","locations":[{"start":{"line":281,"column":16},"end":{"line":283,"column":17}},{"start":{},"end":{}}],"line":281},"31":{"loc":{"start":{"line":302,"column":33},"end":{"line":302,"column":55}},"type":"default-arg","locations":[{"start":{"line":302,"column":39},"end":{"line":302,"column":55}}],"line":302},"32":{"loc":{"start":{"line":321,"column":30},"end":{"line":321,"column":52}},"type":"default-arg","locations":[{"start":{"line":321,"column":36},"end":{"line":321,"column":52}}],"line":321},"33":{"loc":{"start":{"line":339,"column":38},"end":{"line":339,"column":60}},"type":"default-arg","locations":[{"start":{"line":339,"column":44},"end":{"line":339,"column":60}}],"line":339},"34":{"loc":{"start":{"line":345,"column":12},"end":{"line":347,"column":13}},"type":"if","locations":[{"start":{"line":345,"column":12},"end":{"line":347,"column":13}},{"start":{},"end":{}}],"line":345}},"s":{"0":1,"1":1,"2":1,"3":1,"4":1,"5":1,"6":1,"7":1,"8":1,"9":1,"10":1,"11":0,"12":0,"13":0,"14":0,"15":0,"16":0,"17":0,"18":0,"19":0,"20":0,"21":0,"22":0,"23":0,"24":0,"25":0,"26":0,"27":0,"28":0,"29":0,"30":1,"31":0,"32":0,"33":0,"34":0,"35":0,"36":0,"37":0,"38":0,"39":0,"40":0,"41":0,"42":0,"43":0,"44":0,"45":0,"46":0,"47":0,"48":0,"49":0,"50":0,"51":0,"52":0,"53":0,"54":0,"55":0,"56":0,"57":0,"58":0,"59":0,"60":0,"61":1,"62":0,"63":0,"64":0,"65":0,"66":0,"67":0,"68":0,"69":0,"70":0,"71":0,"72":0,"73":0,"74":0,"75":0,"76":0,"77":0,"78":0,"79":0,"80":0,"81":0,"82":0,"83":0,"84":0,"85":0,"86":0,"87":0,"88":0,"89":0,"90":0,"91":0,"92":0,"93":0,"94":0,"95":0,"96":0,"97":0,"98":0,"99":0,"100":0,"101":0,"102":0,"103":0,"104":0,"105":0,"106":0,"107":0,"108":0,"109":0,"110":0,"111":0,"112":1,"113":0,"114":0,"115":0,"116":0,"117":0,"118":0,"119":0,"120":0,"121":0,"122":0,"123":0,"124":0,"125":0,"126":0,"127":0,"128":0,"129":0,"130":0,"131":0,"132":0,"133":0,"134":0,"135":0,"136":0,"137":0,"138":0,"139":0,"140":0,"141":0,"142":0,"143":1,"144":0,"145":0,"146":0,"147":0,"148":0,"149":0,"150":1,"151":0,"152":0,"153":0,"154":0,"155":0,"156":1,"157":0,"158":0,"159":0,"160":0,"161":0,"162":0,"163":0,"164":0,"165":0,"166":0,"167":1},"f":{"0":0,"1":0,"2":0,"3":0,"4":0,"5":0,"6":0,"7":0,"8":0,"9":0},"b":{"0":[0],"1":[0,0],"2":[0,0],"3":[0,0],"4":[0],"5":[0,0],"6":[0,0],"7":[0,0],"8":[0,0],"9":[0,0],"10":[0,0],"11":[0,0],"12":[0,0],"13":[0,0],"14":[0],"15":[0,0],"16":[0,0],"17":[0,0],"18":[0,0],"19":[0,0],"20":[0,0],"21":[0,0],"22":[0,0],"23":[0,0],"24":[0],"25":[0,0],"26":[0,0],"27":[0,0],"28":[0,0],"29":[0,0],"30":[0,0],"31":[0],"32":[0],"33":[0],"34":[0,0]},"_coverageSchema":"1a1c01bbd47fc00a2c39e90264f33305004495a9","hash":"8acbde775344598300d4e4f039f1ee60ba68fdb4"}
,"C:\\Users\\alvar\\Desktop\\Universidad\\Segundo Cuatrimestre\\TFG\\alcompas\\Backend\\controllers\\comentarios.js": {"path":"C:\\Users\\alvar\\Desktop\\Universidad\\Segundo Cuatrimestre\\TFG\\alcompas\\Backend\\controllers\\comentarios.js","statementMap":{"0":{"start":{"line":1,"column":16},"end":{"line":1,"column":34}},"1":{"start":{"line":2,"column":19},"end":{"line":2,"column":50}},"2":{"start":{"line":4,"column":31},"end":{"line":21,"column":1}},"3":{"start":{"line":6,"column":4},"end":{"line":19,"column":5}},"4":{"start":{"line":7,"column":24},"end":{"line":7,"column":42}},"5":{"start":{"line":8,"column":28},"end":{"line":8,"column":69}},"6":{"start":{"line":9,"column":8},"end":{"line":12,"column":11}},"7":{"start":{"line":14,"column":8},"end":{"line":14,"column":27}},"8":{"start":{"line":15,"column":8},"end":{"line":18,"column":11}},"9":{"start":{"line":23,"column":24},"end":{"line":42,"column":1}},"10":{"start":{"line":24,"column":4},"end":{"line":41,"column":5}},"11":{"start":{"line":26,"column":28},"end":{"line":26,"column":52}},"12":{"start":{"line":27,"column":8},"end":{"line":27,"column":38}},"13":{"start":{"line":28,"column":32},"end":{"line":28,"column":55}},"14":{"start":{"line":30,"column":8},"end":{"line":33,"column":11}},"15":{"start":{"line":36,"column":8},"end":{"line":36,"column":27}},"16":{"start":{"line":37,"column":8},"end":{"line":40,"column":11}},"17":{"start":{"line":44,"column":27},"end":{"line":74,"column":1}},"18":{"start":{"line":46,"column":4},"end":{"line":73,"column":5}},"19":{"start":{"line":47,"column":17},"end":{"line":47,"column":40}},"20":{"start":{"line":49,"column":22},"end":{"line":49,"column":43}},"21":{"start":{"line":50,"column":24},"end":{"line":50,"column":69}},"22":{"start":{"line":51,"column":26},"end":{"line":51,"column":37}},"23":{"start":{"line":53,"column":8},"end":{"line":58,"column":9}},"24":{"start":{"line":54,"column":12},"end":{"line":57,"column":15}},"25":{"start":{"line":60,"column":27},"end":{"line":60,"column":77}},"26":{"start":{"line":61,"column":8},"end":{"line":61,"column":34}},"27":{"start":{"line":62,"column":8},"end":{"line":66,"column":11}},"28":{"start":{"line":68,"column":8},"end":{"line":68,"column":27}},"29":{"start":{"line":69,"column":8},"end":{"line":72,"column":11}},"30":{"start":{"line":81,"column":0},"end":{"line":85,"column":1}}},"fnMap":{"0":{"name":"(anonymous_0)","decl":{"start":{"line":4,"column":31},"end":{"line":4,"column":32}},"loc":{"start":{"line":4,"column":69},"end":{"line":21,"column":1}},"line":4},"1":{"name":"(anonymous_1)","decl":{"start":{"line":23,"column":24},"end":{"line":23,"column":25}},"loc":{"start":{"line":23,"column":62},"end":{"line":42,"column":1}},"line":23},"2":{"name":"(anonymous_2)","decl":{"start":{"line":44,"column":27},"end":{"line":44,"column":28}},"loc":{"start":{"line":44,"column":65},"end":{"line":74,"column":1}},"line":44}},"branchMap":{"0":{"loc":{"start":{"line":4,"column":42},"end":{"line":4,"column":64}},"type":"default-arg","locations":[{"start":{"line":4,"column":48},"end":{"line":4,"column":64}}],"line":4},"1":{"loc":{"start":{"line":23,"column":35},"end":{"line":23,"column":57}},"type":"default-arg","locations":[{"start":{"line":23,"column":41},"end":{"line":23,"column":57}}],"line":23},"2":{"loc":{"start":{"line":44,"column":38},"end":{"line":44,"column":60}},"type":"default-arg","locations":[{"start":{"line":44,"column":44},"end":{"line":44,"column":60}}],"line":44},"3":{"loc":{"start":{"line":53,"column":8},"end":{"line":58,"column":9}},"type":"if","locations":[{"start":{"line":53,"column":8},"end":{"line":58,"column":9}},{"start":{},"end":{}}],"line":53}},"s":{"0":1,"1":1,"2":1,"3":0,"4":0,"5":0,"6":0,"7":0,"8":0,"9":1,"10":0,"11":0,"12":0,"13":0,"14":0,"15":0,"16":0,"17":1,"18":0,"19":0,"20":0,"21":0,"22":0,"23":0,"24":0,"25":0,"26":0,"27":0,"28":0,"29":0,"30":1},"f":{"0":0,"1":0,"2":0},"b":{"0":[0],"1":[0],"2":[0],"3":[0,0]},"_coverageSchema":"1a1c01bbd47fc00a2c39e90264f33305004495a9","hash":"49ea60fdb935c8020d76d0e9cb90af9242a34f80"}
,"C:\\Users\\alvar\\Desktop\\Universidad\\Segundo Cuatrimestre\\TFG\\alcompas\\Backend\\controllers\\directivos.js": {"path":"C:\\Users\\alvar\\Desktop\\Universidad\\Segundo Cuatrimestre\\TFG\\alcompas\\Backend\\controllers\\directivos.js","statementMap":{"0":{"start":{"line":1,"column":16},"end":{"line":1,"column":34}},"1":{"start":{"line":2,"column":18},"end":{"line":2,"column":48}},"2":{"start":{"line":3,"column":14},"end":{"line":3,"column":40}},"3":{"start":{"line":5,"column":23},"end":{"line":117,"column":1}},"4":{"start":{"line":6,"column":4},"end":{"line":116,"column":5}},"5":{"start":{"line":7,"column":26},"end":{"line":7,"column":33}},"6":{"start":{"line":8,"column":30},"end":{"line":8,"column":53}},"7":{"start":{"line":11,"column":32},"end":{"line":11,"column":76}},"8":{"start":{"line":13,"column":8},"end":{"line":21,"column":9}},"9":{"start":{"line":14,"column":12},"end":{"line":14,"column":37}},"10":{"start":{"line":15,"column":12},"end":{"line":20,"column":13}},"11":{"start":{"line":16,"column":16},"end":{"line":19,"column":19}},"12":{"start":{"line":24,"column":24},"end":{"line":24,"column":45}},"13":{"start":{"line":25,"column":33},"end":{"line":25,"column":73}},"14":{"start":{"line":26,"column":22},"end":{"line":26,"column":43}},"15":{"start":{"line":28,"column":31},"end":{"line":28,"column":33}},"16":{"start":{"line":29,"column":38},"end":{"line":29,"column":40}},"17":{"start":{"line":30,"column":32},"end":{"line":30,"column":34}},"18":{"start":{"line":32,"column":8},"end":{"line":79,"column":9}},"19":{"start":{"line":33,"column":28},"end":{"line":33,"column":47}},"20":{"start":{"line":34,"column":12},"end":{"line":78,"column":13}},"21":{"start":{"line":35,"column":16},"end":{"line":38,"column":19}},"22":{"start":{"line":40,"column":17},"end":{"line":78,"column":13}},"23":{"start":{"line":41,"column":16},"end":{"line":44,"column":19}},"24":{"start":{"line":46,"column":17},"end":{"line":78,"column":13}},"25":{"start":{"line":47,"column":16},"end":{"line":50,"column":19}},"26":{"start":{"line":52,"column":17},"end":{"line":78,"column":13}},"27":{"start":{"line":53,"column":16},"end":{"line":56,"column":19}},"28":{"start":{"line":58,"column":17},"end":{"line":78,"column":13}},"29":{"start":{"line":59,"column":16},"end":{"line":62,"column":19}},"30":{"start":{"line":64,"column":17},"end":{"line":78,"column":13}},"31":{"start":{"line":65,"column":16},"end":{"line":68,"column":19}},"32":{"start":{"line":70,"column":17},"end":{"line":78,"column":13}},"33":{"start":{"line":71,"column":16},"end":{"line":71,"column":49}},"34":{"start":{"line":73,"column":17},"end":{"line":78,"column":13}},"35":{"start":{"line":74,"column":16},"end":{"line":74,"column":56}},"36":{"start":{"line":76,"column":17},"end":{"line":78,"column":13}},"37":{"start":{"line":77,"column":16},"end":{"line":77,"column":50}},"38":{"start":{"line":80,"column":8},"end":{"line":85,"column":9}},"39":{"start":{"line":81,"column":12},"end":{"line":84,"column":15}},"40":{"start":{"line":86,"column":8},"end":{"line":91,"column":9}},"41":{"start":{"line":87,"column":12},"end":{"line":90,"column":15}},"42":{"start":{"line":92,"column":8},"end":{"line":97,"column":9}},"43":{"start":{"line":93,"column":12},"end":{"line":96,"column":15}},"44":{"start":{"line":100,"column":8},"end":{"line":100,"column":42}},"45":{"start":{"line":101,"column":28},"end":{"line":101,"column":56}},"46":{"start":{"line":103,"column":8},"end":{"line":106,"column":11}},"47":{"start":{"line":111,"column":8},"end":{"line":111,"column":26}},"48":{"start":{"line":112,"column":8},"end":{"line":115,"column":11}},"49":{"start":{"line":119,"column":27},"end":{"line":177,"column":1}},"50":{"start":{"line":120,"column":4},"end":{"line":176,"column":5}},"51":{"start":{"line":121,"column":23},"end":{"line":121,"column":40}},"52":{"start":{"line":122,"column":24},"end":{"line":122,"column":42}},"53":{"start":{"line":125,"column":22},"end":{"line":125,"column":43}},"54":{"start":{"line":126,"column":24},"end":{"line":126,"column":69}},"55":{"start":{"line":127,"column":26},"end":{"line":127,"column":37}},"56":{"start":{"line":128,"column":24},"end":{"line":128,"column":29}},"57":{"start":{"line":130,"column":19},"end":{"line":130,"column":107}},"58":{"start":{"line":131,"column":8},"end":{"line":136,"column":9}},"59":{"start":{"line":132,"column":20},"end":{"line":132,"column":25}},"60":{"start":{"line":133,"column":12},"end":{"line":135,"column":13}},"61":{"start":{"line":134,"column":16},"end":{"line":134,"column":33}},"62":{"start":{"line":137,"column":8},"end":{"line":142,"column":9}},"63":{"start":{"line":138,"column":12},"end":{"line":141,"column":15}},"64":{"start":{"line":145,"column":26},"end":{"line":145,"column":111}},"65":{"start":{"line":147,"column":8},"end":{"line":152,"column":9}},"66":{"start":{"line":148,"column":12},"end":{"line":151,"column":15}},"67":{"start":{"line":154,"column":8},"end":{"line":154,"column":46}},"68":{"start":{"line":155,"column":29},"end":{"line":155,"column":56}},"69":{"start":{"line":156,"column":28},"end":{"line":156,"column":53}},"70":{"start":{"line":158,"column":27},"end":{"line":158,"column":93}},"71":{"start":{"line":160,"column":8},"end":{"line":162,"column":9}},"72":{"start":{"line":161,"column":12},"end":{"line":161,"column":52}},"73":{"start":{"line":165,"column":8},"end":{"line":168,"column":11}},"74":{"start":{"line":170,"column":8},"end":{"line":170,"column":26}},"75":{"start":{"line":171,"column":8},"end":{"line":174,"column":11}},"76":{"start":{"line":179,"column":27},"end":{"line":214,"column":1}},"77":{"start":{"line":180,"column":22},"end":{"line":180,"column":35}},"78":{"start":{"line":181,"column":4},"end":{"line":213,"column":5}},"79":{"start":{"line":182,"column":26},"end":{"line":182,"column":76}},"80":{"start":{"line":184,"column":22},"end":{"line":184,"column":43}},"81":{"start":{"line":185,"column":24},"end":{"line":185,"column":69}},"82":{"start":{"line":186,"column":26},"end":{"line":186,"column":37}},"83":{"start":{"line":187,"column":24},"end":{"line":187,"column":29}},"84":{"start":{"line":189,"column":19},"end":{"line":189,"column":107}},"85":{"start":{"line":190,"column":8},"end":{"line":195,"column":9}},"86":{"start":{"line":191,"column":20},"end":{"line":191,"column":25}},"87":{"start":{"line":192,"column":12},"end":{"line":194,"column":13}},"88":{"start":{"line":193,"column":16},"end":{"line":193,"column":33}},"89":{"start":{"line":196,"column":8},"end":{"line":201,"column":9}},"90":{"start":{"line":197,"column":12},"end":{"line":200,"column":15}},"91":{"start":{"line":203,"column":8},"end":{"line":206,"column":11}},"92":{"start":{"line":208,"column":8},"end":{"line":208,"column":26}},"93":{"start":{"line":209,"column":8},"end":{"line":212,"column":11}},"94":{"start":{"line":216,"column":25},"end":{"line":233,"column":1}},"95":{"start":{"line":217,"column":4},"end":{"line":232,"column":5}},"96":{"start":{"line":218,"column":28},"end":{"line":218,"column":41}},"97":{"start":{"line":219,"column":26},"end":{"line":219,"column":63}},"98":{"start":{"line":221,"column":8},"end":{"line":224,"column":11}},"99":{"start":{"line":227,"column":8},"end":{"line":227,"column":26}},"100":{"start":{"line":228,"column":8},"end":{"line":231,"column":11}},"101":{"start":{"line":235,"column":29},"end":{"line":252,"column":1}},"102":{"start":{"line":236,"column":4},"end":{"line":251,"column":5}},"103":{"start":{"line":237,"column":26},"end":{"line":237,"column":39}},"104":{"start":{"line":238,"column":26},"end":{"line":238,"column":70}},"105":{"start":{"line":240,"column":8},"end":{"line":243,"column":11}},"106":{"start":{"line":246,"column":8},"end":{"line":246,"column":26}},"107":{"start":{"line":247,"column":8},"end":{"line":250,"column":11}},"108":{"start":{"line":254,"column":30},"end":{"line":281,"column":1}},"109":{"start":{"line":256,"column":4},"end":{"line":280,"column":5}},"110":{"start":{"line":257,"column":24},"end":{"line":257,"column":37}},"111":{"start":{"line":258,"column":27},"end":{"line":258,"column":93}},"112":{"start":{"line":260,"column":28},"end":{"line":260,"column":30}},"113":{"start":{"line":261,"column":8},"end":{"line":268,"column":9}},"114":{"start":{"line":262,"column":28},"end":{"line":262,"column":41}},"115":{"start":{"line":263,"column":12},"end":{"line":267,"column":13}},"116":{"start":{"line":264,"column":16},"end":{"line":264,"column":59}},"117":{"start":{"line":266,"column":16},"end":{"line":266,"column":89}},"118":{"start":{"line":269,"column":8},"end":{"line":272,"column":11}},"119":{"start":{"line":275,"column":8},"end":{"line":275,"column":26}},"120":{"start":{"line":276,"column":8},"end":{"line":279,"column":11}},"121":{"start":{"line":285,"column":0},"end":{"line":292,"column":1}}},"fnMap":{"0":{"name":"(anonymous_0)","decl":{"start":{"line":5,"column":23},"end":{"line":5,"column":24}},"loc":{"start":{"line":5,"column":61},"end":{"line":117,"column":1}},"line":5},"1":{"name":"(anonymous_1)","decl":{"start":{"line":119,"column":27},"end":{"line":119,"column":28}},"loc":{"start":{"line":119,"column":65},"end":{"line":177,"column":1}},"line":119},"2":{"name":"(anonymous_2)","decl":{"start":{"line":179,"column":27},"end":{"line":179,"column":28}},"loc":{"start":{"line":179,"column":65},"end":{"line":214,"column":1}},"line":179},"3":{"name":"(anonymous_3)","decl":{"start":{"line":216,"column":25},"end":{"line":216,"column":26}},"loc":{"start":{"line":216,"column":63},"end":{"line":233,"column":1}},"line":216},"4":{"name":"(anonymous_4)","decl":{"start":{"line":235,"column":29},"end":{"line":235,"column":30}},"loc":{"start":{"line":235,"column":67},"end":{"line":252,"column":1}},"line":235},"5":{"name":"(anonymous_5)","decl":{"start":{"line":254,"column":30},"end":{"line":254,"column":31}},"loc":{"start":{"line":254,"column":68},"end":{"line":281,"column":1}},"line":254}},"branchMap":{"0":{"loc":{"start":{"line":5,"column":34},"end":{"line":5,"column":56}},"type":"default-arg","locations":[{"start":{"line":5,"column":40},"end":{"line":5,"column":56}}],"line":5},"1":{"loc":{"start":{"line":15,"column":12},"end":{"line":20,"column":13}},"type":"if","locations":[{"start":{"line":15,"column":12},"end":{"line":20,"column":13}},{"start":{},"end":{}}],"line":15},"2":{"loc":{"start":{"line":34,"column":12},"end":{"line":78,"column":13}},"type":"if","locations":[{"start":{"line":34,"column":12},"end":{"line":78,"column":13}},{"start":{"line":40,"column":17},"end":{"line":78,"column":13}}],"line":34},"3":{"loc":{"start":{"line":34,"column":15},"end":{"line":34,"column":97}},"type":"binary-expr","locations":[{"start":{"line":34,"column":15},"end":{"line":34,"column":36}},{"start":{"line":34,"column":40},"end":{"line":34,"column":71}},{"start":{"line":34,"column":75},"end":{"line":34,"column":97}}],"line":34},"4":{"loc":{"start":{"line":40,"column":17},"end":{"line":78,"column":13}},"type":"if","locations":[{"start":{"line":40,"column":17},"end":{"line":78,"column":13}},{"start":{"line":46,"column":17},"end":{"line":78,"column":13}}],"line":40},"5":{"loc":{"start":{"line":40,"column":20},"end":{"line":40,"column":110}},"type":"binary-expr","locations":[{"start":{"line":40,"column":20},"end":{"line":40,"column":45}},{"start":{"line":40,"column":49},"end":{"line":40,"column":84}},{"start":{"line":40,"column":88},"end":{"line":40,"column":110}}],"line":40},"6":{"loc":{"start":{"line":46,"column":17},"end":{"line":78,"column":13}},"type":"if","locations":[{"start":{"line":46,"column":17},"end":{"line":78,"column":13}},{"start":{"line":52,"column":17},"end":{"line":78,"column":13}}],"line":46},"7":{"loc":{"start":{"line":46,"column":20},"end":{"line":46,"column":98}},"type":"binary-expr","locations":[{"start":{"line":46,"column":20},"end":{"line":46,"column":39}},{"start":{"line":46,"column":43},"end":{"line":46,"column":72}},{"start":{"line":46,"column":76},"end":{"line":46,"column":98}}],"line":46},"8":{"loc":{"start":{"line":52,"column":17},"end":{"line":78,"column":13}},"type":"if","locations":[{"start":{"line":52,"column":17},"end":{"line":78,"column":13}},{"start":{"line":58,"column":17},"end":{"line":78,"column":13}}],"line":52},"9":{"loc":{"start":{"line":52,"column":20},"end":{"line":52,"column":102}},"type":"binary-expr","locations":[{"start":{"line":52,"column":20},"end":{"line":52,"column":41}},{"start":{"line":52,"column":45},"end":{"line":52,"column":76}},{"start":{"line":52,"column":80},"end":{"line":52,"column":102}}],"line":52},"10":{"loc":{"start":{"line":58,"column":17},"end":{"line":78,"column":13}},"type":"if","locations":[{"start":{"line":58,"column":17},"end":{"line":78,"column":13}},{"start":{"line":64,"column":17},"end":{"line":78,"column":13}}],"line":58},"11":{"loc":{"start":{"line":58,"column":20},"end":{"line":58,"column":98}},"type":"binary-expr","locations":[{"start":{"line":58,"column":20},"end":{"line":58,"column":39}},{"start":{"line":58,"column":43},"end":{"line":58,"column":72}},{"start":{"line":58,"column":76},"end":{"line":58,"column":98}}],"line":58},"12":{"loc":{"start":{"line":64,"column":17},"end":{"line":78,"column":13}},"type":"if","locations":[{"start":{"line":64,"column":17},"end":{"line":78,"column":13}},{"start":{"line":70,"column":17},"end":{"line":78,"column":13}}],"line":64},"13":{"loc":{"start":{"line":64,"column":20},"end":{"line":64,"column":104}},"type":"binary-expr","locations":[{"start":{"line":64,"column":20},"end":{"line":64,"column":42}},{"start":{"line":64,"column":46},"end":{"line":64,"column":78}},{"start":{"line":64,"column":82},"end":{"line":64,"column":104}}],"line":64},"14":{"loc":{"start":{"line":70,"column":17},"end":{"line":78,"column":13}},"type":"if","locations":[{"start":{"line":70,"column":17},"end":{"line":78,"column":13}},{"start":{"line":73,"column":17},"end":{"line":78,"column":13}}],"line":70},"15":{"loc":{"start":{"line":70,"column":20},"end":{"line":70,"column":92}},"type":"binary-expr","locations":[{"start":{"line":70,"column":20},"end":{"line":70,"column":36}},{"start":{"line":70,"column":40},"end":{"line":70,"column":66}},{"start":{"line":70,"column":70},"end":{"line":70,"column":92}}],"line":70},"16":{"loc":{"start":{"line":73,"column":17},"end":{"line":78,"column":13}},"type":"if","locations":[{"start":{"line":73,"column":17},"end":{"line":78,"column":13}},{"start":{"line":76,"column":17},"end":{"line":78,"column":13}}],"line":73},"17":{"loc":{"start":{"line":73,"column":20},"end":{"line":73,"column":108}},"type":"binary-expr","locations":[{"start":{"line":73,"column":20},"end":{"line":73,"column":44}},{"start":{"line":73,"column":48},"end":{"line":73,"column":82}},{"start":{"line":73,"column":86},"end":{"line":73,"column":108}}],"line":73},"18":{"loc":{"start":{"line":76,"column":17},"end":{"line":78,"column":13}},"type":"if","locations":[{"start":{"line":76,"column":17},"end":{"line":78,"column":13}},{"start":{},"end":{}}],"line":76},"19":{"loc":{"start":{"line":76,"column":20},"end":{"line":76,"column":96}},"type":"binary-expr","locations":[{"start":{"line":76,"column":20},"end":{"line":76,"column":38}},{"start":{"line":76,"column":42},"end":{"line":76,"column":70}},{"start":{"line":76,"column":74},"end":{"line":76,"column":96}}],"line":76},"20":{"loc":{"start":{"line":80,"column":8},"end":{"line":85,"column":9}},"type":"if","locations":[{"start":{"line":80,"column":8},"end":{"line":85,"column":9}},{"start":{},"end":{}}],"line":80},"21":{"loc":{"start":{"line":86,"column":8},"end":{"line":91,"column":9}},"type":"if","locations":[{"start":{"line":86,"column":8},"end":{"line":91,"column":9}},{"start":{},"end":{}}],"line":86},"22":{"loc":{"start":{"line":92,"column":8},"end":{"line":97,"column":9}},"type":"if","locations":[{"start":{"line":92,"column":8},"end":{"line":97,"column":9}},{"start":{},"end":{}}],"line":92},"23":{"loc":{"start":{"line":119,"column":38},"end":{"line":119,"column":60}},"type":"default-arg","locations":[{"start":{"line":119,"column":44},"end":{"line":119,"column":60}}],"line":119},"24":{"loc":{"start":{"line":133,"column":12},"end":{"line":135,"column":13}},"type":"if","locations":[{"start":{"line":133,"column":12},"end":{"line":135,"column":13}},{"start":{},"end":{}}],"line":133},"25":{"loc":{"start":{"line":137,"column":8},"end":{"line":142,"column":9}},"type":"if","locations":[{"start":{"line":137,"column":8},"end":{"line":142,"column":9}},{"start":{},"end":{}}],"line":137},"26":{"loc":{"start":{"line":147,"column":8},"end":{"line":152,"column":9}},"type":"if","locations":[{"start":{"line":147,"column":8},"end":{"line":152,"column":9}},{"start":{},"end":{}}],"line":147},"27":{"loc":{"start":{"line":160,"column":8},"end":{"line":162,"column":9}},"type":"if","locations":[{"start":{"line":160,"column":8},"end":{"line":162,"column":9}},{"start":{},"end":{}}],"line":160},"28":{"loc":{"start":{"line":179,"column":38},"end":{"line":179,"column":60}},"type":"default-arg","locations":[{"start":{"line":179,"column":44},"end":{"line":179,"column":60}}],"line":179},"29":{"loc":{"start":{"line":192,"column":12},"end":{"line":194,"column":13}},"type":"if","locations":[{"start":{"line":192,"column":12},"end":{"line":194,"column":13}},{"start":{},"end":{}}],"line":192},"30":{"loc":{"start":{"line":196,"column":8},"end":{"line":201,"column":9}},"type":"if","locations":[{"start":{"line":196,"column":8},"end":{"line":201,"column":9}},{"start":{},"end":{}}],"line":196},"31":{"loc":{"start":{"line":216,"column":36},"end":{"line":216,"column":58}},"type":"default-arg","locations":[{"start":{"line":216,"column":42},"end":{"line":216,"column":58}}],"line":216},"32":{"loc":{"start":{"line":235,"column":40},"end":{"line":235,"column":62}},"type":"default-arg","locations":[{"start":{"line":235,"column":46},"end":{"line":235,"column":62}}],"line":235},"33":{"loc":{"start":{"line":254,"column":41},"end":{"line":254,"column":63}},"type":"default-arg","locations":[{"start":{"line":254,"column":47},"end":{"line":254,"column":63}}],"line":254},"34":{"loc":{"start":{"line":263,"column":12},"end":{"line":267,"column":13}},"type":"if","locations":[{"start":{"line":263,"column":12},"end":{"line":267,"column":13}},{"start":{"line":265,"column":19},"end":{"line":267,"column":13}}],"line":263}},"s":{"0":1,"1":1,"2":1,"3":1,"4":0,"5":0,"6":0,"7":0,"8":0,"9":0,"10":0,"11":0,"12":0,"13":0,"14":0,"15":0,"16":0,"17":0,"18":0,"19":0,"20":0,"21":0,"22":0,"23":0,"24":0,"25":0,"26":0,"27":0,"28":0,"29":0,"30":0,"31":0,"32":0,"33":0,"34":0,"35":0,"36":0,"37":0,"38":0,"39":0,"40":0,"41":0,"42":0,"43":0,"44":0,"45":0,"46":0,"47":0,"48":0,"49":1,"50":0,"51":0,"52":0,"53":0,"54":0,"55":0,"56":0,"57":0,"58":0,"59":0,"60":0,"61":0,"62":0,"63":0,"64":0,"65":0,"66":0,"67":0,"68":0,"69":0,"70":0,"71":0,"72":0,"73":0,"74":0,"75":0,"76":1,"77":0,"78":0,"79":0,"80":0,"81":0,"82":0,"83":0,"84":0,"85":0,"86":0,"87":0,"88":0,"89":0,"90":0,"91":0,"92":0,"93":0,"94":1,"95":0,"96":0,"97":0,"98":0,"99":0,"100":0,"101":1,"102":0,"103":0,"104":0,"105":0,"106":0,"107":0,"108":1,"109":0,"110":0,"111":0,"112":0,"113":0,"114":0,"115":0,"116":0,"117":0,"118":0,"119":0,"120":0,"121":1},"f":{"0":0,"1":0,"2":0,"3":0,"4":0,"5":0},"b":{"0":[0],"1":[0,0],"2":[0,0],"3":[0,0,0],"4":[0,0],"5":[0,0,0],"6":[0,0],"7":[0,0,0],"8":[0,0],"9":[0,0,0],"10":[0,0],"11":[0,0,0],"12":[0,0],"13":[0,0,0],"14":[0,0],"15":[0,0,0],"16":[0,0],"17":[0,0,0],"18":[0,0],"19":[0,0,0],"20":[0,0],"21":[0,0],"22":[0,0],"23":[0],"24":[0,0],"25":[0,0],"26":[0,0],"27":[0,0],"28":[0],"29":[0,0],"30":[0,0],"31":[0],"32":[0],"33":[0],"34":[0,0]},"_coverageSchema":"1a1c01bbd47fc00a2c39e90264f33305004495a9","hash":"72fa2ab5ccc4ea6767ff18822938ff6257f42f30"}
,"C:\\Users\\alvar\\Desktop\\Universidad\\Segundo Cuatrimestre\\TFG\\alcompas\\Backend\\controllers\\estudios.js": {"path":"C:\\Users\\alvar\\Desktop\\Universidad\\Segundo Cuatrimestre\\TFG\\alcompas\\Backend\\controllers\\estudios.js","statementMap":{"0":{"start":{"line":1,"column":16},"end":{"line":1,"column":34}},"1":{"start":{"line":2,"column":16},"end":{"line":2,"column":44}},"2":{"start":{"line":3,"column":12},"end":{"line":3,"column":35}},"3":{"start":{"line":5,"column":28},"end":{"line":20,"column":1}},"4":{"start":{"line":6,"column":19},"end":{"line":6,"column":36}},"5":{"start":{"line":7,"column":4},"end":{"line":19,"column":5}},"6":{"start":{"line":8,"column":25},"end":{"line":8,"column":62}},"7":{"start":{"line":9,"column":8},"end":{"line":12,"column":11}},"8":{"start":{"line":14,"column":8},"end":{"line":14,"column":27}},"9":{"start":{"line":15,"column":8},"end":{"line":18,"column":11}},"10":{"start":{"line":22,"column":21},"end":{"line":61,"column":1}},"11":{"start":{"line":24,"column":4},"end":{"line":60,"column":5}},"12":{"start":{"line":25,"column":24},"end":{"line":25,"column":45}},"13":{"start":{"line":28,"column":22},"end":{"line":28,"column":43}},"14":{"start":{"line":29,"column":24},"end":{"line":29,"column":69}},"15":{"start":{"line":30,"column":26},"end":{"line":30,"column":37}},"16":{"start":{"line":33,"column":8},"end":{"line":38,"column":9}},"17":{"start":{"line":34,"column":12},"end":{"line":37,"column":15}},"18":{"start":{"line":40,"column":8},"end":{"line":45,"column":9}},"19":{"start":{"line":41,"column":12},"end":{"line":44,"column":15}},"20":{"start":{"line":47,"column":8},"end":{"line":47,"column":29}},"21":{"start":{"line":49,"column":8},"end":{"line":52,"column":11}},"22":{"start":{"line":55,"column":8},"end":{"line":55,"column":27}},"23":{"start":{"line":56,"column":8},"end":{"line":59,"column":11}},"24":{"start":{"line":63,"column":30},"end":{"line":92,"column":1}},"25":{"start":{"line":65,"column":4},"end":{"line":91,"column":5}},"26":{"start":{"line":66,"column":26},"end":{"line":66,"column":46}},"27":{"start":{"line":67,"column":24},"end":{"line":67,"column":66}},"28":{"start":{"line":69,"column":22},"end":{"line":69,"column":43}},"29":{"start":{"line":70,"column":24},"end":{"line":70,"column":69}},"30":{"start":{"line":71,"column":26},"end":{"line":71,"column":37}},"31":{"start":{"line":74,"column":8},"end":{"line":79,"column":9}},"32":{"start":{"line":75,"column":12},"end":{"line":78,"column":15}},"33":{"start":{"line":81,"column":8},"end":{"line":84,"column":11}},"34":{"start":{"line":86,"column":8},"end":{"line":86,"column":27}},"35":{"start":{"line":87,"column":8},"end":{"line":90,"column":11}},"36":{"start":{"line":94,"column":22},"end":{"line":141,"column":1}},"37":{"start":{"line":95,"column":4},"end":{"line":140,"column":5}},"38":{"start":{"line":96,"column":26},"end":{"line":96,"column":46}},"39":{"start":{"line":97,"column":24},"end":{"line":97,"column":57}},"40":{"start":{"line":99,"column":8},"end":{"line":104,"column":9}},"41":{"start":{"line":100,"column":12},"end":{"line":103,"column":15}},"42":{"start":{"line":106,"column":22},"end":{"line":106,"column":43}},"43":{"start":{"line":107,"column":24},"end":{"line":107,"column":69}},"44":{"start":{"line":108,"column":26},"end":{"line":108,"column":37}},"45":{"start":{"line":111,"column":8},"end":{"line":116,"column":9}},"46":{"start":{"line":112,"column":12},"end":{"line":115,"column":15}},"47":{"start":{"line":118,"column":29},"end":{"line":120,"column":9}},"48":{"start":{"line":122,"column":8},"end":{"line":127,"column":9}},"49":{"start":{"line":123,"column":12},"end":{"line":126,"column":15}},"50":{"start":{"line":129,"column":35},"end":{"line":129,"column":104}},"51":{"start":{"line":130,"column":8},"end":{"line":133,"column":11}},"52":{"start":{"line":135,"column":8},"end":{"line":135,"column":27}},"53":{"start":{"line":136,"column":8},"end":{"line":139,"column":11}},"54":{"start":{"line":143,"column":23},"end":{"line":164,"column":1}},"55":{"start":{"line":144,"column":22},"end":{"line":144,"column":42}},"56":{"start":{"line":145,"column":4},"end":{"line":163,"column":5}},"57":{"start":{"line":146,"column":24},"end":{"line":146,"column":57}},"58":{"start":{"line":147,"column":8},"end":{"line":152,"column":9}},"59":{"start":{"line":148,"column":12},"end":{"line":151,"column":15}},"60":{"start":{"line":153,"column":8},"end":{"line":156,"column":11}},"61":{"start":{"line":158,"column":8},"end":{"line":158,"column":27}},"62":{"start":{"line":159,"column":8},"end":{"line":162,"column":11}},"63":{"start":{"line":166,"column":0},"end":{"line":173,"column":1}}},"fnMap":{"0":{"name":"(anonymous_0)","decl":{"start":{"line":5,"column":28},"end":{"line":5,"column":29}},"loc":{"start":{"line":5,"column":66},"end":{"line":20,"column":1}},"line":5},"1":{"name":"(anonymous_1)","decl":{"start":{"line":22,"column":21},"end":{"line":22,"column":22}},"loc":{"start":{"line":22,"column":59},"end":{"line":61,"column":1}},"line":22},"2":{"name":"(anonymous_2)","decl":{"start":{"line":63,"column":30},"end":{"line":63,"column":31}},"loc":{"start":{"line":63,"column":68},"end":{"line":92,"column":1}},"line":63},"3":{"name":"(anonymous_3)","decl":{"start":{"line":94,"column":22},"end":{"line":94,"column":23}},"loc":{"start":{"line":94,"column":60},"end":{"line":141,"column":1}},"line":94},"4":{"name":"(anonymous_4)","decl":{"start":{"line":143,"column":23},"end":{"line":143,"column":24}},"loc":{"start":{"line":143,"column":61},"end":{"line":164,"column":1}},"line":143}},"branchMap":{"0":{"loc":{"start":{"line":5,"column":39},"end":{"line":5,"column":61}},"type":"default
[...]
,"C:\\Users\\alvar\\Desktop\\Universidad\\Segundo Cuatrimestre\\TFG\\alcompas\\Backend\\routes\\estudios.js": {"path":"C:\\Users\\alvar\\Desktop\\Universidad\\Segundo Cuatrimestre\\TFG\\alcompas\\Backend\\routes\\estudios.js","statementMap":{"0":{"start":{"line":1,"column":18},"end":{"line":1,"column":36}},"1":{"start":{"line":2,"column":15},"end":{"line":2,"column":23}},"2":{"start":{"line":3,"column":18},"end":{"line":3,"column":46}},"3":{"start":{"line":4,"column":23},"end":{"line":4,"column":60}},"4":{"start":{"line":5,"column":26},"end":{"line":5,"column":66}},"5":{"start":{"line":7,"column":31},"end":{"line":7,"column":65}},"6":{"start":{"line":10,"column":0},"end":{"line":10,"column":39}},"7":{"start":{"line":13,"column":0},"end":{"line":13,"column":61}},"8":{"start":{"line":16,"column":0},"end":{"line":16,"column":54}},"9":{"start":{"line":19,"column":0},"end":{"line":19,"column":63}},"10":{"start":{"line":23,"column":0},"end":{"line":45,"column":18}},"11":{"start":{"line":26,"column":26},"end":{"line":26,"column":110}},"12":{"start":{"line":27,"column":12},"end":{"line":29,"column":13}},"13":{"start":{"line":28,"column":16},"end":{"line":28,"column":59}},"14":{"start":{"line":30,"column":12},"end":{"line":30,"column":24}},"15":{"start":{"line":36,"column":26},"end":{"line":36,"column":41}},"16":{"start":{"line":37,"column":12},"end":{"line":39,"column":13}},"17":{"start":{"line":38,"column":16},"end":{"line":38,"column":93}},"18":{"start":{"line":40,"column":12},"end":{"line":40,"column":24}},"19":{"start":{"line":48,"column":0},"end":{"line":70,"column":19}},"20":{"start":{"line":51,"column":26},"end":{"line":51,"column":110}},"21":{"start":{"line":52,"column":12},"end":{"line":54,"column":13}},"22":{"start":{"line":53,"column":16},"end":{"line":53,"column":59}},"23":{"start":{"line":55,"column":12},"end":{"line":55,"column":24}},"24":{"start":{"line":61,"column":26},"end":{"line":61,"column":41}},"25":{"start":{"line":62,"column":12},"end":{"line":64,"column":13}},"26":{"start":{"line":63,"column":16},"end":{"line":63,"column":93}},"27":{"start":{"line":65,"column":12},"end":{"line":65,"column":24}},"28":{"start":{"line":73,"column":0},"end":{"line":73,"column":24}}},"fnMap":{"0":{"name":"(anonymous_0)","decl":{"start":{"line":25,"column":83},"end":{"line":25,"column":84}},"loc":{"start":{"line":25,"column":92},"end":{"line":31,"column":9}},"line":25},"1":{"name":"(anonymous_1)","decl":{"start":{"line":35,"column":83},"end":{"line":35,"column":84}},"loc":{"start":{"line":35,"column":92},"end":{"line":41,"column":9}},"line":35},"2":{"name":"(anonymous_2)","decl":{"start":{"line":50,"column":83},"end":{"line":50,"column":84}},"loc":{"start":{"line":50,"column":92},"end":{"line":56,"column":9}},"line":50},"3":{"name":"(anonymous_3)","decl":{"start":{"line":60,"column":83},"end":{"line":60,"column":84}},"loc":{"start":{"line":60,"column":92},"end":{"line":66,"column":9}},"line":60}},"branchMap":{"0":{"loc":{"start":{"line":27,"column":12},"end":{"line":29,"column":13}},"type":"if","locations":[{"start":{"line":27,"column":12},"end":{"line":29,"column":13}},{"start":{},"end":{}}],"line":27},"1":{"loc":{"start":{"line":37,"column":12},"end":{"line":39,"column":13}},"type":"if","locations":[{"start":{"line":37,"column":12},"end":{"line":39,"column":13}},{"start":{},"end":{}}],"line":37},"2":{"loc":{"start":{"line":52,"column":12},"end":{"line":54,"column":13}},"type":"if","locations":[{"start":{"line":52,"column":12},"end":{"line":54,"column":13}},{"start":{},"end":{}}],"line":52},"3":{"loc":{"start":{"line":62,"column":12},"end":{"line":64,"column":13}},"type":"if","locations":[{"start":{"line":62,"column":12},"end":{"line":64,"column":13}},{"start":{},"end":{}}],"line":62}},"s":{"0":1,"1":1,"2":1,"3":1,"4":1,"5":1,"6":1,"7":1,"8":1,"9":1,"10":1,"11":4,"12":4,"13":0,"14":4,"15":4,"16":4,"17":0,"18":4,"19":1,"20":4,"21":4,"22":0,"23":4,"24":4,"25":4,"26":0,"27":4,"28":1},"f":{"0":4,"1":4,"2":4,"3":4},"b":{"0":[0,4],"1":[0,4],"2":[0,4],"3":[0,4]},"_coverageSchema":"1a1c01bbd47fc00a2c39e90264f33305004495a9","hash":"9f2ebab9257e169a4e529610cc27635989ee8dd5"}
,"C:\\Users\\alvar\\Desktop\\Universidad\\Segundo Cuatrimestre\\TFG\\alcompas\\Backend\\routes\\instrumentos.js": {"path":"C:\\Users\\alvar\\Desktop\\Universidad\\Segundo Cuatrimestre\\TFG\\alcompas\\Backend\\routes\\instrumentos.js","statementMap":{"0":{"start":{"line":1,"column":18},"end":{"line":1,"column":36}},"1":{"start":{"line":2,"column":15},"end":{"line":2,"column":23}},"2":{"start":{"line":3,"column":18},"end":{"line":3,"column":46}},"3":{"start":{"line":4,"column":23},"end":{"line":4,"column":60}},"4":{"start":{"line":5,"column":26},"end":{"line":5,"column":66}},"5":{"start":{"line":6,"column":32},"end":{"line":6,"column":77}},"6":{"start":{"line":8,"column":61},"end":{"line":8,"column":99}},"7":{"start":{"line":12,"column":0},"end":{"line":12,"column":39}},"8":{"start":{"line":15,"column":0},"end":{"line":15,"column":69}},"9":{"start":{"line":18,"column":0},"end":{"line":18,"column":68}},"10":{"start":{"line":21,"column":0},"end":{"line":39,"column":29}},"11":{"start":{"line":24,"column":12},"end":{"line":29,"column":13}},"12":{"start":{"line":25,"column":34},"end":{"line":25,"column":60}},"13":{"start":{"line":26,"column":16},"end":{"line":28,"column":17}},"14":{"start":{"line":27,"column":20},"end":{"line":27,"column":67}},"15":{"start":{"line":30,"column":12},"end":{"line":30,"column":24}},"16":{"start":{"line":42,"column":4},"end":{"line":59,"column":34}},"17":{"start":{"line":45,"column":12},"end":{"line":50,"column":13}},"18":{"start":{"line":46,"column":34},"end":{"line":46,"column":60}},"19":{"start":{"line":47,"column":16},"end":{"line":49,"column":17}},"20":{"start":{"line":48,"column":20},"end":{"line":48,"column":67}},"21":{"start":{"line":51,"column":12},"end":{"line":51,"column":24}},"22":{"start":{"line":62,"column":0},"end":{"line":62,"column":54}},"23":{"start":{"line":64,"column":0},"end":{"line":64,"column":24}}},"fnMap":{"0":{"name":"(anonymous_0)","decl":{"start":{"line":23,"column":67},"end":{"line":23,"column":68}},"loc":{"start":{"line":23,"column":76},"end":{"line":31,"column":9}},"line":23},"1":{"name":"(anonymous_1)","decl":{"start":{"line":44,"column":67},"end":{"line":44,"column":68}},"loc":{"start":{"line":44,"column":76},"end":{"line":52,"column":9}},"line":44}},"branchMap":{"0":{"loc":{"start":{"line":24,"column":12},"end":{"line":29,"column":13}},"type":"if","locations":[{"start":{"line":24,"column":12},"end":{"line":29,"column":13}},{"start":{},"end":{}}],"line":24},"1":{"loc":{"start":{"line":26,"column":16},"end":{"line":28,"column":17}},"type":"if","locations":[{"start":{"line":26,"column":16},"end":{"line":28,"column":17}},{"start":{},"end":{}}],"line":26},"2":{"loc":{"start":{"line":45,"column":12},"end":{"line":50,"column":13}},"type":"if","locations":[{"start":{"line":45,"column":12},"end":{"line":50,"column":13}},{"start":{},"end":{}}],"line":45},"3":{"loc":{"start":{"line":47,"column":16},"end":{"line":49,"column":17}},"type":"if","locations":[{"start":{"line":47,"column":16},"end":{"line":49,"column":17}},{"start":{},"end":{}}],"line":47}},"s":{"0":1,"1":1,"2":1,"3":1,"4":1,"5":1,"6":1,"7":1,"8":1,"9":1,"10":1,"11":0,"12":0,"13":0,"14":0,"15":0,"16":1,"17":0,"18":0,"19":0,"20":0,"21":0,"22":1,"23":1},"f":{"0":0,"1":0},"b":{"0":[0,0],"1":[0,0],"2":[0,0],"3":[0,0]},"_coverageSchema":"1a1c01bbd47fc00a2c39e90264f33305004495a9","hash":"92b494e6d39c7953fba8c3f9dd0358a77974751c"}
,"C:\\Users\\alvar\\Desktop\\Universidad\\Segundo Cuatrimestre\\TFG\\alcompas\\Backend\\routes\\musicos.js": {"path":"C:\\Users\\alvar\\Desktop\\Universidad\\Segundo Cuatrimestre\\TFG\\alcompas\\Backend\\routes\\musicos.js","statementMap":{"0":{"start":{"line":1,"column":18},"end":{"line":1,"column":36}},"1":{"start":{"line":2,"column":15},"end":{"line":2,"column":23}},"2":{"start":{"line":3,"column":18},"end":{"line":3,"column":46}},"3":{"start":{"line":6,"column":31},"end":{"line":6,"column":64}},"4":{"start":{"line":7,"column":26},"end":{"line":7,"column":66}},"5":{"start":{"line":8,"column":32},"end":{"line":8,"column":77}},"6":{"start":{"line":9,"column":23},"end":{"line":9,"column":60}},"7":{"start":{"line":10,"column":23},"end":{"line":10,"column":60}},"8":{"start":{"line":15,"column":0},"end":{"line":15,"column":25}},"9":{"start":{"line":18,"column":0},"end":{"line":49,"column":17}},"10":{"start":{"line":21,"column":32},"end":{"line":21,"column":47}},"11":{"start":{"line":22,"column":31},"end":{"line":22,"column":41}},"12":{"start":{"line":24,"column":12},"end":{"line":28,"column":13}},"13":{"start":{"line":27,"column":16},"end":{"line":27,"column":70}},"14":{"start":{"line":29,"column":12},"end":{"line":29,"column":24}},"15":{"start":{"line":33,"column":29},"end":{"line":33,"column":55}},"16":{"start":{"line":34,"column":12},"end":{"line":36,"column":13}},"17":{"start":{"line":35,"column":16},"end":{"line":35,"column":63}},"18":{"start":{"line":37,"column":12},"end":{"line":37,"column":24}},"19":{"start":{"line":40,"column":29},"end":{"line":40,"column":46}},"20":{"start":{"line":41,"column":12},"end":{"line":43,"column":13}},"21":{"start":{"line":42,"column":16},"end":{"line":42,"column":55}},"22":{"start":{"line":44,"column":12},"end":{"line":44,"column":24}},"23":{"start":{"line":52,"column":0},"end":{"line":52,"column":59}},"24":{"start":{"line":55,"column":0},"end":{"line":55,"column":39}},"25":{"start":{"line":58,"column":0},"end":{"line":58,"column":60}},"26":{"start":{"line":61,"column":0},"end":{"line":61,"column":34}},"27":{"start":{"line":64,"column":0},"end":{"line":64,"column":51}},"28":{"start":{"line":66,"column":0},"end":{"line":66,"column":24}}},"fnMap":{"0":{"name":"(anonymous_0)","decl":{"start":{"line":20,"column":94},"end":{"line":20,"column":95}},"loc":{"start":{"line":20,"column":103},"end":{"line":30,"column":9}},"line":20},"1":{"name":"(anonymous_1)","decl":{"start":{"line":32,"column":86},"end":{"line":32,"column":87}},"loc":{"start":{"line":32,"column":95},"end":{"line":38,"column":9}},"line":32},"2":{"name":"(anonymous_2)","decl":{"start":{"line":39,"column":70},"end":{"line":39,"column":71}},"loc":{"start":{"line":39,"column":79},"end":{"line":45,"column":9}},"line":39}},"branchMap":{"0":{"loc":{"start":{"line":24,"column":12},"end":{"line":28,"column":13}},"type":"if","locations":[{"start":{"line":24,"column":12},"end":{"line":28,"column":13}},{"start":{},"end":{}}],"line":24},"1":{"loc":{"start":{"line":24,"column":16},"end":{"line":26,"column":76}},"type":"binary-expr","locations":[{"start":{"line":24,"column":16},"end":{"line":24,"column":65}},{"start":{"line":25,"column":19},"end":{"line":25,"column":70}},{"start":{"line":26,"column":19},"end":{"line":26,"column":76}}],"line":24},"2":{"loc":{"start":{"line":34,"column":12},"end":{"line":36,"column":13}},"type":"if","locations":[{"start":{"line":34,"column":12},"end":{"line":36,"column":13}},{"start":{},"end":{}}],"line":34},"3":{"loc":{"start":{"line":41,"column":12},"end":{"line":43,"column":13}},"type":"if","locations":[{"start":{"line":41,"column":12},"end":{"line":43,"column":13}},{"start":{},"end":{}}],"line":41}},"s":{"0":1,"1":1,"2":1,"3":1,"4":1,"5":1,"6":1,"7":1,"8":1,"9":1,"10":0,"11":0,"12":0,"13":0,"14":0,"15":0,"16":0,"17":0,"18":0,"19":0,"20":0,"21":0,"22":0,"23":1,"24":1,"25":1,"26":1,"27":1,"28":1},"f":{"0":0,"1":0,"2":0},"b":{"0":[0,0],"1":[0,0,0],"2":[0,0],"3":[0,0]},"_coverageSchema":"1a1c01bbd47fc00a2c39e90264f33305004495a9","hash":"be11574022dbc886942db3835e1eb1ee7d0e43a6"}
,"C:\\Users\\alvar\\Desktop\\Universidad\\Segundo Cuatrimestre\\TFG\\alcompas\\Backend\\routes\\peticiones.js": {"path":"C:\\Users\\alvar\\Desktop\\Universidad\\Segundo Cuatrimestre\\TFG\\alcompas\\Backend\\routes\\peticiones.js","statementMap":{"0":{"start":{"line":1,"column":18},"end":{"line":1,"column":36}},"1":{"start":{"line":2,"column":15},"end":{"line":2,"column":23}},"2":{"start":{"line":3,"column":18},"end":{"line":3,"column":46}},"3":{"start":{"line":4,"column":23},"end":{"line":4,"column":60}},"4":{"start":{"line":5,"column":26},"end":{"line":5,"column":66}},"5":{"start":{"line":6,"column":25},"end":{"line":6,"column":64}},"6":{"start":{"line":7,"column":32},"end":{"line":7,"column":77}},"7":{"start":{"line":8,"column":23},"end":{"line":8,"column":60}},"8":{"start":{"line":10,"column":35},"end":{"line":10,"column":71}},"9":{"start":{"line":13,"column":0},"end":{"line":13,"column":39}},"10":{"start":{"line":16,"column":0},"end":{"line":16,"column":46}},"11":{"start":{"line":19,"column":0},"end":{"line":19,"column":68}},"12":{"start":{"line":22,"column":0},"end":{"line":22,"column":52}},"13":{"start":{"line":25,"column":0},"end":{"line":25,"column":54}},"14":{"start":{"line":28,"column":0},"end":{"line":74,"column":19}},"15":{"start":{"line":31,"column":31},"end":{"line":31,"column":51}},"16":{"start":{"line":32,"column":31},"end":{"line":32,"column":51}},"17":{"start":{"line":33,"column":31},"end":{"line":33,"column":48}},"18":{"start":{"line":35,"column":12},"end":{"line":37,"column":13}},"19":{"start":{"line":36,"column":16},"end":{"line":36,"column":55}},"20":{"start":{"line":38,"column":12},"end":{"line":38,"column":24}},"21":{"start":{"line":41,"column":12},"end":{"line":47,"column":13}},"22":{"start":{"line":42,"column":34},"end":{"line":42,"column":53}},"23":{"start":{"line":44,"column":16},"end":{"line":46,"column":17}},"24":{"start":{"line":45,"column":20},"end":{"line":45,"column":61}},"25":{"start":{"line":48,"column":12},"end":{"line":48,"column":24}},"26":{"start":{"line":52,"column":12},"end":{"line":57,"column":13}},"27":{"start":{"line":53,"column":34},"end":{"line":53,"column":60}},"28":{"start":{"line":54,"column":16},"end":{"line":56,"column":17}},"29":{"start":{"line":55,"column":20},"end":{"line":55,"column":67}},"30":{"start":{"line":58,"column":12},"end":{"line":58,"column":24}},"31":{"start":{"line":61,"column":12},"end":{"line":66,"column":13}},"32":{"start":{"line":62,"column":34},"end":{"line":62,"column":51}},"33":{"start":{"line":63,"column":16},"end":{"line":65,"column":17}},"34":{"start":{"line":64,"column":20},"end":{"line":64,"column":59}},"35":{"start":{"line":67,"column":12},"end":{"line":67,"column":24}},"36":{"start":{"line":77,"column":0},"end":{"line":77,"column":24}}},"fnMap":{"0":{"name":"(anonymous_0)","decl":{"start":{"line":30,"column":63},"end":{"line":30,"column":64}},"loc":{"start":{"line":30,"column":72},"end":{"line":39,"column":9}},"line":30},"1":{"name":"(anonymous_1)","decl":{"start":{"line":40,"column":56},"end":{"line":40,"column":57}},"loc":{"start":{"line":40,"column":65},"end":{"line":49,"column":9}},"line":40},"2":{"name":"(anonymous_2)","decl":{"start":{"line":51,"column":67},"end":{"line":51,"column":68}},"loc":{"start":{"line":51,"column":76},"end":{"line":59,"column":9}},"line":51},"3":{"name":"(anonymous_3)","decl":{"start":{"line":60,"column":51},"end":{"line":60,"column":52}},"loc":{"start":{"line":60,"column":60},"end":{"line":68,"column":9}},"line":60}},"branchMap":{"0":{"loc":{"start":{"line":35,"column":12},"end":{"line":37,"column":13}},"type":"if","locations":[{"start":{"line":35,"column":12},"end":{"line":37,"column":13}},{"start":{},"end":{}}],"line":35},"1":{"loc":{"start":{"line":35,"column":15},"end":{"line":35,"column":56}},"type":"binary-expr","locations":[{"start":{"line":35,"column":15},"end":{"line":35,"column":26}},{"start":{"line":35,"column":30},"end":{"line":35,"column":41}},{"start":{"line":35,"column":45},"end":{"line":35,"column":56}}],"line":35},"2":{"loc":{"start":{"line":41,"column":12},"end":{"line":47,"column":13}},"type":"if","locations":[{"start":{"line":41,"column":12},"end":{"line":47,"column":13}},{"start":{},"end":{}}],"line":41},"3":{"loc":{"start":{"line":44,"column":16},"end":{"line":46,"column":17}},"type":"if","locations":[{"start":{"line":44,"column":16},"end":{"line":46,"column":17}},{"start":{},"end":{}}],"line":44},"4":{"loc":{"start":{"line":52,"column":12},"end":{"line":57,"column":13}},"type":"if","locations":[{"start":{"line":52,"column":12},"end":{"line":57,"column":13}},{"start":{},"end":{}}],"line":52},"5":{"loc":{"start":{"line":54,"column":16},"end":{"line":56,"column":17}},"type":"if","locations":[{"start":{"line":54,"column":16},"end":{"line":56,"column":17}},{"start":{},"end":{}}],"line":54},"6":{"loc":{"start":{"line":61,"column":12},"end":{"line":66,"column":13}},"type":"if","locations":[{"start":{"line":61,"column":12},"end":{"line":66,"column":13}},{"start":{},"end":{}}],"line":61},"7":{"loc":{"start":{"line":63,"column":16},"end":{"line":65,"column":17}},"type":"if","locations":[{"start":{"line":63,"column":16},"end":{"line":65,"column":17}},{"start":{},"end":{}}],"line":63}},"s":{"0":1,"1":1,"2":1,"3":1,"4":1,"5":1,"6":1,"7":1,"8":1,"9":1,"10":1,"11":1,"12":1,"13":1,"14":1,"15":0,"16":0,"17":0,"18":0,"19":0,"20":0,"21":0,"22":0,"23":0,"24":0,"25":0,"26":0,"27":0,"28":0,"29":0,"30":0,"31":0,"32":0,"33":0,"34":0,"35":0,"36":1},"f":{"0":0,"1":0,"2":0,"3":0},"b":{"0":[0,0],"1":[0,0,0],"2":[0,0],"3":[0,0],"4":[0,0],"5":[0,0],"6":[0,0],"7":[0,0]},"_coverageSchema":"1a1c01bbd47fc00a2c39e90264f33305004495a9","hash":"d22259a4c4c0468716312101b14ffcb7814b0340"}
,"C:\\Users\\alvar\\Desktop\\Universidad\\Segundo Cuatrimestre\\TFG\\alcompas\\Backend\\routes\\redesSociales.js": {"path":"C:\\Users\\alvar\\Desktop\\Universidad\\Segundo Cuatrimestre\\TFG\\alcompas\\Backend\\routes\\redesSociales.js","statementMap":{"0":{"start":{"line":1,"column":18},"end":{"line":1,"column":36}},"1":{"start":{"line":2,"column":15},"end":{"line":2,"column":23}},"2":{"start":{"line":3,"column":18},"end":{"line":3,"column":46}},"3":{"start":{"line":4,"column":23},"end":{"line":4,"column":60}},"4":{"start":{"line":5,"column":26},"end":{"line":5,"column":66}},"5":{"start":{"line":6,"column":65},"end":{"line":6,"column":104}},"6":{"start":{"line":9,"column":0},"end":{"line":9,"column":39}},"7":{"start":{"line":12,"column":0},"end":{"line":17,"column":20}},"8":{"start":{"line":20,"column":0},"end":{"line":20,"column":47}},"9":{"start":{"line":23,"column":0},"end":{"line":23,"column":41}},"10":{"start":{"line":27,"column":0},"end":{"line":27,"column":24}}},"fnMap":{},"branchMap":{},"s":{"0":1,"1":1,"2":1,"3":1,"4":1,"5":1,"6":1,"7":1,"8":1,"9":1,"10":1},"f":{},"b":{},"_coverageSchema":"1a1c01bbd47fc00a2c39e90264f33305004495a9","hash":"32115fef3016af28e456459ee6de98a7eefc4fdb"}
,"C:\\Users\\alvar\\Desktop\\Universidad\\Segundo Cuatrimestre\\TFG\\alcompas\\Backend\\routes\\uploads.js": {"path":"C:\\Users\\alvar\\Desktop\\Universidad\\Segundo Cuatrimestre\\TFG\\alcompas\\Backend\\routes\\uploads.js","statementMap":{"0":{"start":{"line":1,"column":18},"end":{"line":1,"column":36}},"1":{"start":{"line":2,"column":15},"end":{"line":2,"column":23}},"2":{"start":{"line":3,"column":18},"end":{"line":3,"column":46}},"3":{"start":{"line":4,"column":23},"end":{"line":4,"column":60}},"4":{"start":{"line":5,"column":26},"end":{"line":5,"column":66}},"5":{"start":{"line":6,"column":32},"end":{"line":6,"column":73}},"6":{"start":{"line":7,"column":82},"end":{"line":7,"column":115}},"7":{"start":{"line":11,"column":0},"end":{"line":11,"column":39}},"8":{"start":{"line":15,"column":0},"end":{"line":15,"column":84}},"9":{"start":{"line":18,"column":0},"end":{"line":18,"column":85}},"10":{"start":{"line":21,"column":0},"end":{"line":24,"column":24}},"11":{"start":{"line":27,"column":0},"end":{"line":30,"column":22}},"12":{"start":{"line":32,"column":0},"end":{"line":32,"column":24}}},"fnMap":{},"branchMap":{},"s":{"0":1,"1":1,"2":1,"3":1,"4":1,"5":1,"6":1,"7":1,"8":1,"9":1,"10":1,"11":1,"12":1},"f":{},"b":{},"_coverageSchema":"1a1c01bbd47fc00a2c39e90264f33305004495a9","hash":"e92262a236a0984d0f533dcba58b524ec534c0ee"}
}
