TN:
SF:index.js
FN:57,(anonymous_0)
FNF:1
FNH:0
FNDA:0,(anonymous_0)
DA:1,10
DA:2,10
DA:3,10
DA:4,10
DA:5,10
DA:8,10
DA:11,10
DA:14,10
DA:17,10
DA:20,10
DA:23,10
DA:43,10
DA:44,10
DA:45,10
DA:46,10
DA:47,10
DA:48,10
DA:49,10
DA:50,10
DA:51,10
DA:52,10
DA:53,10
DA:56,10
DA:57,0
DA:58,0
DA:62,10
LF:26
LH:24
BRDA:56,0,0,0
BRDA:56,0,1,10
BRF:2
BRH:1
end_of_record
TN:
SF:controllers\archiveros.js
FN:7,(anonymous_0)
FN:69,(anonymous_1)
FN:88,(anonymous_2)
FNF:3
FNH:2
FNDA:4,(anonymous_0)
FNDA:0,(anonymous_1)
FNDA:1,(anonymous_2)
DA:1,10
DA:2,10
DA:3,10
DA:4,10
DA:7,10
DA:8,4
DA:9,4
DA:10,4
DA:11,4
DA:12,4
DA:13,0
DA:19,4
DA:20,4
DA:21,4
DA:22,4
DA:23,4
DA:25,4
DA:26,3
DA:29,4
DA:30,4
DA:31,3
DA:32,3
DA:33,0
DA:36,4
DA:37,1
DA:43,3
DA:44,1
DA:51,2
DA:52,2
DA:53,2
DA:55,2
DA:60,0
DA:61,0
DA:69,10
DA:70,0
DA:71,0
DA:72,0
DA:75,0
DA:80,0
DA:81,0
DA:88,10
DA:89,1
DA:90,1
DA:91,1
DA:92,1
DA:97,0
DA:98,0
DA:105,10
LF:48
LH:36
BRDA:7,0,0,0
BRDA:12,1,0,0
BRDA:12,1,1,4
BRDA:25,2,0,3
BRDA:25,2,1,1
BRDA:32,3,0,0
BRDA:32,3,1,3
BRDA:36,4,0,1
BRDA:36,4,1,3
BRDA:36,5,0,4
BRDA:36,5,1,4
BRDA:43,6,0,1
BRDA:43,6,1,2
BRDA:69,7,0,0
BRDA:88,8,0,0
BRF:15
BRH:10
end_of_record
TN:
SF:controllers\auth.js
FN:19,(anonymous_0)
FN:83,(anonymous_1)
FN:162,(anonymous_2)
FN:203,(anonymous_3)
FN:240,(anonymous_4)
FN:270,(anonymous_5)
FN:297,(anonymous_6)
FN:351,(anonymous_7)
FN:401,(anonymous_8)
FN:417,(anonymous_9)
FNF:10
FNH:9
FNDA:30,(anonymous_0)
FNDA:2,(anonymous_1)
FNDA:2,(anonymous_2)
FNDA:31,(anonymous_3)
FNDA:1,(anonymous_4)
FNDA:1,(anonymous_5)
FNDA:22,(anonymous_6)
FNDA:2,(anonymous_7)
FNDA:1,(anonymous_8)
FNDA:0,(anonymous_9)
DA:1,10
DA:2,10
DA:3,10
DA:4,10
DA:5,10
DA:6,10
DA:7,10
DA:8,10
DA:9,10
DA:10,10
DA:11,10
DA:12,10
DA:13,10
DA:19,10
DA:21,30
DA:23,30
DA:24,30
DA:25,30
DA:26,3
DA:32,27
DA:33,27
DA:34,2
DA:40,25
DA:41,25
DA:42,2
DA:47,23
DA:48,23
DA:49,1
DA:55,22
DA:56,22
DA:59,22
DA:60,22
DA:61,22
DA:64,22
DA:66,22
DA:74,0
DA:75,0
DA:83,10
DA:85,2
DA:87,2
DA:88,2
DA:91,2
DA:92,2
DA:93,2
DA:95,2
DA:96,1
DA:102,1
DA:103,1
DA:104,0
DA:110,1
DA:111,1
DA:112,0
DA:118,1
DA:119,1
DA:120,0
DA:125,1
DA:126,1
DA:127,0
DA:133,1
DA:136,1
DA:137,1
DA:138,1
DA:140,1
DA:143,1
DA:145,1
DA:153,0
DA:154,0
DA:162,10
DA:164,2
DA:165,2
DA:166,2
DA:169,2
DA:170,2
DA:171,2
DA:173,2
DA:174,1
DA:180,1
DA:181,1
DA:183,1
DA:185,1
DA:186,1
DA:188,1
DA:189,1
DA:195,0
DA:196,0
DA:203,10
DA:204,31
DA:205,31
DA:206,31
DA:207,31
DA:208,1
DA:213,30
DA:214,30
DA:215,1
DA:222,29
DA:225,29
DA:232,0
DA:233,0
DA:240,10
DA:242,1
DA:243,1
DA:244,1
DA:247,1
DA:248,1
DA:249,1
DA:251,1
DA:252,0
DA:260,1
DA:262,1
DA:270,10
DA:272,1
DA:274,1
DA:275,1
DA:279,1
DA:284,0
DA:285,0
DA:297,10
DA:299,22
DA:300,22
DA:303,22
DA:304,22
DA:305,22
DA:307,22
DA:308,1
DA:314,21
DA:315,21
DA:316,21
DA:317,21
DA:318,21
DA:319,21
DA:321,21
DA:324,21
DA:325,7
DA:326,7
DA:327,7
DA:329,7
DA:332,21
DA:334,21
DA:339,0
DA:340,0
DA:351,10
DA:352,2
DA:353,2
DA:356,2
DA:357,2
DA:358,2
DA:360,2
DA:361,2
DA:362,1
DA:368,1
DA:369,1
DA:370,1
DA:371,1
DA:372,1
DA:373,1
DA:375,1
DA:378,1
DA:379,0
DA:380,0
DA:381,0
DA:382,0
DA:386,1
DA:387,1
DA:393,0
DA:394,0
DA:401,10
DA:402,1
DA:403,1
DA:404,1
DA:409,0
DA:410,0
DA:417,10
DA:418,0
DA:419,0
DA:420,0
DA:421,0
DA:426,0
DA:427,0
DA:433,10
LF:179
LH:148
BRDA:19,0,0,0
BRDA:25,1,0,3
BRDA:25,1,1,27
BRDA:33,2,0,2
BRDA:33,2,1,25
BRDA:41,3,0,2
BRDA:41,3,1,23
BRDA:48,4,0,1
BRDA:48,4,1,22
BRDA:83,5,0,0
BRDA:95,6,0,1
BRDA:95,6,1,1
BRDA:103,7,0,0
BRDA:103,7,1,1
BRDA:103,8,0,1
BRDA:103,8,1,1
BRDA:111,9,0,0
BRDA:111,9,1,1
BRDA:111,10,0,1
BRDA:111,10,1,1
BRDA:119,11,0,0
BRDA:119,11,1,1
BRDA:119,12,0,1
BRDA:119,12,1,0
BRDA:126,13,0,0
BRDA:126,13,1,1
BRDA:126,14,0,1
BRDA:126,14,1,1
BRDA:162,15,0,0
BRDA:173,16,0,1
BRDA:173,16,1,1
BRDA:203,17,0,0
BRDA:207,18,0,1
BRDA:207,18,1,30
BRDA:214,19,0,1
BRDA:214,19,1,29
BRDA:240,20,0,0
BRDA:251,21,0,0
BRDA:251,21,1,1
BRDA:270,22,0,0
BRDA:297,23,0,0
BRDA:307,24,0,1
BRDA:307,24,1,21
BRDA:329,25,0,7
BRDA:329,25,1,0
BRDA:351,26,0,0
BRDA:361,27,0,1
BRDA:361,27,1,1
BRDA:382,28,0,0
BRDA:382,28,1,0
BRDA:401,29,0,0
BRDA:417,30,0,0
BRF:52
BRH:33
end_of_record
TN:
SF:controllers\bandas.js
FN:14,(anonymous_0)
FN:68,(anonymous_1)
FN:145,(anonymous_2)
FN:260,(anonymous_3)
FN:286,(anonymous_4)
FN:296,(anonymous_5)
FN:305,(anonymous_6)
FN:326,(anonymous_7)
FN:345,(anonymous_8)
FN:363,(anonymous_9)
FNF:10
FNH:7
FNDA:15,(anonymous_0)
FNDA:1,(anonymous_1)
FNDA:15,(anonymous_2)
FNDA:2,(anonymous_3)
FNDA:0,(anonymous_4)
FNDA:0,(anonymous_5)
FNDA:0,(anonymous_6)
FNDA:1,(anonymous_7)
FNDA:1,(anonymous_8)
FNDA:1,(anonymous_9)
DA:1,10
DA:2,10
DA:3,10
DA:4,10
DA:5,10
DA:6,10
DA:7,10
DA:8,10
DA:9,10
DA:10,10
DA:11,10
DA:12,10
DA:14,10
DA:16,15
DA:19,15
DA:20,15
DA:21,15
DA:22,1
DA:28,14
DA:29,14
DA:30,0
DA:36,14
DA:37,14
DA:38,0
DA:44,14
DA:48,14
DA:49,14
DA:50,14
DA:51,14
DA:52,14
DA:60,0
DA:61,0
DA:68,10
DA:70,1
DA:71,1
DA:72,1
DA:75,1
DA:76,1
DA:77,1
DA:78,1
DA:80,1
DA:81,1
DA:82,1
DA:83,1
DA:87,1
DA:88,0
DA:94,1
DA:95,1
DA:96,0
DA:101,1
DA:102,1
DA:103,0
DA:109,1
DA:110,1
DA:111,0
DA:117,1
DA:118,1
DA:119,0
DA:126,1
DA:129,1
DA:131,1
DA:137,0
DA:138,0
DA:145,10
DA:148,15
DA:149,15
DA:150,15
DA:152,15
DA:153,15
DA:154,15
DA:160,15
DA:161,15
DA:162,15
DA:163,15
DA:166,15
DA:168,15
DA:169,1
DA:176,14
DA:177,14
DA:178,14
DA:179,13
DA:185,14
DA:186,1
DA:193,13
DA:194,2
DA:195,2
DA:196,0
DA:197,0
DA:200,13
DA:201,4
DA:202,4
DA:203,3
DA:204,3
DA:207,13
DA:208,13
DA:209,13
DA:210,13
DA:211,13
DA:216,13
DA:217,13
DA:219,13
DA:220,0
DA:221,0
DA:223,13
DA:224,0
DA:225,0
DA:229,13
DA:230,0
DA:231,0
DA:232,0
DA:237,13
DA:238,13
DA:239,7
DA:240,7
DA:241,7
DA:242,0
DA:246,13
DA:247,13
DA:252,0
DA:253,0
DA:260,10
DA:261,2
DA:262,2
DA:264,2
DA:267,2
DA:268,2
DA:269,2
DA:271,2
DA:272,1
DA:278,1
DA:279,1
DA:280,1
DA:282,1
DA:283,1
DA:284,1
DA:285,1
DA:286,1
DA:287,1
DA:292,1
DA:293,0
DA:294,0
DA:295,0
DA:296,0
DA:297,0
DA:301,1
DA:302,0
DA:303,0
DA:304,0
DA:305,0
DA:306,0
DA:312,1
DA:318,0
DA:319,0
DA:326,10
DA:327,1
DA:328,1
DA:329,1
DA:331,1
DA:337,0
DA:338,0
DA:345,10
DA:346,1
DA:347,1
DA:349,1
DA:355,0
DA:356,0
DA:363,10
DA:364,1
DA:365,1
DA:366,1
DA:367,1
DA:368,2
DA:369,2
DA:370,1
DA:374,1
DA:380,0
DA:381,0
DA:388,10
LF:178
LH:137
BRDA:14,0,0,0
BRDA:21,1,0,1
BRDA:21,1,1,14
BRDA:29,2,0,0
BRDA:29,2,1,14
BRDA:37,3,0,0
BRDA:37,3,1,14
BRDA:68,4,0,0
BRDA:82,5,0,1
BRDA:82,5,1,0
BRDA:87,6,0,0
BRDA:87,6,1,1
BRDA:95,7,0,0
BRDA:95,7,1,1
BRDA:102,8,0,0
BRDA:102,8,1,1
BRDA:102,9,0,1
BRDA:102,9,1,1
BRDA:110,10,0,0
BRDA:110,10,1,1
BRDA:110,11,0,1
BRDA:110,11,1,1
BRDA:118,12,0,0
BRDA:118,12,1,1
BRDA:118,13,0,1
BRDA:118,13,1,1
BRDA:145,14,0,0
BRDA:168,15,0,1
BRDA:168,15,1,14
BRDA:178,16,0,13
BRDA:178,16,1,1
BRDA:178,17,0,14
BRDA:178,17,1,13
BRDA:185,18,0,1
BRDA:185,18,1,13
BRDA:185,19,0,14
BRDA:185,19,1,13
BRDA:195,20,0,0
BRDA:195,20,1,2
BRDA:202,21,0,3
BRDA:202,21,1,1
BRDA:209,22,0,13
BRDA:209,22,1,0
BRDA:229,23,0,0
BRDA:229,23,1,13
BRDA:231,24,0,0
BRDA:231,24,1,0
BRDA:241,25,0,0
BRDA:241,25,1,7
BRDA:260,26,0,0
BRDA:271,27,0,1
BRDA:271,27,1,1
BRDA:284,28,0,1
BRDA:284,28,1,0
BRDA:286,29,0,1
BRDA:286,29,1,0
BRDA:294,30,0,0
BRDA:294,30,1,0
BRDA:296,31,0,0
BRDA:296,31,1,0
BRDA:303,32,0,0
BRDA:303,32,1,0
BRDA:305,33,0,0
BRDA:305,33,1,0
BRDA:326,34,0,0
BRDA:345,35,0,0
BRDA:363,36,0,0
BRDA:369,37,0,1
BRDA:369,37,1,1
BRF:69
BRH:38
end_of_record
TN:
SF:controllers\comentarios.js
FN:5,(anonymous_0)
FN:24,(anonymous_1)
FN:45,(anonymous_2)
FNF:3
FNH:3
FNDA:1,(anonymous_0)
FNDA:2,(anonymous_1)
FNDA:3,(anonymous_2)
DA:1,10
DA:2,10
DA:3,10
DA:5,10
DA:7,1
DA:8,1
DA:9,1
DA:10,1
DA:15,0
DA:16,0
DA:24,10
DA:25,2
DA:27,2
DA:28,2
DA:29,2
DA:31,2
DA:37,0
DA:38,0
DA:45,10
DA:47,3
DA:48,3
DA:49,3
DA:51,3
DA:52,3
DA:53,3
DA:55,3
DA:56,1
DA:63,2
DA:64,2
DA:70,0
DA:71,0
DA:83,10
LF:32
LH:26
BRDA:5,0,0,0
BRDA:24,1,0,0
BRDA:45,2,0,0
BRDA:55,3,0,1
BRDA:55,3,1,2
BRF:5
BRH:2
end_of_record
TN:
SF:controllers\directivos.js
FN:7,(anonymous_0)
FN:71,(anonymous_1)
FN:90,(anonymous_2)
FN:109,(anonymous_3)
FNF:4
FNH:4
FNDA:2,(anonymous_0)
FNDA:1,(anonymous_1)
FNDA:9,(anonymous_2)
FNDA:1,(anonymous_3)
DA:1,10
DA:2,10
DA:3,10
DA:4,10
DA:7,10
DA:8,2
DA:9,2
DA:10,2
DA:13,2
DA:14,2
DA:15,2
DA:16,2
DA:18,2
DA:20,2
DA:21,1
DA:23,1
DA:25,1
DA:29,2
DA:30,1
DA:37,1
DA:39,1
DA:40,0
DA:46,1
DA:47,1
DA:48,1
DA:50,1
DA:52,1
DA:53,1
DA:57,1
DA:62,0
DA:63,0
DA:71,10
DA:72,1
DA:73,1
DA:74,1
DA:76,1
DA:82,0
DA:83,0
DA:90,10
DA:91,9
DA:92,9
DA:93,9
DA:95,9
DA:101,0
DA:102,0
DA:109,10
DA:111,1
DA:112,1
DA:113,1
DA:115,1
DA:116,1
DA:117,1
DA:118,1
DA:119,1
DA:121,0
DA:124,1
DA:130,0
DA:131,0
DA:140,10
LF:59
LH:49
BRDA:7,0,0,0
BRDA:23,1,0,1
BRDA:23,1,1,0
BRDA:29,2,0,1
BRDA:29,2,1,1
BRDA:29,3,0,2
BRDA:29,3,1,1
BRDA:39,4,0,0
BRDA:39,4,1,1
BRDA:52,5,0,1
BRDA:52,5,1,0
BRDA:71,6,0,0
BRDA:90,7,0,0
BRDA:109,8,0,0
BRDA:118,9,0,1
BRDA:118,9,1,0
BRF:16
BRH:8
end_of_record
TN:
SF:controllers\estudios.js
FN:5,(anonymous_0)
FN:22,(anonymous_1)
FN:63,(anonymous_2)
FN:94,(anonymous_3)
FN:143,(anonymous_4)
FNF:5
FNH:5
FNDA:1,(anonymous_0)
FNDA:4,(anonymous_1)
FNDA:2,(anonymous_2)
FNDA:4,(anonymous_3)
FNDA:2,(anonymous_4)
DA:1,10
DA:2,10
DA:3,10
DA:5,10
DA:6,1
DA:7,1
DA:8,1
DA:9,1
DA:14,0
DA:15,0
DA:22,10
DA:24,4
DA:25,4
DA:28,4
DA:29,4
DA:30,4
DA:33,4
DA:34,1
DA:40,3
DA:41,1
DA:47,2
DA:49,2
DA:55,0
DA:56,0
DA:63,10
DA:65,2
DA:66,2
DA:67,2
DA:69,2
DA:70,2
DA:71,2
DA:74,2
DA:75,1
DA:81,1
DA:86,0
DA:87,0
DA:94,10
DA:95,4
DA:96,4
DA:97,4
DA:99,4
DA:100,1
DA:106,3
DA:107,3
DA:108,3
DA:111,3
DA:112,1
DA:118,2
DA:122,2
DA:123,1
DA:129,1
DA:130,1
DA:135,0
DA:136,0
DA:143,10
DA:144,2
DA:145,2
DA:146,2
DA:147,2
DA:148,1
DA:153,1
DA:158,0
DA:159,0
DA:166,10
LF:64
LH:54
BRDA:5,0,0,0
BRDA:22,1,0,0
BRDA:33,2,0,1
BRDA:33,2,1,3
BRDA:40,3,0,1
BRDA:40,3,1,2
BRDA:63,4,0,0
BRDA:74,5,0,1
BRDA:74,5,1,1
BRDA:94,6,0,0
BRDA:99,7,0,1
BRDA:99,7,1,3
BRDA:111,8,0,1
BRDA:111,8,1,2
BRDA:122,9,0,1
BRDA:122,9,1,1
BRDA:143,10,0,0
BRDA:147,11,0,1
BRDA:147,11,1,1
BRF:19
BRH:14
end_of_record
TN:
SF:controllers\instrumentos.js
FN:5,(anonymous_0)
FN:22,(anonymous_1)
FN:39,(anonymous_2)
FN:71,(anonymous_3)
FN:108,(anonymous_4)
FNF:5
FNH:5
FNDA:1,(anonymous_0)
FNDA:1,(anonymous_1)
FNDA:3,(anonymous_2)
FNDA:4,(anonymous_3)
FNDA:4,(anonymous_4)
DA:1,10
DA:2,10
DA:3,10
DA:5,10
DA:6,1
DA:7,1
DA:8,1
DA:9,1
DA:14,0
DA:15,0
DA:22,10
DA:23,1
DA:24,1
DA:25,1
DA:26,1
DA:31,0
DA:32,0
DA:39,10
DA:40,3
DA:41,3
DA:43,3
DA:44,3
DA:45,3
DA:48,3
DA:49,1
DA:56,2
DA:57,2
DA:58,2
DA:63,0
DA:64,0
DA:71,10
DA:72,4
DA:73,4
DA:74,4
DA:75,4
DA:76,1
DA:82,3
DA:83,3
DA:84,3
DA:87,3
DA:88,1
DA:94,2
DA:95,2
DA:100,0
DA:101,0
DA:108,10
DA:110,4
DA:111,4
DA:112,4
DA:113,4
DA:114,1
DA:120,3
DA:121,3
DA:122,3
DA:125,3
DA:126,1
DA:132,2
DA:135,2
DA:136,2
DA:141,0
DA:142,0
DA:153,10
LF:62
LH:52
BRDA:5,0,0,0
BRDA:22,1,0,0
BRDA:39,2,0,0
BRDA:48,3,0,1
BRDA:48,3,1,2
BRDA:71,4,0,0
BRDA:75,5,0,1
BRDA:75,5,1,3
BRDA:87,6,0,1
BRDA:87,6,1,2
BRDA:108,7,0,0
BRDA:113,8,0,1
BRDA:113,8,1,3
BRDA:125,9,0,1
BRDA:125,9,1,2
BRF:15
BRH:10
end_of_record
TN:
SF:controllers\musicos.js
FN:7,(anonymous_0)
FN:63,(anonymous_1)
FN:90,(anonymous_2)
FN:107,(anonymous_3)
FNF:4
FNH:4
FNDA:2,(anonymous_0)
FNDA:1,(anonymous_1)
FNDA:1,(anonymous_2)
FNDA:1,(anonymous_3)
DA:1,10
DA:2,10
DA:3,10
DA:4,10
DA:7,10
DA:8,2
DA:9,2
DA:10,2
DA:11,2
DA:12,2
DA:13,0
DA:19,2
DA:20,2
DA:21,2
DA:22,2
DA:23,2
DA:25,2
DA:26,1
DA:29,2
DA:30,2
DA:31,1
DA:32,1
DA:33,0
DA:36,2
DA:37,1
DA:44,1
DA:45,1
DA:46,1
DA:48,1
DA:53,0
DA:54,0
DA:63,10
DA:65,1
DA:66,1
DA:67,1
DA:68,1
DA:69,1
DA:70,1
DA:71,1
DA:72,1
DA:74,0
DA:77,1
DA:83,0
DA:90,10
DA:91,1
DA:92,1
DA:93,1
DA:94,1
DA:100,0
DA:107,10
DA:108,1
DA:109,1
DA:110,1
DA:111,1
DA:116,0
DA:125,10
LF:56
LH:48
BRDA:7,0,0,0
BRDA:12,1,0,0
BRDA:12,1,1,2
BRDA:25,2,0,1
BRDA:25,2,1,1
BRDA:32,3,0,0
BRDA:32,3,1,1
BRDA:36,4,0,1
BRDA:36,4,1,1
BRDA:36,5,0,2
BRDA:36,5,1,2
BRDA:63,6,0,0
BRDA:71,7,0,1
BRDA:71,7,1,0
BRDA:90,8,0,0
BRDA:107,9,0,0
BRF:16
BRH:9
end_of_record
TN:
SF:controllers\peticiones.js
FN:8,(anonymous_0)
FN:41,(anonymous_1)
FN:162,(anonymous_2)
FN:232,(anonymous_3)
FN:288,(anonymous_4)
FNF:5
FNH:5
FNDA:1,(anonymous_0)
FNDA:11,(anonymous_1)
FNDA:6,(anonymous_2)
FNDA:1,(anonymous_3)
FNDA:1,(anonymous_4)
DA:1,10
DA:2,10
DA:3,10
DA:4,10
DA:5,10
DA:6,10
DA:8,10
DA:10,1
DA:11,1
DA:13,1
DA:14,1
DA:15,1
DA:17,1
DA:18,0
DA:24,1
DA:28,1
DA:33,0
DA:41,10
DA:46,11
DA:47,11
DA:48,11
DA:50,11
DA:51,11
DA:52,11
DA:55,11
DA:56,11
DA:57,11
DA:59,11
DA:60,11
DA:61,11
DA:63,11
DA:64,11
DA:65,1
DA:72,10
DA:73,10
DA:75,10
DA:76,4
DA:77,1
DA:84,9
DA:85,0
DA:86,0
DA:87,0
DA:88,0
DA:96,9
DA:97,5
DA:98,5
DA:99,1
DA:100,1
DA:107,8
DA:108,4
DA:109,4
DA:110,0
DA:111,0
DA:119,8
DA:121,0
DA:127,8
DA:129,1
DA:134,7
DA:136,0
DA:144,7
DA:146,7
DA:148,7
DA:154,0
DA:162,10
DA:168,6
DA:169,6
DA:170,6
DA:171,6
DA:173,6
DA:174,6
DA:175,6
DA:177,6
DA:178,0
DA:184,6
DA:185,0
DA:190,6
DA:191,0
DA:197,6
DA:198,6
DA:200,6
DA:203,6
DA:204,0
DA:205,0
DA:207,6
DA:209,4
DA:210,4
DA:212,6
DA:213,2
DA:214,2
DA:217,6
DA:224,0
DA:225,0
DA:232,10
DA:238,1
DA:239,1
DA:240,1
DA:241,1
DA:243,1
DA:244,1
DA:245,1
DA:247,1
DA:248,0
DA:254,1
DA:255,0
DA:260,1
DA:261,0
DA:267,1
DA:268,1
DA:270,1
DA:273,1
DA:280,0
DA:281,0
DA:288,10
DA:290,1
DA:291,1
DA:292,1
DA:294,1
DA:295,1
DA:296,1
DA:298,1
DA:300,1
DA:301,0
DA:307,1
DA:312,0
DA:313,0
DA:320,10
LF:126
LH:100
BRDA:8,0,0,0
BRDA:17,1,0,0
BRDA:17,1,1,1
BRDA:41,2,0,0
BRDA:64,3,0,1
BRDA:64,3,1,10
BRDA:76,4,0,1
BRDA:76,4,1,3
BRDA:76,5,0,4
BRDA:76,5,1,1
BRDA:84,6,0,0
BRDA:84,6,1,9
BRDA:87,7,0,0
BRDA:87,7,1,0
BRDA:96,8,0,5
BRDA:96,8,1,4
BRDA:99,9,0,1
BRDA:99,9,1,0
BRDA:107,10,0,4
BRDA:107,10,1,4
BRDA:110,11,0,0
BRDA:110,11,1,0
BRDA:119,12,0,0
BRDA:119,12,1,8
BRDA:119,13,0,8
BRDA:119,13,1,4
BRDA:119,13,2,4
BRDA:119,13,3,4
BRDA:119,13,4,4
BRDA:119,13,5,4
BRDA:127,14,0,1
BRDA:127,14,1,7
BRDA:127,15,0,8
BRDA:127,15,1,4
BRDA:127,15,2,3
BRDA:127,15,3,3
BRDA:134,16,0,0
BRDA:134,16,1,7
BRDA:134,17,0,7
BRDA:134,17,1,0
BRDA:134,17,2,0
BRDA:134,17,3,0
BRDA:134,17,4,0
BRDA:162,18,0,0
BRDA:177,19,0,0
BRDA:177,19,1,6
BRDA:184,20,0,0
BRDA:184,20,1,6
BRDA:190,21,0,0
BRDA:190,21,1,6
BRDA:203,22,0,0
BRDA:203,22,1,6
BRDA:207,23,0,4
BRDA:207,23,1,2
BRDA:212,24,0,2
BRDA:212,24,1,4
BRDA:232,25,0,0
BRDA:247,26,0,0
BRDA:247,26,1,1
BRDA:254,27,0,0
BRDA:254,27,1,1
BRDA:260,28,0,0
BRDA:260,28,1,1
BRDA:288,29,0,0
BRDA:300,30,0,0
BRDA:300,30,1,1
BRF:66
BRH:40
end_of_record
TN:
SF:controllers\redesSociales.js
FN:6,(anonymous_0)
FN:39,(anonymous_1)
FN:59,(anonymous_2)
FNF:3
FNH:3
FNDA:3,(anonymous_0)
FNDA:1,(anonymous_1)
FNDA:4,(anonymous_2)
DA:1,10
DA:2,10
DA:3,10
DA:4,10
DA:6,10
DA:7,3
DA:9,3
DA:12,3
DA:13,3
DA:14,3
DA:16,3
DA:17,3
DA:18,1
DA:24,2
DA:25,2
DA:31,0
DA:32,0
DA:39,10
DA:40,1
DA:41,1
DA:42,1
DA:46,1
DA:51,0
DA:52,0
DA:59,10
DA:60,4
DA:61,4
DA:63,4
DA:64,4
DA:65,4
DA:66,4
DA:68,4
DA:69,1
DA:75,3
DA:76,3
DA:77,1
DA:83,2
DA:84,2
DA:89,0
DA:90,0
DA:97,10
LF:41
LH:35
BRDA:6,0,0,0
BRDA:17,1,0,1
BRDA:17,1,1,2
BRDA:39,2,0,0
BRDA:59,3,0,0
BRDA:68,4,0,1
BRDA:68,4,1,3
BRDA:76,5,0,1
BRDA:76,5,1,2
BRF:9
BRH:6
end_of_record
TN:
SF:controllers\uploads.js
FN:11,(anonymous_0)
FN:58,(anonymous_1)
FN:91,(anonymous_2)
FN:139,(anonymous_3)
FNF:4
FNH:0
FNDA:0,(anonymous_0)
FNDA:0,(anonymous_1)
FNDA:0,(anonymous_2)
FNDA:0,(anonymous_3)
DA:1,10
DA:2,10
DA:3,10
DA:4,10
DA:5,10
DA:6,10
DA:7,10
DA:8,10
DA:9,10
DA:11,10
DA:12,0
DA:13,0
DA:15,0
DA:16,0
DA:17,0
DA:19,0
DA:20,0
DA:27,0
DA:28,0
DA:30,0
DA:31,0
DA:32,0
DA:33,0
DA:34,0
DA:36,0
DA:37,0
DA:42,0
DA:43,0
DA:44,0
DA:45,0
DA:50,0
DA:51,0
DA:58,10
DA:59,0
DA:60,0
DA:64,0
DA:65,0
DA:66,0
DA:72,0
DA:73,0
DA:74,0
DA:75,0
DA:80,0
DA:81,0
DA:83,0
DA:84,0
DA:91,10
DA:92,0
DA:93,0
DA:95,0
DA:96,0
DA:97,0
DA:99,0
DA:100,0
DA:101,0
DA:106,0
DA:109,0
DA:113,0
DA:114,0
DA:115,0
DA:116,0
DA:117,0
DA:119,0
DA:120,0
DA:124,0
DA:125,0
DA:126,0
DA:127,0
DA:132,0
DA:139,10
DA:140,0
DA:141,0
DA:145,0
DA:146,0
DA:147,0
DA:153,0
DA:154,0
DA:155,0
DA:156,0
DA:161,0
DA:162,0
DA:164,0
DA:165,0
DA:172,10
LF:84
LH:14
BRDA:11,0,0,0
BRDA:19,1,0,0
BRDA:19,1,1,0
BRDA:30,2,0,0
BRDA:30,2,1,0
BRDA:33,3,0,0
BRDA:33,3,1,0
BRDA:36,4,0,0
BRDA:36,4,1,0
BRDA:58,5,0,0
BRDA:65,6,0,0
BRDA:65,6,1,0
BRDA:72,7,0,0
BRDA:72,7,1,0
BRDA:74,8,0,0
BRDA:74,8,1,0
BRDA:91,9,0,0
BRDA:100,10,0,0
BRDA:100,10,1,0
BRDA:113,11,0,0
BRDA:113,11,1,0
BRDA:116,12,0,0
BRDA:116,12,1,0
BRDA:119,13,0,0
BRDA:119,13,1,0
BRDA:139,14,0,0
BRDA:146,15,0,0
BRDA:146,15,1,0
BRDA:153,16,0,0
BRDA:153,16,1,0
BRDA:155,17,0,0
BRDA:155,17,1,0
BRF:32
BRH:0
end_of_record
TN:
SF:database\config.js
FN:3,(anonymous_0)
FNF:1
FNH:1
FNDA:10,(anonymous_0)
DA:1,10
DA:3,10
DA:5,10
DA:6,10
DA:7,10
DA:9,0
DA:10,0
DA:14,10
LF:8
LH:6
BRF:0
BRH:0
end_of_record
TN:
SF:helpers\jwt.js
FN:3,(anonymous_0)
FN:4,(anonymous_1)
FN:9,(anonymous_2)
FNF:3
FNH:3
FNDA:54,(anonymous_0)
FNDA:54,(anonymous_1)
FNDA:54,(anonymous_2)
DA:1,10
DA:3,10
DA:4,54
DA:5,54
DA:7,54
DA:10,54
DA:11,0
DA:12,0
DA:15,54
DA:20,10
LF:10
LH:8
BRDA:10,0,0,0
BRDA:10,0,1,54
BRF:2
BRH:1
end_of_record
TN:
SF:helpers\subir-archivo.js
FN:5,(anonymous_0)
FN:7,(anonymous_1)
FN:23,(anonymous_2)
FN:33,(anonymous_3)
FNF:4
FNH:0
FNDA:0,(anonymous_0)
FNDA:0,(anonymous_1)
FNDA:0,(anonymous_2)
FNDA:0,(anonymous_3)
DA:1,10
DA:2,10
DA:3,10
DA:5,10
DA:7,0
DA:9,0
DA:10,0
DA:11,0
DA:14,0
DA:15,0
DA:18,0
DA:19,0
DA:20,0
DA:23,0
DA:24,0
DA:25,0
DA:28,0
DA:31,0
DA:34,0
DA:35,0
DA:37,0
DA:46,10
LF:22
LH:5
BRDA:5,0,0,0
BRDA:5,1,0,0
BRDA:5,2,0,0
BRDA:14,3,0,0
BRDA:14,3,1,0
BRDA:24,4,0,0
BRDA:24,4,1,0
BRDA:34,5,0,0
BRDA:34,5,1,0
BRF:9
BRH:0
end_of_record
TN:
SF:middlewares\validar-archivo.js
FN:4,(anonymous_0)
FNF:1
FNH:0
FNDA:0,(anonymous_0)
DA:1,10
DA:4,10
DA:5,0
DA:6,0
DA:7,0
DA:12,0
DA:17,10
LF:7
LH:3
BRDA:4,0,0,0
BRDA:6,1,0,0
BRDA:6,1,1,0
BRDA:6,2,0,0
BRDA:6,2,1,0
BRDA:6,2,2,0
BRF:6
BRH:0
end_of_record
TN:
SF:middlewares\validar-campos.js
FN:4,(anonymous_0)
FNF:1
FNH:1
FNDA:175,(anonymous_0)
DA:1,10
DA:2,10
DA:4,10
DA:6,175
DA:8,175
DA:9,3
DA:14,172
DA:17,10
LF:8
LH:8
BRDA:4,0,0,0
BRDA:8,1,0,3
BRDA:8,1,1,172
BRF:3
BRH:2
end_of_record
TN:
SF:middlewares\validar-cargo.js
FN:2,(anonymous_0)
FNF:1
FNH:0
FNDA:0,(anonymous_0)
DA:2,10
DA:4,0
DA:7,0
DA:8,0
DA:11,0
DA:15,10
LF:6
LH:2
BRDA:7,0,0,0
BRDA:7,0,1,0
BRF:2
BRH:0
end_of_record
TN:
SF:middlewares\validar-instrumento.js
FN:1,(anonymous_0)
FNF:1
FNH:1
FNDA:15,(anonymous_0)
DA:1,10
DA:3,15
DA:10,15
DA:11,15
DA:14,0
DA:18,10
LF:6
LH:5
BRDA:10,0,0,15
BRDA:10,0,1,0
BRF:2
BRH:1
end_of_record
TN:
SF:middlewares\validar-jwt.js
FN:5,(anonymous_0)
FNF:1
FNH:1
FNDA:163,(anonymous_0)
DA:1,10
DA:2,10
DA:5,10
DA:8,163
DA:10,163
DA:11,2
DA:17,161
DA:18,161
DA:23,161
DA:24,161
DA:26,0
DA:32,161
DA:35,10
LF:13
LH:12
BRDA:5,0,0,0
BRDA:10,1,0,2
BRDA:10,1,1,161
BRF:3
BRH:2
end_of_record
TN:
SF:middlewares\validar-voz.js
FN:2,(anonymous_0)
FNF:1
FNH:1
FNDA:7,(anonymous_0)
DA:2,10
DA:4,7
DA:6,7
DA:7,7
DA:10,0
DA:14,10
LF:6
LH:5
BRDA:6,0,0,7
BRDA:6,0,1,0
BRF:2
BRH:1
end_of_record
TN:
SF:models\Archivero.js
FNF:0
FNH:0
DA:1,10
DA:3,10
DA:23,10
LF:3
LH:3
BRF:0
BRH:0
end_of_record
TN:
SF:models\Banda.js
FNF:0
FNH:0
DA:1,10
DA:3,10
DA:57,10
LF:3
LH:3
BRF:0
BRH:0
end_of_record
TN:
SF:models\Comentario.js
FNF:0
FNH:0
DA:1,10
DA:3,10
DA:28,10
LF:3
LH:3
BRF:0
BRH:0
end_of_record
TN:
SF:models\Directivo.js
FNF:0
FNH:0
DA:1,10
DA:3,10
DA:28,10
LF:3
LH:3
BRF:0
BRH:0
end_of_record
TN:
SF:models\Estudio.js
FNF:0
FNH:0
DA:1,10
DA:3,10
DA:33,10
LF:3
LH:3
BRF:0
BRH:0
end_of_record
TN:
SF:models\Instrumento.js
FNF:0
FNH:0
DA:1,10
DA:3,10
DA:30,10
LF:3
LH:3
BRF:0
BRH:0
end_of_record
TN:
SF:models\Musico.js
FNF:0
FNH:0
DA:1,10
DA:3,10
DA:38,10
LF:3
LH:3
BRF:0
BRH:0
end_of_record
TN:
SF:models\Peticion.js
FNF:0
FNH:0
DA:1,10
DA:3,10
DA:56,10
LF:3
LH:3
BRF:0
BRH:0
end_of_record
TN:
SF:models\RedSocial.js
FNF:0
FNH:0
DA:1,10
DA:3,10
DA:19,10
LF:3
LH:3
BRF:0
BRH:0
end_of_record
TN:
SF:models\Usuario.js
FNF:0
FNH:0
DA:1,10
DA:3,10
DA:73,10
LF:3
LH:3
BRF:0
BRH:0
end_of_record
TN:
SF:routes\archiveros.js
FNF:0
FNH:0
DA:1,10
DA:2,10
DA:3,10
DA:4,10
DA:5,10
DA:6,10
DA:11,10
DA:14,10
DA:17,10
DA:19,10
LF:10
LH:10
BRF:0
BRH:0
end_of_record
TN:
SF:routes\auth.js
FN:34,(anonymous_0)
FN:68,(anonymous_1)
FNF:2
FNH:2
FNDA:30,(anonymous_0)
FNDA:2,(anonymous_1)
DA:1,10
DA:2,10
DA:3,10
DA:8,10
DA:9,10
DA:10,10
DA:16,10
DA:28,10
DA:35,30
DA:36,30
DA:37,30
DA:38,30
DA:40,30
DA:41,0
DA:43,30
DA:62,10
DA:69,2
DA:70,2
DA:71,2
DA:72,2
DA:74,2
DA:75,0
DA:77,2
DA:96,10
DA:108,10
DA:113,10
DA:118,10
DA:123,10
DA:128,10
DA:133,10
DA:138,10
LF:31
LH:29
BRDA:40,0,0,0
BRDA:40,0,1,30
BRDA:74,1,0,0
BRDA:74,1,1,2
BRF:4
BRH:2
end_of_record
TN:
SF:routes\bandas.js
FN:22,(anonymous_0)
FN:36,(anonymous_1)
FN:49,(anonymous_2)
FN:68,(anonymous_3)
FN:82,(anonymous_4)
FN:95,(anonymous_5)
FNF:6
FNH:6
FNDA:17,(anonymous_0)
FNDA:17,(anonymous_1)
FNDA:17,(anonymous_2)
FNDA:2,(anonymous_3)
FNDA:2,(anonymous_4)
FNDA:2,(anonymous_5)
DA:1,10
DA:2,10
DA:5,10
DA:6,10
DA:8,10
DA:10,10
DA:14,10
DA:18,10
DA:23,17
DA:24,17
DA:25,17
DA:27,17
DA:28,2
DA:30,15
DA:37,17
DA:39,17
DA:41,17
DA:42,1
DA:44,16
DA:50,17
DA:51,17
DA:52,17
DA:53,17
DA:54,17
DA:55,0
DA:57,17
DA:64,10
DA:69,2
DA:70,2
DA:71,2
DA:73,2
DA:74,1
DA:76,1
DA:83,2
DA:85,2
DA:87,2
DA:88,1
DA:90,1
DA:96,2
DA:97,2
DA:98,2
DA:99,2
DA:100,2
DA:101,0
DA:103,2
DA:111,10
DA:114,10
DA:117,10
DA:120,10
DA:123,10
DA:127,10
LF:51
LH:49
BRDA:27,0,0,2
BRDA:27,0,1,15
BRDA:27,1,0,17
BRDA:27,1,1,17
BRDA:27,1,2,17
BRDA:41,2,0,1
BRDA:41,2,1,16
BRDA:54,3,0,0
BRDA:54,3,1,17
BRDA:54,4,0,17
BRDA:54,4,1,17
BRDA:73,5,0,1
BRDA:73,5,1,1
BRDA:73,6,0,2
BRDA:73,6,1,2
BRDA:73,6,2,2
BRDA:87,7,0,1
BRDA:87,7,1,1
BRDA:100,8,0,0
BRDA:100,8,1,2
BRDA:100,9,0,2
BRDA:100,9,1,2
BRF:22
BRH:20
end_of_record
TN:
SF:routes\comentarios.js
FNF:0
FNH:0
DA:1,10
DA:2,10
DA:3,10
DA:4,10
DA:5,10
DA:6,10
DA:10,10
DA:13,10
DA:16,10
DA:24,10
DA:27,10
LF:11
LH:11
BRF:0
BRH:0
end_of_record
TN:
SF:routes\directivos.js
FNF:0
FNH:0
DA:1,10
DA:2,10
DA:3,10
DA:6,10
DA:7,10
DA:8,10
DA:13,10
DA:17,10
DA:20,10
DA:23,10
DA:26,10
DA:30,10
LF:12
LH:12
BRF:0
BRH:0
end_of_record
TN:
SF:routes\estudios.js
FN:25,(anonymous_0)
FN:35,(anonymous_1)
FN:50,(anonymous_2)
FN:60,(anonymous_3)
FNF:4
FNH:4
FNDA:4,(anonymous_0)
FNDA:4,(anonymous_1)
FNDA:4,(anonymous_2)
FNDA:4,(anonymous_3)
DA:1,10
DA:2,10
DA:3,10
DA:4,10
DA:5,10
DA:7,10
DA:10,10
DA:13,10
DA:16,10
DA:19,10
DA:23,10
DA:26,4
DA:27,4
DA:28,0
DA:30,4
DA:36,4
DA:37,4
DA:38,0
DA:40,4
DA:48,10
DA:51,4
DA:52,4
DA:53,0
DA:55,4
DA:61,4
DA:62,4
DA:63,0
DA:65,4
DA:73,10
LF:29
LH:25
BRDA:27,0,0,0
BRDA:27,0,1,4
BRDA:37,1,0,0
BRDA:37,1,1,4
BRDA:52,2,0,0
BRDA:52,2,1,4
BRDA:62,3,0,0
BRDA:62,3,1,4
BRF:8
BRH:4
end_of_record
TN:
SF:routes\instrumentos.js
FN:23,(anonymous_0)
FN:44,(anonymous_1)
FNF:2
FNH:2
FNDA:3,(anonymous_0)
FNDA:4,(anonymous_1)
DA:1,10
DA:2,10
DA:3,10
DA:4,10
DA:5,10
DA:6,10
DA:8,10
DA:12,10
DA:15,10
DA:18,10
DA:21,10
DA:24,3
DA:25,3
DA:26,3
DA:27,0
DA:30,3
DA:42,10
DA:45,4
DA:46,4
DA:47,4
DA:48,0
DA:51,4
DA:62,10
DA:64,10
LF:24
LH:22
BRDA:24,0,0,3
BRDA:24,0,1,0
BRDA:26,1,0,0
BRDA:26,1,1,3
BRDA:45,2,0,4
BRDA:45,2,1,0
BRDA:47,3,0,0
BRDA:47,3,1,4
BRF:8
BRH:4
end_of_record
TN:
SF:routes\musicos.js
FNF:0
FNH:0
DA:1,10
DA:2,10
DA:3,10
DA:6,10
DA:7,10
DA:8,10
DA:9,10
DA:10,10
DA:15,10
DA:18,10
DA:21,10
DA:24,10
DA:27,10
DA:29,10
LF:14
LH:14
BRF:0
BRH:0
end_of_record
TN:
SF:routes\peticiones.js
FN:30,(anonymous_0)
FN:40,(anonymous_1)
FN:51,(anonymous_2)
FN:60,(anonymous_3)
FNF:4
FNH:4
FNDA:11,(anonymous_0)
FNDA:11,(anonymous_1)
FNDA:11,(anonymous_2)
FNDA:11,(anonymous_3)
DA:1,10
DA:2,10
DA:3,10
DA:4,10
DA:5,10
DA:6,10
DA:7,10
DA:8,10
DA:10,10
DA:13,10
DA:16,10
DA:19,10
DA:22,10
DA:25,10
DA:28,10
DA:31,11
DA:32,11
DA:33,11
DA:35,11
DA:36,0
DA:38,11
DA:41,11
DA:42,0
DA:44,0
DA:45,0
DA:48,11
DA:52,11
DA:53,8
DA:54,8
DA:55,0
DA:58,11
DA:61,11
DA:62,7
DA:63,7
DA:64,0
DA:67,11
DA:77,10
LF:37
LH:31
BRDA:35,0,0,0
BRDA:35,0,1,11
BRDA:35,1,0,11
BRDA:35,1,1,11
BRDA:35,1,2,7
BRDA:41,2,0,0
BRDA:41,2,1,11
BRDA:44,3,0,0
BRDA:44,3,1,0
BRDA:52,4,0,8
BRDA:52,4,1,3
BRDA:54,5,0,0
BRDA:54,5,1,8
BRDA:61,6,0,7
BRDA:61,6,1,4
BRDA:63,7,0,0
BRDA:63,7,1,7
BRF:17
BRH:11
end_of_record
TN:
SF:routes\redesSociales.js
FNF:0
FNH:0
DA:1,10
DA:2,10
DA:3,10
DA:4,10
DA:5,10
DA:6,10
DA:9,10
DA:12,10
DA:20,10
DA:23,10
DA:27,10
LF:11
LH:11
BRF:0
BRH:0
end_of_record
TN:
SF:routes\uploads.js
FNF:0
FNH:0
DA:1,10
DA:2,10
DA:3,10
DA:4,10
DA:5,10
DA:6,10
DA:7,10
DA:11,10
DA:15,10
DA:18,10
DA:21,10
DA:27,10
DA:32,10
LF:13
LH:13
BRF:0
BRH:0
end_of_record
